
 TIME =    0.107650E+05 sec 

  1.0000000E+00  1.0000000E+00  1.0000000E+00
  1.0000000E+00  1.0000000E+00  1.0000000E+00
  1.0000000E+00  1.0205283E+00  1.0000000E+00
  1.0000000E+00  1.0389566E+00  1.0000000E+00
  1.0000000E+00  1.0551733E+00  1.0000000E+00
  1.0000000E+00  1.0691326E+00  1.0000000E+00
  1.0000000E+00  1.0808555E+00  1.0000000E+00
  1.0000000E+00  1.0904258E+00  1.0000000E+00
  1.0000000E+00  1.0979815E+00  1.0000000E+00
  1.0000000E+00  1.1037027E+00  1.0000000E+00
  1.0000000E+00  1.1077979E+00  1.0000000E+00
  1.0000000E+00  1.1104896E+00  1.0000000E+00
  1.0000000E+00  1.1120012E+00  1.0000000E+00
  1.0000000E+00  1.1125456E+00  1.0000000E+00
  1.0000000E+00  1.1123171E+00  1.0000000E+00
  1.0000000E+00  1.1114866E+00  1.0000000E+00
  1.0000000E+00  1.1101982E+00  1.0000000E+00
  1.0000000E+00  1.1085702E+00  1.0000000E+00
  1.0000000E+00  1.1066962E+00  1.0000000E+00
  1.0000000E+00  1.1046483E+00  1.0000000E+00
  1.0000000E+00  1.1024802E+00  1.0000000E+00
  1.0000000E+00  1.1002309E+00  1.0000000E+00
  1.0000000E+00  1.0979281E+00  1.0000000E+00
  1.0000000E+00  1.0955908E+00  1.0000000E+00
  1.0000000E+00  1.0932317E+00  1.0000000E+00
  1.0000000E+00  1.0908591E+00  1.0000000E+00
  1.0000000E+00  1.0884784E+00  1.0000000E+00
  1.0000000E+00  1.0860930E+00  1.0000000E+00
  1.0000000E+00  1.0837047E+00  1.0000000E+00
  1.0000000E+00  1.0813149E+00  1.0000000E+00
  1.0000000E+00  1.0789243E+00  1.0000000E+00
  1.0000000E+00  1.0765331E+00  1.0000000E+00
  1.0000000E+00  1.0741417E+00  1.0000000E+00
  1.0000000E+00  1.0717501E+00  1.0000000E+00
  1.0000000E+00  1.0693585E+00  1.0000000E+00
  1.0000000E+00  1.0669669E+00  1.0000000E+00
  1.0000000E+00  1.0645752E+00  1.0000000E+00
  1.0000000E+00  1.0621836E+00  1.0000000E+00
  1.0000000E+00  1.0597919E+00  1.0000000E+00
  1.0000000E+00  1.0574002E+00  1.0000000E+00
  1.0000000E+00  1.0550085E+00  1.0000000E+00
  1.0000000E+00  1.0526169E+00  1.0000000E+00
  1.0000000E+00  1.0502252E+00  1.0000000E+00
  1.0000000E+00  1.0478335E+00  1.0000000E+00
  1.0000000E+00  1.0454418E+00  1.0000000E+00
  1.0000000E+00  1.0430502E+00  1.0000000E+00
  1.0000000E+00  1.0406585E+00  1.0000000E+00
  1.0000000E+00  1.0382668E+00  1.0000000E+00
  1.0000000E+00  1.0358751E+00  1.0000000E+00
  1.0000000E+00  1.0334835E+00  1.0000000E+00
  1.0000000E+00  1.0310918E+00  1.0000000E+00
  1.0000000E+00  1.0287001E+00  1.0000000E+00
  1.0000000E+00  1.0263084E+00  1.0000000E+00
  1.0000000E+00  1.0239168E+00  1.0000000E+00
  1.0000000E+00  1.0215251E+00  1.0000000E+00
  1.0000000E+00  1.0191334E+00  1.0000000E+00
  1.0000000E+00  1.0167417E+00  1.0000000E+00
  1.0000000E+00  1.0143501E+00  1.0000000E+00
  1.0000000E+00  1.0119584E+00  1.0000000E+00
  1.0000000E+00  1.0095667E+00  1.0000000E+00
  1.0000000E+00  1.0071750E+00  1.0000000E+00
  1.0000000E+00  1.0047834E+00  1.0000000E+00
  1.0000000E+00  1.0023917E+00  1.0000000E+00
  1.0000000E+00  1.0000000E+00  1.0000000E+00
  1.0000000E+00  1.0000000E+00  1.0000000E+00
  0.0000000E+00  0.0000000E+00  0.0000000E+00
  0.0000000E+00  2.1000000E+01  0.0000000E+00
  0.0000000E+00  2.0913788E+01  0.0000000E+00
  0.0000000E+00  2.0821786E+01  0.0000000E+00
  0.0000000E+00  2.0726746E+01  0.0000000E+00
  0.0000000E+00  2.0631537E+01  0.0000000E+00
  0.0000000E+00  2.0538927E+01  0.0000000E+00
  0.0000000E+00  2.0451372E+01  0.0000000E+00
  0.0000000E+00  2.0370855E+01  0.0000000E+00
  0.0000000E+00  2.0298788E+01  0.0000000E+00
  0.0000000E+00  2.0235974E+01  0.0000000E+00
  0.0000000E+00  2.0182637E+01  0.0000000E+00
  0.0000000E+00  2.0138497E+01  0.0000000E+00
  0.0000000E+00  2.0102883E+01  0.0000000E+00
  0.0000000E+00  2.0074859E+01  0.0000000E+00
  0.0000000E+00  2.0053347E+01  0.0000000E+00
  0.0000000E+00  2.0037232E+01  0.0000000E+00
  0.0000000E+00  2.0025448E+01  0.0000000E+00
  0.0000000E+00  2.0017035E+01  0.0000000E+00
  0.0000000E+00  2.0011168E+01  0.0000000E+00
  0.0000000E+00  2.0007172E+01  0.0000000E+00
  0.0000000E+00  2.0004511E+01  0.0000000E+00
  0.0000000E+00  2.0002780E+01  0.0000000E+00
  0.0000000E+00  2.0001678E+01  0.0000000E+00
  0.0000000E+00  2.0000993E+01  0.0000000E+00
  0.0000000E+00  2.0000576E+01  0.0000000E+00
  0.0000000E+00  2.0000327E+01  0.0000000E+00
  0.0000000E+00  2.0000182E+01  0.0000000E+00
  0.0000000E+00  2.0000100E+01  0.0000000E+00
  0.0000000E+00  2.0000053E+01  0.0000000E+00
  0.0000000E+00  2.0000028E+01  0.0000000E+00
  0.0000000E+00  2.0000014E+01  0.0000000E+00
  0.0000000E+00  2.0000007E+01  0.0000000E+00
  0.0000000E+00  2.0000004E+01  0.0000000E+00
  0.0000000E+00  2.0000002E+01  0.0000000E+00
  0.0000000E+00  2.0000001E+01  0.0000000E+00
  0.0000000E+00  2.0000000E+01  0.0000000E+00
  0.0000000E+00  2.0000000E+01  0.0000000E+00
  0.0000000E+00  2.0000000E+01  0.0000000E+00
  0.0000000E+00  2.0000000E+01  0.0000000E+00
  0.0000000E+00  2.0000000E+01  0.0000000E+00
  0.0000000E+00  2.0000000E+01  0.0000000E+00
  0.0000000E+00  2.0000000E+01  0.0000000E+00
  0.0000000E+00  2.0000000E+01  0.0000000E+00
  0.0000000E+00  2.0000000E+01  0.0000000E+00
  0.0000000E+00  2.0000000E+01  0.0000000E+00
  0.0000000E+00  2.0000000E+01  0.0000000E+00
  0.0000000E+00  2.0000000E+01  0.0000000E+00
  0.0000000E+00  2.0000000E+01  0.0000000E+00
  0.0000000E+00  2.0000000E+01  0.0000000E+00
  0.0000000E+00  2.0000000E+01  0.0000000E+00
  0.0000000E+00  2.0000000E+01  0.0000000E+00
  0.0000000E+00  2.0000000E+01  0.0000000E+00
  0.0000000E+00  2.0000000E+01  0.0000000E+00
  0.0000000E+00  2.0000000E+01  0.0000000E+00
  0.0000000E+00  2.0000000E+01  0.0000000E+00
  0.0000000E+00  2.0000000E+01  0.0000000E+00
  0.0000000E+00  2.0000000E+01  0.0000000E+00
  0.0000000E+00  2.0000000E+01  0.0000000E+00
  0.0000000E+00  2.0000000E+01  0.0000000E+00
  0.0000000E+00  2.0000000E+01  0.0000000E+00
  0.0000000E+00  2.0000000E+01  0.0000000E+00
  0.0000000E+00  2.0000000E+01  0.0000000E+00
  0.0000000E+00  2.0000000E+01  0.0000000E+00
  0.0000000E+00  0.0000000E+00  0.0000000E+00
