
 TIME =    0.360000E+04 sec 

 -5.0000000E-04 -5.0000000E-04 -5.0000000E-04
  5.0000000E-04  4.0500000E-02  5.0000000E-04
  1.5000000E-03 -9.4164010E-02  1.5000000E-03
  2.5000000E-03 -2.2909576E-01  2.5000000E-03
  3.5000000E-03 -3.6568952E-01  3.5000000E-03
  4.5000000E-03 -5.0820169E-01  4.5000000E-03
  5.5000000E-03 -6.6835996E-01  5.5000000E-03
  6.5000000E-03 -7.6331869E-01  6.5000000E-03
  7.5000000E-03 -7.6335868E-01  7.5000000E-03
  8.5000000E-03 -7.6339835E-01  8.5000000E-03
  9.5000000E-03 -7.6343767E-01  9.5000000E-03
  1.0500000E-02 -7.6347662E-01  1.0500000E-02
  1.1750000E-02 -7.6352479E-01  1.1750000E-02
  1.3250000E-02 -7.6358184E-01  1.3250000E-02
  1.5000000E-02 -7.6364739E-01  1.5000000E-02
  1.7500000E-02 -7.6373920E-01  1.7500000E-02
  2.1500000E-02 -7.6388201E-01  2.1500000E-02
  2.9000000E-02 -7.6413753E-01  2.9000000E-02
  4.1500000E-02 -7.6453004E-01  4.1500000E-02
  5.9000000E-02 -7.6500553E-01  5.9000000E-02
  7.9500000E-02 -7.6544906E-01  7.9500000E-02
  1.0050000E-01 -7.6577685E-01  1.0050000E-01
  1.2550000E-01 -7.6600172E-01  1.2550000E-01
  1.5850000E-01 -7.6604434E-01  1.5850000E-01
  2.0050000E-01 -7.6573357E-01  2.0050000E-01
  2.5450000E-01 -7.6487078E-01  2.5450000E-01
  3.3050000E-01 -7.6310580E-01  3.3050000E-01
  4.4150000E-01 -7.6020661E-01  4.4150000E-01
  6.0050000E-01 -7.5654702E-01  6.0050000E-01
  8.2450000E-01 -7.5310832E-01  8.2450000E-01
  1.1530000E+00 -7.5075273E-01  1.1530000E+00
  1.6010000E+00 -7.4990691E-01  1.6010000E+00
  2.1010000E+00 -7.4973429E-01  2.1010000E+00
  2.6010000E+00 -7.4970522E-01  2.6010000E+00
  3.1010000E+00 -7.4970074E-01  3.1010000E+00
  3.6010000E+00 -7.4970010E-01  3.6010000E+00
  4.1010000E+00 -7.4970001E-01  4.1010000E+00
  4.6010000E+00 -7.4970000E-01  4.6010000E+00
  5.1010000E+00 -7.4970000E-01  5.1010000E+00
  5.6010000E+00 -7.4970000E-01  5.6010000E+00
  6.1010000E+00 -7.4970000E-01  6.1010000E+00
  6.6010000E+00 -7.4970000E-01  6.6010000E+00
  7.1010000E+00 -7.4970000E-01  7.1010000E+00
  7.6010000E+00 -7.4970000E-01  7.6010000E+00
  8.1010000E+00 -7.4970000E-01  8.1010000E+00
  8.6010000E+00 -7.4970000E-01  8.6010000E+00
  9.1010000E+00 -7.4970000E-01  9.1010000E+00
  9.6010000E+00 -7.4970000E-01  9.6010000E+00
  1.0101000E+01 -7.4970000E-01  1.0101000E+01
  1.0601000E+01 -7.4970000E-01  1.0601000E+01
  1.1101000E+01 -7.4970000E-01  1.1101000E+01
  1.1601000E+01 -7.4970000E-01  1.1601000E+01
  1.2101000E+01 -7.4970000E-01  1.2101000E+01
  1.2601000E+01 -7.4970000E-01  1.2601000E+01
  1.3101000E+01 -7.4970000E-01  1.3101000E+01
  1.3601000E+01 -7.4970000E-01  1.3601000E+01
  1.4101000E+01 -7.4970000E-01  1.4101000E+01
  1.4601000E+01 -7.4970000E-01  1.4601000E+01
  1.5101000E+01 -7.4970000E-01  1.5101000E+01
  1.5601000E+01 -7.4970000E-01  1.5601000E+01
  1.6101000E+01 -7.4970000E-01  1.6101000E+01
  1.6601000E+01 -7.4970000E-01  1.6601000E+01
  1.7101000E+01 -7.4970000E-01  1.7101000E+01
  1.7601000E+01 -7.4970000E-01  1.7601000E+01
  1.8101000E+01 -7.4970000E-01  1.8101000E+01
  1.8601000E+01 -7.4970000E-01  1.8601000E+01
  1.9101000E+01 -7.4970000E-01  1.9101000E+01
  1.9601000E+01 -7.4970000E-01  1.9601000E+01
  2.0101000E+01 -7.4970000E-01  2.0101000E+01
  2.0601000E+01 -7.4970000E-01  2.0601000E+01
  2.1101000E+01 -7.4970000E-01  2.1101000E+01
  2.1601000E+01 -7.4970000E-01  2.1601000E+01
  2.2101000E+01 -7.4970000E-01  2.2101000E+01
  2.2601000E+01 -7.4970000E-01  2.2601000E+01
  2.3101000E+01 -7.4970000E-01  2.3101000E+01
  2.3601000E+01 -7.4970000E-01  2.3601000E+01
  2.4101000E+01 -7.4970000E-01  2.4101000E+01
  2.4601000E+01 -7.4970000E-01  2.4601000E+01
  2.5101000E+01 -7.4970000E-01  2.5101000E+01
  2.5601000E+01 -7.4970000E-01  2.5601000E+01
  2.6101000E+01 -7.4970000E-01  2.6101000E+01
  2.6601000E+01 -7.4970000E-01  2.6601000E+01
  2.7101000E+01 -7.4970000E-01  2.7101000E+01
  2.7601000E+01 -7.4970000E-01  2.7601000E+01
  2.8101000E+01 -7.4970000E-01  2.8101000E+01
  2.8601000E+01 -7.4970000E-01  2.8601000E+01
  2.9101000E+01 -7.4970000E-01  2.9101000E+01
  2.9601000E+01 -7.4970000E-01  2.9601000E+01
  3.0101000E+01 -7.4970000E-01  3.0101000E+01
  3.0601000E+01 -7.4970000E-01  3.0601000E+01
  3.1101000E+01 -7.4970000E-01  3.1101000E+01
  3.1601000E+01 -7.4970000E-01  3.1601000E+01
  3.2101000E+01 -7.4970000E-01  3.2101000E+01
  3.2601000E+01 -7.4970000E-01  3.2601000E+01
  3.3101000E+01 -7.4970000E-01  3.3101000E+01
  3.3601000E+01 -7.4970000E-01  3.3601000E+01
  3.4101000E+01 -7.4970000E-01  3.4101000E+01
  3.4601000E+01 -7.4970000E-01  3.4601000E+01
  3.5101000E+01 -7.4970000E-01  3.5101000E+01
  3.5601000E+01 -7.4970000E-01  3.5601000E+01
  3.6101000E+01 -7.4970000E-01  3.6101000E+01
  3.6601000E+01 -7.4970000E-01  3.6601000E+01
  3.7101000E+01 -7.4970000E-01  3.7101000E+01
  3.7601000E+01 -7.4970000E-01  3.7601000E+01
  3.8101000E+01 -7.4970000E-01  3.8101000E+01
  3.8601000E+01 -7.4970000E-01  3.8601000E+01
  3.9101000E+01 -7.4970000E-01  3.9101000E+01
  3.9601000E+01 -7.4970000E-01  3.9601000E+01
  4.0101000E+01 -7.4970000E-01  4.0101000E+01
  4.0601000E+01 -7.4970000E-01  4.0601000E+01
  4.1101000E+01 -7.4970000E-01  4.1101000E+01
  4.1601000E+01 -7.4970000E-01  4.1601000E+01
  4.2101000E+01 -7.4970000E-01  4.2101000E+01
  4.2601000E+01 -7.4970000E-01  4.2601000E+01
  4.3101000E+01 -7.4970000E-01  4.3101000E+01
  4.3601000E+01 -7.4970000E-01  4.3601000E+01
  4.4101000E+01 -7.4970000E-01  4.4101000E+01
  4.4601000E+01 -7.4970000E-01  4.4601000E+01
  4.5101000E+01 -7.4970000E-01  4.5101000E+01
  4.5601000E+01 -7.4970000E-01  4.5601000E+01
  4.6101000E+01 -7.4969994E-01  4.6101000E+01
  4.6601000E+01 -7.4969876E-01  4.6601000E+01
  4.7101000E+01 -7.4967564E-01  4.7101000E+01
  4.7601000E+01 -7.4925479E-01  4.7601000E+01
  4.8101000E+01 -7.4243260E-01  4.8101000E+01
  4.8601000E+01 -6.6601868E-01  4.8601000E+01
  4.9101000E+01 -3.5283371E-01  4.9101000E+01
  4.9601000E+01  0.0000000E+00  4.9601000E+01
  5.0101000E+01  5.0101000E+01  5.0101000E+01
  0.0000000E+00  0.0000000E+00  0.0000000E+00
  0.0000000E+00  1.7480000E+01  0.0000000E+00
  0.0000000E+00  1.7480566E+01  0.0000000E+00
  0.0000000E+00  1.7486154E+01  0.0000000E+00
  0.0000000E+00  1.7495418E+01  0.0000000E+00
  0.0000000E+00  1.7507284E+01  0.0000000E+00
  0.0000000E+00  1.7521024E+01  0.0000000E+00
  0.0000000E+00  1.7536466E+01  0.0000000E+00
  0.0000000E+00  1.7553535E+01  0.0000000E+00
  0.0000000E+00  1.7571682E+01  0.0000000E+00
  0.0000000E+00  1.7590473E+01  0.0000000E+00
  0.0000000E+00  1.7609575E+01  0.0000000E+00
  0.0000000E+00  1.7633532E+01  0.0000000E+00
  0.0000000E+00  1.7661895E+01  0.0000000E+00
  0.0000000E+00  1.7694135E+01  0.0000000E+00
  0.0000000E+00  1.7738128E+01  0.0000000E+00
  0.0000000E+00  1.7803498E+01  0.0000000E+00
  0.0000000E+00  1.7915127E+01  0.0000000E+00
  0.0000000E+00  1.8098112E+01  0.0000000E+00
  0.0000000E+00  1.8366802E+01  0.0000000E+00
  0.0000000E+00  1.8677112E+01  0.0000000E+00
  0.0000000E+00  1.8984536E+01  0.0000000E+00
  0.0000000E+00  1.9335382E+01  0.0000000E+00
  0.0000000E+00  1.9757881E+01  0.0000000E+00
  0.0000000E+00  2.0214476E+01  0.0000000E+00
  0.0000000E+00  2.0656466E+01  0.0000000E+00
  0.0000000E+00  2.1036284E+01  0.0000000E+00
  0.0000000E+00  2.1241741E+01  0.0000000E+00
  0.0000000E+00  2.1295583E+01  0.0000000E+00
  0.0000000E+00  2.1301495E+01  0.0000000E+00
  0.0000000E+00  2.1300820E+01  0.0000000E+00
  0.0000000E+00  2.1300206E+01  0.0000000E+00
  0.0000000E+00  2.1300040E+01  0.0000000E+00
  0.0000000E+00  2.1300007E+01  0.0000000E+00
  0.0000000E+00  2.1300001E+01  0.0000000E+00
  0.0000000E+00  2.1300000E+01  0.0000000E+00
  0.0000000E+00  2.1300000E+01  0.0000000E+00
  0.0000000E+00  2.1300000E+01  0.0000000E+00
  0.0000000E+00  2.1300000E+01  0.0000000E+00
  0.0000000E+00  2.1300000E+01  0.0000000E+00
  0.0000000E+00  2.1300000E+01  0.0000000E+00
  0.0000000E+00  2.1300000E+01  0.0000000E+00
  0.0000000E+00  2.1300000E+01  0.0000000E+00
  0.0000000E+00  2.1300000E+01  0.0000000E+00
  0.0000000E+00  2.1300000E+01  0.0000000E+00
  0.0000000E+00  2.1300000E+01  0.0000000E+00
  0.0000000E+00  2.1300000E+01  0.0000000E+00
  0.0000000E+00  2.1300000E+01  0.0000000E+00
  0.0000000E+00  2.1300000E+01  0.0000000E+00
  0.0000000E+00  2.1300000E+01  0.0000000E+00
  0.0000000E+00  2.1300000E+01  0.0000000E+00
  0.0000000E+00  2.1300000E+01  0.0000000E+00
  0.0000000E+00  2.1300000E+01  0.0000000E+00
  0.0000000E+00  2.1300000E+01  0.0000000E+00
  0.0000000E+00  2.1300000E+01  0.0000000E+00
  0.0000000E+00  2.1300000E+01  0.0000000E+00
  0.0000000E+00  2.1300000E+01  0.0000000E+00
  0.0000000E+00  2.1300000E+01  0.0000000E+00
  0.0000000E+00  2.1300000E+01  0.0000000E+00
  0.0000000E+00  2.1300000E+01  0.0000000E+00
  0.0000000E+00  2.1300000E+01  0.0000000E+00
  0.0000000E+00  2.1300000E+01  0.0000000E+00
  0.0000000E+00  2.1300000E+01  0.0000000E+00
  0.0000000E+00  2.1300000E+01  0.0000000E+00
  0.0000000E+00  2.1300000E+01  0.0000000E+00
  0.0000000E+00  2.1300000E+01  0.0000000E+00
  0.0000000E+00  2.1300000E+01  0.0000000E+00
  0.0000000E+00  2.1300000E+01  0.0000000E+00
  0.0000000E+00  2.1300000E+01  0.0000000E+00
  0.0000000E+00  2.1300000E+01  0.0000000E+00
  0.0000000E+00  2.1300000E+01  0.0000000E+00
  0.0000000E+00  2.1300000E+01  0.0000000E+00
  0.0000000E+00  2.1300000E+01  0.0000000E+00
  0.0000000E+00  2.1300000E+01  0.0000000E+00
  0.0000000E+00  2.1300000E+01  0.0000000E+00
  0.0000000E+00  2.1300000E+01  0.0000000E+00
  0.0000000E+00  2.1300000E+01  0.0000000E+00
  0.0000000E+00  2.1300000E+01  0.0000000E+00
  0.0000000E+00  2.1300000E+01  0.0000000E+00
  0.0000000E+00  2.1300000E+01  0.0000000E+00
  0.0000000E+00  2.1300000E+01  0.0000000E+00
  0.0000000E+00  2.1300000E+01  0.0000000E+00
  0.0000000E+00  2.1300000E+01  0.0000000E+00
  0.0000000E+00  2.1300000E+01  0.0000000E+00
  0.0000000E+00  2.1300000E+01  0.0000000E+00
  0.0000000E+00  2.1300000E+01  0.0000000E+00
  0.0000000E+00  2.1300000E+01  0.0000000E+00
  0.0000000E+00  2.1300000E+01  0.0000000E+00
  0.0000000E+00  2.1300000E+01  0.0000000E+00
  0.0000000E+00  2.1300000E+01  0.0000000E+00
  0.0000000E+00  2.1300000E+01  0.0000000E+00
  0.0000000E+00  2.1300000E+01  0.0000000E+00
  0.0000000E+00  2.1300000E+01  0.0000000E+00
  0.0000000E+00  2.1300000E+01  0.0000000E+00
  0.0000000E+00  2.1300000E+01  0.0000000E+00
  0.0000000E+00  2.1300000E+01  0.0000000E+00
  0.0000000E+00  2.1300000E+01  0.0000000E+00
  0.0000000E+00  2.1300000E+01  0.0000000E+00
  0.0000000E+00  2.1300000E+01  0.0000000E+00
  0.0000000E+00  2.1300000E+01  0.0000000E+00
  0.0000000E+00  2.1300000E+01  0.0000000E+00
  0.0000000E+00  2.1300000E+01  0.0000000E+00
  0.0000000E+00  2.1300000E+01  0.0000000E+00
  0.0000000E+00  2.1300000E+01  0.0000000E+00
  0.0000000E+00  2.1300000E+01  0.0000000E+00
  0.0000000E+00  2.1300000E+01  0.0000000E+00
  0.0000000E+00  2.1300000E+01  0.0000000E+00
  0.0000000E+00  2.1300000E+01  0.0000000E+00
  0.0000000E+00  2.1300000E+01  0.0000000E+00
  0.0000000E+00  2.1300000E+01  0.0000000E+00
  0.0000000E+00  2.1300000E+01  0.0000000E+00
  0.0000000E+00  2.1300000E+01  0.0000000E+00
  0.0000000E+00  2.1300000E+01  0.0000000E+00
  0.0000000E+00  2.1300000E+01  0.0000000E+00
  0.0000000E+00  2.1300000E+01  0.0000000E+00
  0.0000000E+00  2.1300000E+01  0.0000000E+00
  0.0000000E+00  2.1300000E+01  0.0000000E+00
  0.0000000E+00  2.1300000E+01  0.0000000E+00
  0.0000000E+00  2.1300000E+01  0.0000000E+00
  0.0000000E+00  2.1300000E+01  0.0000000E+00
  0.0000000E+00  2.1300000E+01  0.0000000E+00
  0.0000000E+00  2.1299998E+01  0.0000000E+00
  0.0000000E+00  2.1299972E+01  0.0000000E+00
  0.0000000E+00  2.1299548E+01  0.0000000E+00
  0.0000000E+00  2.1294459E+01  0.0000000E+00
  0.0000000E+00  2.1277667E+01  0.0000000E+00
  0.0000000E+00  2.1387738E+01  0.0000000E+00
  0.0000000E+00  2.1300000E+01  0.0000000E+00
  0.0000000E+00  0.0000000E+00  0.0000000E+00

 TIME =    0.360000E+06 sec 

 -5.0000000E-04 -5.0000000E-04 -5.0000000E-04
  5.0000000E-04  4.0500000E-02  5.0000000E-04
  1.5000000E-03 -9.2670494E-02  1.5000000E-03
  2.5000000E-03 -2.2610178E-01  2.5000000E-03
  3.5000000E-03 -3.6112387E-01  3.5000000E-03
  4.5000000E-03 -5.0174415E-01  4.5000000E-03
  5.5000000E-03 -6.5881775E-01  5.5000000E-03
  6.5000000E-03 -7.5096045E-01  6.5000000E-03
  7.5000000E-03 -7.5096421E-01  7.5000000E-03
  8.5000000E-03 -7.5096798E-01  8.5000000E-03
  9.5000000E-03 -7.5097174E-01  9.5000000E-03
  1.0500000E-02 -7.5097552E-01  1.0500000E-02
  1.1750000E-02 -7.5098024E-01  1.1750000E-02
  1.3250000E-02 -7.5098592E-01  1.3250000E-02
  1.5000000E-02 -7.5099255E-01  1.5000000E-02
  1.7500000E-02 -7.5100206E-01  1.7500000E-02
  2.1500000E-02 -7.5101731E-01  2.1500000E-02
  2.9000000E-02 -7.5104609E-01  2.9000000E-02
  4.1500000E-02 -7.5109459E-01  4.1500000E-02
  5.9000000E-02 -7.5116360E-01  5.9000000E-02
  7.9500000E-02 -7.5124610E-01  7.9500000E-02
  1.0050000E-01 -7.5133250E-01  1.0050000E-01
  1.2550000E-01 -7.5143790E-01  1.2550000E-01
  1.5850000E-01 -7.5158128E-01  1.5850000E-01
  2.0050000E-01 -7.5177090E-01  2.0050000E-01
  2.5450000E-01 -7.5202669E-01  2.5450000E-01
  3.3050000E-01 -7.5241021E-01  3.3050000E-01
  4.4150000E-01 -7.5302127E-01  4.4150000E-01
  6.0050000E-01 -7.5400618E-01  6.0050000E-01
  8.2450000E-01 -7.5562142E-01  8.2450000E-01
  1.1530000E+00 -7.5847063E-01  1.1530000E+00
  1.6010000E+00 -7.6310859E-01  1.6010000E+00
  2.1010000E+00 -7.6890935E-01  2.1010000E+00
  2.6010000E+00 -7.7487689E-01  2.6010000E+00
  3.1010000E+00 -7.8046319E-01  3.1010000E+00
  3.6010000E+00 -7.8525293E-01  3.6010000E+00
  4.1010000E+00 -7.8903412E-01  4.1010000E+00
  4.6010000E+00 -7.9179337E-01  4.6010000E+00
  5.1010000E+00 -7.9365927E-01  5.1010000E+00
  5.6010000E+00 -7.9482889E-01  5.6010000E+00
  6.1010000E+00 -7.9550562E-01  6.1010000E+00
  6.6010000E+00 -7.9586139E-01  6.6010000E+00
  7.1010000E+00 -7.9602281E-01  7.1010000E+00
  7.6010000E+00 -7.9607331E-01  7.6010000E+00
  8.1010000E+00 -7.9606281E-01  8.1010000E+00
  8.6010000E+00 -7.9601847E-01  8.6010000E+00
  9.1010000E+00 -7.9595352E-01  9.1010000E+00
  9.6010000E+00 -7.9587320E-01  9.6010000E+00
  1.0101000E+01 -7.9577839E-01  1.0101000E+01
  1.0601000E+01 -7.9566755E-01  1.0601000E+01
  1.1101000E+01 -7.9553761E-01  1.1101000E+01
  1.1601000E+01 -7.9538441E-01  1.1601000E+01
  1.2101000E+01 -7.9520283E-01  1.2101000E+01
  1.2601000E+01 -7.9498686E-01  1.2601000E+01
  1.3101000E+01 -7.9472972E-01  1.3101000E+01
  1.3601000E+01 -7.9442390E-01  1.3601000E+01
  1.4101000E+01 -7.9406139E-01  1.4101000E+01
  1.4601000E+01 -7.9363388E-01  1.4601000E+01
  1.5101000E+01 -7.9313308E-01  1.5101000E+01
  1.5601000E+01 -7.9255105E-01  1.5601000E+01
  1.6101000E+01 -7.9188059E-01  1.6101000E+01
  1.6601000E+01 -7.9111562E-01  1.6601000E+01
  1.7101000E+01 -7.9025156E-01  1.7101000E+01
  1.7601000E+01 -7.8928562E-01  1.7601000E+01
  1.8101000E+01 -7.8821704E-01  1.8101000E+01
  1.8601000E+01 -7.8704729E-01  1.8601000E+01
  1.9101000E+01 -7.8578004E-01  1.9101000E+01
  1.9601000E+01 -7.8442118E-01  1.9601000E+01
  2.0101000E+01 -7.8297864E-01  2.0101000E+01
  2.0601000E+01 -7.8146220E-01  2.0601000E+01
  2.1101000E+01 -7.7988315E-01  2.1101000E+01
  2.1601000E+01 -7.7825404E-01  2.1601000E+01
  2.2101000E+01 -7.7658827E-01  2.2101000E+01
  2.2601000E+01 -7.7489975E-01  2.2601000E+01
  2.3101000E+01 -7.7320256E-01  2.3101000E+01
  2.3601000E+01 -7.7151065E-01  2.3601000E+01
  2.4101000E+01 -7.6983747E-01  2.4101000E+01
  2.4601000E+01 -7.6819578E-01  2.4601000E+01
  2.5101000E+01 -7.6659739E-01  2.5101000E+01
  2.5601000E+01 -7.6505298E-01  2.5601000E+01
  2.6101000E+01 -7.6357196E-01  2.6101000E+01
  2.6601000E+01 -7.6216234E-01  2.6601000E+01
  2.7101000E+01 -7.6083068E-01  2.7101000E+01
  2.7601000E+01 -7.5958208E-01  2.7601000E+01
  2.8101000E+01 -7.5842012E-01  2.8101000E+01
  2.8601000E+01 -7.5734692E-01  2.8601000E+01
  2.9101000E+01 -7.5636325E-01  2.9101000E+01
  2.9601000E+01 -7.5546853E-01  2.9601000E+01
  3.0101000E+01 -7.5466102E-01  3.0101000E+01
  3.0601000E+01 -7.5393791E-01  3.0601000E+01
  3.1101000E+01 -7.5329551E-01  3.1101000E+01
  3.1601000E+01 -7.5272936E-01  3.1601000E+01
  3.2101000E+01 -7.5223444E-01  3.2101000E+01
  3.2601000E+01 -7.5180530E-01  3.2601000E+01
  3.3101000E+01 -7.5143626E-01  3.3101000E+01
  3.3601000E+01 -7.5112152E-01  3.3601000E+01
  3.4101000E+01 -7.5085533E-01  3.4101000E+01
  3.4601000E+01 -7.5063207E-01  3.4601000E+01
  3.5101000E+01 -7.5044639E-01  3.5101000E+01
  3.5601000E+01 -7.5029325E-01  3.5601000E+01
  3.6101000E+01 -7.5016802E-01  3.6101000E+01
  3.6601000E+01 -7.5006647E-01  3.6601000E+01
  3.7101000E+01 -7.4998481E-01  3.7101000E+01
  3.7601000E+01 -7.4991969E-01  3.7601000E+01
  3.8101000E+01 -7.4986820E-01  3.8101000E+01
  3.8601000E+01 -7.4982781E-01  3.8601000E+01
  3.9101000E+01 -7.4979640E-01  3.9101000E+01
  3.9601000E+01 -7.4977217E-01  3.9601000E+01
  4.0101000E+01 -7.4975362E-01  4.0101000E+01
  4.0601000E+01 -7.4973952E-01  4.0601000E+01
  4.1101000E+01 -7.4972885E-01  4.1101000E+01
  4.1601000E+01 -7.4972068E-01  4.1601000E+01
  4.2101000E+01 -7.4971402E-01  4.2101000E+01
  4.2601000E+01 -7.4970726E-01  4.2601000E+01
  4.3101000E+01 -7.4969655E-01  4.3101000E+01
  4.3601000E+01 -7.4967092E-01  4.3601000E+01
  4.4101000E+01 -7.4959719E-01  4.4101000E+01
  4.4601000E+01 -7.4937372E-01  4.4601000E+01
  4.5101000E+01 -7.4868926E-01  4.5101000E+01
  4.5601000E+01 -7.4660361E-01  4.5601000E+01
  4.6101000E+01 -7.4039534E-01  4.6101000E+01
  4.6601000E+01 -7.2306665E-01  4.6601000E+01
  4.7101000E+01 -6.8106620E-01  4.7101000E+01
  4.7601000E+01 -5.9975703E-01  4.7601000E+01
  4.8101000E+01 -4.7723565E-01  4.8101000E+01
  4.8601000E+01 -3.2690223E-01  4.8601000E+01
  4.9101000E+01 -1.6480323E-01  4.9101000E+01
  4.9601000E+01  0.0000000E+00  4.9601000E+01
  5.0101000E+01  5.0101000E+01  5.0101000E+01
  0.0000000E+00  0.0000000E+00  0.0000000E+00
  0.0000000E+00  1.7480000E+01  0.0000000E+00
  0.0000000E+00  1.7480902E+01  0.0000000E+00
  0.0000000E+00  1.7480511E+01  0.0000000E+00
  0.0000000E+00  1.7480241E+01  0.0000000E+00
  0.0000000E+00  1.7480276E+01  0.0000000E+00
  0.0000000E+00  1.7480540E+01  0.0000000E+00
  0.0000000E+00  1.7480821E+01  0.0000000E+00
  0.0000000E+00  1.7480957E+01  0.0000000E+00
  0.0000000E+00  1.7481076E+01  0.0000000E+00
  0.0000000E+00  1.7481202E+01  0.0000000E+00
  0.0000000E+00  1.7481330E+01  0.0000000E+00
  0.0000000E+00  1.7481492E+01  0.0000000E+00
  0.0000000E+00  1.7481687E+01  0.0000000E+00
  0.0000000E+00  1.7481918E+01  0.0000000E+00
  0.0000000E+00  1.7482257E+01  0.0000000E+00
  0.0000000E+00  1.7482800E+01  0.0000000E+00
  0.0000000E+00  1.7483824E+01  0.0000000E+00
  0.0000000E+00  1.7485562E+01  0.0000000E+00
  0.0000000E+00  1.7488057E+01  0.0000000E+00
  0.0000000E+00  1.7491072E+01  0.0000000E+00
  0.0000000E+00  1.7494268E+01  0.0000000E+00
  0.0000000E+00  1.7498217E+01  0.0000000E+00
  0.0000000E+00  1.7503674E+01  0.0000000E+00
  0.0000000E+00  1.7511033E+01  0.0000000E+00
  0.0000000E+00  1.7521199E+01  0.0000000E+00
  0.0000000E+00  1.7536931E+01  0.0000000E+00
  0.0000000E+00  1.7563084E+01  0.0000000E+00
  0.0000000E+00  1.7607724E+01  0.0000000E+00
  0.0000000E+00  1.7686640E+01  0.0000000E+00
  0.0000000E+00  1.7843418E+01  0.0000000E+00
  0.0000000E+00  1.8141327E+01  0.0000000E+00
  0.0000000E+00  1.8562400E+01  0.0000000E+00
  0.0000000E+00  1.9048752E+01  0.0000000E+00
  0.0000000E+00  1.9551398E+01  0.0000000E+00
  0.0000000E+00  2.0020652E+01  0.0000000E+00
  0.0000000E+00  2.0419380E+01  0.0000000E+00
  0.0000000E+00  2.0729751E+01  0.0000000E+00
  0.0000000E+00  2.0952343E+01  0.0000000E+00
  0.0000000E+00  2.1100187E+01  0.0000000E+00
  0.0000000E+00  2.1191556E+01  0.0000000E+00
  0.0000000E+00  2.1244320E+01  0.0000000E+00
  0.0000000E+00  2.1272903E+01  0.0000000E+00
  0.0000000E+00  2.1287478E+01  0.0000000E+00
  0.0000000E+00  2.1294497E+01  0.0000000E+00
  0.0000000E+00  2.1297699E+01  0.0000000E+00
  0.0000000E+00  2.1299087E+01  0.0000000E+00
  0.0000000E+00  2.1299660E+01  0.0000000E+00
  0.0000000E+00  2.1299887E+01  0.0000000E+00
  0.0000000E+00  2.1299975E+01  0.0000000E+00
  0.0000000E+00  2.1300008E+01  0.0000000E+00
  0.0000000E+00  2.1300023E+01  0.0000000E+00
  0.0000000E+00  2.1300032E+01  0.0000000E+00
  0.0000000E+00  2.1300039E+01  0.0000000E+00
  0.0000000E+00  2.1300047E+01  0.0000000E+00
  0.0000000E+00  2.1300056E+01  0.0000000E+00
  0.0000000E+00  2.1300067E+01  0.0000000E+00
  0.0000000E+00  2.1300079E+01  0.0000000E+00
  0.0000000E+00  2.1300093E+01  0.0000000E+00
  0.0000000E+00  2.1300108E+01  0.0000000E+00
  0.0000000E+00  2.1300125E+01  0.0000000E+00
  0.0000000E+00  2.1300143E+01  0.0000000E+00
  0.0000000E+00  2.1300162E+01  0.0000000E+00
  0.0000000E+00  2.1300182E+01  0.0000000E+00
  0.0000000E+00  2.1300202E+01  0.0000000E+00
  0.0000000E+00  2.1300222E+01  0.0000000E+00
  0.0000000E+00  2.1300241E+01  0.0000000E+00
  0.0000000E+00  2.1300259E+01  0.0000000E+00
  0.0000000E+00  2.1300275E+01  0.0000000E+00
  0.0000000E+00  2.1300290E+01  0.0000000E+00
  0.0000000E+00  2.1300302E+01  0.0000000E+00
  0.0000000E+00  2.1300312E+01  0.0000000E+00
  0.0000000E+00  2.1300319E+01  0.0000000E+00
  0.0000000E+00  2.1300324E+01  0.0000000E+00
  0.0000000E+00  2.1300326E+01  0.0000000E+00
  0.0000000E+00  2.1300325E+01  0.0000000E+00
  0.0000000E+00  2.1300322E+01  0.0000000E+00
  0.0000000E+00  2.1300316E+01  0.0000000E+00
  0.0000000E+00  2.1300308E+01  0.0000000E+00
  0.0000000E+00  2.1300298E+01  0.0000000E+00
  0.0000000E+00  2.1300286E+01  0.0000000E+00
  0.0000000E+00  2.1300273E+01  0.0000000E+00
  0.0000000E+00  2.1300258E+01  0.0000000E+00
  0.0000000E+00  2.1300242E+01  0.0000000E+00
  0.0000000E+00  2.1300226E+01  0.0000000E+00
  0.0000000E+00  2.1300209E+01  0.0000000E+00
  0.0000000E+00  2.1300192E+01  0.0000000E+00
  0.0000000E+00  2.1300175E+01  0.0000000E+00
  0.0000000E+00  2.1300158E+01  0.0000000E+00
  0.0000000E+00  2.1300142E+01  0.0000000E+00
  0.0000000E+00  2.1300126E+01  0.0000000E+00
  0.0000000E+00  2.1300112E+01  0.0000000E+00
  0.0000000E+00  2.1300098E+01  0.0000000E+00
  0.0000000E+00  2.1300085E+01  0.0000000E+00
  0.0000000E+00  2.1300073E+01  0.0000000E+00
  0.0000000E+00  2.1300063E+01  0.0000000E+00
  0.0000000E+00  2.1300053E+01  0.0000000E+00
  0.0000000E+00  2.1300045E+01  0.0000000E+00
  0.0000000E+00  2.1300037E+01  0.0000000E+00
  0.0000000E+00  2.1300031E+01  0.0000000E+00
  0.0000000E+00  2.1300025E+01  0.0000000E+00
  0.0000000E+00  2.1300021E+01  0.0000000E+00
  0.0000000E+00  2.1300017E+01  0.0000000E+00
  0.0000000E+00  2.1300013E+01  0.0000000E+00
  0.0000000E+00  2.1300011E+01  0.0000000E+00
  0.0000000E+00  2.1300008E+01  0.0000000E+00
  0.0000000E+00  2.1300006E+01  0.0000000E+00
  0.0000000E+00  2.1300005E+01  0.0000000E+00
  0.0000000E+00  2.1300004E+01  0.0000000E+00
  0.0000000E+00  2.1300003E+01  0.0000000E+00
  0.0000000E+00  2.1300002E+01  0.0000000E+00
  0.0000000E+00  2.1300002E+01  0.0000000E+00
  0.0000000E+00  2.1300001E+01  0.0000000E+00
  0.0000000E+00  2.1300001E+01  0.0000000E+00
  0.0000000E+00  2.1300001E+01  0.0000000E+00
  0.0000000E+00  2.1300001E+01  0.0000000E+00
  0.0000000E+00  2.1300001E+01  0.0000000E+00
  0.0000000E+00  2.1300003E+01  0.0000000E+00
  0.0000000E+00  2.1300008E+01  0.0000000E+00
  0.0000000E+00  2.1300023E+01  0.0000000E+00
  0.0000000E+00  2.1300056E+01  0.0000000E+00
  0.0000000E+00  2.1300129E+01  0.0000000E+00
  0.0000000E+00  2.1300268E+01  0.0000000E+00
  0.0000000E+00  2.1300498E+01  0.0000000E+00
  0.0000000E+00  2.1300804E+01  0.0000000E+00
  0.0000000E+00  2.1301063E+01  0.0000000E+00
  0.0000000E+00  2.1300966E+01  0.0000000E+00
  0.0000000E+00  2.1300000E+01  0.0000000E+00
  0.0000000E+00  0.0000000E+00  0.0000000E+00
