                                   ++++++++++++++++++++++++++++++++++++++++++++++++++++++++++++
                                   +                           VS2DRT                         +
                                   +                        VERSION 1.1                       +
                                   +           SIMULATION OF 2-DIMENSIONAL VARIABLY           +
                                   +            SATURATED REACTIVE TRANSPORT                  +
                                   +                   THROUGH POROUS MEDIA.                  +
                                   ++++++++++++++++++++++++++++++++++++++++++++++++++++++++++++




 ****************************************************************************************************
     Seepage across an earthen dam in response to rapid rise in reservoir level      
 ****************************************************************************************************

          SPACE AND TIME CONSTANTS
          -----------------------
     MAXIMUM SIMULATION TIME =   0.200000E+04 day 
     STARTING TIME =     0.0000
     NUMBER OF RECHARGE PERIODS =         1
     MAXIMUM NUMBER OF TIME STEPS =       4000
     NUMBER OF ROWS =     26
     NUMBER OF COLUMNS =     54
     AXES TILTED BY ANGLE =     0.00
          SOLUTION OPTIONS
          ----------------
     WRITE ALL PRESSURE HEADS TO FILE 8 AT OBSERVATION TIMES? F
     STOP SOLUTION IF MAXIMUM NO. OF ITERATIONS EXCEEDED IN ANY TIME STEP? T
     WRITE BOUNDARY FLUXES TO FILE 7? F
     WRITE RESULTS AT SELECTED OBSERVATION POINTS TO FILE 11? F
     WRITE MASS BALANCE RATES TO FILE 9? F
     WRITE MASS BALANCE RATES TO FILE 6? F
     WRITE MOISTURE CONTENTS TO FILE 6? F
     WRITE SATURATIONS TO FILE 6? F
     WRITE PRESSURE HEADS TO FILE 6? T
     WRITE TOTAL HEADS TO FILE 6? F
     WRITE VELOCITIES TO FILE 6? F
                                                  GRID SPACING IN VERTICAL DIRECTION, IN m   
     0.500     0.500     0.500     0.500     0.500     0.500     0.500     0.500     0.500     0.500
     0.500     0.500     0.500     0.500     0.500     0.500     0.500     0.500     0.500     0.500
     0.500     0.500     0.500     0.500     0.500     0.500
                                                  GRID SPACING IN HORIZONTAL OR RADIAL DIRECTION, IN m   
     1.000     1.000     1.000     1.000     1.000     1.000     1.000     1.000     1.000     1.000
     1.000     1.000     1.000     1.000     1.000     1.000     1.000     1.000     1.000     1.000
     1.000     1.000     1.000     1.000     1.000     1.000     1.000     1.000     1.000     1.000
     1.000     1.000     1.000     1.000     1.000     1.000     1.000     1.000     1.000     1.000
     1.000     1.000     1.000     1.000     1.000     1.000     1.000     1.000     1.000     1.000
     1.000     1.000     1.000     1.000
     COORDINATE SYSTEM IS RECTANGULAR
     MATRIX EQUATIONS TO BE SOLVED BY SIP
          INITIAL MOISTURE PARAMETERS
          ___________________________

     CONVERGENCE CRITERION FOR SIP FOR FLOW (EPS) =   1.000E-05 m   
     CONVERGENCE CRITERION FOR SIP FOR HEAT TRANSPORT (EPS1) =   0.000E+00
     CONVERGENCE CRITERION FOR OUTER'ITERATION (EPS2)  =    0.000E+00
     CONVERGENCE CRITERION'FOR SIP FOR SOLUTE TRANSPORT(EPS3) =   0.000E+00
     DAMPING FACTOR,HMAX = ,   7.000E-01
     ARITHEMTIC MEAN USED FOR INTERCELL CONDUCTIVITY
     NUMBER OF SOIL TEXTURAL CLASSES =          2
     NUMBER OF SOIL PARAMETERS FOR EACH CLASS =          6
     NUMBER OF HEAT TRANSPORT PARAMETERS FOR EACH CLASS =          0
     NUMBER OF SOLUTE TRANSPORT PARAMETERS FOR EACH CLASS =          0
     MINIMUM PERMITTED NO. OF ITERATIONS/TIME STEP =         2
     MAXIMUM PERMITTED NO. OF ITERATIONS/TIME STEP =       200
                                         CONSTANTS FOR SOIL TEXTURAL CLASSES

          ANISOTROPY       KSAT     SPECIFIC    POROSITY
                                    STORAGE
 CLASS # 1
            1.000D+00   0.000D+00   0.000D+00   0.000D+00   0.000D+00   0.000D+00   0.000D+00
 CLASS # 2
            1.000D+00   8.600D-03   0.000D+00   3.800D-01   2.500D-01   5.000D-02   3.800D+00
      TEXTURAL CLASS INDEX MAP


     TEXTURAL CLASS TO BE READ IN FOR EACH ROW
          1  111111111111111111111111111111111111111111111111111111
          2  111111111111111111111111222221111111111111111111111111
          3  111111111111111111111112222222111111111111111111111111
          4  111111111111111111111122222222211111111111111111111111
          5  111111111111111111111222222222221111111111111111111111
          6  111111111111111111112222222222222111111111111111111111
          7  111111111111111111122222222222222211111111111111111111
          8  111111111111111111222222222222222221111111111111111111
          9  111111111111111112222222222222222222111111111111111111
         10  111111111111111122222222222222222222211111111111111111
         11  111111111111111222222222222222222222221111111111111111
         12  111111111111112222222222222222222222222111111111111111
         13  111111111111122222222222222222222222222211111111111111
         14  111111111111222222222222222222222222222221111111111111
         15  111111111112222222222222222222222222222222111111111111
         16  111111111122222222222222222222222222222222211111111111
         17  111111111222222222222222222222222222222222221111111111
         18  111111112222222222222222222222222222222222222111111111
         19  111111122222222222222222222222222222222222222211111111
         20  111111222222222222222222222222222222222222222221111111
         21  111112222222222222222222222222222222222222222222111111
         22  111122222222222222222222222222222222222222222222211111
         23  111222222222222222222222222222222222222222222222221111
         24  112222222222222222222222222222222222222222222222222111
         25  122222222222222222222222222222222222222222222222222211
         26  111111111111111111111111111111111111111111111111111111
     EQUILLIBRIUM PROFILE USED TO INITIALIZE PRESSURE HEADS ABOVE WATER TABLE AT     12.00 m    BELOW ORIGIN
     EQUILLIBRIUM PROFILE ONLY USED UNTIL PRESSURE HEADS EQUAL    -12.00 m   
     PRESSURE HEADS BELOW     12.00 m    ARE HYDROSTATIC
      Seepage across an earthen dam in response to rapid rise in reservoir level      
     TOTAL ELAPSED TIME =  0.000000E+00 day 
     TIME STEP         0


                                                   PRESSURE HEAD
  Z, IN
  m                       X OR R DISTANCE, IN m   
                0.500      1.500      2.500      3.500      4.500      5.500      6.500      7.500      8.500      9.500     10.500     11.500     12.500     13.500     14.500     15.500     16.500     17.500     18.500     19.500     20.500     21.500     22.500     23.500     24.500     25.500     26.500     27.500     28.500     29.500     30.500     31.500     32.500     33.500     34.500     35.500     36.500     37.500     38.500     39.500     40.500     41.500     42.500     43.500     44.500     45.500     46.500     47.500     48.500     49.500     50.500     51.500
     0.250  0.000E+00  0.000E+00  0.000E+00  0.000E+00  0.000E+00  0.000E+00  0.000E+00  0.000E+00  0.000E+00  0.000E+00  0.000E+00  0.000E+00  0.000E+00  0.000E+00  0.000E+00  0.000E+00  0.000E+00  0.000E+00  0.000E+00  0.000E+00  0.000E+00  0.000E+00  0.000E+00 -1.175E+01 -1.175E+01 -1.175E+01 -1.175E+01 -1.175E+01  0.000E+00  0.000E+00  0.000E+00  0.000E+00  0.000E+00  0.000E+00  0.000E+00  0.000E+00  0.000E+00  0.000E+00  0.000E+00  0.000E+00  0.000E+00  0.000E+00  0.000E+00  0.000E+00  0.000E+00  0.000E+00  0.000E+00  0.000E+00  0.000E+00  0.000E+00  0.000E+00  0.000E+00
     0.750  0.000E+00  0.000E+00  0.000E+00  0.000E+00  0.000E+00  0.000E+00  0.000E+00  0.000E+00  0.000E+00  0.000E+00  0.000E+00  0.000E+00  0.000E+00  0.000E+00  0.000E+00  0.000E+00  0.000E+00  0.000E+00  0.000E+00  0.000E+00  0.000E+00  0.000E+00 -1.125E+01 -1.125E+01 -1.125E+01 -1.125E+01 -1.125E+01 -1.125E+01 -1.125E+01  0.000E+00  0.000E+00  0.000E+00  0.000E+00  0.000E+00  0.000E+00  0.000E+00  0.000E+00  0.000E+00  0.000E+00  0.000E+00  0.000E+00  0.000E+00  0.000E+00  0.000E+00  0.000E+00  0.000E+00  0.000E+00  0.000E+00  0.000E+00  0.000E+00  0.000E+00  0.000E+00
     1.250  0.000E+00  0.000E+00  0.000E+00  0.000E+00  0.000E+00  0.000E+00  0.000E+00  0.000E+00  0.000E+00  0.000E+00  0.000E+00  0.000E+00  0.000E+00  0.000E+00  0.000E+00  0.000E+00  0.000E+00  0.000E+00  0.000E+00  0.000E+00  0.000E+00 -1.075E+01 -1.075E+01 -1.075E+01 -1.075E+01 -1.075E+01 -1.075E+01 -1.075E+01 -1.075E+01 -1.075E+01  0.000E+00  0.000E+00  0.000E+00  0.000E+00  0.000E+00  0.000E+00  0.000E+00  0.000E+00  0.000E+00  0.000E+00  0.000E+00  0.000E+00  0.000E+00  0.000E+00  0.000E+00  0.000E+00  0.000E+00  0.000E+00  0.000E+00  0.000E+00  0.000E+00  0.000E+00
     1.750  0.000E+00  0.000E+00  0.000E+00  0.000E+00  0.000E+00  0.000E+00  0.000E+00  0.000E+00  0.000E+00  0.000E+00  0.000E+00  0.000E+00  0.000E+00  0.000E+00  0.000E+00  0.000E+00  0.000E+00  0.000E+00  0.000E+00  0.000E+00 -1.025E+01 -1.025E+01 -1.025E+01 -1.025E+01 -1.025E+01 -1.025E+01 -1.025E+01 -1.025E+01 -1.025E+01 -1.025E+01 -1.025E+01  0.000E+00  0.000E+00  0.000E+00  0.000E+00  0.000E+00  0.000E+00  0.000E+00  0.000E+00  0.000E+00  0.000E+00  0.000E+00  0.000E+00  0.000E+00  0.000E+00  0.000E+00  0.000E+00  0.000E+00  0.000E+00  0.000E+00  0.000E+00  0.000E+00
     2.250  0.000E+00  0.000E+00  0.000E+00  0.000E+00  0.000E+00  0.000E+00  0.000E+00  0.000E+00  0.000E+00  0.000E+00  0.000E+00  0.000E+00  0.000E+00  0.000E+00  0.000E+00  0.000E+00  0.000E+00  0.000E+00  0.000E+00 -9.750E+00 -9.750E+00 -9.750E+00 -9.750E+00 -9.750E+00 -9.750E+00 -9.750E+00 -9.750E+00 -9.750E+00 -9.750E+00 -9.750E+00 -9.750E+00 -9.750E+00  0.000E+00  0.000E+00  0.000E+00  0.000E+00  0.000E+00  0.000E+00  0.000E+00  0.000E+00  0.000E+00  0.000E+00  0.000E+00  0.000E+00  0.000E+00  0.000E+00  0.000E+00  0.000E+00  0.000E+00  0.000E+00  0.000E+00  0.000E+00
     2.750  0.000E+00  0.000E+00  0.000E+00  0.000E+00  0.000E+00  0.000E+00  0.000E+00  0.000E+00  0.000E+00  0.000E+00  0.000E+00  0.000E+00  0.000E+00  0.000E+00  0.000E+00  0.000E+00  0.000E+00  0.000E+00 -9.250E+00 -9.250E+00 -9.250E+00 -9.250E+00 -9.250E+00 -9.250E+00 -9.250E+00 -9.250E+00 -9.250E+00 -9.250E+00 -9.250E+00 -9.250E+00 -9.250E+00 -9.250E+00 -9.250E+00  0.000E+00  0.000E+00  0.000E+00  0.000E+00  0.000E+00  0.000E+00  0.000E+00  0.000E+00  0.000E+00  0.000E+00  0.000E+00  0.000E+00  0.000E+00  0.000E+00  0.000E+00  0.000E+00  0.000E+00  0.000E+00  0.000E+00
     3.250  0.000E+00  0.000E+00  0.000E+00  0.000E+00  0.000E+00  0.000E+00  0.000E+00  0.000E+00  0.000E+00  0.000E+00  0.000E+00  0.000E+00  0.000E+00  0.000E+00  0.000E+00  0.000E+00  0.000E+00 -8.750E+00 -8.750E+00 -8.750E+00 -8.750E+00 -8.750E+00 -8.750E+00 -8.750E+00 -8.750E+00 -8.750E+00 -8.750E+00 -8.750E+00 -8.750E+00 -8.750E+00 -8.750E+00 -8.750E+00 -8.750E+00 -8.750E+00  0.000E+00  0.000E+00  0.000E+00  0.000E+00  0.000E+00  0.000E+00  0.000E+00  0.000E+00  0.000E+00  0.000E+00  0.000E+00  0.000E+00  0.000E+00  0.000E+00  0.000E+00  0.000E+00  0.000E+00  0.000E+00
     3.750  0.000E+00  0.000E+00  0.000E+00  0.000E+00  0.000E+00  0.000E+00  0.000E+00  0.000E+00  0.000E+00  0.000E+00  0.000E+00  0.000E+00  0.000E+00  0.000E+00  0.000E+00  0.000E+00 -8.250E+00 -8.250E+00 -8.250E+00 -8.250E+00 -8.250E+00 -8.250E+00 -8.250E+00 -8.250E+00 -8.250E+00 -8.250E+00 -8.250E+00 -8.250E+00 -8.250E+00 -8.250E+00 -8.250E+00 -8.250E+00 -8.250E+00 -8.250E+00 -8.250E+00  0.000E+00  0.000E+00  0.000E+00  0.000E+00  0.000E+00  0.000E+00  0.000E+00  0.000E+00  0.000E+00  0.000E+00  0.000E+00  0.000E+00  0.000E+00  0.000E+00  0.000E+00  0.000E+00  0.000E+00
     4.250  0.000E+00  0.000E+00  0.000E+00  0.000E+00  0.000E+00  0.000E+00  0.000E+00  0.000E+00  0.000E+00  0.000E+00  0.000E+00  0.000E+00  0.000E+00  0.000E+00  0.000E+00 -7.750E+00 -7.750E+00 -7.750E+00 -7.750E+00 -7.750E+00 -7.750E+00 -7.750E+00 -7.750E+00 -7.750E+00 -7.750E+00 -7.750E+00 -7.750E+00 -7.750E+00 -7.750E+00 -7.750E+00 -7.750E+00 -7.750E+00 -7.750E+00 -7.750E+00 -7.750E+00 -7.750E+00  0.000E+00  0.000E+00  0.000E+00  0.000E+00  0.000E+00  0.000E+00  0.000E+00  0.000E+00  0.000E+00  0.000E+00  0.000E+00  0.000E+00  0.000E+00  0.000E+00  0.000E+00  0.000E+00
     4.750  0.000E+00  0.000E+00  0.000E+00  0.000E+00  0.000E+00  0.000E+00  0.000E+00  0.000E+00  0.000E+00  0.000E+00  0.000E+00  0.000E+00  0.000E+00  0.000E+00 -7.250E+00 -7.250E+00 -7.250E+00 -7.250E+00 -7.250E+00 -7.250E+00 -7.250E+00 -7.250E+00 -7.250E+00 -7.250E+00 -7.250E+00 -7.250E+00 -7.250E+00 -7.250E+00 -7.250E+00 -7.250E+00 -7.250E+00 -7.250E+00 -7.250E+00 -7.250E+00 -7.250E+00 -7.250E+00 -7.250E+00  0.000E+00  0.000E+00  0.000E+00  0.000E+00  0.000E+00  0.000E+00  0.000E+00  0.000E+00  0.000E+00  0.000E+00  0.000E+00  0.000E+00  0.000E+00  0.000E+00  0.000E+00
     5.250  0.000E+00  0.000E+00  0.000E+00  0.000E+00  0.000E+00  0.000E+00  0.000E+00  0.000E+00  0.000E+00  0.000E+00  0.000E+00  0.000E+00  0.000E+00 -6.750E+00 -6.750E+00 -6.750E+00 -6.750E+00 -6.750E+00 -6.750E+00 -6.750E+00 -6.750E+00 -6.750E+00 -6.750E+00 -6.750E+00 -6.750E+00 -6.750E+00 -6.750E+00 -6.750E+00 -6.750E+00 -6.750E+00 -6.750E+00 -6.750E+00 -6.750E+00 -6.750E+00 -6.750E+00 -6.750E+00 -6.750E+00 -6.750E+00  0.000E+00  0.000E+00  0.000E+00  0.000E+00  0.000E+00  0.000E+00  0.000E+00  0.000E+00  0.000E+00  0.000E+00  0.000E+00  0.000E+00  0.000E+00  0.000E+00
     5.750  0.000E+00  0.000E+00  0.000E+00  0.000E+00  0.000E+00  0.000E+00  0.000E+00  0.000E+00  0.000E+00  0.000E+00  0.000E+00  0.000E+00 -6.250E+00 -6.250E+00 -6.250E+00 -6.250E+00 -6.250E+00 -6.250E+00 -6.250E+00 -6.250E+00 -6.250E+00 -6.250E+00 -6.250E+00 -6.250E+00 -6.250E+00 -6.250E+00 -6.250E+00 -6.250E+00 -6.250E+00 -6.250E+00 -6.250E+00 -6.250E+00 -6.250E+00 -6.250E+00 -6.250E+00 -6.250E+00 -6.250E+00 -6.250E+00 -6.250E+00  0.000E+00  0.000E+00  0.000E+00  0.000E+00  0.000E+00  0.000E+00  0.000E+00  0.000E+00  0.000E+00  0.000E+00  0.000E+00  0.000E+00  0.000E+00
     6.250  0.000E+00  0.000E+00  0.000E+00  0.000E+00  0.000E+00  0.000E+00  0.000E+00  0.000E+00  0.000E+00  0.000E+00  0.000E+00 -5.750E+00 -5.750E+00 -5.750E+00 -5.750E+00 -5.750E+00 -5.750E+00 -5.750E+00 -5.750E+00 -5.750E+00 -5.750E+00 -5.750E+00 -5.750E+00 -5.750E+00 -5.750E+00 -5.750E+00 -5.750E+00 -5.750E+00 -5.750E+00 -5.750E+00 -5.750E+00 -5.750E+00 -5.750E+00 -5.750E+00 -5.750E+00 -5.750E+00 -5.750E+00 -5.750E+00 -5.750E+00 -5.750E+00  0.000E+00  0.000E+00  0.000E+00  0.000E+00  0.000E+00  0.000E+00  0.000E+00  0.000E+00  0.000E+00  0.000E+00  0.000E+00  0.000E+00
     6.750  0.000E+00  0.000E+00  0.000E+00  0.000E+00  0.000E+00  0.000E+00  0.000E+00  0.000E+00  0.000E+00  0.000E+00 -5.250E+00 -5.250E+00 -5.250E+00 -5.250E+00 -5.250E+00 -5.250E+00 -5.250E+00 -5.250E+00 -5.250E+00 -5.250E+00 -5.250E+00 -5.250E+00 -5.250E+00 -5.250E+00 -5.250E+00 -5.250E+00 -5.250E+00 -5.250E+00 -5.250E+00 -5.250E+00 -5.250E+00 -5.250E+00 -5.250E+00 -5.250E+00 -5.250E+00 -5.250E+00 -5.250E+00 -5.250E+00 -5.250E+00 -5.250E+00 -5.250E+00  0.000E+00  0.000E+00  0.000E+00  0.000E+00  0.000E+00  0.000E+00  0.000E+00  0.000E+00  0.000E+00  0.000E+00  0.000E+00
     7.250  0.000E+00  0.000E+00  0.000E+00  0.000E+00  0.000E+00  0.000E+00  0.000E+00  0.000E+00  0.000E+00 -4.750E+00 -4.750E+00 -4.750E+00 -4.750E+00 -4.750E+00 -4.750E+00 -4.750E+00 -4.750E+00 -4.750E+00 -4.750E+00 -4.750E+00 -4.750E+00 -4.750E+00 -4.750E+00 -4.750E+00 -4.750E+00 -4.750E+00 -4.750E+00 -4.750E+00 -4.750E+00 -4.750E+00 -4.750E+00 -4.750E+00 -4.750E+00 -4.750E+00 -4.750E+00 -4.750E+00 -4.750E+00 -4.750E+00 -4.750E+00 -4.750E+00 -4.750E+00 -4.750E+00  0.000E+00  0.000E+00  0.000E+00  0.000E+00  0.000E+00  0.000E+00  0.000E+00  0.000E+00  0.000E+00  0.000E+00
     7.750  0.000E+00  0.000E+00  0.000E+00  0.000E+00  0.000E+00  0.000E+00  0.000E+00  0.000E+00 -4.250E+00 -4.250E+00 -4.250E+00 -4.250E+00 -4.250E+00 -4.250E+00 -4.250E+00 -4.250E+00 -4.250E+00 -4.250E+00 -4.250E+00 -4.250E+00 -4.250E+00 -4.250E+00 -4.250E+00 -4.250E+00 -4.250E+00 -4.250E+00 -4.250E+00 -4.250E+00 -4.250E+00 -4.250E+00 -4.250E+00 -4.250E+00 -4.250E+00 -4.250E+00 -4.250E+00 -4.250E+00 -4.250E+00 -4.250E+00 -4.250E+00 -4.250E+00 -4.250E+00 -4.250E+00 -4.250E+00  0.000E+00  0.000E+00  0.000E+00  0.000E+00  0.000E+00  0.000E+00  0.000E+00  0.000E+00  0.000E+00
     8.250  0.000E+00  0.000E+00  0.000E+00  0.000E+00  0.000E+00  0.000E+00  0.000E+00 -3.750E+00 -3.750E+00 -3.750E+00 -3.750E+00 -3.750E+00 -3.750E+00 -3.750E+00 -3.750E+00 -3.750E+00 -3.750E+00 -3.750E+00 -3.750E+00 -3.750E+00 -3.750E+00 -3.750E+00 -3.750E+00 -3.750E+00 -3.750E+00 -3.750E+00 -3.750E+00 -3.750E+00 -3.750E+00 -3.750E+00 -3.750E+00 -3.750E+00 -3.750E+00 -3.750E+00 -3.750E+00 -3.750E+00 -3.750E+00 -3.750E+00 -3.750E+00 -3.750E+00 -3.750E+00 -3.750E+00 -3.750E+00 -3.750E+00  0.000E+00  0.000E+00  0.000E+00  0.000E+00  0.000E+00  0.000E+00  0.000E+00  0.000E+00
     8.750  0.000E+00  0.000E+00  0.000E+00  0.000E+00  0.000E+00  0.000E+00 -3.250E+00 -3.250E+00 -3.250E+00 -3.250E+00 -3.250E+00 -3.250E+00 -3.250E+00 -3.250E+00 -3.250E+00 -3.250E+00 -3.250E+00 -3.250E+00 -3.250E+00 -3.250E+00 -3.250E+00 -3.250E+00 -3.250E+00 -3.250E+00 -3.250E+00 -3.250E+00 -3.250E+00 -3.250E+00 -3.250E+00 -3.250E+00 -3.250E+00 -3.250E+00 -3.250E+00 -3.250E+00 -3.250E+00 -3.250E+00 -3.250E+00 -3.250E+00 -3.250E+00 -3.250E+00 -3.250E+00 -3.250E+00 -3.250E+00 -3.250E+00 -3.250E+00  0.000E+00  0.000E+00  0.000E+00  0.000E+00  0.000E+00  0.000E+00  0.000E+00
     9.250  0.000E+00  0.000E+00  0.000E+00  0.000E+00  0.000E+00 -2.750E+00 -2.750E+00 -2.750E+00 -2.750E+00 -2.750E+00 -2.750E+00 -2.750E+00 -2.750E+00 -2.750E+00 -2.750E+00 -2.750E+00 -2.750E+00 -2.750E+00 -2.750E+00 -2.750E+00 -2.750E+00 -2.750E+00 -2.750E+00 -2.750E+00 -2.750E+00 -2.750E+00 -2.750E+00 -2.750E+00 -2.750E+00 -2.750E+00 -2.750E+00 -2.750E+00 -2.750E+00 -2.750E+00 -2.750E+00 -2.750E+00 -2.750E+00 -2.750E+00 -2.750E+00 -2.750E+00 -2.750E+00 -2.750E+00 -2.750E+00 -2.750E+00 -2.750E+00 -2.750E+00  0.000E+00  0.000E+00  0.000E+00  0.000E+00  0.000E+00  0.000E+00
     9.750  0.000E+00  0.000E+00  0.000E+00  0.000E+00 -2.250E+00 -2.250E+00 -2.250E+00 -2.250E+00 -2.250E+00 -2.250E+00 -2.250E+00 -2.250E+00 -2.250E+00 -2.250E+00 -2.250E+00 -2.250E+00 -2.250E+00 -2.250E+00 -2.250E+00 -2.250E+00 -2.250E+00 -2.250E+00 -2.250E+00 -2.250E+00 -2.250E+00 -2.250E+00 -2.250E+00 -2.250E+00 -2.250E+00 -2.250E+00 -2.250E+00 -2.250E+00 -2.250E+00 -2.250E+00 -2.250E+00 -2.250E+00 -2.250E+00 -2.250E+00 -2.250E+00 -2.250E+00 -2.250E+00 -2.250E+00 -2.250E+00 -2.250E+00 -2.250E+00 -2.250E+00 -2.250E+00  0.000E+00  0.000E+00  0.000E+00  0.000E+00  0.000E+00
    10.250  0.000E+00  0.000E+00  0.000E+00 -1.750E+00 -1.750E+00 -1.750E+00 -1.750E+00 -1.750E+00 -1.750E+00 -1.750E+00 -1.750E+00 -1.750E+00 -1.750E+00 -1.750E+00 -1.750E+00 -1.750E+00 -1.750E+00 -1.750E+00 -1.750E+00 -1.750E+00 -1.750E+00 -1.750E+00 -1.750E+00 -1.750E+00 -1.750E+00 -1.750E+00 -1.750E+00 -1.750E+00 -1.750E+00 -1.750E+00 -1.750E+00 -1.750E+00 -1.750E+00 -1.750E+00 -1.750E+00 -1.750E+00 -1.750E+00 -1.750E+00 -1.750E+00 -1.750E+00 -1.750E+00 -1.750E+00 -1.750E+00 -1.750E+00 -1.750E+00 -1.750E+00 -1.750E+00 -1.750E+00  0.000E+00  0.000E+00  0.000E+00  0.000E+00
    10.750  0.000E+00  0.000E+00 -1.250E+00 -1.250E+00 -1.250E+00 -1.250E+00 -1.250E+00 -1.250E+00 -1.250E+00 -1.250E+00 -1.250E+00 -1.250E+00 -1.250E+00 -1.250E+00 -1.250E+00 -1.250E+00 -1.250E+00 -1.250E+00 -1.250E+00 -1.250E+00 -1.250E+00 -1.250E+00 -1.250E+00 -1.250E+00 -1.250E+00 -1.250E+00 -1.250E+00 -1.250E+00 -1.250E+00 -1.250E+00 -1.250E+00 -1.250E+00 -1.250E+00 -1.250E+00 -1.250E+00 -1.250E+00 -1.250E+00 -1.250E+00 -1.250E+00 -1.250E+00 -1.250E+00 -1.250E+00 -1.250E+00 -1.250E+00 -1.250E+00 -1.250E+00 -1.250E+00 -1.250E+00 -1.250E+00  0.000E+00  0.000E+00  0.000E+00
    11.250  0.000E+00 -7.500E-01 -7.500E-01 -7.500E-01 -7.500E-01 -7.500E-01 -7.500E-01 -7.500E-01 -7.500E-01 -7.500E-01 -7.500E-01 -7.500E-01 -7.500E-01 -7.500E-01 -7.500E-01 -7.500E-01 -7.500E-01 -7.500E-01 -7.500E-01 -7.500E-01 -7.500E-01 -7.500E-01 -7.500E-01 -7.500E-01 -7.500E-01 -7.500E-01 -7.500E-01 -7.500E-01 -7.500E-01 -7.500E-01 -7.500E-01 -7.500E-01 -7.500E-01 -7.500E-01 -7.500E-01 -7.500E-01 -7.500E-01 -7.500E-01 -7.500E-01 -7.500E-01 -7.500E-01 -7.500E-01 -7.500E-01 -7.500E-01 -7.500E-01 -7.500E-01 -7.500E-01 -7.500E-01 -7.500E-01 -7.500E-01  0.000E+00  0.000E+00
    11.750 -2.500E-01 -2.500E-01 -2.500E-01 -2.500E-01 -2.500E-01 -2.500E-01 -2.500E-01 -2.500E-01 -2.500E-01 -2.500E-01 -2.500E-01 -2.500E-01 -2.500E-01 -2.500E-01 -2.500E-01 -2.500E-01 -2.500E-01 -2.500E-01 -2.500E-01 -2.500E-01 -2.500E-01 -2.500E-01 -2.500E-01 -2.500E-01 -2.500E-01 -2.500E-01 -2.500E-01 -2.500E-01 -2.500E-01 -2.500E-01 -2.500E-01 -2.500E-01 -2.500E-01 -2.500E-01 -2.500E-01 -2.500E-01 -2.500E-01 -2.500E-01 -2.500E-01 -2.500E-01 -2.500E-01 -2.500E-01 -2.500E-01 -2.500E-01 -2.500E-01 -2.500E-01 -2.500E-01 -2.500E-01 -2.500E-01 -2.500E-01 -2.500E-01  0.000E+00
      DATA FOR RECHARGE PERIOD         1

          LENGTH OF THIS PERIOD =   2.00000E+03 day 
          LENGTH OF INITIAL TIME STEP FOR THIS PERIOD =   1.00000E-02 day 
          MULTIPLIER FOR TIME STEP =  1.200E+00
          MAXIMUM TIME STEP SIZE =    1.00000E+02 day 
          MINIMUM TIME STEP SIZE =    1.00000E-05 day 
          TIME STEP REDUCTION FACTOR =  1.000E-01
               MAXIMUM PRESSURE HEAD CHANGE ALLOWED IN ONE TIME STEP =   1.000
               STEADY-STATE CLOSURE CRITERION =  0.000E+00
               MAXIMUM DEPTH OF PONDING =  1.000E+02
               PRINT SOLUTION AFTER EVERY TIME STEP? F
               SIMULATE EVAPORATION? F
               SIMULATE EVAPOTRANSPIRATION? F
               SIMULATE SEEPAGE FACES? T

 temerature setting at the boundary
      NODE TYPE AND INITIAL BOUNDARY CONDITIONS FOR PERIOD         1
      LEGEND: 
               0 = INTERIOR CELL
               1 = SPECIFIED PRESSURE HEAD CELL
               2 = SPECIFIED FLUX CELL
               3 = POTENTIAL SEEPAGE FACE NODE
               5 = NODE FOR WHICH EVAPORATION IS PERMITTED
               7 = GRAVITY DRAIN CELL

     1     000000000000000000000000000000000000000000000000000000
     2     000000000000000000000000000030000000000000000000000000
     3     000000000000000000000000000003000000000000000000000000
     4     000000000000000000000000000000300000000000000000000000
     5     000000000000000000000000000000030000000000000000000000
     6     000000000000000000001000000000003000000000000000000000
     7     000000000000000000010000000000000300000000000000000000
     8     000000000000000000100000000000000030000000000000000000
     9     000000000000000001000000000000000003000000000000000000
    10     000000000000000010000000000000000000300000000000000000
    11     000000000000000100000000000000000000030000000000000000
    12     000000000000001000000000000000000000003000000000000000
    13     000000000000010000000000000000000000000300000000000000
    14     000000000000100000000000000000000000000030000000000000
    15     000000000001000000000000000000000000000003000000000000
    16     000000000010000000000000000000000000000000300000000000
    17     000000000100000000000000000000000000000000030000000000
    18     000000001000000000000000000000000000000000003000000000
    19     000000010000000000000000000000000000000000000300000000
    20     000000100000000000000000000000000000000000000030000000
    21     000001000000000000000000000000000000000000000003000000
    22     000010000000000000000000000000000000000000000000300000
    23     000100000000000000000000000000000000000000000000030000
    24     001000000000000000000000000000000000000000000000003000
    25     010000000000000000000000000000000000000000000111111300
    26     000000000000000000000000000000000000000000000000000000
 TIME STEP         1  TIME =   0.120000E-01  NIT =     7  NIT1 =     0  NIT3 =     0  NIS1 =     0
 TIME STEP         2  TIME =   0.132301E-01  NIT =     5  NIT1 =     0  NIT3 =     0  NIS1 =     0
 TIME STEP         3  TIME =   0.135227E-01  NIT =     3  NIT1 =     0  NIT3 =     0  NIS1 =     0
 TIME STEP         4  TIME =   0.138739E-01  NIT =     3  NIT1 =     0  NIT3 =     0  NIS1 =     0
 TIME STEP         5  TIME =   0.142953E-01  NIT =     3  NIT1 =     0  NIT3 =     0  NIS1 =     0
 TIME STEP         6  TIME =   0.148009E-01  NIT =     3  NIT1 =     0  NIT3 =     0  NIS1 =     0
 TIME STEP         7  TIME =   0.154077E-01  NIT =     4  NIT1 =     0  NIT3 =     0  NIS1 =     0
 TIME STEP         8  TIME =   0.161359E-01  NIT =     4  NIT1 =     0  NIT3 =     0  NIS1 =     0
 TIME STEP         9  TIME =   0.170097E-01  NIT =     4  NIT1 =     0  NIT3 =     0  NIS1 =     0
 TIME STEP        10  TIME =   0.180582E-01  NIT =     4  NIT1 =     0  NIT3 =     0  NIS1 =     0
 TIME STEP        11  TIME =   0.193165E-01  NIT =     4  NIT1 =     0  NIT3 =     0  NIS1 =     0
 TIME STEP        12  TIME =   0.208264E-01  NIT =     4  NIT1 =     0  NIT3 =     0  NIS1 =     0
 TIME STEP        13  TIME =   0.226382E-01  NIT =     4  NIT1 =     0  NIT3 =     0  NIS1 =     0
 TIME STEP        14  TIME =   0.248125E-01  NIT =     5  NIT1 =     0  NIT3 =     0  NIS1 =     0
 TIME STEP        15  TIME =   0.274216E-01  NIT =     6  NIT1 =     0  NIT3 =     0  NIS1 =     0
 TIME STEP        16  TIME =   0.295920E-01  NIT =     6  NIT1 =     0  NIT3 =     0  NIS1 =     0
 TIME STEP        17  TIME =   0.301562E-01  NIT =     5  NIT1 =     0  NIT3 =     0  NIS1 =     0
 TIME STEP        18  TIME =   0.302919E-01  NIT =     5  NIT1 =     0  NIT3 =     0  NIS1 =     0
 TIME STEP        19  TIME =   0.304548E-01  NIT =     3  NIT1 =     0  NIT3 =     0  NIS1 =     0
 TIME STEP        20  TIME =   0.306502E-01  NIT =     3  NIT1 =     0  NIT3 =     0  NIS1 =     0
 TIME STEP        21  TIME =   0.308847E-01  NIT =     3  NIT1 =     0  NIT3 =     0  NIS1 =     0
 TIME STEP        22  TIME =   0.311662E-01  NIT =     3  NIT1 =     0  NIT3 =     0  NIS1 =     0
 TIME STEP        23  TIME =   0.315039E-01  NIT =     3  NIT1 =     0  NIT3 =     0  NIS1 =     0
 TIME STEP        24  TIME =   0.319091E-01  NIT =     3  NIT1 =     0  NIT3 =     0  NIS1 =     0
 TIME STEP        25  TIME =   0.323954E-01  NIT =     3  NIT1 =     0  NIT3 =     0  NIS1 =     0
 TIME STEP        26  TIME =   0.329790E-01  NIT =     3  NIT1 =     0  NIT3 =     0  NIS1 =     0
 TIME STEP        27  TIME =   0.336792E-01  NIT =     3  NIT1 =     0  NIT3 =     0  NIS1 =     0
 TIME STEP        28  TIME =   0.345195E-01  NIT =     4  NIT1 =     0  NIT3 =     0  NIS1 =     0
 TIME STEP        29  TIME =   0.355279E-01  NIT =     4  NIT1 =     0  NIT3 =     0  NIS1 =     0
 TIME STEP        30  TIME =   0.367380E-01  NIT =     4  NIT1 =     0  NIT3 =     0  NIS1 =     0
 TIME STEP        31  TIME =   0.381901E-01  NIT =     4  NIT1 =     0  NIT3 =     0  NIS1 =     0
 TIME STEP        32  TIME =   0.399325E-01  NIT =     4  NIT1 =     0  NIT3 =     0  NIS1 =     0
 TIME STEP        33  TIME =   0.420235E-01  NIT =     4  NIT1 =     0  NIT3 =     0  NIS1 =     0
 TIME STEP        34  TIME =   0.445327E-01  NIT =     4  NIT1 =     0  NIT3 =     0  NIS1 =     0
 TIME STEP        35  TIME =   0.475437E-01  NIT =     4  NIT1 =     0  NIT3 =     0  NIS1 =     0
 TIME STEP        36  TIME =   0.511569E-01  NIT =     4  NIT1 =     0  NIT3 =     0  NIS1 =     0
 TIME STEP        37  TIME =   0.554928E-01  NIT =     5  NIT1 =     0  NIT3 =     0  NIS1 =     0
 TIME STEP        38  TIME =   0.606959E-01  NIT =     5  NIT1 =     0  NIT3 =     0  NIS1 =     0
 TIME STEP        39  TIME =   0.669395E-01  NIT =     5  NIT1 =     0  NIT3 =     0  NIS1 =     0
 TIME STEP        40  TIME =   0.744319E-01  NIT =     6  NIT1 =     0  NIT3 =     0  NIS1 =     0
 TIME STEP        41  TIME =   0.786255E-01  NIT =     5  NIT1 =     0  NIT3 =     0  NIS1 =     0
 TIME STEP        42  TIME =   0.803414E-01  NIT =     4  NIT1 =     0  NIT3 =     0  NIS1 =     0
 TIME STEP        43  TIME =   0.824004E-01  NIT =     4  NIT1 =     0  NIT3 =     0  NIS1 =     0
 TIME STEP        44  TIME =   0.848713E-01  NIT =     5  NIT1 =     0  NIT3 =     0  NIS1 =     0
 TIME STEP        45  TIME =   0.878363E-01  NIT =     5  NIT1 =     0  NIT3 =     0  NIS1 =     0
 TIME STEP        46  TIME =   0.913943E-01  NIT =     5  NIT1 =     0  NIT3 =     0  NIS1 =     0
 TIME STEP        47  TIME =   0.956639E-01  NIT =     5  NIT1 =     0  NIT3 =     0  NIS1 =     0
 TIME STEP        48  TIME =   0.975318E-01  NIT =     4  NIT1 =     0  NIT3 =     0  NIS1 =     0
 TIME STEP        49  TIME =   0.981728E-01  NIT =     3  NIT1 =     0  NIT3 =     0  NIS1 =     0
 TIME STEP        50  TIME =   0.989419E-01  NIT =     4  NIT1 =     0  NIT3 =     0  NIS1 =     0
 TIME STEP        51  TIME =   0.998649E-01  NIT =     4  NIT1 =     0  NIT3 =     0  NIS1 =     0
 TIME STEP        52  TIME =   0.100973E+00  NIT =     4  NIT1 =     0  NIT3 =     0  NIS1 =     0
 TIME STEP        53  TIME =   0.102302E+00  NIT =     4  NIT1 =     0  NIT3 =     0  NIS1 =     0
 TIME STEP        54  TIME =   0.103897E+00  NIT =     4  NIT1 =     0  NIT3 =     0  NIS1 =     0
 TIME STEP        55  TIME =   0.105810E+00  NIT =     4  NIT1 =     0  NIT3 =     0  NIS1 =     0
 TIME STEP        56  TIME =   0.108107E+00  NIT =     4  NIT1 =     0  NIT3 =     0  NIS1 =     0
 TIME STEP        57  TIME =   0.110863E+00  NIT =     4  NIT1 =     0  NIT3 =     0  NIS1 =     0
 TIME STEP        58  TIME =   0.114170E+00  NIT =     4  NIT1 =     0  NIT3 =     0  NIS1 =     0
 TIME STEP        59  TIME =   0.118139E+00  NIT =     5  NIT1 =     0  NIT3 =     0  NIS1 =     0
 TIME STEP        60  TIME =   0.122901E+00  NIT =     5  NIT1 =     0  NIT3 =     0  NIS1 =     0
 TIME STEP        61  TIME =   0.128616E+00  NIT =     4  NIT1 =     0  NIT3 =     0  NIS1 =     0
 TIME STEP        62  TIME =   0.135474E+00  NIT =     5  NIT1 =     0  NIT3 =     0  NIS1 =     0
 TIME STEP        63  TIME =   0.143704E+00  NIT =     5  NIT1 =     0  NIT3 =     0  NIS1 =     0
 TIME STEP        64  TIME =   0.153579E+00  NIT =     7  NIT1 =     0  NIT3 =     0  NIS1 =     0
 TIME STEP        65  TIME =   0.165429E+00  NIT =     5  NIT1 =     0  NIT3 =     0  NIS1 =     0
 TIME STEP        66  TIME =   0.169057E+00  NIT =     4  NIT1 =     0  NIT3 =     0  NIS1 =     0
 TIME STEP        67  TIME =   0.173411E+00  NIT =     4  NIT1 =     0  NIT3 =     0  NIS1 =     0
 TIME STEP        68  TIME =   0.178635E+00  NIT =     4  NIT1 =     0  NIT3 =     0  NIS1 =     0
 TIME STEP        69  TIME =   0.184904E+00  NIT =     4  NIT1 =     0  NIT3 =     0  NIS1 =     0
 TIME STEP        70  TIME =   0.192427E+00  NIT =     5  NIT1 =     0  NIT3 =     0  NIS1 =     0
 TIME STEP        71  TIME =   0.201454E+00  NIT =     5  NIT1 =     0  NIT3 =     0  NIS1 =     0
 TIME STEP        72  TIME =   0.212287E+00  NIT =     5  NIT1 =     0  NIT3 =     0  NIS1 =     0
 TIME STEP        73  TIME =   0.225286E+00  NIT =     6  NIT1 =     0  NIT3 =     0  NIS1 =     0
 TIME STEP        74  TIME =   0.240886E+00  NIT =     6  NIT1 =     0  NIT3 =     0  NIS1 =     0
 TIME STEP        75  TIME =   0.251425E+00  NIT =     5  NIT1 =     0  NIT3 =     0  NIS1 =     0
 TIME STEP        76  TIME =   0.254146E+00  NIT =     4  NIT1 =     0  NIT3 =     0  NIS1 =     0
 TIME STEP        77  TIME =   0.257412E+00  NIT =     4  NIT1 =     0  NIT3 =     0  NIS1 =     0
 TIME STEP        78  TIME =   0.261331E+00  NIT =     4  NIT1 =     0  NIT3 =     0  NIS1 =     0
 TIME STEP        79  TIME =   0.266033E+00  NIT =     4  NIT1 =     0  NIT3 =     0  NIS1 =     0
 TIME STEP        80  TIME =   0.271676E+00  NIT =     5  NIT1 =     0  NIT3 =     0  NIS1 =     0
 TIME STEP        81  TIME =   0.278448E+00  NIT =     7  NIT1 =     0  NIT3 =     0  NIS1 =     0
 TIME STEP        82  TIME =   0.286574E+00  NIT =     5  NIT1 =     0  NIT3 =     0  NIS1 =     0
 TIME STEP        83  TIME =   0.289315E+00  NIT =     4  NIT1 =     0  NIT3 =     0  NIS1 =     0
 TIME STEP        84  TIME =   0.292604E+00  NIT =     4  NIT1 =     0  NIT3 =     0  NIS1 =     0
 TIME STEP        85  TIME =   0.296551E+00  NIT =     4  NIT1 =     0  NIT3 =     0  NIS1 =     0
 TIME STEP        86  TIME =   0.301288E+00  NIT =     4  NIT1 =     0  NIT3 =     0  NIS1 =     0
 TIME STEP        87  TIME =   0.306971E+00  NIT =     4  NIT1 =     0  NIT3 =     0  NIS1 =     0
 TIME STEP        88  TIME =   0.313792E+00  NIT =     4  NIT1 =     0  NIT3 =     0  NIS1 =     0
 TIME STEP        89  TIME =   0.321977E+00  NIT =     4  NIT1 =     0  NIT3 =     0  NIS1 =     0
 TIME STEP        90  TIME =   0.331798E+00  NIT =     4  NIT1 =     0  NIT3 =     0  NIS1 =     0
 TIME STEP        91  TIME =   0.343584E+00  NIT =     5  NIT1 =     0  NIT3 =     0  NIS1 =     0
 TIME STEP        92  TIME =   0.357727E+00  NIT =     5  NIT1 =     0  NIT3 =     0  NIS1 =     0
 TIME STEP        93  TIME =   0.374699E+00  NIT =     5  NIT1 =     0  NIT3 =     0  NIS1 =     0
 TIME STEP        94  TIME =   0.395065E+00  NIT =     5  NIT1 =     0  NIT3 =     0  NIS1 =     0
 TIME STEP        95  TIME =   0.419505E+00  NIT =     6  NIT1 =     0  NIT3 =     0  NIS1 =     0
 TIME STEP        96  TIME =   0.448832E+00  NIT =     6  NIT1 =     0  NIT3 =     0  NIS1 =     0
 TIME STEP        97  TIME =   0.468240E+00  NIT =     5  NIT1 =     0  NIT3 =     0  NIS1 =     0
 TIME STEP        98  TIME =   0.476540E+00  NIT =     5  NIT1 =     0  NIT3 =     0  NIS1 =     0
 TIME STEP        99  TIME =   0.486500E+00  NIT =     5  NIT1 =     0  NIT3 =     0  NIS1 =     0
 TIME STEP       100  TIME =   0.498453E+00  NIT =     6  NIT1 =     0  NIT3 =     0  NIS1 =     0
 TIME STEP       101  TIME =   0.509718E+00  NIT =     5  NIT1 =     0  NIT3 =     0  NIS1 =     0
 TIME STEP       102  TIME =   0.517850E+00  NIT =     6  NIT1 =     0  NIT3 =     0  NIS1 =     0
 TIME STEP       103  TIME =   0.527609E+00  NIT =     5  NIT1 =     0  NIT3 =     0  NIS1 =     0
 TIME STEP       104  TIME =   0.530610E+00  NIT =     4  NIT1 =     0  NIT3 =     0  NIS1 =     0
 TIME STEP       105  TIME =   0.534212E+00  NIT =     4  NIT1 =     0  NIT3 =     0  NIS1 =     0
 TIME STEP       106  TIME =   0.538535E+00  NIT =     4  NIT1 =     0  NIT3 =     0  NIS1 =     0
 TIME STEP       107  TIME =   0.543721E+00  NIT =     4  NIT1 =     0  NIT3 =     0  NIS1 =     0
 TIME STEP       108  TIME =   0.549946E+00  NIT =     4  NIT1 =     0  NIT3 =     0  NIS1 =     0
 TIME STEP       109  TIME =   0.557415E+00  NIT =     4  NIT1 =     0  NIT3 =     0  NIS1 =     0
 TIME STEP       110  TIME =   0.566378E+00  NIT =     4  NIT1 =     0  NIT3 =     0  NIS1 =     0
 TIME STEP       111  TIME =   0.577133E+00  NIT =     4  NIT1 =     0  NIT3 =     0  NIS1 =     0
 TIME STEP       112  TIME =   0.590040E+00  NIT =     5  NIT1 =     0  NIT3 =     0  NIS1 =     0
 TIME STEP       113  TIME =   0.605528E+00  NIT =     5  NIT1 =     0  NIT3 =     0  NIS1 =     0
 TIME STEP       114  TIME =   0.624113E+00  NIT =     7  NIT1 =     0  NIT3 =     0  NIS1 =     0
 TIME STEP       115  TIME =   0.646416E+00  NIT =     5  NIT1 =     0  NIT3 =     0  NIS1 =     0
 TIME STEP       116  TIME =   0.654950E+00  NIT =     4  NIT1 =     0  NIT3 =     0  NIS1 =     0
 TIME STEP       117  TIME =   0.665192E+00  NIT =     4  NIT1 =     0  NIT3 =     0  NIS1 =     0
 TIME STEP       118  TIME =   0.677481E+00  NIT =     4  NIT1 =     0  NIT3 =     0  NIS1 =     0
 TIME STEP       119  TIME =   0.692229E+00  NIT =     4  NIT1 =     0  NIT3 =     0  NIS1 =     0
 TIME STEP       120  TIME =   0.709926E+00  NIT =     5  NIT1 =     0  NIT3 =     0  NIS1 =     0
 TIME STEP       121  TIME =   0.731163E+00  NIT =     5  NIT1 =     0  NIT3 =     0  NIS1 =     0
 TIME STEP       122  TIME =   0.756646E+00  NIT =     5  NIT1 =     0  NIT3 =     0  NIS1 =     0
 TIME STEP       123  TIME =   0.787227E+00  NIT =     6  NIT1 =     0  NIT3 =     0  NIS1 =     0
 TIME STEP       124  TIME =   0.823924E+00  NIT =     6  NIT1 =     0  NIT3 =     0  NIS1 =     0
 TIME STEP       125  TIME =   0.854357E+00  NIT =     6  NIT1 =     0  NIT3 =     0  NIS1 =     0
 TIME STEP       126  TIME =   0.869067E+00  NIT =     5  NIT1 =     0  NIT3 =     0  NIS1 =     0
 TIME STEP       127  TIME =   0.880679E+00  NIT =     4  NIT1 =     0  NIT3 =     0  NIS1 =     0
 TIME STEP       128  TIME =   0.894613E+00  NIT =     5  NIT1 =     0  NIT3 =     0  NIS1 =     0
 TIME STEP       129  TIME =   0.911334E+00  NIT =     5  NIT1 =     0  NIT3 =     0  NIS1 =     0
 TIME STEP       130  TIME =   0.931400E+00  NIT =     5  NIT1 =     0  NIT3 =     0  NIS1 =     0
 TIME STEP       131  TIME =   0.955478E+00  NIT =     5  NIT1 =     0  NIT3 =     0  NIS1 =     0
 TIME STEP       132  TIME =   0.984372E+00  NIT =     6  NIT1 =     0  NIT3 =     0  NIS1 =     0
 TIME STEP       133  TIME =   0.101905E+01  NIT =     6  NIT1 =     0  NIT3 =     0  NIS1 =     0
 TIME STEP       134  TIME =   0.103918E+01  NIT =     5  NIT1 =     0  NIT3 =     0  NIS1 =     0
 TIME STEP       135  TIME =   0.104830E+01  NIT =     4  NIT1 =     0  NIT3 =     0  NIS1 =     0
 TIME STEP       136  TIME =   0.105926E+01  NIT =     4  NIT1 =     0  NIT3 =     0  NIS1 =     0
 TIME STEP       137  TIME =   0.107240E+01  NIT =     4  NIT1 =     0  NIT3 =     0  NIS1 =     0
 TIME STEP       138  TIME =   0.108817E+01  NIT =     4  NIT1 =     0  NIT3 =     0  NIS1 =     0
 TIME STEP       139  TIME =   0.110710E+01  NIT =     4  NIT1 =     0  NIT3 =     0  NIS1 =     0
 TIME STEP       140  TIME =   0.112981E+01  NIT =     5  NIT1 =     0  NIT3 =     0  NIS1 =     0
 TIME STEP       141  TIME =   0.115706E+01  NIT =     5  NIT1 =     0  NIT3 =     0  NIS1 =     0
 TIME STEP       142  TIME =   0.118976E+01  NIT =     5  NIT1 =     0  NIT3 =     0  NIS1 =     0
 TIME STEP       143  TIME =   0.122900E+01  NIT =     5  NIT1 =     0  NIT3 =     0  NIS1 =     0
 TIME STEP       144  TIME =   0.125377E+01  NIT =     5  NIT1 =     0  NIT3 =     0  NIS1 =     0
 TIME STEP       145  TIME =   0.128350E+01  NIT =     5  NIT1 =     0  NIT3 =     0  NIS1 =     0
 TIME STEP       146  TIME =   0.131917E+01  NIT =     5  NIT1 =     0  NIT3 =     0  NIS1 =     0
 TIME STEP       147  TIME =   0.135193E+01  NIT =     5  NIT1 =     0  NIT3 =     0  NIS1 =     0
 TIME STEP       148  TIME =   0.139125E+01  NIT =     5  NIT1 =     0  NIT3 =     0  NIS1 =     0
 TIME STEP       149  TIME =   0.143843E+01  NIT =     5  NIT1 =     0  NIT3 =     0  NIS1 =     0
 TIME STEP       150  TIME =   0.147546E+01  NIT =     5  NIT1 =     0  NIT3 =     0  NIS1 =     0
 TIME STEP       151  TIME =   0.151991E+01  NIT =     5  NIT1 =     0  NIT3 =     0  NIS1 =     0
 TIME STEP       152  TIME =   0.157324E+01  NIT =     5  NIT1 =     0  NIT3 =     0  NIS1 =     0
 TIME STEP       153  TIME =   0.163724E+01  NIT =     5  NIT1 =     0  NIT3 =     0  NIS1 =     0
 TIME STEP       154  TIME =   0.171404E+01  NIT =     6  NIT1 =     0  NIT3 =     0  NIS1 =     0
 TIME STEP       155  TIME =   0.180620E+01  NIT =     6  NIT1 =     0  NIT3 =     0  NIS1 =     0
 TIME STEP       156  TIME =   0.184640E+01  NIT =     5  NIT1 =     0  NIT3 =     0  NIS1 =     0
 TIME STEP       157  TIME =   0.187532E+01  NIT =     5  NIT1 =     0  NIT3 =     0  NIS1 =     0
 TIME STEP       158  TIME =   0.191002E+01  NIT =     4  NIT1 =     0  NIT3 =     0  NIS1 =     0
 TIME STEP       159  TIME =   0.195167E+01  NIT =     5  NIT1 =     0  NIT3 =     0  NIS1 =     0
 TIME STEP       160  TIME =   0.200164E+01  NIT =     5  NIT1 =     0  NIT3 =     0  NIS1 =     0
 TIME STEP       161  TIME =   0.206161E+01  NIT =     5  NIT1 =     0  NIT3 =     0  NIS1 =     0
 TIME STEP       162  TIME =   0.213357E+01  NIT =     5  NIT1 =     0  NIT3 =     0  NIS1 =     0
 TIME STEP       163  TIME =   0.221992E+01  NIT =     6  NIT1 =     0  NIT3 =     0  NIS1 =     0
 TIME STEP       164  TIME =   0.232354E+01  NIT =     6  NIT1 =     0  NIT3 =     0  NIS1 =     0
 TIME STEP       165  TIME =   0.244789E+01  NIT =     6  NIT1 =     0  NIT3 =     0  NIS1 =     0
 TIME STEP       166  TIME =   0.259710E+01  NIT =     6  NIT1 =     0  NIT3 =     0  NIS1 =     0
 TIME STEP       167  TIME =   0.277616E+01  NIT =     7  NIT1 =     0  NIT3 =     0  NIS1 =     0
 TIME STEP       168  TIME =   0.293857E+01  NIT =     6  NIT1 =     0  NIT3 =     0  NIS1 =     0
 TIME STEP       169  TIME =   0.302365E+01  NIT =     5  NIT1 =     0  NIT3 =     0  NIS1 =     0
 TIME STEP       170  TIME =   0.308033E+01  NIT =     5  NIT1 =     0  NIT3 =     0  NIS1 =     0
 TIME STEP       171  TIME =   0.314834E+01  NIT =     5  NIT1 =     0  NIT3 =     0  NIS1 =     0
 TIME STEP       172  TIME =   0.322996E+01  NIT =     5  NIT1 =     0  NIT3 =     0  NIS1 =     0
 TIME STEP       173  TIME =   0.332790E+01  NIT =     5  NIT1 =     0  NIT3 =     0  NIS1 =     0
 TIME STEP       174  TIME =   0.344543E+01  NIT =     6  NIT1 =     0  NIT3 =     0  NIS1 =     0
 TIME STEP       175  TIME =   0.358647E+01  NIT =     6  NIT1 =     0  NIT3 =     0  NIS1 =     0
 TIME STEP       176  TIME =   0.375572E+01  NIT =     6  NIT1 =     0  NIT3 =     0  NIS1 =     0
 TIME STEP       177  TIME =   0.395881E+01  NIT =     6  NIT1 =     0  NIT3 =     0  NIS1 =     0
 TIME STEP       178  TIME =   0.420252E+01  NIT =     6  NIT1 =     0  NIT3 =     0  NIS1 =     0
 TIME STEP       179  TIME =   0.449498E+01  NIT =     6  NIT1 =     0  NIT3 =     0  NIS1 =     0
 TIME STEP       180  TIME =   0.465361E+01  NIT =     5  NIT1 =     0  NIT3 =     0  NIS1 =     0
 TIME STEP       181  TIME =   0.478529E+01  NIT =     5  NIT1 =     0  NIT3 =     0  NIS1 =     0
 TIME STEP       182  TIME =   0.494329E+01  NIT =     5  NIT1 =     0  NIT3 =     0  NIS1 =     0
 TIME STEP       183  TIME =   0.513290E+01  NIT =     5  NIT1 =     0  NIT3 =     0  NIS1 =     0
 TIME STEP       184  TIME =   0.536043E+01  NIT =     6  NIT1 =     0  NIT3 =     0  NIS1 =     0
 TIME STEP       185  TIME =   0.563346E+01  NIT =     6  NIT1 =     0  NIT3 =     0  NIS1 =     0
 TIME STEP       186  TIME =   0.596110E+01  NIT =     6  NIT1 =     0  NIT3 =     0  NIS1 =     0
 TIME STEP       187  TIME =   0.635427E+01  NIT =     6  NIT1 =     0  NIT3 =     0  NIS1 =     0
 TIME STEP       188  TIME =   0.667908E+01  NIT =     6  NIT1 =     0  NIT3 =     0  NIS1 =     0
 TIME STEP       189  TIME =   0.685485E+01  NIT =     5  NIT1 =     0  NIT3 =     0  NIS1 =     0
 TIME STEP       190  TIME =   0.706577E+01  NIT =     6  NIT1 =     0  NIT3 =     0  NIS1 =     0
 TIME STEP       191  TIME =   0.731888E+01  NIT =     6  NIT1 =     0  NIT3 =     0  NIS1 =     0
 TIME STEP       192  TIME =   0.762262E+01  NIT =     6  NIT1 =     0  NIT3 =     0  NIS1 =     0
 TIME STEP       193  TIME =   0.798710E+01  NIT =     6  NIT1 =     0  NIT3 =     0  NIS1 =     0
 TIME STEP       194  TIME =   0.842447E+01  NIT =     7  NIT1 =     0  NIT3 =     0  NIS1 =     0
 TIME STEP       195  TIME =   0.894932E+01  NIT =     7  NIT1 =     0  NIT3 =     0  NIS1 =     0
 TIME STEP       196  TIME =   0.933644E+01  NIT =     6  NIT1 =     0  NIT3 =     0  NIS1 =     0
 TIME STEP       197  TIME =   0.962629E+01  NIT =     6  NIT1 =     0  NIT3 =     0  NIS1 =     0
 TIME STEP       198  TIME =   0.997410E+01  NIT =     6  NIT1 =     0  NIT3 =     0  NIS1 =     0
 TIME STEP       199  TIME =   0.103915E+02  NIT =     7  NIT1 =     0  NIT3 =     0  NIS1 =     0
 TIME STEP       200  TIME =   0.108923E+02  NIT =     7  NIT1 =     0  NIT3 =     0  NIS1 =     0
 TIME STEP       201  TIME =   0.114934E+02  NIT =     7  NIT1 =     0  NIT3 =     0  NIS1 =     0
 TIME STEP       202  TIME =   0.122146E+02  NIT =     7  NIT1 =     0  NIT3 =     0  NIS1 =     0
 TIME STEP       203  TIME =   0.127329E+02  NIT =     7  NIT1 =     0  NIT3 =     0  NIS1 =     0
 TIME STEP       204  TIME =   0.132931E+02  NIT =     7  NIT1 =     0  NIT3 =     0  NIS1 =     0
 TIME STEP       205  TIME =   0.139654E+02  NIT =     7  NIT1 =     0  NIT3 =     0  NIS1 =     0
 TIME STEP       206  TIME =   0.147720E+02  NIT =     7  NIT1 =     0  NIT3 =     0  NIS1 =     0
 TIME STEP       207  TIME =   0.157401E+02  NIT =     8  NIT1 =     0  NIT3 =     0  NIS1 =     0
 TIME STEP       208  TIME =   0.165935E+02  NIT =     7  NIT1 =     0  NIT3 =     0  NIS1 =     0
 TIME STEP       209  TIME =   0.172718E+02  NIT =     7  NIT1 =     0  NIT3 =     0  NIS1 =     0
 TIME STEP       210  TIME =   0.180858E+02  NIT =     7  NIT1 =     0  NIT3 =     0  NIS1 =     0
 TIME STEP       211  TIME =   0.190626E+02  NIT =     8  NIT1 =     0  NIT3 =     0  NIS1 =     0
 TIME STEP       212  TIME =   0.202347E+02  NIT =     8  NIT1 =     0  NIT3 =     0  NIS1 =     0
 TIME STEP       213  TIME =   0.213800E+02  NIT =     8  NIT1 =     0  NIT3 =     0  NIS1 =     0
 TIME STEP       214  TIME =   0.224367E+02  NIT =     8  NIT1 =     0  NIT3 =     0  NIS1 =     0
 TIME STEP       215  TIME =   0.237047E+02  NIT =     8  NIT1 =     0  NIT3 =     0  NIS1 =     0
 TIME STEP       216  TIME =   0.252264E+02  NIT =     8  NIT1 =     0  NIT3 =     0  NIS1 =     0
 TIME STEP       217  TIME =   0.268552E+02  NIT =     8  NIT1 =     0  NIT3 =     0  NIS1 =     0
 TIME STEP       218  TIME =   0.283183E+02  NIT =     8  NIT1 =     0  NIT3 =     0  NIS1 =     0
 TIME STEP       219  TIME =   0.300739E+02  NIT =     8  NIT1 =     0  NIT3 =     0  NIS1 =     0
 TIME STEP       220  TIME =   0.321806E+02  NIT =     8  NIT1 =     0  NIT3 =     0  NIS1 =     0
 TIME STEP       221  TIME =   0.342427E+02  NIT =     8  NIT1 =     0  NIT3 =     0  NIS1 =     0
 TIME STEP       222  TIME =   0.364677E+02  NIT =     8  NIT1 =     0  NIT3 =     0  NIS1 =     0
 TIME STEP       223  TIME =   0.391377E+02  NIT =     8  NIT1 =     0  NIT3 =     0  NIS1 =     0
 TIME STEP       224  TIME =   0.421281E+02  NIT =     9  NIT1 =     0  NIT3 =     0  NIS1 =     0
 TIME STEP       225  TIME =   0.452632E+02  NIT =     8  NIT1 =     0  NIT3 =     0  NIS1 =     0
 TIME STEP       226  TIME =   0.490254E+02  NIT =     9  NIT1 =     0  NIT3 =     0  NIS1 =     0
 TIME STEP       227  TIME =   0.531699E+02  NIT =     8  NIT1 =     0  NIT3 =     0  NIS1 =     0
 TIME STEP       228  TIME =   0.578697E+02  NIT =     8  NIT1 =     0  NIT3 =     0  NIS1 =     0
 TIME STEP       229  TIME =   0.633231E+02  NIT =     9  NIT1 =     0  NIT3 =     0  NIS1 =     0
 TIME STEP       230  TIME =   0.694465E+02  NIT =     9  NIT1 =     0  NIT3 =     0  NIS1 =     0
 TIME STEP       231  TIME =   0.763866E+02  NIT =     9  NIT1 =     0  NIT3 =     0  NIS1 =     0
 TIME STEP       232  TIME =   0.840267E+02  NIT =     9  NIT1 =     0  NIT3 =     0  NIS1 =     0
 TIME STEP       233  TIME =   0.929619E+02  NIT =    10  NIT1 =     0  NIT3 =     0  NIS1 =     0
 TIME STEP       234  TIME =   0.102024E+03  NIT =     9  NIT1 =     0  NIT3 =     0  NIS1 =     0
 TIME STEP       235  TIME =   0.112472E+03  NIT =    10  NIT1 =     0  NIT3 =     0  NIS1 =     0
 TIME STEP       236  TIME =   0.123795E+03  NIT =    10  NIT1 =     0  NIT3 =     0  NIS1 =     0
 TIME STEP       237  TIME =   0.135357E+03  NIT =    10  NIT1 =     0  NIT3 =     0  NIS1 =     0
 TIME STEP       238  TIME =   0.148080E+03  NIT =    10  NIT1 =     0  NIT3 =     0  NIS1 =     0
 TIME STEP       239  TIME =   0.160590E+03  NIT =     9  NIT1 =     0  NIT3 =     0  NIS1 =     0
 TIME STEP       240  TIME =   0.174591E+03  NIT =    10  NIT1 =     0  NIT3 =     0  NIS1 =     0
 TIME STEP       241  TIME =   0.189336E+03  NIT =    10  NIT1 =     0  NIT3 =     0  NIS1 =     0
 TIME STEP       242  TIME =   0.204790E+03  NIT =    10  NIT1 =     0  NIT3 =     0  NIS1 =     0
 TIME STEP       243  TIME =   0.220962E+03  NIT =    10  NIT1 =     0  NIT3 =     0  NIS1 =     0
 TIME STEP       244  TIME =   0.236888E+03  NIT =    10  NIT1 =     0  NIT3 =     0  NIS1 =     0
 TIME STEP       245  TIME =   0.256000E+03  NIT =    10  NIT1 =     0  NIT3 =     0  NIS1 =     0
 TIME STEP       246  TIME =   0.273927E+03  NIT =    10  NIT1 =     0  NIT3 =     0  NIS1 =     0
 TIME STEP       247  TIME =   0.292134E+03  NIT =    10  NIT1 =     0  NIT3 =     0  NIS1 =     0
 TIME STEP       248  TIME =   0.311269E+03  NIT =    10  NIT1 =     0  NIT3 =     0  NIS1 =     0
 TIME STEP       249  TIME =   0.331195E+03  NIT =    10  NIT1 =     0  NIT3 =     0  NIS1 =     0
 TIME STEP       250  TIME =   0.351908E+03  NIT =    10  NIT1 =     0  NIT3 =     0  NIS1 =     0
 TIME STEP       251  TIME =   0.373617E+03  NIT =    10  NIT1 =     0  NIT3 =     0  NIS1 =     0
 TIME STEP       252  TIME =   0.394564E+03  NIT =    10  NIT1 =     0  NIT3 =     0  NIS1 =     0
 TIME STEP       253  TIME =   0.417415E+03  NIT =    10  NIT1 =     0  NIT3 =     0  NIS1 =     0
 TIME STEP       254  TIME =   0.440697E+03  NIT =    10  NIT1 =     0  NIT3 =     0  NIS1 =     0
 TIME STEP       255  TIME =   0.465258E+03  NIT =    10  NIT1 =     0  NIT3 =     0  NIS1 =     0
 TIME STEP       256  TIME =   0.488749E+03  NIT =     9  NIT1 =     0  NIT3 =     0  NIS1 =     0
 TIME STEP       257  TIME =   0.514650E+03  NIT =     9  NIT1 =     0  NIT3 =     0  NIS1 =     0
 TIME STEP       258  TIME =   0.542149E+03  NIT =    10  NIT1 =     0  NIT3 =     0  NIS1 =     0
 TIME STEP       259  TIME =   0.572527E+03  NIT =    10  NIT1 =     0  NIT3 =     0  NIS1 =     0
 TIME STEP       260  TIME =   0.599150E+03  NIT =     9  NIT1 =     0  NIT3 =     0  NIS1 =     0
 TIME STEP       261  TIME =   0.629213E+03  NIT =     9  NIT1 =     0  NIT3 =     0  NIS1 =     0
 TIME STEP       262  TIME =   0.665287E+03  NIT =    10  NIT1 =     0  NIT3 =     0  NIS1 =     0
 TIME STEP       263  TIME =   0.696168E+03  NIT =     8  NIT1 =     0  NIT3 =     0  NIS1 =     0
 TIME STEP       264  TIME =   0.727857E+03  NIT =     8  NIT1 =     0  NIT3 =     0  NIS1 =     0
 TIME STEP       265  TIME =   0.764205E+03  NIT =     8  NIT1 =     0  NIT3 =     0  NIS1 =     0
 TIME STEP       266  TIME =   0.807822E+03  NIT =     8  NIT1 =     0  NIT3 =     0  NIS1 =     0
 TIME STEP       267  TIME =   0.860163E+03  NIT =     7  NIT1 =     0  NIT3 =     0  NIS1 =     0
 TIME STEP       268  TIME =   0.922971E+03  NIT =     6  NIT1 =     0  NIT3 =     0  NIS1 =     0
 TIME STEP       269  TIME =   0.998342E+03  NIT =     6  NIT1 =     0  NIT3 =     0  NIS1 =     0
 TIME STEP       270  TIME =   0.108879E+04  NIT =     6  NIT1 =     0  NIT3 =     0  NIS1 =     0
 TIME STEP       271  TIME =   0.118879E+04  NIT =     6  NIT1 =     0  NIT3 =     0  NIS1 =     0
 TIME STEP       272  TIME =   0.128879E+04  NIT =     6  NIT1 =     0  NIT3 =     0  NIS1 =     0
 TIME STEP       273  TIME =   0.138879E+04  NIT =     5  NIT1 =     0  NIT3 =     0  NIS1 =     0
 TIME STEP       274  TIME =   0.148879E+04  NIT =     5  NIT1 =     0  NIT3 =     0  NIS1 =     0
 TIME STEP       275  TIME =   0.158879E+04  NIT =     5  NIT1 =     0  NIT3 =     0  NIS1 =     0
 TIME STEP       276  TIME =   0.168879E+04  NIT =     5  NIT1 =     0  NIT3 =     0  NIS1 =     0
 TIME STEP       277  TIME =   0.178879E+04  NIT =     4  NIT1 =     0  NIT3 =     0  NIS1 =     0
 TIME STEP       278  TIME =   0.188879E+04  NIT =     4  NIT1 =     0  NIT3 =     0  NIS1 =     0
 TIME STEP       279  TIME =   0.198879E+04  NIT =     4  NIT1 =     0  NIT3 =     0  NIS1 =     0
 TIME STEP       280  TIME =   0.200000E+04  NIT =     3  NIT1 =     0  NIT3 =     0  NIS1 =     0
      Seepage across an earthen dam in response to rapid rise in reservoir level      
     TOTAL ELAPSED TIME =  2.000000E+03 day 
     TIME STEP       280


                                                   PRESSURE HEAD
  Z, IN
  m                       X OR R DISTANCE, IN m   
                0.500      1.500      2.500      3.500      4.500      5.500      6.500      7.500      8.500      9.500     10.500     11.500     12.500     13.500     14.500     15.500     16.500     17.500     18.500     19.500     20.500     21.500     22.500     23.500     24.500     25.500     26.500     27.500     28.500     29.500     30.500     31.500     32.500     33.500     34.500     35.500     36.500     37.500     38.500     39.500     40.500     41.500     42.500     43.500     44.500     45.500     46.500     47.500     48.500     49.500     50.500     51.500
     0.250  0.000E+00  0.000E+00  0.000E+00  0.000E+00  0.000E+00  0.000E+00  0.000E+00  0.000E+00  0.000E+00  0.000E+00  0.000E+00  0.000E+00  0.000E+00  0.000E+00  0.000E+00  0.000E+00  0.000E+00  0.000E+00  0.000E+00  0.000E+00  0.000E+00  0.000E+00  0.000E+00 -3.258E+00 -3.411E+00 -3.597E+00 -3.787E+00 -3.952E+00  0.000E+00  0.000E+00  0.000E+00  0.000E+00  0.000E+00  0.000E+00  0.000E+00  0.000E+00  0.000E+00  0.000E+00  0.000E+00  0.000E+00  0.000E+00  0.000E+00  0.000E+00  0.000E+00  0.000E+00  0.000E+00  0.000E+00  0.000E+00  0.000E+00  0.000E+00  0.000E+00  0.000E+00
     0.750  0.000E+00  0.000E+00  0.000E+00  0.000E+00  0.000E+00  0.000E+00  0.000E+00  0.000E+00  0.000E+00  0.000E+00  0.000E+00  0.000E+00  0.000E+00  0.000E+00  0.000E+00  0.000E+00  0.000E+00  0.000E+00  0.000E+00  0.000E+00  0.000E+00  0.000E+00 -2.552E+00 -2.731E+00 -2.911E+00 -3.103E+00 -3.299E+00 -3.485E+00 -3.671E+00  0.000E+00  0.000E+00  0.000E+00  0.000E+00  0.000E+00  0.000E+00  0.000E+00  0.000E+00  0.000E+00  0.000E+00  0.000E+00  0.000E+00  0.000E+00  0.000E+00  0.000E+00  0.000E+00  0.000E+00  0.000E+00  0.000E+00  0.000E+00  0.000E+00  0.000E+00  0.000E+00
     1.250  0.000E+00  0.000E+00  0.000E+00  0.000E+00  0.000E+00  0.000E+00  0.000E+00  0.000E+00  0.000E+00  0.000E+00  0.000E+00  0.000E+00  0.000E+00  0.000E+00  0.000E+00  0.000E+00  0.000E+00  0.000E+00  0.000E+00  0.000E+00  0.000E+00 -1.803E+00 -2.017E+00 -2.218E+00 -2.414E+00 -2.614E+00 -2.815E+00 -3.012E+00 -3.210E+00 -3.405E+00  0.000E+00  0.000E+00  0.000E+00  0.000E+00  0.000E+00  0.000E+00  0.000E+00  0.000E+00  0.000E+00  0.000E+00  0.000E+00  0.000E+00  0.000E+00  0.000E+00  0.000E+00  0.000E+00  0.000E+00  0.000E+00  0.000E+00  0.000E+00  0.000E+00  0.000E+00
     1.750  0.000E+00  0.000E+00  0.000E+00  0.000E+00  0.000E+00  0.000E+00  0.000E+00  0.000E+00  0.000E+00  0.000E+00  0.000E+00  0.000E+00  0.000E+00  0.000E+00  0.000E+00  0.000E+00  0.000E+00  0.000E+00  0.000E+00  0.000E+00 -9.611E-01 -1.255E+00 -1.496E+00 -1.714E+00 -1.921E+00 -2.127E+00 -2.333E+00 -2.537E+00 -2.742E+00 -2.947E+00 -3.150E+00  0.000E+00  0.000E+00  0.000E+00  0.000E+00  0.000E+00  0.000E+00  0.000E+00  0.000E+00  0.000E+00  0.000E+00  0.000E+00  0.000E+00  0.000E+00  0.000E+00  0.000E+00  0.000E+00  0.000E+00  0.000E+00  0.000E+00  0.000E+00  0.000E+00
     2.250  0.000E+00  0.000E+00  0.000E+00  0.000E+00  0.000E+00  0.000E+00  0.000E+00  0.000E+00  0.000E+00  0.000E+00  0.000E+00  0.000E+00  0.000E+00  0.000E+00  0.000E+00  0.000E+00  0.000E+00  0.000E+00  0.000E+00  2.500E-01 -3.904E-01 -7.290E-01 -9.877E-01 -1.216E+00 -1.431E+00 -1.642E+00 -1.852E+00 -2.062E+00 -2.272E+00 -2.483E+00 -2.695E+00 -2.906E+00  0.000E+00  0.000E+00  0.000E+00  0.000E+00  0.000E+00  0.000E+00  0.000E+00  0.000E+00  0.000E+00  0.000E+00  0.000E+00  0.000E+00  0.000E+00  0.000E+00  0.000E+00  0.000E+00  0.000E+00  0.000E+00  0.000E+00  0.000E+00
     2.750  0.000E+00  0.000E+00  0.000E+00  0.000E+00  0.000E+00  0.000E+00  0.000E+00  0.000E+00  0.000E+00  0.000E+00  0.000E+00  0.000E+00  0.000E+00  0.000E+00  0.000E+00  0.000E+00  0.000E+00  0.000E+00  7.500E-01  5.497E-01  1.028E-01 -2.248E-01 -4.888E-01 -7.230E-01 -9.437E-01 -1.159E+00 -1.372E+00 -1.586E+00 -1.800E+00 -2.016E+00 -2.234E+00 -2.453E+00 -2.673E+00  0.000E+00  0.000E+00  0.000E+00  0.000E+00  0.000E+00  0.000E+00  0.000E+00  0.000E+00  0.000E+00  0.000E+00  0.000E+00  0.000E+00  0.000E+00  0.000E+00  0.000E+00  0.000E+00  0.000E+00  0.000E+00  0.000E+00
     3.250  0.000E+00  0.000E+00  0.000E+00  0.000E+00  0.000E+00  0.000E+00  0.000E+00  0.000E+00  0.000E+00  0.000E+00  0.000E+00  0.000E+00  0.000E+00  0.000E+00  0.000E+00  0.000E+00  0.000E+00  1.250E+00  1.121E+00  9.110E-01  5.661E-01  2.633E-01  2.233E-03 -2.343E-01 -4.582E-01 -6.765E-01 -8.929E-01 -1.109E+00 -1.327E+00 -1.547E+00 -1.770E+00 -1.996E+00 -2.224E+00 -2.453E+00  0.000E+00  0.000E+00  0.000E+00  0.000E+00  0.000E+00  0.000E+00  0.000E+00  0.000E+00  0.000E+00  0.000E+00  0.000E+00  0.000E+00  0.000E+00  0.000E+00  0.000E+00  0.000E+00  0.000E+00  0.000E+00
     3.750  0.000E+00  0.000E+00  0.000E+00  0.000E+00  0.000E+00  0.000E+00  0.000E+00  0.000E+00  0.000E+00  0.000E+00  0.000E+00  0.000E+00  0.000E+00  0.000E+00  0.000E+00  0.000E+00  1.750E+00  1.652E+00  1.512E+00  1.306E+00  1.019E+00  7.409E-01  4.871E-01  2.513E-01  2.580E-02 -1.947E-01 -4.136E-01 -6.328E-01 -8.538E-01 -1.077E+00 -1.304E+00 -1.535E+00 -1.769E+00 -2.007E+00 -2.250E+00  0.000E+00  0.000E+00  0.000E+00  0.000E+00  0.000E+00  0.000E+00  0.000E+00  0.000E+00  0.000E+00  0.000E+00  0.000E+00  0.000E+00  0.000E+00  0.000E+00  0.000E+00  0.000E+00  0.000E+00
     4.250  0.000E+00  0.000E+00  0.000E+00  0.000E+00  0.000E+00  0.000E+00  0.000E+00  0.000E+00  0.000E+00  0.000E+00  0.000E+00  0.000E+00  0.000E+00  0.000E+00  0.000E+00  2.250E+00  2.172E+00  2.065E+00  1.920E+00  1.721E+00  1.469E+00  1.213E+00  9.676E-01  7.342E-01  5.086E-01  2.867E-01  6.585E-02 -1.558E-01 -3.795E-01 -6.063E-01 -8.368E-01 -1.072E+00 -1.312E+00 -1.557E+00 -1.807E+00 -2.064E+00  0.000E+00  0.000E+00  0.000E+00  0.000E+00  0.000E+00  0.000E+00  0.000E+00  0.000E+00  0.000E+00  0.000E+00  0.000E+00  0.000E+00  0.000E+00  0.000E+00  0.000E+00  0.000E+00
     4.750  0.000E+00  0.000E+00  0.000E+00  0.000E+00  0.000E+00  0.000E+00  0.000E+00  0.000E+00  0.000E+00  0.000E+00  0.000E+00  0.000E+00  0.000E+00  0.000E+00  2.750E+00  2.686E+00  2.601E+00  2.488E+00  2.340E+00  2.150E+00  1.921E+00  1.681E+00  1.445E+00  1.215E+00  9.904E-01  7.678E-01  5.455E-01  3.219E-01  9.564E-02 -1.341E-01 -3.681E-01 -6.071E-01 -8.517E-01 -1.103E+00 -1.361E+00 -1.626E+00 -1.900E+00  0.000E+00  0.000E+00  0.000E+00  0.000E+00  0.000E+00  0.000E+00  0.000E+00  0.000E+00  0.000E+00  0.000E+00  0.000E+00  0.000E+00  0.000E+00  0.000E+00  0.000E+00
     5.250  0.000E+00  0.000E+00  0.000E+00  0.000E+00  0.000E+00  0.000E+00  0.000E+00  0.000E+00  0.000E+00  0.000E+00  0.000E+00  0.000E+00  0.000E+00  3.250E+00  3.197E+00  3.127E+00  3.036E+00  2.920E+00  2.772E+00  2.589E+00  2.375E+00  2.149E+00  1.921E+00  1.695E+00  1.472E+00  1.249E+00  1.025E+00  8.001E-01  5.717E-01  3.392E-01  1.019E-01 -1.409E-01 -3.900E-01 -6.463E-01 -9.105E-01 -1.184E+00 -1.466E+00 -1.759E+00  0.000E+00  0.000E+00  0.000E+00  0.000E+00  0.000E+00  0.000E+00  0.000E+00  0.000E+00  0.000E+00  0.000E+00  0.000E+00  0.000E+00  0.000E+00  0.000E+00
     5.750  0.000E+00  0.000E+00  0.000E+00  0.000E+00  0.000E+00  0.000E+00  0.000E+00  0.000E+00  0.000E+00  0.000E+00  0.000E+00  0.000E+00  3.750E+00  3.706E+00  3.648E+00  3.573E+00  3.478E+00  3.359E+00  3.212E+00  3.035E+00  2.833E+00  2.617E+00  2.396E+00  2.174E+00  1.953E+00  1.730E+00  1.506E+00  1.279E+00  1.049E+00  8.137E-01  5.734E-01  3.270E-01  7.362E-02 -1.876E-01 -4.577E-01 -7.377E-01 -1.029E+00 -1.331E+00 -1.647E+00  0.000E+00  0.000E+00  0.000E+00  0.000E+00  0.000E+00  0.000E+00  0.000E+00  0.000E+00  0.000E+00  0.000E+00  0.000E+00  0.000E+00  0.000E+00
     6.250  0.000E+00  0.000E+00  0.000E+00  0.000E+00  0.000E+00  0.000E+00  0.000E+00  0.000E+00  0.000E+00  0.000E+00  0.000E+00  4.250E+00  4.214E+00  4.166E+00  4.104E+00  4.025E+00  3.926E+00  3.805E+00  3.659E+00  3.488E+00  3.294E+00  3.086E+00  2.872E+00  2.654E+00  2.434E+00  2.212E+00  1.987E+00  1.759E+00  1.527E+00  1.290E+00  1.046E+00  7.966E-01  5.392E-01  2.733E-01 -2.322E-03 -2.887E-01 -5.872E-01 -8.990E-01 -1.225E+00 -1.568E+00  0.000E+00  0.000E+00  0.000E+00  0.000E+00  0.000E+00  0.000E+00  0.000E+00  0.000E+00  0.000E+00  0.000E+00  0.000E+00  0.000E+00
     6.750  0.000E+00  0.000E+00  0.000E+00  0.000E+00  0.000E+00  0.000E+00  0.000E+00  0.000E+00  0.000E+00  0.000E+00  4.750E+00  4.721E+00  4.681E+00  4.629E+00  4.563E+00  4.481E+00  4.380E+00  4.258E+00  4.113E+00  3.946E+00  3.759E+00  3.558E+00  3.348E+00  3.134E+00  2.915E+00  2.694E+00  2.469E+00  2.240E+00  2.006E+00  1.767E+00  1.521E+00  1.268E+00  1.007E+00  7.366E-01  4.558E-01  1.633E-01 -1.424E-01 -4.626E-01 -7.988E-01 -1.153E+00 -1.525E+00  0.000E+00  0.000E+00  0.000E+00  0.000E+00  0.000E+00  0.000E+00  0.000E+00  0.000E+00  0.000E+00  0.000E+00  0.000E+00
     7.250  0.000E+00  0.000E+00  0.000E+00  0.000E+00  0.000E+00  0.000E+00  0.000E+00  0.000E+00  0.000E+00  5.250E+00  5.227E+00  5.194E+00  5.151E+00  5.096E+00  5.027E+00  4.942E+00  4.839E+00  4.716E+00  4.573E+00  4.408E+00  4.227E+00  4.031E+00  3.826E+00  3.614E+00  3.398E+00  3.177E+00  2.952E+00  2.722E+00  2.487E+00  2.246E+00  1.998E+00  1.742E+00  1.477E+00  1.203E+00  9.169E-01  6.186E-01  3.062E-01 -2.203E-02 -3.677E-01 -7.326E-01 -1.118E+00 -1.526E+00  0.000E+00  0.000E+00  0.000E+00  0.000E+00  0.000E+00  0.000E+00  0.000E+00  0.000E+00  0.000E+00  0.000E+00
     7.750  0.000E+00  0.000E+00  0.000E+00  0.000E+00  0.000E+00  0.000E+00  0.000E+00  0.000E+00  5.750E+00  5.732E+00  5.706E+00  5.671E+00  5.625E+00  5.567E+00  5.495E+00  5.407E+00  5.303E+00  5.180E+00  5.037E+00  4.876E+00  4.698E+00  4.507E+00  4.305E+00  4.096E+00  3.882E+00  3.662E+00  3.436E+00  3.206E+00  2.969E+00  2.726E+00  2.476E+00  2.217E+00  1.950E+00  1.671E+00  1.381E+00  1.078E+00  7.587E-01  4.229E-01  6.807E-02 -3.077E-01 -7.060E-01 -1.129E+00 -1.577E+00  0.000E+00  0.000E+00  0.000E+00  0.000E+00  0.000E+00  0.000E+00  0.000E+00  0.000E+00  0.000E+00
     8.250  0.000E+00  0.000E+00  0.000E+00  0.000E+00  0.000E+00  0.000E+00  0.000E+00  6.250E+00  6.236E+00  6.216E+00  6.187E+00  6.149E+00  6.101E+00  6.041E+00  5.966E+00  5.877E+00  5.771E+00  5.648E+00  5.506E+00  5.347E+00  5.173E+00  4.985E+00  4.786E+00  4.580E+00  4.366E+00  4.147E+00  3.922E+00  3.691E+00  3.453E+00  3.209E+00  2.956E+00  2.696E+00  2.425E+00  2.143E+00  1.849E+00  1.540E+00  1.216E+00  8.726E-01  5.091E-01  1.228E-01 -2.883E-01 -7.256E-01 -1.189E+00 -1.679E+00  0.000E+00  0.000E+00  0.000E+00  0.000E+00  0.000E+00  0.000E+00  0.000E+00  0.000E+00
     8.750  0.000E+00  0.000E+00  0.000E+00  0.000E+00  0.000E+00  0.000E+00  6.750E+00  6.740E+00  6.724E+00  6.701E+00  6.671E+00  6.631E+00  6.580E+00  6.518E+00  6.442E+00  6.351E+00  6.244E+00  6.121E+00  5.980E+00  5.823E+00  5.651E+00  5.465E+00  5.270E+00  5.065E+00  4.853E+00  4.634E+00  4.409E+00  4.177E+00  3.939E+00  3.693E+00  3.439E+00  3.176E+00  2.903E+00  2.618E+00  2.320E+00  2.007E+00  1.677E+00  1.327E+00  9.559E-01  5.595E-01  1.356E-01 -3.172E-01 -7.983E-01 -1.302E+00 -1.817E+00  0.000E+00  0.000E+00  0.000E+00  0.000E+00  0.000E+00  0.000E+00  0.000E+00
     9.250  0.000E+00  0.000E+00  0.000E+00  0.000E+00  0.000E+00  7.250E+00  7.243E+00  7.231E+00  7.214E+00  7.189E+00  7.157E+00  7.115E+00  7.063E+00  6.998E+00  6.921E+00  6.829E+00  6.721E+00  6.598E+00  6.458E+00  6.302E+00  6.132E+00  5.949E+00  5.755E+00  5.552E+00  5.341E+00  5.123E+00  4.898E+00  4.666E+00  4.426E+00  4.180E+00  3.924E+00  3.659E+00  3.384E+00  3.096E+00  2.795E+00  2.478E+00  2.143E+00  1.788E+00  1.409E+00  1.003E+00  5.668E-01  9.773E-02 -4.033E-01 -9.275E-01 -1.447E+00 -1.907E+00  0.000E+00  0.000E+00  0.000E+00  0.000E+00  0.000E+00  0.000E+00
     9.750  0.000E+00  0.000E+00  0.000E+00  0.000E+00  7.750E+00  7.745E+00  7.737E+00  7.724E+00  7.705E+00  7.679E+00  7.645E+00  7.602E+00  7.548E+00  7.482E+00  7.404E+00  7.311E+00  7.203E+00  7.079E+00  6.940E+00  6.785E+00  6.616E+00  6.435E+00  6.243E+00  6.041E+00  5.831E+00  5.613E+00  5.388E+00  5.156E+00  4.916E+00  4.668E+00  4.411E+00  4.145E+00  3.867E+00  3.578E+00  3.274E+00  2.953E+00  2.614E+00  2.254E+00  1.869E+00  1.454E+00  1.006E+00  5.205E-01 -3.681E-03 -5.562E-01 -1.095E+00 -1.523E+00 -1.846E+00  0.000E+00  0.000E+00  0.000E+00  0.000E+00  0.000E+00
    10.250  0.000E+00  0.000E+00  0.000E+00  8.250E+00  8.247E+00  8.241E+00  8.232E+00  8.218E+00  8.198E+00  8.171E+00  8.136E+00  8.091E+00  8.036E+00  7.970E+00  7.890E+00  7.796E+00  7.688E+00  7.564E+00  7.425E+00  7.272E+00  7.104E+00  6.924E+00  6.733E+00  6.532E+00  6.323E+00  6.105E+00  5.880E+00  5.648E+00  5.407E+00  5.159E+00  4.901E+00  4.633E+00  4.354E+00  4.063E+00  3.756E+00  3.433E+00  3.091E+00  2.726E+00  2.335E+00  1.914E+00  1.455E+00  9.530E-01  4.026E-01 -1.896E-01 -7.705E-01 -1.162E+00 -1.425E+00 -1.599E+00  0.000E+00  0.000E+00  0.000E+00  0.000E+00
    10.750  0.000E+00  0.000E+00  8.750E+00  8.748E+00  8.745E+00  8.739E+00  8.728E+00  8.713E+00  8.693E+00  8.665E+00  8.629E+00  8.583E+00  8.528E+00  8.460E+00  8.380E+00  8.285E+00  8.177E+00  8.053E+00  7.914E+00  7.761E+00  7.595E+00  7.416E+00  7.225E+00  7.025E+00  6.816E+00  6.599E+00  6.374E+00  6.142E+00  5.901E+00  5.652E+00  5.393E+00  5.125E+00  4.845E+00  4.551E+00  4.243E+00  3.918E+00  3.573E+00  3.205E+00  2.810E+00  2.382E+00  1.914E+00  1.398E+00  8.194E-01  1.731E-01 -4.923E-01 -8.273E-01 -1.021E+00 -1.141E+00 -1.212E+00  0.000E+00  0.000E+00  0.000E+00
    11.250  0.000E+00  9.250E+00  9.249E+00  9.247E+00  9.244E+00  9.237E+00  9.226E+00  9.211E+00  9.189E+00  9.161E+00  9.124E+00  9.078E+00  9.022E+00  8.954E+00  8.873E+00  8.778E+00  8.669E+00  8.546E+00  8.407E+00  8.255E+00  8.089E+00  7.910E+00  7.720E+00  7.521E+00  7.312E+00  7.095E+00  6.870E+00  6.638E+00  6.397E+00  6.147E+00  5.888E+00  5.619E+00  5.338E+00  5.044E+00  4.735E+00  4.408E+00  4.062E+00  3.691E+00  3.293E+00  2.861E+00  2.386E+00  1.857E+00  1.253E+00  5.401E-01 -2.955E-01 -5.245E-01 -6.313E-01 -6.932E-01 -7.288E-01 -7.458E-01  0.000E+00  0.000E+00
    11.750  9.750E+00  9.750E+00  9.749E+00  9.747E+00  9.743E+00  9.736E+00  9.725E+00  9.709E+00  9.687E+00  9.659E+00  9.622E+00  9.576E+00  9.519E+00  9.450E+00  9.369E+00  9.275E+00  9.166E+00  9.042E+00  8.904E+00  8.751E+00  8.585E+00  8.407E+00  8.218E+00  8.019E+00  7.810E+00  7.593E+00  7.368E+00  7.136E+00  6.894E+00  6.645E+00  6.386E+00  6.116E+00  5.835E+00  5.540E+00  5.230E+00  4.903E+00  4.556E+00  4.184E+00  3.784E+00  3.350E+00  2.872E+00  2.336E+00  1.714E+00  9.375E-01 -2.500E-01 -2.500E-01 -2.500E-01 -2.500E-01 -2.500E-01 -2.500E-01 -2.500E-01  0.000E+00
                     ---------- MASS BALANCE SUMMARY FOR TIME STEP      280 ----------
                         RECHARGE PERIOD NUMBER         1
                         TOTAL ELAPSED SIMULATION TIME =   2.000000E+03 day 

  ++++++++++++++++++++++++++++++++++++++++++++++++++++++++++++++++++++++++++++++++++++++++++++++++++++++++++++++++++++++++++++++++
  +                                                                                                                              +
  +                                                                                           TOTAL THIS          RATE THIS      +
  +                                 VOLUMETRIC FLOW BALANCE                  TOTAL            TIME STEP            TIME STEP     +
  +                                                                        m   **3             m   **3           m   **3/day     +
  +    FLUX INTO DOMAIN ACROSS SPECIFIED PRESSURE HEAD BOUNDARIES --      6.93542E+01         2.27004E-01         2.02435E-02    +
  +  FLUX OUT OF DOMAIN ACROSS SPECIFIED PRESSURE HEAD BOUNDARIES --     -2.75462E+01        -2.26581E-01        -2.02057E-02    +
  +             FLUX INTO DOMAIN ACROSS SPECIFIED FLUX BOUNDARIES --      0.00000E+00         0.00000E+00         0.00000E+00    +
  +           FLUX OUT OF DOMAIN ACROSS SPECIFIED FLUX BOUNDARIES --      0.00000E+00         0.00000E+00         0.00000E+00    +
  +                                        TOTAL FLUX INTO DOMAIN --      6.93542E+01         2.27004E-01         2.02435E-02    +
  +                                      TOTAL FLUX OUT OF DOMAIN --     -2.75462E+01        -2.26581E-01        -2.02057E-02    +
  +                                                   EVAPORATION --      0.00000E+00         0.00000E+00         0.00000E+00    +
  +                                                 TRANSPIRATION --      0.00000E+00         0.00000E+00         0.00000E+00    +
  +                                      TOTAL EVAPOTRANSPIRATION --      0.00000E+00         0.00000E+00         0.00000E+00    +
  +                                    FLUID FROM BOUNDARY CHANGE --      1.64580E+00         0.00000E+00         0.00000E+00    +
  +                              CHANGE IN FLUID STORED IN DOMAIN --      4.34538E+01         4.23374E-04         3.77551E-05    +
  +                                          FLUID VOLUME BALANCE --     -1.24347E-07         2.06203E-10         1.83885E-11    +
  +                                                                                                                              +
  ++++++++++++++++++++++++++++++++++++++++++++++++++++++++++++++++++++++++++++++++++++++++++++++++++++++++++++++++++++++++++++++++
