
 TIME =    0.180000E+04 sec 

 -1.2000000E+00 -1.2000000E+00 -1.2000000E+00
 -1.2000000E+00 -2.6657011E-01 -1.2000000E+00
 -1.2000000E+00 -2.7420650E-01 -1.2000000E+00
 -1.2000000E+00 -2.8273959E-01 -1.2000000E+00
 -1.2000000E+00 -2.9233994E-01 -1.2000000E+00
 -1.2000000E+00 -3.0322906E-01 -1.2000000E+00
 -1.2000000E+00 -3.1570133E-01 -1.2000000E+00
 -1.2000000E+00 -3.3015876E-01 -1.2000000E+00
 -1.2000000E+00 -3.4716855E-01 -1.2000000E+00
 -1.2000000E+00 -3.6756351E-01 -1.2000000E+00
 -1.2000000E+00 -3.9262801E-01 -1.2000000E+00
 -1.2000000E+00 -4.2446919E-01 -1.2000000E+00
 -1.2000000E+00 -4.6682537E-01 -1.2000000E+00
 -1.2000000E+00 -5.2700287E-01 -1.2000000E+00
 -1.2000000E+00 -6.2079848E-01 -1.2000000E+00
 -1.2000000E+00 -7.8234846E-01 -1.2000000E+00
 -1.2000000E+00 -1.0376906E+00 -1.2000000E+00
 -1.2000000E+00 -1.1805814E+00 -1.2000000E+00
 -1.2000000E+00 -1.1985570E+00 -1.2000000E+00
 -1.2000000E+00 -1.1998986E+00 -1.2000000E+00
 -1.2000000E+00 -1.1999930E+00 -1.2000000E+00
 -1.2000000E+00 -1.1999995E+00 -1.2000000E+00
 -1.2000000E+00 -1.2000000E+00 -1.2000000E+00
 -1.2000000E+00 -1.2000000E+00 -1.2000000E+00
 -1.2000000E+00 -1.2000000E+00 -1.2000000E+00
 -1.2000000E+00 -1.2000000E+00 -1.2000000E+00
 -1.2000000E+00 -1.2000000E+00 -1.2000000E+00
 -1.2000000E+00 -1.2000000E+00 -1.2000000E+00
 -1.2000000E+00 -1.2000000E+00 -1.2000000E+00
 -1.2000000E+00 -1.2000000E+00 -1.2000000E+00
 -1.2000000E+00 -1.1999999E+00 -1.2000000E+00
 -1.2000000E+00 -1.1999996E+00 -1.2000000E+00
 -1.2000000E+00 -1.1999981E+00 -1.2000000E+00
 -1.2000000E+00 -1.1999917E+00 -1.2000000E+00
 -1.2000000E+00 -1.1999672E+00 -1.2000000E+00
 -1.2000000E+00 -1.1998827E+00 -1.2000000E+00
 -1.2000000E+00 -1.1996203E+00 -1.2000000E+00
 -1.2000000E+00 -1.1988973E+00 -1.2000000E+00
 -1.2000000E+00 -1.1971498E+00 -1.2000000E+00
 -1.2000000E+00 -1.1934931E+00 -1.2000000E+00
 -1.2000000E+00 -1.1869447E+00 -1.2000000E+00
 -1.2000000E+00 -1.2000000E+00 -1.2000000E+00
