                                   ++++++++++++++++++++++++++++++++++++++++++++++++++++++++++++
                                   +                           VS2DRT                         +
                                   +                        VERSION 1.1                       +
                                   +           SIMULATION OF 2-DIMENSIONAL VARIABLY           +
                                   +            SATURATED REACTIVE TRANSPORT                  +
                                   +                   THROUGH POROUS MEDIA.                  +
                                   ++++++++++++++++++++++++++++++++++++++++++++++++++++++++++++




 ****************************************************************************************************
     Development of seepage face on a slope with layered soils                       
 ****************************************************************************************************

          SPACE AND TIME CONSTANTS
          -----------------------
     MAXIMUM SIMULATION TIME =   0.216000E+05 sec 
     STARTING TIME =     0.0000
     NUMBER OF RECHARGE PERIODS =         1
     MAXIMUM NUMBER OF TIME STEPS =       1000
     NUMBER OF ROWS =     23
     NUMBER OF COLUMNS =     43
     AXES TILTED BY ANGLE =     0.00
          SOLUTION OPTIONS
          ----------------
     WRITE ALL PRESSURE HEADS TO FILE 8 AT OBSERVATION TIMES? F
     STOP SOLUTION IF MAXIMUM NO. OF ITERATIONS EXCEEDED IN ANY TIME STEP? T
     WRITE BOUNDARY FLUXES TO FILE 7? F
     WRITE RESULTS AT SELECTED OBSERVATION POINTS TO FILE 11? F
     WRITE MASS BALANCE RATES TO FILE 9? F
     WRITE MASS BALANCE RATES TO FILE 6? F
     WRITE MOISTURE CONTENTS TO FILE 6? F
     WRITE SATURATIONS TO FILE 6? F
     WRITE PRESSURE HEADS TO FILE 6? T
     WRITE TOTAL HEADS TO FILE 6? F
     WRITE VELOCITIES TO FILE 6? F
                                                  GRID SPACING IN VERTICAL DIRECTION, IN m   
     0.048     0.048     0.048     0.048     0.048     0.048     0.048     0.048     0.048     0.048
     0.048     0.048     0.048     0.048     0.048     0.048     0.048     0.048     0.048     0.048
     0.048     0.048     0.048
                                                  GRID SPACING IN HORIZONTAL OR RADIAL DIRECTION, IN m   
     0.051     0.051     0.051     0.051     0.051     0.060     0.060     0.060     0.060     0.060
     0.060     0.060     0.060     0.060     0.060     0.060     0.060     0.060     0.060     0.060
     0.060     0.060     0.060     0.060     0.060     0.060     0.060     0.060     0.062     0.062
     0.062     0.062     0.062     0.062     0.062     0.062     0.062     0.062     0.062     0.062
     0.062     0.062     0.062
     COORDINATE SYSTEM IS RECTANGULAR
     MATRIX EQUATIONS TO BE SOLVED BY SIP
          INITIAL MOISTURE PARAMETERS
          ___________________________

     CONVERGENCE CRITERION FOR SIP FOR FLOW (EPS) =   1.000E-06 m   
     CONVERGENCE CRITERION FOR SIP FOR HEAT TRANSPORT (EPS1) =   0.000E+00
     CONVERGENCE CRITERION FOR OUTER'ITERATION (EPS2)  =    0.000E+00
     CONVERGENCE CRITERION'FOR SIP FOR SOLUTE TRANSPORT(EPS3) =   0.000E+00
     DAMPING FACTOR,HMAX = ,   9.000E-01
     ARITHEMTIC MEAN USED FOR INTERCELL CONDUCTIVITY
     NUMBER OF SOIL TEXTURAL CLASSES =          3
     NUMBER OF SOIL PARAMETERS FOR EACH CLASS =          6
     NUMBER OF HEAT TRANSPORT PARAMETERS FOR EACH CLASS =          0
     NUMBER OF SOLUTE TRANSPORT PARAMETERS FOR EACH CLASS =          0
     MINIMUM PERMITTED NO. OF ITERATIONS/TIME STEP =         2
     MAXIMUM PERMITTED NO. OF ITERATIONS/TIME STEP =       200
                                         CONSTANTS FOR SOIL TEXTURAL CLASSES

          ANISOTROPY       KSAT     SPECIFIC    POROSITY
                                    STORAGE
 CLASS # 1
            1.000D+00   0.000D+00   0.000D+00   0.000D+00   0.000D+00   0.000D+00   0.000D+00
 CLASS # 2
            1.000D+00   4.630D-03   0.000D+00   3.750D-01   4.310D+00   2.000D-02   3.100D+00
 CLASS # 3
            1.000D+00   2.430D-05   0.000D+00   3.770D-01   1.040D+00   7.200D-02   6.900D+00
      TEXTURAL CLASS INDEX MAP


     TEXTURAL CLASS TO BE READ IN FOR EACH ROW
          1  1111111111111111111111111111111111111111111
          2  1111111111111111111111111111222222222222221
          3  1111111111111111111111111122222222222222221
          4  1111111111111111111111112222222222222222221
          5  1111111111111111111111122222222222222222221
          6  1111111111111111111112222222222222222222221
          7  1111111111111111111122222222222222222222221
          8  1111111111111111113333333333333333333333331
          9  1111111111111111333333333333333333333333331
         10  1111111111111112222222222222222222222222221
         11  1111111111111222222222222222222222222222221
         12  1111111111112222222222222222222222222222221
         13  1111111111222222222222222222222222222222221
         14  1111111122222222222222222222222222222222221
         15  1111111222222222222222222222222222222222221
         16  1111122222222222222222222222222222222222221
         17  1112222222222222222222222222222222222222221
         18  1122222222222222222222222222222222222222221
         19  1222222222222222222222222222222222222222221
         20  1222222222222222222222222222222222222222221
         21  1222222222222222222222222222222222222222221
         22  1222222222222222222222222222222222222222221
         23  1111111111111111111111111111111111111111111
     EQUILLIBRIUM PROFILE USED TO INITIALIZE PRESSURE HEADS ABOVE WATER TABLE AT      1.50 m    BELOW ORIGIN
     EQUILLIBRIUM PROFILE ONLY USED UNTIL PRESSURE HEADS EQUAL     -2.00 m   
     PRESSURE HEADS BELOW      1.50 m    ARE HYDROSTATIC
      Development of seepage face on a slope with layered soils                       
     TOTAL ELAPSED TIME =  0.000000E+00 sec 
     TIME STEP         0


                                                   PRESSURE HEAD
  Z, IN
  m                       X OR R DISTANCE, IN m   
                0.026      0.077      0.128      0.179      0.234      0.294      0.354      0.413      0.473      0.533      0.593      0.653      0.712      0.772      0.832      0.892      0.951      1.011      1.071      1.131      1.191      1.250      1.310      1.370      1.430      1.489      1.549      1.610      1.672      1.733      1.795      1.856      1.918      1.980      2.041      2.103      2.164      2.226      2.288      2.349      2.411
     0.024  0.000E+00  0.000E+00  0.000E+00  0.000E+00  0.000E+00  0.000E+00  0.000E+00  0.000E+00  0.000E+00  0.000E+00  0.000E+00  0.000E+00  0.000E+00  0.000E+00  0.000E+00  0.000E+00  0.000E+00  0.000E+00  0.000E+00  0.000E+00  0.000E+00  0.000E+00  0.000E+00  0.000E+00  0.000E+00  0.000E+00  0.000E+00 -1.476E+00 -1.476E+00 -1.476E+00 -1.476E+00 -1.476E+00 -1.476E+00 -1.476E+00 -1.476E+00 -1.476E+00 -1.476E+00 -1.476E+00 -1.476E+00 -1.476E+00 -1.476E+00
     0.071  0.000E+00  0.000E+00  0.000E+00  0.000E+00  0.000E+00  0.000E+00  0.000E+00  0.000E+00  0.000E+00  0.000E+00  0.000E+00  0.000E+00  0.000E+00  0.000E+00  0.000E+00  0.000E+00  0.000E+00  0.000E+00  0.000E+00  0.000E+00  0.000E+00  0.000E+00  0.000E+00  0.000E+00  0.000E+00 -1.429E+00 -1.429E+00 -1.429E+00 -1.429E+00 -1.429E+00 -1.429E+00 -1.429E+00 -1.429E+00 -1.429E+00 -1.429E+00 -1.429E+00 -1.429E+00 -1.429E+00 -1.429E+00 -1.429E+00 -1.429E+00
     0.119  0.000E+00  0.000E+00  0.000E+00  0.000E+00  0.000E+00  0.000E+00  0.000E+00  0.000E+00  0.000E+00  0.000E+00  0.000E+00  0.000E+00  0.000E+00  0.000E+00  0.000E+00  0.000E+00  0.000E+00  0.000E+00  0.000E+00  0.000E+00  0.000E+00  0.000E+00  0.000E+00 -1.381E+00 -1.381E+00 -1.381E+00 -1.381E+00 -1.381E+00 -1.381E+00 -1.381E+00 -1.381E+00 -1.381E+00 -1.381E+00 -1.381E+00 -1.381E+00 -1.381E+00 -1.381E+00 -1.381E+00 -1.381E+00 -1.381E+00 -1.381E+00
     0.167  0.000E+00  0.000E+00  0.000E+00  0.000E+00  0.000E+00  0.000E+00  0.000E+00  0.000E+00  0.000E+00  0.000E+00  0.000E+00  0.000E+00  0.000E+00  0.000E+00  0.000E+00  0.000E+00  0.000E+00  0.000E+00  0.000E+00  0.000E+00  0.000E+00  0.000E+00 -1.333E+00 -1.333E+00 -1.333E+00 -1.333E+00 -1.333E+00 -1.333E+00 -1.333E+00 -1.333E+00 -1.333E+00 -1.333E+00 -1.333E+00 -1.333E+00 -1.333E+00 -1.333E+00 -1.333E+00 -1.333E+00 -1.333E+00 -1.333E+00 -1.333E+00
     0.214  0.000E+00  0.000E+00  0.000E+00  0.000E+00  0.000E+00  0.000E+00  0.000E+00  0.000E+00  0.000E+00  0.000E+00  0.000E+00  0.000E+00  0.000E+00  0.000E+00  0.000E+00  0.000E+00  0.000E+00  0.000E+00  0.000E+00  0.000E+00 -1.286E+00 -1.286E+00 -1.286E+00 -1.286E+00 -1.286E+00 -1.286E+00 -1.286E+00 -1.286E+00 -1.286E+00 -1.286E+00 -1.286E+00 -1.286E+00 -1.286E+00 -1.286E+00 -1.286E+00 -1.286E+00 -1.286E+00 -1.286E+00 -1.286E+00 -1.286E+00 -1.286E+00
     0.262  0.000E+00  0.000E+00  0.000E+00  0.000E+00  0.000E+00  0.000E+00  0.000E+00  0.000E+00  0.000E+00  0.000E+00  0.000E+00  0.000E+00  0.000E+00  0.000E+00  0.000E+00  0.000E+00  0.000E+00  0.000E+00  0.000E+00 -1.238E+00 -1.238E+00 -1.238E+00 -1.238E+00 -1.238E+00 -1.238E+00 -1.238E+00 -1.238E+00 -1.238E+00 -1.238E+00 -1.238E+00 -1.238E+00 -1.238E+00 -1.238E+00 -1.238E+00 -1.238E+00 -1.238E+00 -1.238E+00 -1.238E+00 -1.238E+00 -1.238E+00 -1.238E+00
     0.310  0.000E+00  0.000E+00  0.000E+00  0.000E+00  0.000E+00  0.000E+00  0.000E+00  0.000E+00  0.000E+00  0.000E+00  0.000E+00  0.000E+00  0.000E+00  0.000E+00  0.000E+00  0.000E+00  0.000E+00 -1.190E+00 -1.190E+00 -1.190E+00 -1.190E+00 -1.190E+00 -1.190E+00 -1.190E+00 -1.190E+00 -1.190E+00 -1.190E+00 -1.190E+00 -1.190E+00 -1.190E+00 -1.190E+00 -1.190E+00 -1.190E+00 -1.190E+00 -1.190E+00 -1.190E+00 -1.190E+00 -1.190E+00 -1.190E+00 -1.190E+00 -1.190E+00
     0.357  0.000E+00  0.000E+00  0.000E+00  0.000E+00  0.000E+00  0.000E+00  0.000E+00  0.000E+00  0.000E+00  0.000E+00  0.000E+00  0.000E+00  0.000E+00  0.000E+00  0.000E+00 -1.143E+00 -1.143E+00 -1.143E+00 -1.143E+00 -1.143E+00 -1.143E+00 -1.143E+00 -1.143E+00 -1.143E+00 -1.143E+00 -1.143E+00 -1.143E+00 -1.143E+00 -1.143E+00 -1.143E+00 -1.143E+00 -1.143E+00 -1.143E+00 -1.143E+00 -1.143E+00 -1.143E+00 -1.143E+00 -1.143E+00 -1.143E+00 -1.143E+00 -1.143E+00
     0.405  0.000E+00  0.000E+00  0.000E+00  0.000E+00  0.000E+00  0.000E+00  0.000E+00  0.000E+00  0.000E+00  0.000E+00  0.000E+00  0.000E+00  0.000E+00  0.000E+00 -1.095E+00 -1.095E+00 -1.095E+00 -1.095E+00 -1.095E+00 -1.095E+00 -1.095E+00 -1.095E+00 -1.095E+00 -1.095E+00 -1.095E+00 -1.095E+00 -1.095E+00 -1.095E+00 -1.095E+00 -1.095E+00 -1.095E+00 -1.095E+00 -1.095E+00 -1.095E+00 -1.095E+00 -1.095E+00 -1.095E+00 -1.095E+00 -1.095E+00 -1.095E+00 -1.095E+00
     0.452  0.000E+00  0.000E+00  0.000E+00  0.000E+00  0.000E+00  0.000E+00  0.000E+00  0.000E+00  0.000E+00  0.000E+00  0.000E+00  0.000E+00 -1.048E+00 -1.048E+00 -1.048E+00 -1.048E+00 -1.048E+00 -1.048E+00 -1.048E+00 -1.048E+00 -1.048E+00 -1.048E+00 -1.048E+00 -1.048E+00 -1.048E+00 -1.048E+00 -1.048E+00 -1.048E+00 -1.048E+00 -1.048E+00 -1.048E+00 -1.048E+00 -1.048E+00 -1.048E+00 -1.048E+00 -1.048E+00 -1.048E+00 -1.048E+00 -1.048E+00 -1.048E+00 -1.048E+00
     0.500  0.000E+00  0.000E+00  0.000E+00  0.000E+00  0.000E+00  0.000E+00  0.000E+00  0.000E+00  0.000E+00  0.000E+00  0.000E+00 -1.000E+00 -1.000E+00 -1.000E+00 -1.000E+00 -1.000E+00 -1.000E+00 -1.000E+00 -1.000E+00 -1.000E+00 -1.000E+00 -1.000E+00 -1.000E+00 -1.000E+00 -1.000E+00 -1.000E+00 -1.000E+00 -1.000E+00 -1.000E+00 -1.000E+00 -1.000E+00 -1.000E+00 -1.000E+00 -1.000E+00 -1.000E+00 -1.000E+00 -1.000E+00 -1.000E+00 -1.000E+00 -1.000E+00 -1.000E+00
     0.548  0.000E+00  0.000E+00  0.000E+00  0.000E+00  0.000E+00  0.000E+00  0.000E+00  0.000E+00  0.000E+00 -9.524E-01 -9.524E-01 -9.524E-01 -9.524E-01 -9.524E-01 -9.524E-01 -9.524E-01 -9.524E-01 -9.524E-01 -9.524E-01 -9.524E-01 -9.524E-01 -9.524E-01 -9.524E-01 -9.524E-01 -9.524E-01 -9.524E-01 -9.524E-01 -9.524E-01 -9.524E-01 -9.524E-01 -9.524E-01 -9.524E-01 -9.524E-01 -9.524E-01 -9.524E-01 -9.524E-01 -9.524E-01 -9.524E-01 -9.524E-01 -9.524E-01 -9.524E-01
     0.595  0.000E+00  0.000E+00  0.000E+00  0.000E+00  0.000E+00  0.000E+00  0.000E+00 -9.048E-01 -9.048E-01 -9.048E-01 -9.048E-01 -9.048E-01 -9.048E-01 -9.048E-01 -9.048E-01 -9.048E-01 -9.048E-01 -9.048E-01 -9.048E-01 -9.048E-01 -9.048E-01 -9.048E-01 -9.048E-01 -9.048E-01 -9.048E-01 -9.048E-01 -9.048E-01 -9.048E-01 -9.048E-01 -9.048E-01 -9.048E-01 -9.048E-01 -9.048E-01 -9.048E-01 -9.048E-01 -9.048E-01 -9.048E-01 -9.048E-01 -9.048E-01 -9.048E-01 -9.048E-01
     0.643  0.000E+00  0.000E+00  0.000E+00  0.000E+00  0.000E+00  0.000E+00 -8.571E-01 -8.571E-01 -8.571E-01 -8.571E-01 -8.571E-01 -8.571E-01 -8.571E-01 -8.571E-01 -8.571E-01 -8.571E-01 -8.571E-01 -8.571E-01 -8.571E-01 -8.571E-01 -8.571E-01 -8.571E-01 -8.571E-01 -8.571E-01 -8.571E-01 -8.571E-01 -8.571E-01 -8.571E-01 -8.571E-01 -8.571E-01 -8.571E-01 -8.571E-01 -8.571E-01 -8.571E-01 -8.571E-01 -8.571E-01 -8.571E-01 -8.571E-01 -8.571E-01 -8.571E-01 -8.571E-01
     0.690  0.000E+00  0.000E+00  0.000E+00  0.000E+00 -8.095E-01 -8.095E-01 -8.095E-01 -8.095E-01 -8.095E-01 -8.095E-01 -8.095E-01 -8.095E-01 -8.095E-01 -8.095E-01 -8.095E-01 -8.095E-01 -8.095E-01 -8.095E-01 -8.095E-01 -8.095E-01 -8.095E-01 -8.095E-01 -8.095E-01 -8.095E-01 -8.095E-01 -8.095E-01 -8.095E-01 -8.095E-01 -8.095E-01 -8.095E-01 -8.095E-01 -8.095E-01 -8.095E-01 -8.095E-01 -8.095E-01 -8.095E-01 -8.095E-01 -8.095E-01 -8.095E-01 -8.095E-01 -8.095E-01
     0.738  0.000E+00  0.000E+00 -7.619E-01 -7.619E-01 -7.619E-01 -7.619E-01 -7.619E-01 -7.619E-01 -7.619E-01 -7.619E-01 -7.619E-01 -7.619E-01 -7.619E-01 -7.619E-01 -7.619E-01 -7.619E-01 -7.619E-01 -7.619E-01 -7.619E-01 -7.619E-01 -7.619E-01 -7.619E-01 -7.619E-01 -7.619E-01 -7.619E-01 -7.619E-01 -7.619E-01 -7.619E-01 -7.619E-01 -7.619E-01 -7.619E-01 -7.619E-01 -7.619E-01 -7.619E-01 -7.619E-01 -7.619E-01 -7.619E-01 -7.619E-01 -7.619E-01 -7.619E-01 -7.619E-01
     0.786  0.000E+00 -7.143E-01 -7.143E-01 -7.143E-01 -7.143E-01 -7.143E-01 -7.143E-01 -7.143E-01 -7.143E-01 -7.143E-01 -7.143E-01 -7.143E-01 -7.143E-01 -7.143E-01 -7.143E-01 -7.143E-01 -7.143E-01 -7.143E-01 -7.143E-01 -7.143E-01 -7.143E-01 -7.143E-01 -7.143E-01 -7.143E-01 -7.143E-01 -7.143E-01 -7.143E-01 -7.143E-01 -7.143E-01 -7.143E-01 -7.143E-01 -7.143E-01 -7.143E-01 -7.143E-01 -7.143E-01 -7.143E-01 -7.143E-01 -7.143E-01 -7.143E-01 -7.143E-01 -7.143E-01
     0.833 -6.667E-01 -6.667E-01 -6.667E-01 -6.667E-01 -6.667E-01 -6.667E-01 -6.667E-01 -6.667E-01 -6.667E-01 -6.667E-01 -6.667E-01 -6.667E-01 -6.667E-01 -6.667E-01 -6.667E-01 -6.667E-01 -6.667E-01 -6.667E-01 -6.667E-01 -6.667E-01 -6.667E-01 -6.667E-01 -6.667E-01 -6.667E-01 -6.667E-01 -6.667E-01 -6.667E-01 -6.667E-01 -6.667E-01 -6.667E-01 -6.667E-01 -6.667E-01 -6.667E-01 -6.667E-01 -6.667E-01 -6.667E-01 -6.667E-01 -6.667E-01 -6.667E-01 -6.667E-01 -6.667E-01
     0.881 -6.190E-01 -6.190E-01 -6.190E-01 -6.190E-01 -6.190E-01 -6.190E-01 -6.190E-01 -6.190E-01 -6.190E-01 -6.190E-01 -6.190E-01 -6.190E-01 -6.190E-01 -6.190E-01 -6.190E-01 -6.190E-01 -6.190E-01 -6.190E-01 -6.190E-01 -6.190E-01 -6.190E-01 -6.190E-01 -6.190E-01 -6.190E-01 -6.190E-01 -6.190E-01 -6.190E-01 -6.190E-01 -6.190E-01 -6.190E-01 -6.190E-01 -6.190E-01 -6.190E-01 -6.190E-01 -6.190E-01 -6.190E-01 -6.190E-01 -6.190E-01 -6.190E-01 -6.190E-01 -6.190E-01
     0.929 -5.714E-01 -5.714E-01 -5.714E-01 -5.714E-01 -5.714E-01 -5.714E-01 -5.714E-01 -5.714E-01 -5.714E-01 -5.714E-01 -5.714E-01 -5.714E-01 -5.714E-01 -5.714E-01 -5.714E-01 -5.714E-01 -5.714E-01 -5.714E-01 -5.714E-01 -5.714E-01 -5.714E-01 -5.714E-01 -5.714E-01 -5.714E-01 -5.714E-01 -5.714E-01 -5.714E-01 -5.714E-01 -5.714E-01 -5.714E-01 -5.714E-01 -5.714E-01 -5.714E-01 -5.714E-01 -5.714E-01 -5.714E-01 -5.714E-01 -5.714E-01 -5.714E-01 -5.714E-01 -5.714E-01
     0.976 -5.238E-01 -5.238E-01 -5.238E-01 -5.238E-01 -5.238E-01 -5.238E-01 -5.238E-01 -5.238E-01 -5.238E-01 -5.238E-01 -5.238E-01 -5.238E-01 -5.238E-01 -5.238E-01 -5.238E-01 -5.238E-01 -5.238E-01 -5.238E-01 -5.238E-01 -5.238E-01 -5.238E-01 -5.238E-01 -5.238E-01 -5.238E-01 -5.238E-01 -5.238E-01 -5.238E-01 -5.238E-01 -5.238E-01 -5.238E-01 -5.238E-01 -5.238E-01 -5.238E-01 -5.238E-01 -5.238E-01 -5.238E-01 -5.238E-01 -5.238E-01 -5.238E-01 -5.238E-01 -5.238E-01
      DATA FOR RECHARGE PERIOD         1

          LENGTH OF THIS PERIOD =   2.16000E+04 sec 
          LENGTH OF INITIAL TIME STEP FOR THIS PERIOD =   1.00000E+00 sec 
          MULTIPLIER FOR TIME STEP =  1.200E+00
          MAXIMUM TIME STEP SIZE =    6.00000E+02 sec 
          MINIMUM TIME STEP SIZE =    1.00000E-03 sec 
          TIME STEP REDUCTION FACTOR =  1.000E-01
               MAXIMUM PRESSURE HEAD CHANGE ALLOWED IN ONE TIME STEP =  10.000
               STEADY-STATE CLOSURE CRITERION =  0.000E+00
               MAXIMUM DEPTH OF PONDING =  1.000E+02
               PRINT SOLUTION AFTER EVERY TIME STEP? F
               SIMULATE EVAPORATION? F
               SIMULATE EVAPOTRANSPIRATION? F
               SIMULATE SEEPAGE FACES? T

 temerature setting at the boundary
      NODE TYPE AND INITIAL BOUNDARY CONDITIONS FOR PERIOD         1
      LEGEND: 
               0 = INTERIOR CELL
               1 = SPECIFIED PRESSURE HEAD CELL
               2 = SPECIFIED FLUX CELL
               3 = POTENTIAL SEEPAGE FACE NODE
               5 = NODE FOR WHICH EVAPORATION IS PERMITTED
               7 = GRAVITY DRAIN CELL

     1     0000000000000000000000000000000000000000000
     2     0000000000000000000000000000222222222222220
     3     0000000000000000000000000033000000000000000
     4     0000000000000000000000003300000000000000000
     5     0000000000000000000000030000000000000000000
     6     0000000000000000000003300000000000000000000
     7     0000000000000000000030000000000000000000000
     8     0000000000000000003300000000000000000000000
     9     0000000000000000330000000000000000000000000
    10     0000000000000003000000000000000000000000000
    11     0000000000000330000000000000000000000000000
    12     0000000000003000000000000000000000000000000
    13     0000000000330000000000000000000000000000000
    14     0000000033000000000000000000000000000000000
    15     0000000300000000000000000000000000000000000
    16     0000033000000000000000000000000000000000000
    17     0003300000000000000000000000000000000000000
    18     0030000000000000000000000000000000000000000
    19     0300000000000000000000000000000000000000000
    20     0000000000000000000000000000000000000000000
    21     0000000000000000000000000000000000000000000
    22     0000000000000000000000000000000000000000000
    23     0000000000000000000000000000000000000000000
 TIME STEP         1  TIME =   0.120000E+01  NIT =     5  NIT1 =     0  NIT3 =     0  NIS1 =     0
 TIME STEP         2  TIME =   0.264000E+01  NIT =     5  NIT1 =     0  NIT3 =     0  NIS1 =     0
 TIME STEP         3  TIME =   0.436800E+01  NIT =     5  NIT1 =     0  NIT3 =     0  NIS1 =     0
 TIME STEP         4  TIME =   0.644160E+01  NIT =     5  NIT1 =     0  NIT3 =     0  NIS1 =     0
 TIME STEP         5  TIME =   0.892992E+01  NIT =     6  NIT1 =     0  NIT3 =     0  NIS1 =     0
 TIME STEP         6  TIME =   0.119159E+02  NIT =     6  NIT1 =     0  NIT3 =     0  NIS1 =     0
 TIME STEP         7  TIME =   0.154991E+02  NIT =     7  NIT1 =     0  NIT3 =     0  NIS1 =     0
 TIME STEP         8  TIME =   0.197989E+02  NIT =     8  NIT1 =     0  NIT3 =     0  NIS1 =     0
 TIME STEP         9  TIME =   0.249587E+02  NIT =     9  NIT1 =     0  NIT3 =     0  NIS1 =     0
 TIME STEP        10  TIME =   0.311504E+02  NIT =    10  NIT1 =     0  NIT3 =     0  NIS1 =     0
 TIME STEP        11  TIME =   0.385805E+02  NIT =    11  NIT1 =     0  NIT3 =     0  NIS1 =     0
 TIME STEP        12  TIME =   0.474966E+02  NIT =    12  NIT1 =     0  NIT3 =     0  NIS1 =     0
 TIME STEP        13  TIME =   0.581959E+02  NIT =    14  NIT1 =     0  NIT3 =     0  NIS1 =     0
 TIME STEP        14  TIME =   0.710351E+02  NIT =    15  NIT1 =     0  NIT3 =     0  NIS1 =     0
 TIME STEP        15  TIME =   0.864421E+02  NIT =    17  NIT1 =     0  NIT3 =     0  NIS1 =     0
 TIME STEP        16  TIME =   0.104931E+03  NIT =    19  NIT1 =     0  NIT3 =     0  NIS1 =     0
 TIME STEP        17  TIME =   0.127117E+03  NIT =    20  NIT1 =     0  NIT3 =     0  NIS1 =     0
 TIME STEP        18  TIME =   0.153740E+03  NIT =    22  NIT1 =     0  NIT3 =     0  NIS1 =     0
 TIME STEP        19  TIME =   0.185688E+03  NIT =    26  NIT1 =     0  NIT3 =     0  NIS1 =     0
 TIME STEP        20  TIME =   0.224026E+03  NIT =    27  NIT1 =     0  NIT3 =     0  NIS1 =     0
 TIME STEP        21  TIME =   0.270031E+03  NIT =    28  NIT1 =     0  NIT3 =     0  NIS1 =     0
 TIME STEP        22  TIME =   0.325237E+03  NIT =    25  NIT1 =     0  NIT3 =     0  NIS1 =     0
 TIME STEP        23  TIME =   0.391484E+03  NIT =    26  NIT1 =     0  NIT3 =     0  NIS1 =     0
 TIME STEP        24  TIME =   0.470981E+03  NIT =    31  NIT1 =     0  NIT3 =     0  NIS1 =     0
 TIME STEP        25  TIME =   0.566377E+03  NIT =    28  NIT1 =     0  NIT3 =     0  NIS1 =     0
 TIME STEP        26  TIME =   0.680853E+03  NIT =    33  NIT1 =     0  NIT3 =     0  NIS1 =     0
 TIME STEP        27  TIME =   0.818223E+03  NIT =    52  NIT1 =     0  NIT3 =     0  NIS1 =     0
 TIME STEP        28  TIME =   0.983068E+03  NIT =   113  NIT1 =     0  NIT3 =     0  NIS1 =     0
     ****************************************************************************************************
     EXCEEDED PERMITTED NUMBER OF ITERATIONS  ( =      201)
     TIME STEP NUMBER       29
     ELAPSED TIME =    1.18088E+03 sec 
     ****************************************************************************************************
     TIME STEP SIZE REDUCED TO   0.197814E+02
 TIME STEP        29  TIME =   0.100285E+04  NIT =    12  NIT1 =     0  NIT3 =     0  NIS1 =     0
 TIME STEP        30  TIME =   0.102659E+04  NIT =    11  NIT1 =     0  NIT3 =     0  NIS1 =     0
 TIME STEP        31  TIME =   0.105507E+04  NIT =    13  NIT1 =     0  NIT3 =     0  NIS1 =     0
 TIME STEP        32  TIME =   0.108925E+04  NIT =    14  NIT1 =     0  NIT3 =     0  NIS1 =     0
 TIME STEP        33  TIME =   0.113027E+04  NIT =    16  NIT1 =     0  NIT3 =     0  NIS1 =     0
 TIME STEP        34  TIME =   0.117950E+04  NIT =    18  NIT1 =     0  NIT3 =     0  NIS1 =     0
 TIME STEP        35  TIME =   0.123856E+04  NIT =    21  NIT1 =     0  NIT3 =     0  NIS1 =     0
 TIME STEP        36  TIME =   0.130944E+04  NIT =    26  NIT1 =     0  NIT3 =     0  NIS1 =     0
 TIME STEP        37  TIME =   0.139450E+04  NIT =    30  NIT1 =     0  NIT3 =     0  NIS1 =     0
 TIME STEP        38  TIME =   0.149657E+04  NIT =    36  NIT1 =     0  NIT3 =     0  NIS1 =     0
 TIME STEP        39  TIME =   0.161905E+04  NIT =    42  NIT1 =     0  NIT3 =     0  NIS1 =     0
 TIME STEP        40  TIME =   0.176602E+04  NIT =    48  NIT1 =     0  NIT3 =     0  NIS1 =     0
 TIME STEP        41  TIME =   0.194240E+04  NIT =    54  NIT1 =     0  NIT3 =     0  NIS1 =     0
 TIME STEP        42  TIME =   0.215404E+04  NIT =    57  NIT1 =     0  NIT3 =     0  NIS1 =     0
 TIME STEP        43  TIME =   0.240802E+04  NIT =    56  NIT1 =     0  NIT3 =     0  NIS1 =     0
 TIME STEP        44  TIME =   0.271279E+04  NIT =    49  NIT1 =     0  NIT3 =     0  NIS1 =     0
 TIME STEP        45  TIME =   0.307852E+04  NIT =    39  NIT1 =     0  NIT3 =     0  NIS1 =     0
 TIME STEP        46  TIME =   0.351739E+04  NIT =    23  NIT1 =     0  NIT3 =     0  NIS1 =     0
 TIME STEP        47  TIME =   0.404404E+04  NIT =    12  NIT1 =     0  NIT3 =     0  NIS1 =     0
 TIME STEP        48  TIME =   0.464404E+04  NIT =     9  NIT1 =     0  NIT3 =     0  NIS1 =     0
 TIME STEP        49  TIME =   0.524404E+04  NIT =     8  NIT1 =     0  NIT3 =     0  NIS1 =     0
 TIME STEP        50  TIME =   0.584404E+04  NIT =     7  NIT1 =     0  NIT3 =     0  NIS1 =     0
 TIME STEP        51  TIME =   0.644404E+04  NIT =     7  NIT1 =     0  NIT3 =     0  NIS1 =     0
 TIME STEP        52  TIME =   0.704404E+04  NIT =     6  NIT1 =     0  NIT3 =     0  NIS1 =     0
 TIME STEP        53  TIME =   0.764404E+04  NIT =     6  NIT1 =     0  NIT3 =     0  NIS1 =     0
 TIME STEP        54  TIME =   0.824404E+04  NIT =     5  NIT1 =     0  NIT3 =     0  NIS1 =     0
 TIME STEP        55  TIME =   0.884404E+04  NIT =     5  NIT1 =     0  NIT3 =     0  NIS1 =     0
 TIME STEP        56  TIME =   0.944404E+04  NIT =     5  NIT1 =     0  NIT3 =     0  NIS1 =     0
 TIME STEP        57  TIME =   0.100440E+05  NIT =     4  NIT1 =     0  NIT3 =     0  NIS1 =     0
 TIME STEP        58  TIME =   0.106440E+05  NIT =     4  NIT1 =     0  NIT3 =     0  NIS1 =     0
 TIME STEP        59  TIME =   0.112440E+05  NIT =     4  NIT1 =     0  NIT3 =     0  NIS1 =     0
 TIME STEP        60  TIME =   0.118440E+05  NIT =     4  NIT1 =     0  NIT3 =     0  NIS1 =     0
 TIME STEP        61  TIME =   0.124440E+05  NIT =     3  NIT1 =     0  NIT3 =     0  NIS1 =     0
 TIME STEP        62  TIME =   0.130440E+05  NIT =     3  NIT1 =     0  NIT3 =     0  NIS1 =     0
 TIME STEP        63  TIME =   0.136440E+05  NIT =     2  NIT1 =     0  NIT3 =     0  NIS1 =     0
 TIME STEP        64  TIME =   0.142440E+05  NIT =     2  NIT1 =     0  NIT3 =     0  NIS1 =     0
 TIME STEP        65  TIME =   0.148440E+05  NIT =     2  NIT1 =     0  NIT3 =     0  NIS1 =     0
 TIME STEP        66  TIME =   0.154440E+05  NIT =     2  NIT1 =     0  NIT3 =     0  NIS1 =     0
 TIME STEP        67  TIME =   0.160440E+05  NIT =     2  NIT1 =     0  NIT3 =     0  NIS1 =     0
 TIME STEP        68  TIME =   0.166440E+05  NIT =     2  NIT1 =     0  NIT3 =     0  NIS1 =     0
 TIME STEP        69  TIME =   0.172440E+05  NIT =     2  NIT1 =     0  NIT3 =     0  NIS1 =     0
 TIME STEP        70  TIME =   0.178440E+05  NIT =     2  NIT1 =     0  NIT3 =     0  NIS1 =     0
 TIME STEP        71  TIME =   0.184440E+05  NIT =     2  NIT1 =     0  NIT3 =     0  NIS1 =     0
 TIME STEP        72  TIME =   0.190440E+05  NIT =     2  NIT1 =     0  NIT3 =     0  NIS1 =     0
 TIME STEP        73  TIME =   0.196440E+05  NIT =     2  NIT1 =     0  NIT3 =     0  NIS1 =     0
 TIME STEP        74  TIME =   0.202440E+05  NIT =     2  NIT1 =     0  NIT3 =     0  NIS1 =     0
 TIME STEP        75  TIME =   0.208440E+05  NIT =     2  NIT1 =     0  NIT3 =     0  NIS1 =     0
 TIME STEP        76  TIME =   0.214440E+05  NIT =     2  NIT1 =     0  NIT3 =     0  NIS1 =     0
 TIME STEP        77  TIME =   0.216000E+05  NIT =     2  NIT1 =     0  NIT3 =     0  NIS1 =     0
      Development of seepage face on a slope with layered soils                       
     TOTAL ELAPSED TIME =  2.160000E+04 sec 
     TIME STEP        77


                                                   PRESSURE HEAD
  Z, IN
  m                       X OR R DISTANCE, IN m   
                0.026      0.077      0.128      0.179      0.234      0.294      0.354      0.413      0.473      0.533      0.593      0.653      0.712      0.772      0.832      0.892      0.951      1.011      1.071      1.131      1.191      1.250      1.310      1.370      1.430      1.489      1.549      1.610      1.672      1.733      1.795      1.856      1.918      1.980      2.041      2.103      2.164      2.226      2.288      2.349      2.411
     0.024  0.000E+00  0.000E+00  0.000E+00  0.000E+00  0.000E+00  0.000E+00  0.000E+00  0.000E+00  0.000E+00  0.000E+00  0.000E+00  0.000E+00  0.000E+00  0.000E+00  0.000E+00  0.000E+00  0.000E+00  0.000E+00  0.000E+00  0.000E+00  0.000E+00  0.000E+00  0.000E+00  0.000E+00  0.000E+00  0.000E+00  0.000E+00 -2.335E-01 -2.311E-01 -2.286E-01 -2.263E-01 -2.242E-01 -2.224E-01 -2.208E-01 -2.194E-01 -2.182E-01 -2.173E-01 -2.165E-01 -2.159E-01 -2.155E-01 -2.153E-01
     0.071  0.000E+00  0.000E+00  0.000E+00  0.000E+00  0.000E+00  0.000E+00  0.000E+00  0.000E+00  0.000E+00  0.000E+00  0.000E+00  0.000E+00  0.000E+00  0.000E+00  0.000E+00  0.000E+00  0.000E+00  0.000E+00  0.000E+00  0.000E+00  0.000E+00  0.000E+00  0.000E+00  0.000E+00  0.000E+00 -2.067E-01 -2.030E-01 -1.959E-01 -1.921E-01 -1.890E-01 -1.864E-01 -1.841E-01 -1.820E-01 -1.802E-01 -1.787E-01 -1.774E-01 -1.763E-01 -1.754E-01 -1.747E-01 -1.743E-01 -1.741E-01
     0.119  0.000E+00  0.000E+00  0.000E+00  0.000E+00  0.000E+00  0.000E+00  0.000E+00  0.000E+00  0.000E+00  0.000E+00  0.000E+00  0.000E+00  0.000E+00  0.000E+00  0.000E+00  0.000E+00  0.000E+00  0.000E+00  0.000E+00  0.000E+00  0.000E+00  0.000E+00  0.000E+00 -1.667E-01 -1.644E-01 -1.607E-01 -1.570E-01 -1.524E-01 -1.487E-01 -1.456E-01 -1.428E-01 -1.404E-01 -1.382E-01 -1.363E-01 -1.347E-01 -1.333E-01 -1.321E-01 -1.312E-01 -1.305E-01 -1.301E-01 -1.299E-01
     0.167  0.000E+00  0.000E+00  0.000E+00  0.000E+00  0.000E+00  0.000E+00  0.000E+00  0.000E+00  0.000E+00  0.000E+00  0.000E+00  0.000E+00  0.000E+00  0.000E+00  0.000E+00  0.000E+00  0.000E+00  0.000E+00  0.000E+00  0.000E+00  0.000E+00  0.000E+00 -1.225E-01 -1.201E-01 -1.174E-01 -1.142E-01 -1.107E-01 -1.069E-01 -1.034E-01 -1.003E-01 -9.748E-02 -9.499E-02 -9.278E-02 -9.085E-02 -8.917E-02 -8.775E-02 -8.658E-02 -8.564E-02 -8.495E-02 -8.448E-02 -8.425E-02
     0.214  0.000E+00  0.000E+00  0.000E+00  0.000E+00  0.000E+00  0.000E+00  0.000E+00  0.000E+00  0.000E+00  0.000E+00  0.000E+00  0.000E+00  0.000E+00  0.000E+00  0.000E+00  0.000E+00  0.000E+00  0.000E+00  0.000E+00  0.000E+00 -8.073E-02 -7.897E-02 -7.612E-02 -7.343E-02 -7.056E-02 -6.741E-02 -6.406E-02 -6.059E-02 -5.724E-02 -5.415E-02 -5.135E-02 -4.884E-02 -4.661E-02 -4.466E-02 -4.297E-02 -4.153E-02 -4.034E-02 -3.940E-02 -3.870E-02 -3.823E-02 -3.800E-02
     0.262  0.000E+00  0.000E+00  0.000E+00  0.000E+00  0.000E+00  0.000E+00  0.000E+00  0.000E+00  0.000E+00  0.000E+00  0.000E+00  0.000E+00  0.000E+00  0.000E+00  0.000E+00  0.000E+00  0.000E+00  0.000E+00  0.000E+00 -3.618E-02 -3.412E-02 -3.199E-02 -2.937E-02 -2.664E-02 -2.373E-02 -2.061E-02 -1.734E-02 -1.398E-02 -1.069E-02 -7.622E-03 -4.828E-03 -2.317E-03 -8.452E-05  1.876E-03  3.572E-03  5.011E-03  6.201E-03  7.147E-03  7.852E-03  8.321E-03  8.554E-03
     0.310  0.000E+00  0.000E+00  0.000E+00  0.000E+00  0.000E+00  0.000E+00  0.000E+00  0.000E+00  0.000E+00  0.000E+00  0.000E+00  0.000E+00  0.000E+00  0.000E+00  0.000E+00  0.000E+00  0.000E+00 -3.350E-01 -2.715E-01 -1.110E-01 -7.831E-02 -6.943E-02 -6.527E-02 -6.218E-02 -5.927E-02 -5.632E-02 -5.331E-02 -5.028E-02 -4.735E-02 -4.462E-02 -4.215E-02 -3.993E-02 -3.796E-02 -3.624E-02 -3.475E-02 -3.348E-02 -3.243E-02 -3.160E-02 -3.097E-02 -3.056E-02 -3.035E-02
     0.357  0.000E+00  0.000E+00  0.000E+00  0.000E+00  0.000E+00  0.000E+00  0.000E+00  0.000E+00  0.000E+00  0.000E+00  0.000E+00  0.000E+00  0.000E+00  0.000E+00  0.000E+00 -3.786E-01 -3.650E-01 -3.277E-01 -2.857E-01 -2.209E-01 -1.950E-01 -1.854E-01 -1.810E-01 -1.781E-01 -1.757E-01 -1.735E-01 -1.713E-01 -1.691E-01 -1.670E-01 -1.651E-01 -1.633E-01 -1.617E-01 -1.603E-01 -1.591E-01 -1.580E-01 -1.570E-01 -1.563E-01 -1.557E-01 -1.552E-01 -1.549E-01 -1.548E-01
     0.405  0.000E+00  0.000E+00  0.000E+00  0.000E+00  0.000E+00  0.000E+00  0.000E+00  0.000E+00  0.000E+00  0.000E+00  0.000E+00  0.000E+00  0.000E+00  0.000E+00 -3.447E-01 -3.394E-01 -3.324E-01 -3.227E-01 -3.127E-01 -3.029E-01 -2.968E-01 -2.930E-01 -2.903E-01 -2.881E-01 -2.862E-01 -2.845E-01 -2.829E-01 -2.813E-01 -2.798E-01 -2.785E-01 -2.772E-01 -2.760E-01 -2.750E-01 -2.741E-01 -2.733E-01 -2.726E-01 -2.720E-01 -2.715E-01 -2.712E-01 -2.709E-01 -2.708E-01
     0.452  0.000E+00  0.000E+00  0.000E+00  0.000E+00  0.000E+00  0.000E+00  0.000E+00  0.000E+00  0.000E+00  0.000E+00  0.000E+00  0.000E+00 -3.072E-01 -3.040E-01 -2.993E-01 -2.945E-01 -2.890E-01 -2.826E-01 -2.760E-01 -2.697E-01 -2.648E-01 -2.610E-01 -2.580E-01 -2.554E-01 -2.530E-01 -2.508E-01 -2.488E-01 -2.469E-01 -2.451E-01 -2.434E-01 -2.419E-01 -2.405E-01 -2.392E-01 -2.381E-01 -2.372E-01 -2.363E-01 -2.356E-01 -2.351E-01 -2.347E-01 -2.344E-01 -2.342E-01
     0.500  0.000E+00  0.000E+00  0.000E+00  0.000E+00  0.000E+00  0.000E+00  0.000E+00  0.000E+00  0.000E+00  0.000E+00  0.000E+00 -2.641E-01 -2.608E-01 -2.571E-01 -2.529E-01 -2.485E-01 -2.438E-01 -2.389E-01 -2.339E-01 -2.292E-01 -2.250E-01 -2.214E-01 -2.182E-01 -2.154E-01 -2.127E-01 -2.103E-01 -2.081E-01 -2.060E-01 -2.040E-01 -2.021E-01 -2.005E-01 -1.989E-01 -1.976E-01 -1.964E-01 -1.953E-01 -1.944E-01 -1.936E-01 -1.930E-01 -1.926E-01 -1.923E-01 -1.921E-01
     0.548  0.000E+00  0.000E+00  0.000E+00  0.000E+00  0.000E+00  0.000E+00  0.000E+00  0.000E+00  0.000E+00 -2.250E-01 -2.219E-01 -2.178E-01 -2.140E-01 -2.101E-01 -2.060E-01 -2.019E-01 -1.976E-01 -1.933E-01 -1.890E-01 -1.849E-01 -1.811E-01 -1.776E-01 -1.744E-01 -1.715E-01 -1.688E-01 -1.662E-01 -1.639E-01 -1.617E-01 -1.596E-01 -1.577E-01 -1.559E-01 -1.543E-01 -1.529E-01 -1.517E-01 -1.506E-01 -1.496E-01 -1.488E-01 -1.482E-01 -1.477E-01 -1.474E-01 -1.473E-01
     0.595  0.000E+00  0.000E+00  0.000E+00  0.000E+00  0.000E+00  0.000E+00  0.000E+00 -1.856E-01 -1.827E-01 -1.786E-01 -1.748E-01 -1.708E-01 -1.669E-01 -1.629E-01 -1.589E-01 -1.549E-01 -1.508E-01 -1.468E-01 -1.428E-01 -1.390E-01 -1.354E-01 -1.320E-01 -1.288E-01 -1.258E-01 -1.231E-01 -1.205E-01 -1.181E-01 -1.158E-01 -1.137E-01 -1.118E-01 -1.100E-01 -1.084E-01 -1.069E-01 -1.056E-01 -1.045E-01 -1.036E-01 -1.028E-01 -1.021E-01 -1.016E-01 -1.013E-01 -1.012E-01
     0.643  0.000E+00  0.000E+00  0.000E+00  0.000E+00  0.000E+00  0.000E+00 -1.428E-01 -1.393E-01 -1.356E-01 -1.316E-01 -1.277E-01 -1.236E-01 -1.196E-01 -1.157E-01 -1.117E-01 -1.077E-01 -1.038E-01 -9.987E-02 -9.605E-02 -9.236E-02 -8.883E-02 -8.549E-02 -8.234E-02 -7.939E-02 -7.662E-02 -7.402E-02 -7.161E-02 -6.933E-02 -6.719E-02 -6.522E-02 -6.342E-02 -6.179E-02 -6.033E-02 -5.903E-02 -5.790E-02 -5.693E-02 -5.612E-02 -5.548E-02 -5.500E-02 -5.467E-02 -5.451E-02
     0.690  0.000E+00  0.000E+00  0.000E+00  0.000E+00 -1.051E-01 -1.017E-01 -9.684E-02 -9.267E-02 -8.860E-02 -8.450E-02 -8.043E-02 -7.637E-02 -7.234E-02 -6.834E-02 -6.438E-02 -6.045E-02 -5.657E-02 -5.275E-02 -4.902E-02 -4.541E-02 -4.195E-02 -3.864E-02 -3.552E-02 -3.257E-02 -2.980E-02 -2.721E-02 -2.478E-02 -2.249E-02 -2.034E-02 -1.837E-02 -1.656E-02 -1.492E-02 -1.345E-02 -1.215E-02 -1.101E-02 -1.004E-02 -9.226E-03 -8.579E-03 -8.093E-03 -7.770E-03 -7.608E-03
     0.738  0.000E+00  0.000E+00 -6.767E-02 -6.443E-02 -5.943E-02 -5.484E-02 -5.017E-02 -4.575E-02 -4.148E-02 -3.729E-02 -3.314E-02 -2.905E-02 -2.500E-02 -2.100E-02 -1.704E-02 -1.314E-02 -9.299E-03 -5.532E-03 -1.859E-03  1.699E-03  5.120E-03  8.387E-03  1.149E-02  1.443E-02  1.719E-02  1.979E-02  2.221E-02  2.450E-02  2.666E-02  2.864E-02  3.045E-02  3.209E-02  3.357E-02  3.487E-02  3.601E-02  3.699E-02  3.780E-02  3.845E-02  3.894E-02  3.927E-02  3.943E-02
     0.786  0.000E+00 -2.796E-02 -2.269E-02 -1.799E-02 -1.296E-02 -7.998E-03 -3.231E-03  1.318E-03  5.706E-03  9.986E-03  1.418E-02  1.831E-02  2.238E-02  2.639E-02  3.033E-02  3.422E-02  3.803E-02  4.176E-02  4.539E-02  4.891E-02  5.230E-02  5.554E-02  5.862E-02  6.154E-02  6.430E-02  6.689E-02  6.932E-02  7.161E-02  7.377E-02  7.575E-02  7.756E-02  7.921E-02  8.069E-02  8.200E-02  8.314E-02  8.412E-02  8.493E-02  8.558E-02  8.607E-02  8.640E-02  8.656E-02
     0.833  0.000E+00  1.511E-02  2.295E-02  2.858E-02  3.385E-02  3.901E-02  4.387E-02  4.851E-02  5.298E-02  5.732E-02  6.156E-02  6.571E-02  6.980E-02  7.381E-02  7.775E-02  8.162E-02  8.541E-02  8.912E-02  9.272E-02  9.621E-02  9.957E-02  1.028E-01  1.059E-01  1.088E-01  1.115E-01  1.141E-01  1.165E-01  1.188E-01  1.210E-01  1.230E-01  1.248E-01  1.264E-01  1.279E-01  1.292E-01  1.304E-01  1.313E-01  1.322E-01  1.328E-01  1.333E-01  1.336E-01  1.338E-01
     0.881  5.821E-02  6.455E-02  7.055E-02  7.581E-02  8.101E-02  8.620E-02  9.111E-02  9.580E-02  1.003E-01  1.047E-01  1.090E-01  1.132E-01  1.173E-01  1.213E-01  1.252E-01  1.291E-01  1.329E-01  1.365E-01  1.401E-01  1.436E-01  1.469E-01  1.501E-01  1.532E-01  1.561E-01  1.588E-01  1.614E-01  1.638E-01  1.661E-01  1.683E-01  1.703E-01  1.721E-01  1.737E-01  1.752E-01  1.765E-01  1.777E-01  1.787E-01  1.795E-01  1.801E-01  1.806E-01  1.810E-01  1.811E-01
     0.929  1.109E-01  1.143E-01  1.188E-01  1.235E-01  1.284E-01  1.336E-01  1.385E-01  1.432E-01  1.478E-01  1.522E-01  1.565E-01  1.607E-01  1.648E-01  1.688E-01  1.727E-01  1.766E-01  1.804E-01  1.840E-01  1.876E-01  1.910E-01  1.944E-01  1.976E-01  2.006E-01  2.035E-01  2.062E-01  2.088E-01  2.113E-01  2.135E-01  2.157E-01  2.177E-01  2.195E-01  2.212E-01  2.226E-01  2.240E-01  2.251E-01  2.261E-01  2.269E-01  2.276E-01  2.281E-01  2.284E-01  2.285E-01
     0.976  1.606E-01  1.631E-01  1.669E-01  1.712E-01  1.760E-01  1.811E-01  1.860E-01  1.907E-01  1.953E-01  1.997E-01  2.040E-01  2.082E-01  2.123E-01  2.164E-01  2.203E-01  2.241E-01  2.279E-01  2.316E-01  2.351E-01  2.386E-01  2.419E-01  2.451E-01  2.481E-01  2.510E-01  2.538E-01  2.563E-01  2.588E-01  2.611E-01  2.632E-01  2.652E-01  2.670E-01  2.687E-01  2.702E-01  2.715E-01  2.726E-01  2.736E-01  2.744E-01  2.751E-01  2.756E-01  2.759E-01  2.761E-01
                     ---------- MASS BALANCE SUMMARY FOR TIME STEP       77 ----------
                         RECHARGE PERIOD NUMBER         1
                         TOTAL ELAPSED SIMULATION TIME =   2.160000E+04 sec 

  ++++++++++++++++++++++++++++++++++++++++++++++++++++++++++++++++++++++++++++++++++++++++++++++++++++++++++++++++++++++++++++++++
  +                                                                                                                              +
  +                                                                                           TOTAL THIS          RATE THIS      +
  +                                 VOLUMETRIC FLOW BALANCE                  TOTAL            TIME STEP            TIME STEP     +
  +                                                                        m   **3             m   **3           m   **3/sec     +
  +    FLUX INTO DOMAIN ACROSS SPECIFIED PRESSURE HEAD BOUNDARIES --      0.00000E+00         0.00000E+00         0.00000E+00    +
  +  FLUX OUT OF DOMAIN ACROSS SPECIFIED PRESSURE HEAD BOUNDARIES --     -2.03202E+00        -1.83778E-02        -1.17833E-04    +
  +             FLUX INTO DOMAIN ACROSS SPECIFIED FLUX BOUNDARIES --      2.54520E+00         1.83778E-02         1.17833E-04    +
  +           FLUX OUT OF DOMAIN ACROSS SPECIFIED FLUX BOUNDARIES --      0.00000E+00         0.00000E+00         0.00000E+00    +
  +                                        TOTAL FLUX INTO DOMAIN --      2.54520E+00         1.83778E-02         1.17833E-04    +
  +                                      TOTAL FLUX OUT OF DOMAIN --     -2.03202E+00        -1.83778E-02        -1.17833E-04    +
  +                                                   EVAPORATION --      0.00000E+00         0.00000E+00         0.00000E+00    +
  +                                                 TRANSPIRATION --      0.00000E+00         0.00000E+00         0.00000E+00    +
  +                                      TOTAL EVAPOTRANSPIRATION --      0.00000E+00         0.00000E+00         0.00000E+00    +
  +                                    FLUID FROM BOUNDARY CHANGE --      0.00000E+00         0.00000E+00         0.00000E+00    +
  +                              CHANGE IN FLUID STORED IN DOMAIN --      5.13276E-01         8.07182E-11         5.17542E-13    +
  +                                          FLUID VOLUME BALANCE --     -9.17695E-05         1.24954E-12         8.01171E-15    +
  +                                                                                                                              +
  ++++++++++++++++++++++++++++++++++++++++++++++++++++++++++++++++++++++++++++++++++++++++++++++++++++++++++++++++++++++++++++++++
