         TIME   TOTAL      TOTAL      TOTAL      TOTAL      TOTAL      TOTAL      FLUID      FLUID      FLUID      FLUID      FLUID      FLUID     
                FLOW IN    FLOW IN    FLOW IN    FLOW OUT   FLOW OUT   FLOW OUT   STORAGE    STORAGE    STORAGE    VOL BAL    VOL BAL    VOL BAL   
                TOTAL      TIME STEP  RATE       TOTAL      TIME STEP  RATE       TOTAL      TIME STEP  RATE       TOTAL      TIME STEP  RATE      
              
  1.500000E-01  1.824E-04  1.824E-04  1.216E-03 -3.760E-07 -3.760E-07 -2.507E-06  1.742E-03  1.742E-03  1.161E-02  1.610E-10  1.610E-10  1.073E-09
  3.750000E-01  4.582E-04  2.757E-04  1.225E-03 -9.401E-07 -5.641E-07 -2.507E-06  2.017E-03  2.752E-04  1.223E-03  4.276E-10  2.667E-10  1.185E-09
  7.125000E-01  8.833E-04  4.251E-04  1.260E-03 -1.786E-06 -8.461E-07 -2.507E-06  2.441E-03  4.243E-04  1.257E-03  1.289E-09  8.618E-10  2.553E-09
  1.218750E+00  1.520E-03  6.367E-04  1.258E-03 -3.055E-06 -1.269E-06 -2.507E-06  3.077E-03  6.354E-04  1.255E-03  1.721E-09  4.319E-10  8.532E-10
  1.978125E+00  2.219E-03  6.989E-04  9.203E-04 -4.959E-06 -1.904E-06 -2.507E-06  3.774E-03  6.970E-04  9.178E-04  2.362E-09  6.408E-10  8.439E-10
  3.117188E+00  3.039E-03  8.206E-04  7.204E-04 -7.815E-06 -2.856E-06 -2.507E-06  4.591E-03  8.177E-04  7.179E-04  2.548E-09  1.857E-10  1.630E-10
  4.825781E+00  4.047E-03  1.007E-03  5.896E-04 -1.210E-05 -4.283E-06 -2.507E-06  5.594E-03  1.003E-03  5.871E-04  2.475E-09 -7.322E-11 -4.286E-11
  7.388672E+00  5.265E-03  1.219E-03  4.754E-04 -1.852E-05 -6.425E-06 -2.507E-06  6.807E-03  1.212E-03  4.729E-04  2.434E-09 -4.030E-11 -1.572E-11
  1.123301E+01  6.753E-03  1.488E-03  3.871E-04 -2.816E-05 -9.638E-06 -2.507E-06  8.285E-03  1.478E-03  3.846E-04  2.448E-09  1.348E-11  3.507E-12
  1.699951E+01  8.579E-03  1.826E-03  3.167E-04 -4.262E-05 -1.446E-05 -2.507E-06  1.010E-02  1.812E-03  3.142E-04  2.462E-09  1.459E-11  2.530E-12
  2.564927E+01  1.083E-02  2.251E-03  2.602E-04 -6.430E-05 -2.168E-05 -2.507E-06  1.233E-02  2.229E-03  2.577E-04  2.478E-09  1.561E-11  1.804E-12
  3.862390E+01  1.362E-02  2.786E-03  2.147E-04 -9.683E-05 -3.253E-05 -2.507E-06  1.508E-02  2.753E-03  2.122E-04  2.479E-09  8.849E-13  6.820E-14
  5.808585E+01  1.708E-02  3.463E-03  1.779E-04 -1.456E-04 -4.879E-05 -2.507E-06  1.849E-02  3.414E-03  1.754E-04  2.480E-09  1.452E-12  7.459E-14
  8.727878E+01  2.140E-02  4.324E-03  1.481E-04 -2.188E-04 -7.319E-05 -2.507E-06  2.274E-02  4.251E-03  1.456E-04  2.479E-09 -1.657E-12 -5.675E-14
  1.310682E+02  2.683E-02  5.426E-03  1.239E-04 -3.286E-04 -1.098E-04 -2.507E-06  2.806E-02  5.317E-03  1.214E-04  2.476E-09 -2.253E-12 -5.144E-14
  1.967523E+02  3.368E-02  6.847E-03  1.042E-04 -4.932E-04 -1.647E-04 -2.507E-06  3.474E-02  6.683E-03  1.017E-04  2.474E-09 -2.932E-12 -4.464E-14
  2.952784E+02  4.237E-02  8.695E-03  8.826E-05 -7.402E-04 -2.470E-04 -2.507E-06  4.319E-02  8.448E-03  8.575E-05  2.475E-09  1.441E-12  1.462E-14
  4.430676E+02  5.350E-02  1.112E-02  7.526E-05 -1.111E-03 -3.705E-04 -2.507E-06  5.394E-02  1.075E-02  7.275E-05  2.480E-09  5.048E-12  3.416E-14
  6.647513E+02  6.784E-02  1.434E-02  6.471E-05 -1.667E-03 -5.558E-04 -2.507E-06  6.773E-02  1.379E-02  6.220E-05  2.489E-09  9.128E-12  4.118E-14
  9.972770E+02  8.651E-02  1.867E-02  5.615E-05 -2.500E-03 -8.336E-04 -2.507E-06  8.557E-02  1.784E-02  5.364E-05  2.492E-09  3.287E-12  9.884E-15
  1.397277E+03  1.065E-01  1.998E-02  4.995E-05 -3.503E-03 -1.003E-03 -2.507E-06  1.045E-01  1.898E-02  4.744E-05  2.497E-09  4.240E-12  1.060E-14
  1.797277E+03  1.248E-01  1.831E-02  4.578E-05 -4.506E-03 -1.003E-03 -2.507E-06  1.219E-01  1.731E-02  4.327E-05  2.497E-09  7.508E-13  1.877E-15
  2.197277E+03  1.419E-01  1.714E-02  4.285E-05 -5.508E-03 -1.003E-03 -2.507E-06  1.380E-01  1.614E-02  4.034E-05  2.509E-09  1.136E-11  2.839E-14
  2.597277E+03  1.582E-01  1.628E-02  4.069E-05 -6.511E-03 -1.003E-03 -2.507E-06  1.533E-01  1.527E-02  3.818E-05  2.516E-09  7.230E-12  1.808E-14
  2.997277E+03  1.738E-01  1.561E-02  3.903E-05 -7.514E-03 -1.003E-03 -2.507E-06  1.679E-01  1.461E-02  3.652E-05  2.521E-09  4.960E-12  1.240E-14
  3.397277E+03  1.889E-01  1.508E-02  3.770E-05 -8.517E-03 -1.003E-03 -2.507E-06  1.820E-01  1.408E-02  3.520E-05  2.533E-09  1.246E-11  3.115E-14
  3.797277E+03  2.036E-01  1.465E-02  3.662E-05 -9.520E-03 -1.003E-03 -2.507E-06  1.956E-01  1.365E-02  3.411E-05  2.543E-09  9.381E-12  2.345E-14
  4.197277E+03  2.178E-01  1.429E-02  3.572E-05 -1.052E-02 -1.003E-03 -2.507E-06  2.089E-01  1.328E-02  3.321E-05  2.550E-09  7.277E-12  1.819E-14
  4.597277E+03  2.318E-01  1.398E-02  3.495E-05 -1.153E-02 -1.003E-03 -2.507E-06  2.219E-01  1.298E-02  3.244E-05  2.556E-09  5.786E-12  1.446E-14
  4.997277E+03  2.455E-01  1.371E-02  3.428E-05 -1.253E-02 -1.003E-03 -2.507E-06  2.346E-01  1.271E-02  3.177E-05  2.561E-09  4.678E-12  1.169E-14
  5.397277E+03  2.590E-01  1.348E-02  3.370E-05 -1.353E-02 -1.003E-03 -2.507E-06  2.470E-01  1.248E-02  3.119E-05  2.564E-09  3.845E-12  9.614E-15
  5.797277E+03  2.723E-01  1.328E-02  3.319E-05 -1.453E-02 -1.003E-03 -2.507E-06  2.593E-01  1.227E-02  3.068E-05  2.568E-09  3.206E-12  8.016E-15
  6.197277E+03  2.854E-01  1.309E-02  3.273E-05 -1.554E-02 -1.003E-03 -2.507E-06  2.714E-01  1.209E-02  3.022E-05  2.570E-09  2.707E-12  6.768E-15
  6.597277E+03  2.983E-01  1.293E-02  3.232E-05 -1.654E-02 -1.003E-03 -2.507E-06  2.833E-01  1.193E-02  2.982E-05  2.573E-09  2.293E-12  5.732E-15
  6.997277E+03  3.111E-01  1.278E-02  3.195E-05 -1.754E-02 -1.003E-03 -2.507E-06  2.951E-01  1.178E-02  2.945E-05  2.579E-09  6.681E-12  1.670E-14
  7.397277E+03  3.237E-01  1.265E-02  3.162E-05 -1.854E-02 -1.003E-03 -2.507E-06  3.068E-01  1.164E-02  2.911E-05  2.585E-09  5.686E-12  1.422E-14
  7.797277E+03  3.363E-01  1.253E-02  3.131E-05 -1.955E-02 -1.003E-03 -2.507E-06  3.183E-01  1.152E-02  2.881E-05  2.590E-09  4.861E-12  1.215E-14
  8.197277E+03  3.487E-01  1.241E-02  3.103E-05 -2.055E-02 -1.003E-03 -2.507E-06  3.297E-01  1.141E-02  2.853E-05  2.594E-09  4.200E-12  1.050E-14
  8.597277E+03  3.610E-01  1.231E-02  3.077E-05 -2.155E-02 -1.003E-03 -2.507E-06  3.410E-01  1.131E-02  2.827E-05  2.598E-09  3.627E-12  9.066E-15
  8.997277E+03  3.732E-01  1.221E-02  3.054E-05 -2.256E-02 -1.003E-03 -2.507E-06  3.522E-01  1.121E-02  2.803E-05  2.601E-09  3.178E-12  7.945E-15
  9.397277E+03  3.853E-01  1.213E-02  3.032E-05 -2.356E-02 -1.003E-03 -2.507E-06  3.633E-01  1.112E-02  2.781E-05  2.604E-09  2.779E-12  6.949E-15
  9.797277E+03  3.974E-01  1.204E-02  3.011E-05 -2.456E-02 -1.003E-03 -2.507E-06  3.744E-01  1.104E-02  2.760E-05  2.606E-09  2.449E-12  6.123E-15
  1.019728E+04  4.093E-01  1.197E-02  2.992E-05 -2.556E-02 -1.003E-03 -2.507E-06  3.853E-01  1.096E-02  2.741E-05  2.608E-09  2.157E-12  5.394E-15
  1.059728E+04  4.212E-01  1.190E-02  2.974E-05 -2.657E-02 -1.003E-03 -2.507E-06  3.962E-01  1.089E-02  2.723E-05  2.610E-09  1.933E-12  4.834E-15
  1.099728E+04  4.331E-01  1.183E-02  2.957E-05 -2.757E-02 -1.003E-03 -2.507E-06  4.071E-01  1.083E-02  2.706E-05  2.612E-09  1.714E-12  4.285E-15
  1.139728E+04  4.448E-01  1.177E-02  2.941E-05 -2.857E-02 -1.003E-03 -2.507E-06  4.178E-01  1.076E-02  2.691E-05  2.613E-09  1.543E-12  3.859E-15
  1.179728E+04  4.565E-01  1.171E-02  2.927E-05 -2.958E-02 -1.003E-03 -2.507E-06  4.285E-01  1.070E-02  2.676E-05  2.615E-09  1.379E-12  3.447E-15
  1.219728E+04  4.682E-01  1.165E-02  2.913E-05 -3.058E-02 -1.003E-03 -2.507E-06  4.392E-01  1.065E-02  2.662E-05  2.616E-09  1.239E-12  3.097E-15
  1.259728E+04  4.798E-01  1.160E-02  2.899E-05 -3.158E-02 -1.003E-03 -2.507E-06  4.498E-01  1.059E-02  2.649E-05  2.617E-09  1.126E-12  2.815E-15
  1.299728E+04  4.913E-01  1.155E-02  2.887E-05 -3.258E-02 -1.003E-03 -2.507E-06  4.603E-01  1.054E-02  2.636E-05  2.629E-09  1.152E-11  2.880E-14
  1.339728E+04  5.028E-01  1.150E-02  2.875E-05 -3.359E-02 -1.003E-03 -2.507E-06  4.708E-01  1.050E-02  2.624E-05  2.639E-09  1.071E-11  2.679E-14
  1.379728E+04  5.143E-01  1.145E-02  2.864E-05 -3.459E-02 -1.003E-03 -2.507E-06  4.813E-01  1.045E-02  2.613E-05  2.649E-09  9.958E-12  2.489E-14
  1.419728E+04  5.257E-01  1.141E-02  2.853E-05 -3.559E-02 -1.003E-03 -2.507E-06  4.917E-01  1.041E-02  2.602E-05  2.659E-09  9.321E-12  2.330E-14
  1.459728E+04  5.371E-01  1.137E-02  2.843E-05 -3.659E-02 -1.003E-03 -2.507E-06  5.020E-01  1.037E-02  2.592E-05  2.667E-09  8.697E-12  2.174E-14
  1.499728E+04  5.484E-01  1.133E-02  2.833E-05 -3.760E-02 -1.003E-03 -2.507E-06  5.124E-01  1.033E-02  2.582E-05  2.676E-09  8.154E-12  2.039E-14
  1.539728E+04  5.597E-01  1.129E-02  2.824E-05 -3.860E-02 -1.003E-03 -2.507E-06  5.227E-01  1.029E-02  2.573E-05  2.683E-09  7.672E-12  1.918E-14
  1.579728E+04  5.710E-01  1.126E-02  2.815E-05 -3.960E-02 -1.003E-03 -2.507E-06  5.329E-01  1.026E-02  2.564E-05  2.690E-09  7.218E-12  1.805E-14
  1.619728E+04  5.822E-01  1.123E-02  2.806E-05 -4.061E-02 -1.003E-03 -2.507E-06  5.431E-01  1.022E-02  2.556E-05  2.697E-09  6.817E-12  1.704E-14
  1.659728E+04  5.934E-01  1.119E-02  2.798E-05 -4.161E-02 -1.003E-03 -2.507E-06  5.533E-01  1.019E-02  2.547E-05  2.704E-09  6.426E-12  1.606E-14
  1.699728E+04  6.045E-01  1.116E-02  2.790E-05 -4.261E-02 -1.003E-03 -2.507E-06  5.635E-01  1.016E-02  2.540E-05  2.710E-09  6.119E-12  1.530E-14
  1.739728E+04  6.157E-01  1.113E-02  2.783E-05 -4.361E-02 -1.003E-03 -2.507E-06  5.736E-01  1.013E-02  2.532E-05  2.716E-09  5.798E-12  1.449E-14
  1.779728E+04  6.268E-01  1.110E-02  2.776E-05 -4.462E-02 -1.003E-03 -2.507E-06  5.837E-01  1.010E-02  2.525E-05  2.721E-09  5.505E-12  1.376E-14
  1.819728E+04  6.378E-01  1.108E-02  2.769E-05 -4.562E-02 -1.003E-03 -2.507E-06  5.938E-01  1.007E-02  2.518E-05  2.726E-09  5.237E-12  1.309E-14
  1.859728E+04  6.489E-01  1.105E-02  2.762E-05 -4.662E-02 -1.003E-03 -2.507E-06  6.038E-01  1.005E-02  2.511E-05  2.731E-09  4.988E-12  1.247E-14
  1.899728E+04  6.599E-01  1.102E-02  2.756E-05 -4.763E-02 -1.003E-03 -2.507E-06  6.139E-01  1.002E-02  2.505E-05  2.736E-09  4.745E-12  1.186E-14
  1.939728E+04  6.709E-01  1.100E-02  2.750E-05 -4.863E-02 -1.003E-03 -2.507E-06  6.238E-01  9.996E-03  2.499E-05  2.741E-09  4.535E-12  1.134E-14
  1.979728E+04  6.819E-01  1.097E-02  2.744E-05 -4.963E-02 -1.003E-03 -2.507E-06  6.338E-01  9.972E-03  2.493E-05  2.745E-09  4.347E-12  1.087E-14
  2.019728E+04  6.928E-01  1.095E-02  2.738E-05 -5.063E-02 -1.003E-03 -2.508E-06  6.438E-01  9.949E-03  2.487E-05  2.749E-09  4.178E-12  1.044E-14
  2.059728E+04  7.038E-01  1.093E-02  2.732E-05 -5.164E-02 -1.004E-03 -2.509E-06  6.537E-01  9.926E-03  2.482E-05  2.753E-09  3.977E-12  9.941E-15
  2.099728E+04  7.147E-01  1.091E-02  2.727E-05 -5.264E-02 -1.005E-03 -2.512E-06  6.636E-01  9.903E-03  2.476E-05  2.757E-09  3.823E-12  9.558E-15
  2.139728E+04  7.256E-01  1.089E-02  2.722E-05 -5.365E-02 -1.008E-03 -2.519E-06  6.735E-01  9.880E-03  2.470E-05  2.761E-09  3.678E-12  9.195E-15
  2.179728E+04  7.364E-01  1.087E-02  2.717E-05 -5.466E-02 -1.014E-03 -2.534E-06  6.833E-01  9.854E-03  2.464E-05  2.764E-09  3.506E-12  8.766E-15
  2.219728E+04  7.473E-01  1.085E-02  2.712E-05 -5.569E-02 -1.027E-03 -2.569E-06  6.932E-01  9.821E-03  2.455E-05  2.767E-09  3.387E-12  8.466E-15
  2.259728E+04  7.581E-01  1.083E-02  2.707E-05 -5.675E-02 -1.058E-03 -2.645E-06  7.029E-01  9.772E-03  2.443E-05  2.771E-09  3.251E-12  8.127E-15
  2.299728E+04  7.689E-01  1.081E-02  2.703E-05 -5.788E-02 -1.125E-03 -2.813E-06  7.126E-01  9.686E-03  2.422E-05  2.774E-09  3.072E-12  7.680E-15
  2.339728E+04  7.797E-01  1.079E-02  2.699E-05 -5.914E-02 -1.270E-03 -3.175E-06  7.221E-01  9.524E-03  2.381E-05  2.777E-09  2.880E-12  7.200E-15
  2.379728E+04  7.905E-01  1.078E-02  2.694E-05 -6.071E-02 -1.568E-03 -3.920E-06  7.313E-01  9.209E-03  2.302E-05  2.780E-09  2.832E-12  7.080E-15
  2.419728E+04  8.013E-01  1.076E-02  2.690E-05 -6.284E-02 -2.130E-03 -5.324E-06  7.400E-01  8.631E-03  2.158E-05  2.782E-09  2.034E-12  5.084E-15
  2.459728E+04  8.120E-01  1.074E-02  2.686E-05 -6.587E-02 -3.025E-03 -7.563E-06  7.477E-01  7.719E-03  1.930E-05  2.789E-09  7.792E-12  1.948E-14
  2.499728E+04  8.227E-01  1.073E-02  2.682E-05 -7.003E-02 -4.162E-03 -1.041E-05  7.543E-01  6.567E-03  1.642E-05  2.791E-09  2.107E-12  5.268E-15
  2.539728E+04  8.334E-01  1.071E-02  2.678E-05 -7.535E-02 -5.320E-03 -1.330E-05  7.597E-01  5.394E-03  1.348E-05  2.797E-09  5.571E-12  1.393E-14
  2.579728E+04  8.441E-01  1.070E-02  2.674E-05 -8.168E-02 -6.333E-03 -1.583E-05  7.640E-01  4.364E-03  1.091E-05  2.798E-09  1.202E-12  3.006E-15
  2.619728E+04  8.548E-01  1.068E-02  2.670E-05 -8.884E-02 -7.154E-03 -1.788E-05  7.675E-01  3.528E-03  8.819E-06  2.805E-09  6.465E-12  1.616E-14
  2.659728E+04  8.655E-01  1.066E-02  2.666E-05 -9.663E-02 -7.794E-03 -1.949E-05  7.704E-01  2.869E-03  7.173E-06  2.806E-09  1.635E-12  4.087E-15
  2.699728E+04  8.761E-01  1.064E-02  2.661E-05 -1.049E-01 -8.289E-03 -2.072E-05  7.728E-01  2.354E-03  5.885E-06  2.807E-09  4.035E-13  1.009E-15
  2.739728E+04  8.867E-01  1.062E-02  2.654E-05 -1.136E-01 -8.670E-03 -2.168E-05  7.747E-01  1.946E-03  4.866E-06  2.817E-09  9.936E-12  2.484E-14
  2.779728E+04  8.973E-01  1.058E-02  2.646E-05 -1.226E-01 -8.966E-03 -2.242E-05  7.763E-01  1.617E-03  4.042E-06  2.820E-09  3.526E-12  8.815E-15
  2.819728E+04  9.079E-01  1.054E-02  2.635E-05 -1.318E-01 -9.198E-03 -2.300E-05  7.777E-01  1.340E-03  3.350E-06  2.822E-09  1.343E-12  3.358E-15
  2.859728E+04  9.183E-01  1.047E-02  2.618E-05 -1.411E-01 -9.381E-03 -2.345E-05  7.788E-01  1.093E-03  2.732E-06  2.822E-09  5.725E-13  1.431E-15
  2.899728E+04  9.287E-01  1.037E-02  2.593E-05 -1.507E-01 -9.525E-03 -2.381E-05  7.796E-01  8.469E-04  2.117E-06  2.822E-09  3.924E-13  9.809E-16
  2.939728E+04  9.389E-01  1.017E-02  2.542E-05 -1.603E-01 -9.634E-03 -2.409E-05  7.801E-01  5.335E-04  1.334E-06  2.822E-09  1.053E-14  2.633E-17
  2.979728E+04  9.487E-01  9.836E-03  2.459E-05 -1.700E-01 -9.705E-03 -2.426E-05  7.803E-01  1.309E-04  3.273E-07  2.823E-09  1.333E-14  3.332E-17
  3.019728E+04  9.585E-01  9.733E-03  2.433E-05 -1.797E-01 -9.720E-03 -2.430E-05  7.803E-01  1.297E-05  3.241E-08  2.822E-09 -1.310E-14 -3.276E-17
  3.059728E+04  9.682E-01  9.721E-03  2.430E-05 -1.894E-01 -9.720E-03 -2.430E-05  7.803E-01  1.253E-06  3.132E-09  2.823E-09  2.679E-14  6.699E-17
  3.099728E+04  9.779E-01  9.720E-03  2.430E-05 -1.992E-01 -9.720E-03 -2.430E-05  7.803E-01  1.205E-07  3.014E-10  2.822E-09 -1.127E-13 -2.818E-16
  3.139728E+04  9.876E-01  9.720E-03  2.430E-05 -2.089E-01 -9.720E-03 -2.430E-05  7.803E-01  1.158E-08  2.896E-11  2.823E-09  1.990E-13  4.974E-16
  3.179728E+04  9.973E-01  9.720E-03  2.430E-05 -2.186E-01 -9.720E-03 -2.430E-05  7.803E-01  1.113E-09  2.783E-12  2.823E-09  2.205E-13  5.512E-16
  3.219728E+04  1.007E+00  9.720E-03  2.430E-05 -2.283E-01 -9.720E-03 -2.430E-05  7.803E-01  1.070E-10  2.674E-13  2.823E-09  2.099E-13  5.248E-16
  3.259728E+04  1.017E+00  9.720E-03  2.430E-05 -2.380E-01 -9.720E-03 -2.430E-05  7.803E-01  1.028E-11  2.570E-14  2.823E-09  2.062E-13  5.155E-16
  3.299728E+04  1.026E+00  9.720E-03  2.430E-05 -2.478E-01 -9.720E-03 -2.430E-05  7.803E-01  9.904E-13  2.476E-15  2.823E-09  1.804E-13  4.509E-16
  3.339728E+04  1.036E+00  9.720E-03  2.430E-05 -2.575E-01 -9.720E-03 -2.430E-05  7.803E-01  9.081E-14  2.270E-16  2.824E-09  2.180E-13  5.451E-16
  3.379728E+04  1.046E+00  9.720E-03  2.430E-05 -2.672E-01 -9.720E-03 -2.430E-05  7.803E-01  8.771E-15  2.193E-17  2.824E-09  2.193E-13  5.484E-16
  3.419728E+04  1.056E+00  9.720E-03  2.430E-05 -2.769E-01 -9.720E-03 -2.430E-05  7.803E-01  7.421E-17  1.855E-19  2.824E-09  2.260E-13  5.649E-16
  3.459728E+04  1.065E+00  9.720E-03  2.430E-05 -2.866E-01 -9.720E-03 -2.430E-05  7.803E-01  1.394E-15  3.486E-18  2.824E-09  2.121E-13  5.303E-16
  3.499728E+04  1.075E+00  9.720E-03  2.430E-05 -2.964E-01 -9.720E-03 -2.430E-05  7.803E-01 -1.498E-15 -3.745E-18  2.825E-09  2.277E-13  5.692E-16
  3.539728E+04  1.085E+00  9.720E-03  2.430E-05 -3.061E-01 -9.720E-03 -2.430E-05  7.803E-01  7.169E-16  1.792E-18  2.825E-09  2.210E-13  5.524E-16
  3.579728E+04  1.095E+00  9.720E-03  2.430E-05 -3.158E-01 -9.720E-03 -2.430E-05  7.803E-01 -1.083E-15 -2.707E-18  2.825E-09  2.308E-13  5.770E-16
  3.619728E+04  1.104E+00  9.720E-03  2.430E-05 -3.255E-01 -9.720E-03 -2.430E-05  7.803E-01  7.780E-16  1.945E-18  2.825E-09  2.225E-13  5.563E-16
  3.659728E+04  1.114E+00  9.720E-03  2.430E-05 -3.352E-01 -9.720E-03 -2.430E-05  7.803E-01 -5.442E-16 -1.361E-18  2.825E-09  2.292E-13  5.731E-16
  3.699728E+04  1.124E+00  9.720E-03  2.430E-05 -3.450E-01 -9.720E-03 -2.430E-05  7.803E-01  4.536E-16  1.134E-18  2.826E-09  2.222E-13  5.554E-16
  3.739728E+04  1.133E+00  9.720E-03  2.430E-05 -3.547E-01 -9.720E-03 -2.430E-05  7.803E-01  1.508E-15  3.769E-18  2.826E-09  2.123E-13  5.308E-16
  3.779728E+04  1.143E+00  9.720E-03  2.430E-05 -3.644E-01 -9.720E-03 -2.430E-05  7.803E-01 -1.420E-15 -3.550E-18  2.826E-09  2.230E-13  5.574E-16
  3.819728E+04  1.153E+00  9.720E-03  2.430E-05 -3.741E-01 -9.720E-03 -2.430E-05  7.803E-01  3.457E-16  8.642E-19  2.826E-09  2.208E-13  5.520E-16
  3.859728E+04  1.163E+00  9.720E-03  2.430E-05 -3.838E-01 -9.720E-03 -2.430E-05  7.803E-01  9.695E-16  2.424E-18  2.827E-09  2.123E-13  5.308E-16
  3.899728E+04  1.172E+00  9.720E-03  2.430E-05 -3.936E-01 -9.720E-03 -2.430E-05  7.803E-01 -1.156E-15 -2.890E-18  2.827E-09  2.209E-13  5.523E-16
  3.939728E+04  1.182E+00  9.720E-03  2.430E-05 -4.033E-01 -9.720E-03 -2.430E-05  7.803E-01 -1.577E-15 -3.942E-18  2.827E-09  2.402E-13  6.005E-16
  3.979728E+04  1.192E+00  9.720E-03  2.430E-05 -4.130E-01 -9.720E-03 -2.430E-05  7.803E-01  3.021E-16  7.553E-19  2.827E-09  2.334E-13  5.834E-16
  4.000000E+04  1.197E+00  4.926E-03  2.430E-05 -4.179E-01 -4.926E-03 -2.430E-05  7.803E-01  2.386E-14  1.177E-16  2.827E-09 -1.597E-14 -7.876E-17
  4.000015E+04  1.197E+00  0.000E+00  0.000E+00 -4.180E-01 -8.639E-05 -5.759E-04  7.802E-01 -8.639E-05 -5.759E-04  2.822E-09 -4.802E-12 -3.201E-11
  4.000038E+04  1.197E+00  0.000E+00  0.000E+00 -4.181E-01 -1.052E-04 -4.677E-04  7.801E-01 -1.052E-04 -4.677E-04  2.458E-09 -3.645E-10 -1.620E-09
  4.000071E+04  1.197E+00  0.000E+00  0.000E+00 -4.182E-01 -1.318E-04 -3.906E-04  7.800E-01 -1.318E-04 -3.906E-04  2.750E-09  2.923E-10  8.661E-10
  4.000122E+04  1.197E+00  0.000E+00  0.000E+00 -4.184E-01 -1.662E-04 -3.283E-04  7.798E-01 -1.662E-04 -3.283E-04  3.500E-09  7.499E-10  1.481E-09
  4.000198E+04  1.197E+00  0.000E+00  0.000E+00 -4.186E-01 -2.094E-04 -2.758E-04  7.796E-01 -2.094E-04 -2.758E-04  4.767E-09  1.267E-09  1.669E-09
  4.000312E+04  1.197E+00  0.000E+00  0.000E+00 -4.189E-01 -2.633E-04 -2.311E-04  7.793E-01 -2.633E-04 -2.311E-04  6.456E-09  1.689E-09  1.482E-09
  4.000483E+04  1.197E+00  0.000E+00  0.000E+00 -4.192E-01 -3.301E-04 -1.932E-04  7.790E-01 -3.301E-04 -1.932E-04  7.960E-09  1.504E-09  8.801E-10
  4.000739E+04  1.197E+00  0.000E+00  0.000E+00 -4.196E-01 -4.133E-04 -1.613E-04  7.786E-01 -4.133E-04 -1.613E-04  7.887E-09 -7.223E-11 -2.818E-11
  4.001123E+04  1.197E+00  0.000E+00  0.000E+00 -4.201E-01 -5.174E-04 -1.346E-04  7.781E-01 -5.174E-04 -1.346E-04  4.309E-09 -3.578E-09 -9.308E-10
  4.001700E+04  1.197E+00  0.000E+00  0.000E+00 -4.208E-01 -6.485E-04 -1.125E-04  7.774E-01 -6.484E-04 -1.125E-04 -4.023E-09 -8.333E-09 -1.445E-09
  4.002565E+04  1.197E+00  0.000E+00  0.000E+00 -4.216E-01 -8.149E-04 -9.421E-05  7.766E-01 -8.149E-04 -9.421E-05 -1.571E-08 -1.169E-08 -1.351E-09
  4.003862E+04  1.197E+00  0.000E+00  0.000E+00 -4.226E-01 -1.028E-03 -7.924E-05  7.756E-01 -1.028E-03 -7.924E-05 -2.542E-08 -9.710E-09 -7.484E-10
  4.005809E+04  1.197E+00  0.000E+00  0.000E+00 -4.239E-01 -1.304E-03 -6.699E-05  7.743E-01 -1.304E-03 -6.699E-05 -2.945E-08 -4.029E-09 -2.070E-10
  4.008728E+04  1.197E+00  0.000E+00  0.000E+00 -4.256E-01 -1.664E-03 -5.700E-05  7.726E-01 -1.664E-03 -5.700E-05 -1.391E-08  1.554E-08  5.324E-10
  4.013107E+04  1.197E+00  0.000E+00  0.000E+00 -4.277E-01 -2.140E-03 -4.887E-05  7.705E-01 -2.140E-03 -4.887E-05  1.545E-08  2.935E-08  6.703E-10
  4.019675E+04  1.197E+00  0.000E+00  0.000E+00 -4.305E-01 -2.778E-03 -4.229E-05  7.677E-01 -2.778E-03 -4.229E-05  4.912E-08  3.367E-08  5.126E-10
  4.029528E+04  1.197E+00  0.000E+00  0.000E+00 -4.342E-01 -3.646E-03 -3.700E-05  7.640E-01 -3.646E-03 -3.700E-05  7.568E-08  2.657E-08  2.696E-10
  4.044307E+04  1.197E+00  0.000E+00  0.000E+00 -4.390E-01 -4.846E-03 -3.279E-05  7.592E-01 -4.846E-03 -3.279E-05  8.941E-08  1.373E-08  9.291E-11
  4.066475E+04  1.197E+00  0.000E+00  0.000E+00 -4.456E-01 -6.537E-03 -2.949E-05  7.527E-01 -6.537E-03 -2.949E-05  9.256E-08  3.147E-09  1.420E-11
  4.099728E+04  1.197E+00  0.000E+00  0.000E+00 -4.545E-01 -8.958E-03 -2.694E-05  7.437E-01 -8.958E-03 -2.694E-05  9.130E-08 -1.258E-09 -3.783E-12
  4.139728E+04  1.197E+00  0.000E+00  0.000E+00 -4.646E-01 -1.010E-02 -2.525E-05  7.336E-01 -1.010E-02 -2.525E-05  9.088E-08 -4.220E-10 -1.055E-12
  4.179728E+04  1.197E+00  0.000E+00  0.000E+00 -4.743E-01 -9.679E-03 -2.420E-05  7.239E-01 -9.679E-03 -2.420E-05  9.090E-08  1.543E-11  3.858E-14
  4.219728E+04  1.197E+00  1.900E-04  4.749E-07 -4.839E-01 -9.582E-03 -2.396E-05  7.145E-01 -9.393E-03 -2.348E-05  9.080E-08 -1.004E-10 -2.511E-13
  4.259728E+04  1.197E+00  3.644E-04  9.111E-07 -4.934E-01 -9.547E-03 -2.387E-05  7.053E-01 -9.183E-03 -2.296E-05  9.055E-08 -2.516E-10 -6.290E-13
  4.299728E+04  1.198E+00  4.903E-04  1.226E-06 -5.029E-01 -9.510E-03 -2.378E-05  6.963E-01 -9.020E-03 -2.255E-05  9.021E-08 -3.401E-10 -8.501E-13
  4.339728E+04  1.198E+00  5.842E-04  1.461E-06 -5.124E-01 -9.472E-03 -2.368E-05  6.874E-01 -8.888E-03 -2.222E-05  8.984E-08 -3.641E-10 -9.102E-13
  4.379728E+04  1.199E+00  6.561E-04  1.640E-06 -5.218E-01 -9.433E-03 -2.358E-05  6.787E-01 -8.777E-03 -2.194E-05  8.950E-08 -3.435E-10 -8.588E-13
  4.419728E+04  1.200E+00  7.123E-04  1.781E-06 -5.312E-01 -9.392E-03 -2.348E-05  6.700E-01 -8.680E-03 -2.170E-05  8.920E-08 -2.989E-10 -7.472E-13
  4.459728E+04  1.200E+00  7.570E-04  1.893E-06 -5.406E-01 -9.350E-03 -2.337E-05  6.614E-01 -8.593E-03 -2.148E-05  8.895E-08 -2.456E-10 -6.141E-13
  4.499728E+04  1.201E+00  7.931E-04  1.983E-06 -5.499E-01 -9.306E-03 -2.326E-05  6.529E-01 -8.513E-03 -2.128E-05  8.876E-08 -1.934E-10 -4.836E-13
  4.539728E+04  1.202E+00  8.226E-04  2.057E-06 -5.591E-01 -9.261E-03 -2.315E-05  6.444E-01 -8.438E-03 -2.109E-05  8.861E-08 -1.476E-10 -3.689E-13
  4.579728E+04  1.203E+00  8.470E-04  2.117E-06 -5.684E-01 -9.214E-03 -2.303E-05  6.361E-01 -8.367E-03 -2.092E-05  8.850E-08 -1.102E-10 -2.754E-13
  4.619728E+04  1.204E+00  8.673E-04  2.168E-06 -5.775E-01 -9.166E-03 -2.291E-05  6.278E-01 -8.298E-03 -2.075E-05  8.842E-08 -8.152E-11 -2.038E-13
  4.659728E+04  1.205E+00  8.844E-04  2.211E-06 -5.866E-01 -9.116E-03 -2.279E-05  6.195E-01 -8.232E-03 -2.058E-05  8.836E-08 -6.089E-11 -1.522E-13
  4.699728E+04  1.206E+00  8.989E-04  2.247E-06 -5.957E-01 -9.065E-03 -2.266E-05  6.114E-01 -8.166E-03 -2.042E-05  8.831E-08 -4.704E-11 -1.176E-13
  4.739728E+04  1.206E+00  9.112E-04  2.278E-06 -6.047E-01 -9.013E-03 -2.253E-05  6.033E-01 -8.102E-03 -2.025E-05  8.827E-08 -3.866E-11 -9.664E-14
  4.779728E+04  1.207E+00  9.218E-04  2.305E-06 -6.137E-01 -8.959E-03 -2.240E-05  5.952E-01 -8.037E-03 -2.009E-05  8.824E-08 -3.438E-11 -8.595E-14
  4.819728E+04  1.208E+00  9.309E-04  2.327E-06 -6.226E-01 -8.904E-03 -2.226E-05  5.873E-01 -7.973E-03 -1.993E-05  8.821E-08 -3.311E-11 -8.278E-14
  4.859728E+04  1.209E+00  9.388E-04  2.347E-06 -6.314E-01 -8.847E-03 -2.212E-05  5.794E-01 -7.909E-03 -1.977E-05  8.817E-08 -3.392E-11 -8.480E-14
  4.899728E+04  1.210E+00  9.457E-04  2.364E-06 -6.402E-01 -8.790E-03 -2.197E-05  5.715E-01 -7.844E-03 -1.961E-05  8.814E-08 -3.603E-11 -9.008E-14
  4.939728E+04  1.211E+00  9.517E-04  2.379E-06 -6.490E-01 -8.730E-03 -2.183E-05  5.637E-01 -7.779E-03 -1.945E-05  8.810E-08 -3.891E-11 -9.729E-14
  4.979728E+04  1.212E+00  9.570E-04  2.392E-06 -6.576E-01 -8.670E-03 -2.168E-05  5.560E-01 -7.713E-03 -1.928E-05  8.806E-08 -4.211E-11 -1.053E-13
  5.019728E+04  1.213E+00  9.616E-04  2.404E-06 -6.662E-01 -8.608E-03 -2.152E-05  5.484E-01 -7.647E-03 -1.912E-05  8.801E-08 -4.536E-11 -1.134E-13
  5.059728E+04  1.214E+00  9.657E-04  2.414E-06 -6.748E-01 -8.546E-03 -2.136E-05  5.408E-01 -7.580E-03 -1.895E-05  8.796E-08 -4.834E-11 -1.209E-13
  5.099728E+04  1.215E+00  9.693E-04  2.423E-06 -6.833E-01 -8.481E-03 -2.120E-05  5.333E-01 -7.512E-03 -1.878E-05  8.791E-08 -5.103E-11 -1.276E-13
  5.139728E+04  1.216E+00  9.725E-04  2.431E-06 -6.917E-01 -8.416E-03 -2.104E-05  5.258E-01 -7.444E-03 -1.861E-05  8.786E-08 -5.323E-11 -1.331E-13
  5.179728E+04  1.217E+00  9.754E-04  2.438E-06 -7.000E-01 -8.350E-03 -2.088E-05  5.185E-01 -7.375E-03 -1.844E-05  8.780E-08 -5.505E-11 -1.376E-13
  5.219728E+04  1.218E+00  9.779E-04  2.445E-06 -7.083E-01 -8.283E-03 -2.071E-05  5.112E-01 -7.305E-03 -1.826E-05  8.775E-08 -5.634E-11 -1.409E-13
  5.259728E+04  1.219E+00  9.802E-04  2.450E-06 -7.165E-01 -8.214E-03 -2.054E-05  5.039E-01 -7.234E-03 -1.809E-05  8.769E-08 -5.717E-11 -1.429E-13
  5.299728E+04  1.220E+00  9.822E-04  2.456E-06 -7.247E-01 -8.145E-03 -2.036E-05  4.968E-01 -7.163E-03 -1.791E-05  8.763E-08 -5.759E-11 -1.440E-13
  5.339728E+04  1.221E+00  9.840E-04  2.460E-06 -7.327E-01 -8.075E-03 -2.019E-05  4.897E-01 -7.091E-03 -1.773E-05  8.757E-08 -5.761E-11 -1.440E-13
  5.379728E+04  1.222E+00  9.857E-04  2.464E-06 -7.407E-01 -8.004E-03 -2.001E-05  4.827E-01 -7.019E-03 -1.755E-05  8.752E-08 -5.725E-11 -1.431E-13
  5.419728E+04  1.223E+00  9.872E-04  2.468E-06 -7.487E-01 -7.933E-03 -1.983E-05  4.757E-01 -6.945E-03 -1.736E-05  8.746E-08 -5.658E-11 -1.415E-13
  5.459728E+04  1.224E+00  9.885E-04  2.471E-06 -7.565E-01 -7.860E-03 -1.965E-05  4.688E-01 -6.872E-03 -1.718E-05  8.740E-08 -5.564E-11 -1.391E-13
  5.499728E+04  1.225E+00  9.897E-04  2.474E-06 -7.643E-01 -7.787E-03 -1.947E-05  4.620E-01 -6.798E-03 -1.699E-05  8.735E-08 -5.446E-11 -1.362E-13
  5.539728E+04  1.226E+00  9.908E-04  2.477E-06 -7.720E-01 -7.714E-03 -1.928E-05  4.553E-01 -6.723E-03 -1.681E-05  8.730E-08 -5.311E-11 -1.328E-13
  5.579728E+04  1.227E+00  9.918E-04  2.480E-06 -7.797E-01 -7.639E-03 -1.910E-05  4.487E-01 -6.648E-03 -1.662E-05  8.724E-08 -5.159E-11 -1.290E-13
  5.619728E+04  1.228E+00  9.927E-04  2.482E-06 -7.872E-01 -7.565E-03 -1.891E-05  4.421E-01 -6.572E-03 -1.643E-05  8.719E-08 -4.996E-11 -1.249E-13
  5.659728E+04  1.229E+00  9.935E-04  2.484E-06 -7.947E-01 -7.490E-03 -1.872E-05  4.356E-01 -6.496E-03 -1.624E-05  8.715E-08 -4.821E-11 -1.205E-13
  5.699728E+04  1.230E+00  9.943E-04  2.486E-06 -8.021E-01 -7.414E-03 -1.854E-05  4.292E-01 -6.420E-03 -1.605E-05  8.710E-08 -4.640E-11 -1.160E-13
  5.739728E+04  1.231E+00  9.950E-04  2.487E-06 -8.095E-01 -7.339E-03 -1.835E-05  4.228E-01 -6.344E-03 -1.586E-05  8.706E-08 -4.455E-11 -1.114E-13
  5.779728E+04  1.232E+00  9.956E-04  2.489E-06 -8.167E-01 -7.263E-03 -1.816E-05  4.166E-01 -6.267E-03 -1.567E-05  8.701E-08 -4.266E-11 -1.067E-13
  5.819728E+04  1.233E+00  9.961E-04  2.490E-06 -8.239E-01 -7.187E-03 -1.797E-05  4.104E-01 -6.191E-03 -1.548E-05  8.697E-08 -4.078E-11 -1.020E-13
  5.859728E+04  1.234E+00  9.967E-04  2.492E-06 -8.310E-01 -7.111E-03 -1.778E-05  4.043E-01 -6.114E-03 -1.529E-05  8.693E-08 -3.893E-11 -9.733E-14
  5.899728E+04  1.235E+00  9.971E-04  2.493E-06 -8.381E-01 -7.034E-03 -1.759E-05  3.982E-01 -6.037E-03 -1.509E-05  8.690E-08 -3.705E-11 -9.262E-14
  5.939728E+04  1.236E+00  9.976E-04  2.494E-06 -8.450E-01 -6.958E-03 -1.740E-05  3.923E-01 -5.961E-03 -1.490E-05  8.686E-08 -3.523E-11 -8.806E-14
  5.979728E+04  1.237E+00  9.980E-04  2.495E-06 -8.519E-01 -6.882E-03 -1.721E-05  3.864E-01 -5.884E-03 -1.471E-05  8.683E-08 -3.343E-11 -8.359E-14
  6.019728E+04  1.238E+00  9.983E-04  2.496E-06 -8.587E-01 -6.806E-03 -1.702E-05  3.806E-01 -5.808E-03 -1.452E-05  8.680E-08 -3.168E-11 -7.921E-14
  6.059728E+04  1.239E+00  9.987E-04  2.497E-06 -8.655E-01 -6.730E-03 -1.683E-05  3.748E-01 -5.731E-03 -1.433E-05  8.677E-08 -3.001E-11 -7.502E-14
  6.099728E+04  1.240E+00  9.990E-04  2.497E-06 -8.721E-01 -6.654E-03 -1.664E-05  3.692E-01 -5.655E-03 -1.414E-05  8.674E-08 -2.836E-11 -7.091E-14
  6.139728E+04  1.241E+00  9.992E-04  2.498E-06 -8.787E-01 -6.579E-03 -1.645E-05  3.636E-01 -5.580E-03 -1.395E-05  8.671E-08 -2.677E-11 -6.693E-14
  6.179728E+04  1.242E+00  9.995E-04  2.499E-06 -8.852E-01 -6.504E-03 -1.626E-05  3.581E-01 -5.504E-03 -1.376E-05  8.669E-08 -2.528E-11 -6.321E-14
  6.219728E+04  1.243E+00  9.997E-04  2.499E-06 -8.916E-01 -6.429E-03 -1.607E-05  3.527E-01 -5.429E-03 -1.357E-05  8.666E-08 -2.382E-11 -5.954E-14
  6.259728E+04  1.244E+00  1.000E-03  2.500E-06 -8.980E-01 -6.355E-03 -1.589E-05  3.473E-01 -5.355E-03 -1.339E-05  8.664E-08 -2.242E-11 -5.605E-14
  6.299728E+04  1.245E+00  1.000E-03  2.500E-06 -9.043E-01 -6.281E-03 -1.570E-05  3.420E-01 -5.280E-03 -1.320E-05  8.662E-08 -2.110E-11 -5.275E-14
  6.339728E+04  1.246E+00  1.000E-03  2.501E-06 -9.105E-01 -6.207E-03 -1.552E-05  3.368E-01 -5.207E-03 -1.302E-05  8.660E-08 -1.984E-11 -4.960E-14
  6.379728E+04  1.247E+00  1.001E-03  2.501E-06 -9.166E-01 -6.134E-03 -1.534E-05  3.317E-01 -5.133E-03 -1.283E-05  8.658E-08 -1.866E-11 -4.665E-14
  6.419728E+04  1.248E+00  1.001E-03  2.502E-06 -9.227E-01 -6.062E-03 -1.515E-05  3.266E-01 -5.061E-03 -1.265E-05  8.656E-08 -1.750E-11 -4.376E-14
  6.459728E+04  1.249E+00  1.001E-03  2.502E-06 -9.287E-01 -5.990E-03 -1.497E-05  3.216E-01 -4.989E-03 -1.247E-05  8.655E-08 -1.643E-11 -4.108E-14
  6.499728E+04  1.250E+00  1.001E-03  2.502E-06 -9.346E-01 -5.918E-03 -1.480E-05  3.167E-01 -4.917E-03 -1.229E-05  8.653E-08 -1.542E-11 -3.854E-14
  6.539728E+04  1.251E+00  1.001E-03  2.503E-06 -9.404E-01 -5.847E-03 -1.462E-05  3.119E-01 -4.846E-03 -1.212E-05  8.652E-08 -1.444E-11 -3.610E-14
  6.579728E+04  1.252E+00  1.001E-03  2.503E-06 -9.462E-01 -5.777E-03 -1.444E-05  3.071E-01 -4.776E-03 -1.194E-05  8.650E-08 -1.353E-11 -3.382E-14
  6.619728E+04  1.253E+00  1.001E-03  2.503E-06 -9.519E-01 -5.708E-03 -1.427E-05  3.024E-01 -4.707E-03 -1.177E-05  8.649E-08 -1.269E-11 -3.174E-14
  6.659728E+04  1.254E+00  1.001E-03  2.504E-06 -9.575E-01 -5.639E-03 -1.410E-05  2.978E-01 -4.638E-03 -1.159E-05  8.648E-08 -1.187E-11 -2.967E-14
  6.699728E+04  1.255E+00  1.002E-03  2.504E-06 -9.631E-01 -5.571E-03 -1.393E-05  2.932E-01 -4.570E-03 -1.142E-05  8.647E-08 -1.111E-11 -2.777E-14
  6.739728E+04  1.256E+00  1.002E-03  2.504E-06 -9.686E-01 -5.504E-03 -1.376E-05  2.887E-01 -4.502E-03 -1.126E-05  8.646E-08 -1.039E-11 -2.599E-14
  6.779728E+04  1.257E+00  1.002E-03  2.504E-06 -9.741E-01 -5.437E-03 -1.359E-05  2.843E-01 -4.436E-03 -1.109E-05  8.645E-08 -9.723E-12 -2.431E-14
  6.819728E+04  1.258E+00  1.002E-03  2.504E-06 -9.794E-01 -5.371E-03 -1.343E-05  2.799E-01 -4.370E-03 -1.092E-05  8.644E-08 -9.081E-12 -2.270E-14
  6.859728E+04  1.259E+00  1.002E-03  2.505E-06 -9.847E-01 -5.306E-03 -1.327E-05  2.756E-01 -4.305E-03 -1.076E-05  8.643E-08 -8.498E-12 -2.124E-14
  6.899728E+04  1.260E+00  1.002E-03  2.505E-06 -9.900E-01 -5.242E-03 -1.311E-05  2.713E-01 -4.240E-03 -1.060E-05  8.642E-08 -7.952E-12 -1.988E-14
  6.939728E+04  1.261E+00  1.002E-03  2.505E-06 -9.952E-01 -5.179E-03 -1.295E-05  2.672E-01 -4.177E-03 -1.044E-05  8.641E-08 -7.433E-12 -1.858E-14
  6.979728E+04  1.262E+00  1.002E-03  2.505E-06 -1.000E+00 -5.116E-03 -1.279E-05  2.631E-01 -4.114E-03 -1.028E-05  8.641E-08 -6.949E-12 -1.737E-14
  7.019728E+04  1.263E+00  1.002E-03  2.505E-06 -1.005E+00 -5.054E-03 -1.264E-05  2.590E-01 -4.052E-03 -1.013E-05  8.640E-08 -6.493E-12 -1.623E-14
  7.059728E+04  1.264E+00  1.002E-03  2.505E-06 -1.010E+00 -4.993E-03 -1.248E-05  2.550E-01 -3.991E-03 -9.977E-06  8.639E-08 -6.075E-12 -1.519E-14
  7.099728E+04  1.265E+00  1.002E-03  2.505E-06 -1.015E+00 -4.933E-03 -1.233E-05  2.511E-01 -3.930E-03 -9.826E-06  8.639E-08 -5.671E-12 -1.418E-14
  7.139728E+04  1.266E+00  1.002E-03  2.505E-06 -1.020E+00 -4.873E-03 -1.218E-05  2.472E-01 -3.871E-03 -9.677E-06  8.638E-08 -5.301E-12 -1.325E-14
  7.179728E+04  1.267E+00  1.002E-03  2.506E-06 -1.025E+00 -4.814E-03 -1.204E-05  2.434E-01 -3.812E-03 -9.530E-06  8.638E-08 -4.968E-12 -1.242E-14
  7.219728E+04  1.268E+00  1.002E-03  2.506E-06 -1.030E+00 -4.757E-03 -1.189E-05  2.396E-01 -3.754E-03 -9.386E-06  8.637E-08 -4.608E-12 -1.152E-14
  7.259728E+04  1.269E+00  1.002E-03  2.506E-06 -1.034E+00 -4.699E-03 -1.175E-05  2.359E-01 -3.697E-03 -9.243E-06  8.637E-08 -4.324E-12 -1.081E-14
  7.299728E+04  1.270E+00  1.002E-03  2.506E-06 -1.039E+00 -4.643E-03 -1.161E-05  2.323E-01 -3.641E-03 -9.102E-06  8.637E-08 -4.044E-12 -1.011E-14
  7.339728E+04  1.271E+00  1.002E-03  2.506E-06 -1.044E+00 -4.588E-03 -1.147E-05  2.287E-01 -3.585E-03 -8.964E-06  8.636E-08 -3.767E-12 -9.417E-15
  7.379728E+04  1.272E+00  1.002E-03  2.506E-06 -1.048E+00 -4.533E-03 -1.133E-05  2.252E-01 -3.531E-03 -8.827E-06  8.636E-08 -3.537E-12 -8.843E-15
  7.419728E+04  1.273E+00  1.002E-03  2.506E-06 -1.053E+00 -4.479E-03 -1.120E-05  2.217E-01 -3.477E-03 -8.692E-06  8.635E-08 -3.292E-12 -8.229E-15
  7.459728E+04  1.274E+00  1.002E-03  2.506E-06 -1.057E+00 -4.426E-03 -1.107E-05  2.183E-01 -3.424E-03 -8.560E-06  8.635E-08 -3.085E-12 -7.714E-15
  7.499728E+04  1.275E+00  1.002E-03  2.506E-06 -1.061E+00 -4.374E-03 -1.093E-05  2.149E-01 -3.372E-03 -8.429E-06  8.635E-08 -2.889E-12 -7.223E-15
  7.539728E+04  1.276E+00  1.002E-03  2.506E-06 -1.066E+00 -4.323E-03 -1.081E-05  2.116E-01 -3.320E-03 -8.300E-06  8.635E-08 -2.698E-12 -6.746E-15
  7.579728E+04  1.277E+00  1.002E-03  2.506E-06 -1.070E+00 -4.272E-03 -1.068E-05  2.083E-01 -3.269E-03 -8.173E-06  8.634E-08 -2.531E-12 -6.327E-15
  7.619728E+04  1.278E+00  1.003E-03  2.506E-06 -1.074E+00 -4.222E-03 -1.055E-05  2.051E-01 -3.219E-03 -8.048E-06  8.634E-08 -2.362E-12 -5.906E-15
  7.659728E+04  1.279E+00  1.003E-03  2.506E-06 -1.078E+00 -4.173E-03 -1.043E-05  2.019E-01 -3.170E-03 -7.925E-06  8.634E-08 -2.218E-12 -5.546E-15
  7.699728E+04  1.280E+00  1.003E-03  2.506E-06 -1.083E+00 -4.124E-03 -1.031E-05  1.988E-01 -3.122E-03 -7.804E-06  8.634E-08 -2.075E-12 -5.188E-15
  7.739728E+04  1.281E+00  1.003E-03  2.506E-06 -1.087E+00 -4.077E-03 -1.019E-05  1.957E-01 -3.074E-03 -7.685E-06  8.633E-08 -1.944E-12 -4.861E-15
  7.779728E+04  1.282E+00  1.003E-03  2.506E-06 -1.091E+00 -4.030E-03 -1.007E-05  1.927E-01 -3.027E-03 -7.568E-06  8.633E-08 -1.820E-12 -4.550E-15
  7.819728E+04  1.283E+00  1.003E-03  2.506E-06 -1.095E+00 -3.984E-03 -9.959E-06  1.897E-01 -2.981E-03 -7.452E-06  8.633E-08 -1.698E-12 -4.245E-15
  7.859728E+04  1.284E+00  1.003E-03  2.506E-06 -1.099E+00 -3.938E-03 -9.845E-06  1.868E-01 -2.935E-03 -7.339E-06  8.633E-08 -1.587E-12 -3.966E-15
  7.899728E+04  1.285E+00  1.003E-03  2.507E-06 -1.102E+00 -3.893E-03 -9.733E-06  1.839E-01 -2.891E-03 -7.227E-06  8.633E-08 -1.480E-12 -3.700E-15
  7.939728E+04  1.286E+00  1.003E-03  2.507E-06 -1.106E+00 -3.849E-03 -9.623E-06  1.811E-01 -2.847E-03 -7.117E-06  8.633E-08 -1.402E-12 -3.506E-15
  7.979728E+04  1.287E+00  1.003E-03  2.507E-06 -1.110E+00 -3.806E-03 -9.515E-06  1.783E-01 -2.803E-03 -7.008E-06  8.633E-08 -1.311E-12 -3.279E-15
  8.019728E+04  1.288E+00  1.003E-03  2.507E-06 -1.114E+00 -3.763E-03 -9.408E-06  1.755E-01 -2.761E-03 -6.902E-06  8.632E-08 -1.219E-12 -3.048E-15
  8.059728E+04  1.289E+00  1.003E-03  2.507E-06 -1.118E+00 -3.721E-03 -9.303E-06  1.728E-01 -2.719E-03 -6.797E-06  8.632E-08 -1.149E-12 -2.873E-15
  8.099728E+04  1.290E+00  1.003E-03  2.507E-06 -1.121E+00 -3.680E-03 -9.200E-06  1.701E-01 -2.677E-03 -6.693E-06  8.632E-08 -1.074E-12 -2.686E-15
  8.139728E+04  1.291E+00  1.003E-03  2.507E-06 -1.125E+00 -3.639E-03 -9.098E-06  1.675E-01 -2.637E-03 -6.592E-06  8.632E-08 -1.012E-12 -2.530E-15
  8.179728E+04  1.292E+00  1.003E-03  2.507E-06 -1.129E+00 -3.599E-03 -8.998E-06  1.649E-01 -2.597E-03 -6.492E-06  8.632E-08 -9.627E-13 -2.407E-15
  8.219728E+04  1.293E+00  1.003E-03  2.507E-06 -1.132E+00 -3.560E-03 -8.900E-06  1.623E-01 -2.557E-03 -6.393E-06  8.632E-08 -8.943E-13 -2.236E-15
  8.259728E+04  1.294E+00  1.003E-03  2.507E-06 -1.136E+00 -3.521E-03 -8.803E-06  1.598E-01 -2.519E-03 -6.296E-06  8.632E-08 -8.376E-13 -2.094E-15
  8.299728E+04  1.295E+00  1.003E-03  2.507E-06 -1.139E+00 -3.483E-03 -8.708E-06  1.573E-01 -2.480E-03 -6.201E-06  8.632E-08 -7.859E-13 -1.965E-15
  8.339728E+04  1.296E+00  1.003E-03  2.507E-06 -1.143E+00 -3.446E-03 -8.614E-06  1.549E-01 -2.443E-03 -6.107E-06  8.632E-08 -7.391E-13 -1.848E-15
  8.379728E+04  1.297E+00  1.003E-03  2.507E-06 -1.146E+00 -3.409E-03 -8.522E-06  1.525E-01 -2.406E-03 -6.015E-06  8.632E-08 -7.027E-13 -1.757E-15
  8.419728E+04  1.298E+00  1.003E-03  2.507E-06 -1.149E+00 -3.372E-03 -8.431E-06  1.501E-01 -2.370E-03 -5.924E-06  8.632E-08 -6.527E-13 -1.632E-15
  8.459728E+04  1.299E+00  1.003E-03  2.507E-06 -1.153E+00 -3.337E-03 -8.342E-06  1.478E-01 -2.334E-03 -5.835E-06  8.631E-08 -6.130E-13 -1.532E-15
  8.499728E+04  1.300E+00  1.003E-03  2.507E-06 -1.156E+00 -3.301E-03 -8.254E-06  1.455E-01 -2.299E-03 -5.747E-06  8.631E-08 -5.755E-13 -1.439E-15
  8.539728E+04  1.301E+00  1.003E-03  2.507E-06 -1.159E+00 -3.267E-03 -8.167E-06  1.432E-01 -2.264E-03 -5.660E-06  8.631E-08 -5.406E-13 -1.351E-15
  8.579728E+04  1.302E+00  1.003E-03  2.507E-06 -1.162E+00 -3.233E-03 -8.082E-06  1.410E-01 -2.230E-03 -5.575E-06  8.631E-08 -5.097E-13 -1.274E-15
  8.619728E+04  1.303E+00  1.003E-03  2.507E-06 -1.166E+00 -3.199E-03 -7.998E-06  1.388E-01 -2.197E-03 -5.491E-06  8.631E-08 -4.821E-13 -1.205E-15
  8.659728E+04  1.304E+00  1.003E-03  2.507E-06 -1.169E+00 -3.166E-03 -7.916E-06  1.366E-01 -2.164E-03 -5.409E-06  8.631E-08 -4.473E-13 -1.118E-15
  8.699728E+04  1.305E+00  1.003E-03  2.507E-06 -1.172E+00 -3.134E-03 -7.835E-06  1.345E-01 -2.131E-03 -5.328E-06  8.631E-08 -4.294E-13 -1.074E-15
  8.739728E+04  1.306E+00  1.003E-03  2.507E-06 -1.175E+00 -3.102E-03 -7.755E-06  1.324E-01 -2.099E-03 -5.248E-06  8.631E-08 -3.947E-13 -9.867E-16
  8.779728E+04  1.307E+00  1.003E-03  2.507E-06 -1.178E+00 -3.070E-03 -7.676E-06  1.303E-01 -2.068E-03 -5.169E-06  8.631E-08 -3.775E-13 -9.438E-16
  8.819728E+04  1.308E+00  1.003E-03  2.507E-06 -1.181E+00 -3.040E-03 -7.599E-06  1.283E-01 -2.037E-03 -5.092E-06  8.631E-08 -3.599E-13 -8.997E-16
  8.859728E+04  1.309E+00  1.003E-03  2.507E-06 -1.184E+00 -3.009E-03 -7.523E-06  1.263E-01 -2.006E-03 -5.016E-06  8.631E-08 -3.322E-13 -8.305E-16
  8.899728E+04  1.310E+00  1.003E-03  2.507E-06 -1.187E+00 -2.979E-03 -7.448E-06  1.243E-01 -1.976E-03 -4.941E-06  8.631E-08 -3.184E-13 -7.961E-16
  8.939728E+04  1.311E+00  1.003E-03  2.507E-06 -1.190E+00 -2.950E-03 -7.374E-06  1.223E-01 -1.947E-03 -4.867E-06  8.631E-08 -3.006E-13 -7.514E-16
  8.979728E+04  1.312E+00  1.003E-03  2.507E-06 -1.193E+00 -2.921E-03 -7.301E-06  1.204E-01 -1.918E-03 -4.795E-06  8.631E-08 -2.825E-13 -7.063E-16
  9.019728E+04  1.313E+00  1.003E-03  2.507E-06 -1.196E+00 -2.892E-03 -7.230E-06  1.185E-01 -1.889E-03 -4.723E-06  8.631E-08 -2.698E-13 -6.745E-16
  9.059728E+04  1.314E+00  1.003E-03  2.507E-06 -1.199E+00 -2.864E-03 -7.160E-06  1.167E-01 -1.861E-03 -4.653E-06  8.631E-08 -2.545E-13 -6.362E-16
  9.099728E+04  1.315E+00  1.003E-03  2.507E-06 -1.202E+00 -2.836E-03 -7.090E-06  1.148E-01 -1.833E-03 -4.584E-06  8.631E-08 -2.363E-13 -5.907E-16
  9.139728E+04  1.316E+00  1.003E-03  2.507E-06 -1.204E+00 -2.809E-03 -7.022E-06  1.130E-01 -1.806E-03 -4.515E-06  8.631E-08 -2.282E-13 -5.705E-16
  9.179728E+04  1.317E+00  1.003E-03  2.507E-06 -1.207E+00 -2.782E-03 -6.955E-06  1.113E-01 -1.779E-03 -4.448E-06  8.631E-08 -2.097E-13 -5.241E-16
  9.219728E+04  1.318E+00  1.003E-03  2.507E-06 -1.210E+00 -2.756E-03 -6.889E-06  1.095E-01 -1.753E-03 -4.382E-06  8.631E-08 -2.096E-13 -5.239E-16
  9.259728E+04  1.319E+00  1.003E-03  2.507E-06 -1.213E+00 -2.730E-03 -6.824E-06  1.078E-01 -1.727E-03 -4.317E-06  8.631E-08 -1.900E-13 -4.749E-16
  9.299728E+04  1.320E+00  1.003E-03  2.507E-06 -1.215E+00 -2.704E-03 -6.760E-06  1.061E-01 -1.701E-03 -4.253E-06  8.631E-08 -1.750E-13 -4.376E-16
  9.339728E+04  1.321E+00  1.003E-03  2.507E-06 -1.218E+00 -2.679E-03 -6.697E-06  1.044E-01 -1.676E-03 -4.190E-06  8.631E-08 -1.703E-13 -4.258E-16
  9.379728E+04  1.322E+00  1.003E-03  2.507E-06 -1.221E+00 -2.654E-03 -6.635E-06  1.027E-01 -1.651E-03 -4.128E-06  8.631E-08 -1.660E-13 -4.150E-16
  9.419728E+04  1.323E+00  1.003E-03  2.507E-06 -1.223E+00 -2.630E-03 -6.574E-06  1.011E-01 -1.627E-03 -4.067E-06  8.631E-08 -1.620E-13 -4.050E-16
  9.459728E+04  1.324E+00  1.003E-03  2.507E-06 -1.226E+00 -2.606E-03 -6.514E-06  9.951E-02 -1.603E-03 -4.007E-06  8.631E-08 -1.388E-13 -3.470E-16
  9.499728E+04  1.325E+00  1.003E-03  2.507E-06 -1.229E+00 -2.582E-03 -6.455E-06  9.793E-02 -1.579E-03 -3.948E-06  8.631E-08 -1.372E-13 -3.431E-16
  9.539728E+04  1.326E+00  1.003E-03  2.507E-06 -1.231E+00 -2.559E-03 -6.396E-06  9.638E-02 -1.556E-03 -3.889E-06  8.631E-08 -1.251E-13 -3.127E-16
  9.579728E+04  1.327E+00  1.003E-03  2.507E-06 -1.234E+00 -2.536E-03 -6.339E-06  9.485E-02 -1.533E-03 -3.832E-06  8.631E-08 -1.225E-13 -3.062E-16
  9.619728E+04  1.328E+00  1.003E-03  2.507E-06 -1.236E+00 -2.513E-03 -6.282E-06  9.334E-02 -1.510E-03 -3.775E-06  8.631E-08 -1.172E-13 -2.929E-16
  9.659728E+04  1.329E+00  1.003E-03  2.507E-06 -1.239E+00 -2.491E-03 -6.226E-06  9.185E-02 -1.488E-03 -3.720E-06  8.631E-08 -1.084E-13 -2.710E-16
  9.699728E+04  1.330E+00  1.003E-03  2.507E-06 -1.241E+00 -2.469E-03 -6.172E-06  9.038E-02 -1.466E-03 -3.665E-06  8.631E-08 -9.567E-14 -2.392E-16
  9.739728E+04  1.331E+00  1.003E-03  2.507E-06 -1.244E+00 -2.447E-03 -6.117E-06  8.894E-02 -1.444E-03 -3.611E-06  8.631E-08 -9.530E-14 -2.382E-16
  9.779728E+04  1.332E+00  1.003E-03  2.507E-06 -1.246E+00 -2.426E-03 -6.064E-06  8.751E-02 -1.423E-03 -3.557E-06  8.631E-08 -9.543E-14 -2.386E-16
  9.819728E+04  1.333E+00  1.003E-03  2.507E-06 -1.248E+00 -2.405E-03 -6.012E-06  8.611E-02 -1.402E-03 -3.505E-06  8.631E-08 -9.193E-14 -2.298E-16
  9.859728E+04  1.334E+00  1.003E-03  2.507E-06 -1.251E+00 -2.384E-03 -5.960E-06  8.473E-02 -1.381E-03 -3.453E-06  8.631E-08 -8.098E-14 -2.024E-16
  9.899728E+04  1.335E+00  1.003E-03  2.507E-06 -1.253E+00 -2.364E-03 -5.909E-06  8.337E-02 -1.361E-03 -3.402E-06  8.631E-08 -7.982E-14 -1.995E-16
  9.939728E+04  1.336E+00  1.003E-03  2.507E-06 -1.255E+00 -2.344E-03 -5.859E-06  8.203E-02 -1.341E-03 -3.352E-06  8.631E-08 -7.423E-14 -1.856E-16
  9.979728E+04  1.337E+00  1.003E-03  2.507E-06 -1.258E+00 -2.324E-03 -5.810E-06  8.071E-02 -1.321E-03 -3.303E-06  8.631E-08 -7.252E-14 -1.813E-16
  1.001973E+05  1.338E+00  1.003E-03  2.507E-06 -1.260E+00 -2.304E-03 -5.761E-06  7.941E-02 -1.302E-03 -3.254E-06  8.631E-08 -7.055E-14 -1.764E-16
  1.005973E+05  1.339E+00  1.003E-03  2.507E-06 -1.262E+00 -2.285E-03 -5.713E-06  7.812E-02 -1.282E-03 -3.206E-06  8.631E-08 -5.779E-14 -1.445E-16
  1.009973E+05  1.340E+00  1.003E-03  2.507E-06 -1.265E+00 -2.266E-03 -5.666E-06  7.686E-02 -1.263E-03 -3.159E-06  8.631E-08 -6.457E-14 -1.614E-16
  1.013973E+05  1.341E+00  1.003E-03  2.507E-06 -1.267E+00 -2.248E-03 -5.619E-06  7.562E-02 -1.245E-03 -3.112E-06  8.631E-08 -5.742E-14 -1.435E-16
  1.017973E+05  1.342E+00  1.003E-03  2.507E-06 -1.269E+00 -2.229E-03 -5.573E-06  7.439E-02 -1.226E-03 -3.066E-06  8.631E-08 -5.456E-14 -1.364E-16
  1.021973E+05  1.343E+00  1.003E-03  2.507E-06 -1.271E+00 -2.211E-03 -5.528E-06  7.318E-02 -1.208E-03 -3.021E-06  8.631E-08 -5.146E-14 -1.286E-16
  1.025973E+05  1.344E+00  1.003E-03  2.507E-06 -1.274E+00 -2.193E-03 -5.483E-06  7.199E-02 -1.191E-03 -2.976E-06  8.631E-08 -5.357E-14 -1.339E-16
  1.029973E+05  1.345E+00  1.003E-03  2.507E-06 -1.276E+00 -2.176E-03 -5.439E-06  7.082E-02 -1.173E-03 -2.932E-06  8.631E-08 -4.234E-14 -1.059E-16
  1.033973E+05  1.346E+00  1.003E-03  2.507E-06 -1.278E+00 -2.158E-03 -5.396E-06  6.966E-02 -1.156E-03 -2.889E-06  8.631E-08 -5.059E-14 -1.265E-16
  1.037973E+05  1.347E+00  1.003E-03  2.507E-06 -1.280E+00 -2.141E-03 -5.353E-06  6.852E-02 -1.139E-03 -2.846E-06  8.631E-08 -3.848E-14 -9.620E-17
  1.041973E+05  1.348E+00  1.003E-03  2.507E-06 -1.282E+00 -2.125E-03 -5.311E-06  6.740E-02 -1.122E-03 -2.804E-06  8.631E-08 -4.113E-14 -1.028E-16
  1.045973E+05  1.349E+00  1.003E-03  2.507E-06 -1.284E+00 -2.108E-03 -5.270E-06  6.630E-02 -1.105E-03 -2.763E-06  8.631E-08 -3.916E-14 -9.790E-17
  1.049973E+05  1.350E+00  1.003E-03  2.507E-06 -1.286E+00 -2.092E-03 -5.229E-06  6.521E-02 -1.089E-03 -2.722E-06  8.631E-08 -3.957E-14 -9.893E-17
  1.053973E+05  1.351E+00  1.003E-03  2.507E-06 -1.288E+00 -2.075E-03 -5.189E-06  6.414E-02 -1.073E-03 -2.682E-06  8.631E-08 -3.068E-14 -7.670E-17
  1.057973E+05  1.352E+00  1.003E-03  2.507E-06 -1.290E+00 -2.060E-03 -5.149E-06  6.308E-02 -1.057E-03 -2.642E-06  8.631E-08 -3.436E-14 -8.589E-17
  1.061973E+05  1.353E+00  1.003E-03  2.507E-06 -1.293E+00 -2.044E-03 -5.110E-06  6.204E-02 -1.041E-03 -2.603E-06  8.631E-08 -3.654E-14 -9.136E-17
  1.065973E+05  1.354E+00  1.003E-03  2.507E-06 -1.295E+00 -2.029E-03 -5.071E-06  6.101E-02 -1.026E-03 -2.564E-06  8.631E-08 -3.411E-14 -8.527E-17
  1.069973E+05  1.355E+00  1.003E-03  2.507E-06 -1.297E+00 -2.013E-03 -5.033E-06  6.000E-02 -1.010E-03 -2.526E-06  8.630E-08 -3.358E-14 -8.396E-17
  1.073973E+05  1.356E+00  1.003E-03  2.507E-06 -1.299E+00 -1.998E-03 -4.996E-06  5.901E-02 -9.955E-04 -2.489E-06  8.630E-08 -2.879E-14 -7.197E-17
  1.077973E+05  1.357E+00  1.003E-03  2.507E-06 -1.301E+00 -1.983E-03 -4.959E-06  5.802E-02 -9.807E-04 -2.452E-06  8.630E-08 -2.519E-14 -6.297E-17
  1.081973E+05  1.358E+00  1.003E-03  2.507E-06 -1.303E+00 -1.969E-03 -4.922E-06  5.706E-02 -9.661E-04 -2.415E-06  8.630E-08 -3.054E-14 -7.636E-17
  1.085973E+05  1.359E+00  1.003E-03  2.507E-06 -1.304E+00 -1.954E-03 -4.886E-06  5.611E-02 -9.517E-04 -2.379E-06  8.630E-08 -2.763E-14 -6.909E-17
  1.089973E+05  1.360E+00  1.003E-03  2.507E-06 -1.306E+00 -1.940E-03 -4.851E-06  5.517E-02 -9.375E-04 -2.344E-06  8.630E-08 -2.728E-14 -6.820E-17
  1.093973E+05  1.361E+00  1.003E-03  2.507E-06 -1.308E+00 -1.926E-03 -4.816E-06  5.425E-02 -9.235E-04 -2.309E-06  8.630E-08 -2.572E-14 -6.429E-17
  1.097973E+05  1.362E+00  1.003E-03  2.507E-06 -1.310E+00 -1.913E-03 -4.781E-06  5.334E-02 -9.098E-04 -2.274E-06  8.631E-08  4.114E-13  1.029E-15
  1.101973E+05  1.363E+00  1.003E-03  2.507E-06 -1.312E+00 -1.899E-03 -4.747E-06  5.244E-02 -8.961E-04 -2.240E-06  8.631E-08  3.773E-13  9.433E-16
  1.105973E+05  1.364E+00  1.003E-03  2.507E-06 -1.314E+00 -1.886E-03 -4.714E-06  5.156E-02 -8.827E-04 -2.207E-06  8.631E-08  3.509E-13  8.773E-16
  1.109973E+05  1.365E+00  1.003E-03  2.507E-06 -1.316E+00 -1.872E-03 -4.681E-06  5.069E-02 -8.695E-04 -2.174E-06  8.631E-08  3.148E-13  7.869E-16
  1.113973E+05  1.366E+00  1.003E-03  2.507E-06 -1.318E+00 -1.859E-03 -4.648E-06  4.983E-02 -8.565E-04 -2.141E-06  8.631E-08  2.913E-13  7.283E-16
  1.117973E+05  1.367E+00  1.003E-03  2.507E-06 -1.320E+00 -1.846E-03 -4.616E-06  4.899E-02 -8.436E-04 -2.109E-06  8.631E-08  2.617E-13  6.543E-16
  1.121973E+05  1.368E+00  1.003E-03  2.507E-06 -1.321E+00 -1.834E-03 -4.584E-06  4.816E-02 -8.309E-04 -2.077E-06  8.631E-08  2.332E-13  5.831E-16
  1.125973E+05  1.369E+00  1.003E-03  2.507E-06 -1.323E+00 -1.821E-03 -4.553E-06  4.734E-02 -8.184E-04 -2.046E-06  8.631E-08  2.146E-13  5.365E-16
  1.129973E+05  1.370E+00  1.003E-03  2.507E-06 -1.325E+00 -1.809E-03 -4.522E-06  4.653E-02 -8.060E-04 -2.015E-06  8.631E-08  1.904E-13  4.760E-16
  1.133973E+05  1.371E+00  1.003E-03  2.507E-06 -1.327E+00 -1.797E-03 -4.492E-06  4.574E-02 -7.939E-04 -1.985E-06  8.631E-08  1.684E-13  4.211E-16
  1.137973E+05  1.372E+00  1.003E-03  2.507E-06 -1.329E+00 -1.785E-03 -4.462E-06  4.496E-02 -7.819E-04 -1.955E-06  8.631E-08  1.522E-13  3.806E-16
  1.141973E+05  1.373E+00  1.003E-03  2.507E-06 -1.330E+00 -1.773E-03 -4.432E-06  4.419E-02 -7.700E-04 -1.925E-06  8.631E-08  1.317E-13  3.294E-16
  1.145973E+05  1.374E+00  1.003E-03  2.507E-06 -1.332E+00 -1.761E-03 -4.403E-06  4.343E-02 -7.583E-04 -1.896E-06  8.631E-08  1.186E-13  2.966E-16
  1.149973E+05  1.375E+00  1.003E-03  2.507E-06 -1.334E+00 -1.750E-03 -4.374E-06  4.268E-02 -7.468E-04 -1.867E-06  8.631E-08  9.338E-14  2.335E-16
  1.153973E+05  1.376E+00  1.003E-03  2.507E-06 -1.336E+00 -1.738E-03 -4.346E-06  4.195E-02 -7.354E-04 -1.839E-06  8.631E-08  8.571E-14  2.143E-16
  1.157973E+05  1.377E+00  1.003E-03  2.507E-06 -1.337E+00 -1.727E-03 -4.317E-06  4.122E-02 -7.242E-04 -1.811E-06  8.631E-08  6.999E-14  1.750E-16
  1.161973E+05  1.378E+00  1.003E-03  2.507E-06 -1.339E+00 -1.716E-03 -4.290E-06  4.051E-02 -7.131E-04 -1.783E-06  8.631E-08  5.830E-14  1.457E-16
  1.165973E+05  1.379E+00  1.003E-03  2.507E-06 -1.341E+00 -1.705E-03 -4.263E-06  3.981E-02 -7.022E-04 -1.756E-06  8.631E-08  4.525E-14  1.131E-16
  1.169973E+05  1.380E+00  1.003E-03  2.507E-06 -1.343E+00 -1.694E-03 -4.236E-06  3.912E-02 -6.915E-04 -1.729E-06  8.631E-08  3.592E-14  8.980E-17
  1.173973E+05  1.381E+00  1.003E-03  2.507E-06 -1.344E+00 -1.684E-03 -4.209E-06  3.843E-02 -6.808E-04 -1.702E-06  8.631E-08  2.404E-14  6.010E-17
  1.177973E+05  1.382E+00  1.003E-03  2.507E-06 -1.346E+00 -1.673E-03 -4.183E-06  3.776E-02 -6.704E-04 -1.676E-06  8.631E-08  1.749E-14  4.372E-17
  1.181973E+05  1.383E+00  1.003E-03  2.507E-06 -1.348E+00 -1.663E-03 -4.157E-06  3.710E-02 -6.600E-04 -1.650E-06  8.631E-08  7.004E-17  1.751E-19
  1.185973E+05  1.384E+00  1.003E-03  2.507E-06 -1.349E+00 -1.653E-03 -4.131E-06  3.645E-02 -6.498E-04 -1.625E-06  8.631E-08  9.691E-16  2.423E-18
  1.189973E+05  1.385E+00  1.003E-03  2.507E-06 -1.351E+00 -1.643E-03 -4.106E-06  3.581E-02 -6.397E-04 -1.599E-06  8.631E-08 -6.103E-15 -1.526E-17
  1.193973E+05  1.386E+00  1.003E-03  2.507E-06 -1.352E+00 -1.633E-03 -4.082E-06  3.518E-02 -6.298E-04 -1.575E-06  8.631E-08 -1.665E-14 -4.162E-17
  1.197973E+05  1.387E+00  1.003E-03  2.507E-06 -1.354E+00 -1.623E-03 -4.057E-06  3.456E-02 -6.200E-04 -1.550E-06  8.631E-08 -2.512E-14 -6.281E-17
  1.201973E+05  1.388E+00  1.003E-03  2.507E-06 -1.356E+00 -1.613E-03 -4.033E-06  3.395E-02 -6.104E-04 -1.526E-06  8.631E-08 -2.894E-14 -7.236E-17
  1.205973E+05  1.389E+00  1.003E-03  2.507E-06 -1.357E+00 -1.604E-03 -4.009E-06  3.335E-02 -6.008E-04 -1.502E-06  8.631E-08 -3.995E-14 -9.988E-17
  1.209973E+05  1.390E+00  1.003E-03  2.507E-06 -1.359E+00 -1.594E-03 -3.985E-06  3.276E-02 -5.914E-04 -1.479E-06  8.631E-08 -4.413E-14 -1.103E-16
  1.213973E+05  1.391E+00  1.003E-03  2.507E-06 -1.360E+00 -1.585E-03 -3.962E-06  3.218E-02 -5.821E-04 -1.455E-06  8.631E-08 -5.151E-14 -1.288E-16
  1.217973E+05  1.392E+00  1.003E-03  2.507E-06 -1.362E+00 -1.576E-03 -3.939E-06  3.161E-02 -5.730E-04 -1.432E-06  8.631E-08 -5.567E-14 -1.392E-16
  1.221973E+05  1.393E+00  1.003E-03  2.507E-06 -1.364E+00 -1.567E-03 -3.917E-06  3.104E-02 -5.639E-04 -1.410E-06  8.631E-08 -6.107E-14 -1.527E-16
  1.225973E+05  1.394E+00  1.003E-03  2.507E-06 -1.365E+00 -1.558E-03 -3.895E-06  3.049E-02 -5.550E-04 -1.388E-06  8.631E-08 -6.278E-14 -1.570E-16
  1.229973E+05  1.395E+00  1.003E-03  2.507E-06 -1.367E+00 -1.549E-03 -3.873E-06  2.994E-02 -5.462E-04 -1.366E-06  8.631E-08 -6.576E-14 -1.644E-16
  1.233973E+05  1.396E+00  1.003E-03  2.507E-06 -1.368E+00 -1.540E-03 -3.851E-06  2.940E-02 -5.376E-04 -1.344E-06  8.631E-08 -7.106E-14 -1.777E-16
  1.237973E+05  1.397E+00  1.003E-03  2.507E-06 -1.370E+00 -1.532E-03 -3.829E-06  2.887E-02 -5.290E-04 -1.322E-06  8.631E-08 -7.401E-14 -1.850E-16
  1.241973E+05  1.398E+00  1.003E-03  2.507E-06 -1.371E+00 -1.523E-03 -3.808E-06  2.835E-02 -5.205E-04 -1.301E-06  8.631E-08 -7.406E-14 -1.851E-16
  1.245973E+05  1.399E+00  1.003E-03  2.507E-06 -1.373E+00 -1.515E-03 -3.787E-06  2.784E-02 -5.122E-04 -1.281E-06  8.631E-08 -7.179E-14 -1.795E-16
  1.249973E+05  1.400E+00  1.003E-03  2.507E-06 -1.374E+00 -1.507E-03 -3.767E-06  2.734E-02 -5.040E-04 -1.260E-06  8.631E-08 -7.825E-14 -1.956E-16
  1.253973E+05  1.401E+00  1.003E-03  2.507E-06 -1.376E+00 -1.499E-03 -3.747E-06  2.684E-02 -4.959E-04 -1.240E-06  8.631E-08 -7.739E-14 -1.935E-16
  1.257973E+05  1.402E+00  1.003E-03  2.507E-06 -1.377E+00 -1.491E-03 -3.727E-06  2.635E-02 -4.879E-04 -1.220E-06  8.631E-08 -8.541E-14 -2.135E-16
  1.261973E+05  1.403E+00  1.003E-03  2.507E-06 -1.379E+00 -1.483E-03 -3.707E-06  2.587E-02 -4.800E-04 -1.200E-06  8.631E-08 -8.133E-14 -2.033E-16
  1.265973E+05  1.404E+00  1.003E-03  2.507E-06 -1.380E+00 -1.475E-03 -3.687E-06  2.540E-02 -4.722E-04 -1.180E-06  8.631E-08 -8.204E-14 -2.051E-16
  1.269973E+05  1.405E+00  1.003E-03  2.507E-06 -1.382E+00 -1.467E-03 -3.668E-06  2.494E-02 -4.645E-04 -1.161E-06  8.631E-08 -8.666E-14 -2.167E-16
  1.273973E+05  1.406E+00  1.003E-03  2.507E-06 -1.383E+00 -1.460E-03 -3.649E-06  2.448E-02 -4.569E-04 -1.142E-06  8.631E-08 -8.570E-14 -2.142E-16
  1.277973E+05  1.407E+00  1.003E-03  2.507E-06 -1.385E+00 -1.452E-03 -3.631E-06  2.403E-02 -4.494E-04 -1.124E-06  8.631E-08 -8.576E-14 -2.144E-16
  1.281973E+05  1.408E+00  1.003E-03  2.507E-06 -1.386E+00 -1.445E-03 -3.612E-06  2.359E-02 -4.420E-04 -1.105E-06  8.631E-08 -8.481E-14 -2.120E-16
  1.285973E+05  1.409E+00  1.003E-03  2.507E-06 -1.388E+00 -1.438E-03 -3.594E-06  2.315E-02 -4.348E-04 -1.087E-06  8.631E-08 -9.025E-14 -2.256E-16
  1.289973E+05  1.410E+00  1.003E-03  2.507E-06 -1.389E+00 -1.430E-03 -3.576E-06  2.273E-02 -4.276E-04 -1.069E-06  8.631E-08 -8.739E-14 -2.185E-16
  1.293973E+05  1.411E+00  1.003E-03  2.507E-06 -1.390E+00 -1.423E-03 -3.558E-06  2.231E-02 -4.205E-04 -1.051E-06  8.631E-08 -8.924E-14 -2.231E-16
  1.297973E+05  1.412E+00  1.003E-03  2.507E-06 -1.392E+00 -1.416E-03 -3.541E-06  2.189E-02 -4.135E-04 -1.034E-06  8.631E-08 -8.909E-14 -2.227E-16
  1.301973E+05  1.413E+00  1.003E-03  2.507E-06 -1.393E+00 -1.409E-03 -3.523E-06  2.149E-02 -4.066E-04 -1.017E-06  8.631E-08 -8.689E-14 -2.172E-16
  1.305973E+05  1.414E+00  1.003E-03  2.507E-06 -1.395E+00 -1.403E-03 -3.506E-06  2.109E-02 -3.998E-04 -9.995E-07  8.631E-08 -8.851E-14 -2.213E-16
  1.309973E+05  1.415E+00  1.003E-03  2.507E-06 -1.396E+00 -1.396E-03 -3.490E-06  2.069E-02 -3.931E-04 -9.827E-07  8.631E-08 -9.105E-14 -2.276E-16
  1.313973E+05  1.416E+00  1.003E-03  2.507E-06 -1.397E+00 -1.389E-03 -3.473E-06  2.031E-02 -3.865E-04 -9.662E-07  8.631E-08 -8.583E-14 -2.146E-16
  1.317973E+05  1.417E+00  1.003E-03  2.507E-06 -1.399E+00 -1.383E-03 -3.457E-06  1.993E-02 -3.799E-04 -9.498E-07  8.631E-08 -9.014E-14 -2.253E-16
  1.321973E+05  1.418E+00  1.003E-03  2.507E-06 -1.400E+00 -1.376E-03 -3.441E-06  1.955E-02 -3.735E-04 -9.337E-07  8.631E-08 -8.606E-14 -2.151E-16
  1.325973E+05  1.419E+00  1.003E-03  2.507E-06 -1.402E+00 -1.370E-03 -3.425E-06  1.919E-02 -3.671E-04 -9.178E-07  8.631E-08 -8.439E-14 -2.110E-16
  1.329973E+05  1.420E+00  1.003E-03  2.507E-06 -1.403E+00 -1.364E-03 -3.409E-06  1.883E-02 -3.609E-04 -9.022E-07  8.631E-08 -8.803E-14 -2.201E-16
  1.333973E+05  1.421E+00  1.003E-03  2.507E-06 -1.404E+00 -1.357E-03 -3.394E-06  1.847E-02 -3.547E-04 -8.867E-07  8.631E-08 -8.667E-14 -2.167E-16
  1.337973E+05  1.422E+00  1.003E-03  2.507E-06 -1.406E+00 -1.351E-03 -3.378E-06  1.812E-02 -3.486E-04 -8.715E-07  8.631E-08 -8.550E-14 -2.137E-16
  1.341973E+05  1.423E+00  1.003E-03  2.507E-06 -1.407E+00 -1.345E-03 -3.363E-06  1.778E-02 -3.426E-04 -8.564E-07  8.631E-08 -8.357E-14 -2.089E-16
  1.345973E+05  1.424E+00  1.003E-03  2.507E-06 -1.408E+00 -1.339E-03 -3.349E-06  1.744E-02 -3.366E-04 -8.416E-07  8.631E-08 -8.358E-14 -2.090E-16
  1.349973E+05  1.425E+00  1.003E-03  2.507E-06 -1.410E+00 -1.334E-03 -3.334E-06  1.711E-02 -3.308E-04 -8.270E-07  8.631E-08 -8.017E-14 -2.004E-16
  1.353973E+05  1.426E+00  1.003E-03  2.507E-06 -1.411E+00 -1.328E-03 -3.320E-06  1.679E-02 -3.250E-04 -8.126E-07  8.631E-08 -8.013E-14 -2.003E-16
  1.357973E+05  1.427E+00  1.003E-03  2.507E-06 -1.412E+00 -1.322E-03 -3.305E-06  1.647E-02 -3.193E-04 -7.984E-07  8.631E-08 -8.041E-14 -2.010E-16
  1.361973E+05  1.428E+00  1.003E-03  2.507E-06 -1.414E+00 -1.317E-03 -3.291E-06  1.615E-02 -3.137E-04 -7.843E-07  8.631E-08 -7.966E-14 -1.991E-16
  1.365973E+05  1.429E+00  1.003E-03  2.507E-06 -1.415E+00 -1.311E-03 -3.277E-06  1.585E-02 -3.082E-04 -7.705E-07  8.631E-08 -7.787E-14 -1.947E-16
  1.369973E+05  1.430E+00  1.003E-03  2.507E-06 -1.416E+00 -1.306E-03 -3.264E-06  1.554E-02 -3.028E-04 -7.569E-07  8.631E-08 -7.504E-14 -1.876E-16
  1.373973E+05  1.431E+00  1.003E-03  2.507E-06 -1.418E+00 -1.300E-03 -3.250E-06  1.525E-02 -2.974E-04 -7.434E-07  8.631E-08 -7.683E-14 -1.921E-16
  1.377973E+05  1.432E+00  1.003E-03  2.507E-06 -1.419E+00 -1.295E-03 -3.237E-06  1.495E-02 -2.921E-04 -7.302E-07  8.630E-08 -7.408E-14 -1.852E-16
  1.381973E+05  1.433E+00  1.003E-03  2.507E-06 -1.420E+00 -1.290E-03 -3.224E-06  1.467E-02 -2.868E-04 -7.171E-07  8.630E-08 -7.381E-14 -1.845E-16
  1.385973E+05  1.434E+00  1.003E-03  2.507E-06 -1.421E+00 -1.284E-03 -3.211E-06  1.439E-02 -2.817E-04 -7.042E-07  8.630E-08 -6.997E-14 -1.749E-16
  1.389973E+05  1.435E+00  1.003E-03  2.507E-06 -1.423E+00 -1.279E-03 -3.198E-06  1.411E-02 -2.766E-04 -6.915E-07  8.630E-08 -6.919E-14 -1.730E-16
  1.393973E+05  1.436E+00  1.003E-03  2.507E-06 -1.424E+00 -1.274E-03 -3.186E-06  1.384E-02 -2.716E-04 -6.790E-07  8.630E-08 -6.723E-14 -1.681E-16
  1.397973E+05  1.437E+00  1.003E-03  2.507E-06 -1.425E+00 -1.269E-03 -3.174E-06  1.357E-02 -2.667E-04 -6.667E-07  8.630E-08 -6.692E-14 -1.673E-16
  1.401973E+05  1.438E+00  1.003E-03  2.507E-06 -1.426E+00 -1.265E-03 -3.161E-06  1.331E-02 -2.618E-04 -6.545E-07  8.630E-08 -6.467E-14 -1.617E-16
  1.405973E+05  1.439E+00  1.003E-03  2.507E-06 -1.428E+00 -1.260E-03 -3.149E-06  1.305E-02 -2.570E-04 -6.425E-07  8.630E-08 -6.654E-14 -1.663E-16
  1.409973E+05  1.440E+00  1.003E-03  2.507E-06 -1.429E+00 -1.255E-03 -3.138E-06  1.280E-02 -2.523E-04 -6.307E-07  8.630E-08 -6.604E-14 -1.651E-16
  1.413973E+05  1.441E+00  1.003E-03  2.507E-06 -1.430E+00 -1.250E-03 -3.126E-06  1.255E-02 -2.476E-04 -6.191E-07  8.630E-08 -6.378E-14 -1.595E-16
  1.417973E+05  1.442E+00  1.003E-03  2.507E-06 -1.431E+00 -1.246E-03 -3.115E-06  1.231E-02 -2.430E-04 -6.076E-07  8.630E-08 -6.083E-14 -1.521E-16
  1.421973E+05  1.443E+00  1.003E-03  2.507E-06 -1.433E+00 -1.241E-03 -3.103E-06  1.207E-02 -2.385E-04 -5.963E-07  8.630E-08 -6.236E-14 -1.559E-16
  1.425973E+05  1.444E+00  1.003E-03  2.507E-06 -1.434E+00 -1.237E-03 -3.092E-06  1.184E-02 -2.341E-04 -5.851E-07  8.630E-08 -5.932E-14 -1.483E-16
  1.429973E+05  1.445E+00  1.003E-03  2.507E-06 -1.435E+00 -1.232E-03 -3.081E-06  1.161E-02 -2.297E-04 -5.742E-07  8.630E-08 -5.959E-14 -1.490E-16
  1.433973E+05  1.446E+00  1.003E-03  2.507E-06 -1.436E+00 -1.228E-03 -3.070E-06  1.138E-02 -2.253E-04 -5.633E-07  8.630E-08 -6.121E-14 -1.530E-16
  1.437973E+05  1.447E+00  1.003E-03  2.507E-06 -1.438E+00 -1.224E-03 -3.060E-06  1.116E-02 -2.211E-04 -5.527E-07  8.630E-08 -5.487E-14 -1.372E-16
  1.441973E+05  1.448E+00  1.003E-03  2.507E-06 -1.439E+00 -1.220E-03 -3.049E-06  1.094E-02 -2.169E-04 -5.422E-07  8.630E-08 -5.154E-14 -1.289E-16
  1.445973E+05  1.449E+00  1.003E-03  2.507E-06 -1.440E+00 -1.216E-03 -3.039E-06  1.073E-02 -2.127E-04 -5.318E-07  8.630E-08 -5.362E-14 -1.340E-16
  1.449973E+05  1.450E+00  1.003E-03  2.507E-06 -1.441E+00 -1.211E-03 -3.029E-06  1.052E-02 -2.087E-04 -5.217E-07  8.630E-08 -5.116E-14 -1.279E-16
  1.453973E+05  1.451E+00  1.003E-03  2.507E-06 -1.443E+00 -1.207E-03 -3.019E-06  1.032E-02 -2.046E-04 -5.116E-07  8.630E-08 -5.209E-14 -1.302E-16
  1.457973E+05  1.452E+00  1.003E-03  2.507E-06 -1.444E+00 -1.203E-03 -3.009E-06  1.012E-02 -2.007E-04 -5.017E-07  8.630E-08 -4.803E-14 -1.201E-16
  1.461973E+05  1.453E+00  1.003E-03  2.507E-06 -1.445E+00 -1.200E-03 -2.999E-06  9.920E-03 -1.968E-04 -4.920E-07  8.630E-08 -4.878E-14 -1.220E-16
  1.465973E+05  1.454E+00  1.003E-03  2.507E-06 -1.446E+00 -1.196E-03 -2.989E-06  9.727E-03 -1.930E-04 -4.824E-07  8.630E-08 -4.742E-14 -1.186E-16
  1.469973E+05  1.455E+00  1.003E-03  2.507E-06 -1.447E+00 -1.192E-03 -2.980E-06  9.537E-03 -1.892E-04 -4.730E-07  8.630E-08 -5.127E-14 -1.282E-16
  1.473973E+05  1.456E+00  1.003E-03  2.507E-06 -1.448E+00 -1.188E-03 -2.971E-06  9.352E-03 -1.855E-04 -4.637E-07  8.630E-08 -4.404E-14 -1.101E-16
  1.477973E+05  1.457E+00  1.003E-03  2.507E-06 -1.450E+00 -1.185E-03 -2.962E-06  9.170E-03 -1.818E-04 -4.545E-07  8.630E-08 -4.129E-14 -1.032E-16
  1.481973E+05  1.458E+00  1.003E-03  2.507E-06 -1.451E+00 -1.181E-03 -2.952E-06  8.992E-03 -1.782E-04 -4.455E-07  8.630E-08 -4.412E-14 -1.103E-16
  1.485973E+05  1.459E+00  1.003E-03  2.507E-06 -1.452E+00 -1.177E-03 -2.944E-06  8.817E-03 -1.747E-04 -4.367E-07  8.630E-08 -4.281E-14 -1.070E-16
  1.489973E+05  1.460E+00  1.003E-03  2.507E-06 -1.453E+00 -1.174E-03 -2.935E-06  8.646E-03 -1.712E-04 -4.279E-07  8.630E-08 -4.147E-14 -1.037E-16
  1.493973E+05  1.461E+00  1.003E-03  2.507E-06 -1.454E+00 -1.171E-03 -2.926E-06  8.478E-03 -1.677E-04 -4.194E-07  8.630E-08 -3.902E-14 -9.756E-17
  1.497973E+05  1.462E+00  1.003E-03  2.507E-06 -1.456E+00 -1.167E-03 -2.918E-06  8.314E-03 -1.644E-04 -4.109E-07  8.630E-08 -4.030E-14 -1.007E-16
  1.501973E+05  1.463E+00  1.003E-03  2.507E-06 -1.457E+00 -1.164E-03 -2.910E-06  8.153E-03 -1.610E-04 -4.026E-07  8.630E-08 -4.093E-14 -1.023E-16
  1.505973E+05  1.464E+00  1.003E-03  2.507E-06 -1.458E+00 -1.161E-03 -2.901E-06  7.995E-03 -1.578E-04 -3.944E-07  8.630E-08 -3.505E-14 -8.762E-17
  1.509973E+05  1.465E+00  1.003E-03  2.507E-06 -1.459E+00 -1.157E-03 -2.893E-06  7.841E-03 -1.545E-04 -3.863E-07  8.630E-08 -3.372E-14 -8.430E-17
  1.513973E+05  1.466E+00  1.003E-03  2.507E-06 -1.460E+00 -1.154E-03 -2.885E-06  7.689E-03 -1.514E-04 -3.784E-07  8.630E-08 -3.210E-14 -8.025E-17
  1.517973E+05  1.467E+00  1.003E-03  2.507E-06 -1.461E+00 -1.151E-03 -2.878E-06  7.541E-03 -1.482E-04 -3.706E-07  8.630E-08 -3.324E-14 -8.310E-17
  1.521973E+05  1.468E+00  1.003E-03  2.507E-06 -1.462E+00 -1.148E-03 -2.870E-06  7.396E-03 -1.452E-04 -3.629E-07  8.630E-08 -3.231E-14 -8.077E-17
  1.525973E+05  1.469E+00  1.003E-03  2.507E-06 -1.464E+00 -1.145E-03 -2.862E-06  7.254E-03 -1.422E-04 -3.554E-07  8.630E-08 -3.288E-14 -8.220E-17
  1.529973E+05  1.470E+00  1.003E-03  2.507E-06 -1.465E+00 -1.142E-03 -2.855E-06  7.115E-03 -1.392E-04 -3.480E-07  8.630E-08 -3.287E-14 -8.218E-17
  1.533973E+05  1.471E+00  1.003E-03  2.507E-06 -1.466E+00 -1.139E-03 -2.848E-06  6.978E-03 -1.363E-04 -3.407E-07  8.630E-08 -3.287E-14 -8.219E-17
  1.537973E+05  1.472E+00  1.003E-03  2.507E-06 -1.467E+00 -1.136E-03 -2.840E-06  6.845E-03 -1.334E-04 -3.335E-07  8.630E-08 -2.900E-14 -7.250E-17
  1.541973E+05  1.473E+00  1.003E-03  2.507E-06 -1.468E+00 -1.133E-03 -2.833E-06  6.714E-03 -1.306E-04 -3.264E-07  8.630E-08 -2.771E-14 -6.927E-17
  1.545973E+05  1.474E+00  1.003E-03  2.507E-06 -1.469E+00 -1.131E-03 -2.826E-06  6.586E-03 -1.278E-04 -3.195E-07  8.630E-08 -3.221E-14 -8.054E-17
  1.549973E+05  1.475E+00  1.003E-03  2.507E-06 -1.470E+00 -1.128E-03 -2.820E-06  6.461E-03 -1.251E-04 -3.127E-07  8.630E-08 -3.085E-14 -7.712E-17
  1.553973E+05  1.476E+00  1.003E-03  2.507E-06 -1.472E+00 -1.125E-03 -2.813E-06  6.339E-03 -1.224E-04 -3.060E-07  8.630E-08 -2.535E-14 -6.337E-17
  1.557973E+05  1.477E+00  1.003E-03  2.507E-06 -1.473E+00 -1.123E-03 -2.806E-06  6.219E-03 -1.198E-04 -2.994E-07  8.630E-08 -2.695E-14 -6.738E-17
  1.561973E+05  1.478E+00  1.003E-03  2.507E-06 -1.474E+00 -1.120E-03 -2.800E-06  6.102E-03 -1.172E-04 -2.929E-07  8.630E-08 -2.711E-14 -6.776E-17
  1.565973E+05  1.479E+00  1.003E-03  2.507E-06 -1.475E+00 -1.117E-03 -2.794E-06  5.987E-03 -1.146E-04 -2.866E-07  8.630E-08 -2.504E-14 -6.260E-17
  1.569973E+05  1.480E+00  1.003E-03  2.507E-06 -1.476E+00 -1.115E-03 -2.787E-06  5.875E-03 -1.121E-04 -2.803E-07  8.630E-08 -2.193E-14 -5.482E-17
  1.573973E+05  1.481E+00  1.003E-03  2.507E-06 -1.477E+00 -1.112E-03 -2.781E-06  5.766E-03 -1.097E-04 -2.742E-07  8.630E-08 -2.185E-14 -5.461E-17
  1.577973E+05  1.482E+00  1.003E-03  2.507E-06 -1.478E+00 -1.110E-03 -2.775E-06  5.658E-03 -1.073E-04 -2.681E-07  8.630E-08 -2.329E-14 -5.823E-17
  1.581973E+05  1.483E+00  1.003E-03  2.507E-06 -1.479E+00 -1.108E-03 -2.769E-06  5.554E-03 -1.049E-04 -2.622E-07  8.630E-08 -2.232E-14 -5.579E-17
  1.585973E+05  1.484E+00  1.003E-03  2.507E-06 -1.480E+00 -1.105E-03 -2.763E-06  5.451E-03 -1.026E-04 -2.564E-07  8.630E-08 -2.232E-14 -5.580E-17
  1.589973E+05  1.485E+00  1.003E-03  2.507E-06 -1.482E+00 -1.103E-03 -2.758E-06  5.351E-03 -1.003E-04 -2.507E-07  8.630E-08 -2.173E-14 -5.431E-17
  1.593973E+05  1.486E+00  1.003E-03  2.507E-06 -1.483E+00 -1.101E-03 -2.752E-06  5.253E-03 -9.802E-05 -2.450E-07  8.630E-08 -1.929E-14 -4.824E-17
  1.597973E+05  1.487E+00  1.003E-03  2.507E-06 -1.484E+00 -1.099E-03 -2.746E-06  5.157E-03 -9.581E-05 -2.395E-07  8.630E-08 -1.418E-14 -3.546E-17
  1.601973E+05  1.488E+00  1.003E-03  2.507E-06 -1.485E+00 -1.096E-03 -2.741E-06  5.063E-03 -9.364E-05 -2.341E-07  8.630E-08 -1.911E-14 -4.778E-17
  1.605973E+05  1.489E+00  1.003E-03  2.507E-06 -1.486E+00 -1.094E-03 -2.736E-06  4.972E-03 -9.152E-05 -2.288E-07  8.630E-08 -1.898E-14 -4.744E-17
  1.609973E+05  1.490E+00  1.003E-03  2.507E-06 -1.487E+00 -1.092E-03 -2.731E-06  4.882E-03 -8.943E-05 -2.236E-07  8.630E-08 -1.475E-14 -3.687E-17
  1.613973E+05  1.491E+00  1.003E-03  2.507E-06 -1.488E+00 -1.090E-03 -2.725E-06  4.795E-03 -8.738E-05 -2.185E-07  8.630E-08 -1.688E-14 -4.219E-17
  1.617973E+05  1.492E+00  1.003E-03  2.507E-06 -1.489E+00 -1.088E-03 -2.720E-06  4.710E-03 -8.537E-05 -2.134E-07  8.630E-08 -9.675E-15 -2.419E-17
  1.621973E+05  1.493E+00  1.003E-03  2.507E-06 -1.490E+00 -1.086E-03 -2.715E-06  4.626E-03 -8.340E-05 -2.085E-07  8.630E-08 -1.425E-14 -3.561E-17
  1.625973E+05  1.494E+00  1.003E-03  2.507E-06 -1.491E+00 -1.084E-03 -2.711E-06  4.545E-03 -8.146E-05 -2.037E-07  8.630E-08 -1.617E-14 -4.042E-17
  1.629973E+05  1.495E+00  1.003E-03  2.507E-06 -1.492E+00 -1.082E-03 -2.706E-06  4.465E-03 -7.956E-05 -1.989E-07  8.630E-08 -1.671E-14 -4.177E-17
  1.633973E+05  1.496E+00  1.003E-03  2.507E-06 -1.494E+00 -1.080E-03 -2.701E-06  4.387E-03 -7.770E-05 -1.943E-07  8.630E-08 -1.421E-14 -3.551E-17
  1.637973E+05  1.497E+00  1.003E-03  2.507E-06 -1.495E+00 -1.079E-03 -2.697E-06  4.312E-03 -7.587E-05 -1.897E-07  8.630E-08 -1.436E-14 -3.590E-17
  1.641973E+05  1.498E+00  1.003E-03  2.507E-06 -1.496E+00 -1.077E-03 -2.692E-06  4.237E-03 -7.408E-05 -1.852E-07  8.630E-08 -1.295E-14 -3.238E-17
  1.645973E+05  1.499E+00  1.003E-03  2.507E-06 -1.497E+00 -1.075E-03 -2.688E-06  4.165E-03 -7.233E-05 -1.808E-07  8.630E-08 -1.144E-14 -2.860E-17
  1.649973E+05  1.500E+00  1.003E-03  2.507E-06 -1.498E+00 -1.073E-03 -2.683E-06  4.095E-03 -7.060E-05 -1.765E-07  8.630E-08 -9.721E-15 -2.430E-17
  1.653973E+05  1.501E+00  1.003E-03  2.507E-06 -1.499E+00 -1.072E-03 -2.679E-06  4.026E-03 -6.891E-05 -1.723E-07  8.630E-08 -7.393E-15 -1.848E-17
  1.657973E+05  1.502E+00  1.003E-03  2.507E-06 -1.500E+00 -1.070E-03 -2.675E-06  3.958E-03 -6.726E-05 -1.681E-07  8.630E-08 -1.233E-14 -3.081E-17
  1.661973E+05  1.503E+00  1.003E-03  2.507E-06 -1.501E+00 -1.068E-03 -2.671E-06  3.893E-03 -6.564E-05 -1.641E-07  8.630E-08 -9.680E-15 -2.420E-17
  1.665973E+05  1.504E+00  1.003E-03  2.507E-06 -1.502E+00 -1.067E-03 -2.667E-06  3.829E-03 -6.405E-05 -1.601E-07  8.630E-08 -7.491E-15 -1.873E-17
  1.669973E+05  1.505E+00  1.003E-03  2.507E-06 -1.503E+00 -1.065E-03 -2.663E-06  3.766E-03 -6.249E-05 -1.562E-07  8.630E-08 -1.448E-14 -3.620E-17
  1.673973E+05  1.506E+00  1.003E-03  2.507E-06 -1.504E+00 -1.064E-03 -2.659E-06  3.705E-03 -6.096E-05 -1.524E-07  8.630E-08 -1.031E-14 -2.577E-17
  1.677973E+05  1.507E+00  1.003E-03  2.507E-06 -1.505E+00 -1.062E-03 -2.656E-06  3.646E-03 -5.946E-05 -1.487E-07  8.630E-08 -1.061E-14 -2.653E-17
  1.681973E+05  1.508E+00  1.003E-03  2.507E-06 -1.506E+00 -1.061E-03 -2.652E-06  3.588E-03 -5.800E-05 -1.450E-07  8.630E-08 -6.068E-13 -1.517E-15
  1.685973E+05  1.509E+00  1.003E-03  2.507E-06 -1.507E+00 -1.059E-03 -2.648E-06  3.531E-03 -5.657E-05 -1.414E-07  8.630E-08 -5.798E-13 -1.450E-15
  1.689973E+05  1.510E+00  1.003E-03  2.507E-06 -1.509E+00 -1.058E-03 -2.645E-06  3.476E-03 -5.516E-05 -1.379E-07  8.630E-08 -5.605E-13 -1.401E-15
  1.693973E+05  1.511E+00  1.003E-03  2.507E-06 -1.510E+00 -1.057E-03 -2.641E-06  3.422E-03 -5.378E-05 -1.345E-07  8.630E-08 -5.392E-13 -1.348E-15
  1.697973E+05  1.512E+00  1.003E-03  2.507E-06 -1.511E+00 -1.055E-03 -2.638E-06  3.370E-03 -5.243E-05 -1.311E-07  8.630E-08 -5.171E-13 -1.293E-15
  1.701973E+05  1.513E+00  1.003E-03  2.507E-06 -1.512E+00 -1.054E-03 -2.635E-06  3.319E-03 -5.111E-05 -1.278E-07  8.630E-08 -4.950E-13 -1.237E-15
  1.705973E+05  1.514E+00  1.003E-03  2.507E-06 -1.513E+00 -1.053E-03 -2.632E-06  3.269E-03 -4.982E-05 -1.246E-07  8.630E-08 -4.717E-13 -1.179E-15
  1.709973E+05  1.515E+00  1.003E-03  2.507E-06 -1.514E+00 -1.051E-03 -2.628E-06  3.220E-03 -4.856E-05 -1.214E-07  8.630E-08 -4.559E-13 -1.140E-15
  1.713973E+05  1.516E+00  1.003E-03  2.507E-06 -1.515E+00 -1.050E-03 -2.625E-06  3.173E-03 -4.732E-05 -1.183E-07  8.630E-08 -4.422E-13 -1.105E-15
  1.717973E+05  1.517E+00  1.003E-03  2.507E-06 -1.516E+00 -1.049E-03 -2.622E-06  3.127E-03 -4.611E-05 -1.153E-07  8.630E-08 -4.162E-13 -1.041E-15
  1.721973E+05  1.518E+00  1.003E-03  2.507E-06 -1.517E+00 -1.048E-03 -2.619E-06  3.082E-03 -4.492E-05 -1.123E-07  8.630E-08 -4.001E-13 -1.000E-15
  1.725973E+05  1.519E+00  1.003E-03  2.507E-06 -1.518E+00 -1.047E-03 -2.616E-06  3.038E-03 -4.377E-05 -1.094E-07  8.630E-08 -3.845E-13 -9.612E-16
  1.729973E+05  1.520E+00  1.003E-03  2.507E-06 -1.519E+00 -1.045E-03 -2.614E-06  2.996E-03 -4.263E-05 -1.066E-07  8.630E-08 -3.702E-13 -9.255E-16
  1.733973E+05  1.521E+00  1.003E-03  2.507E-06 -1.520E+00 -1.044E-03 -2.611E-06  2.954E-03 -4.152E-05 -1.038E-07  8.630E-08 -3.525E-13 -8.812E-16
  1.737973E+05  1.522E+00  1.003E-03  2.507E-06 -1.521E+00 -1.043E-03 -2.608E-06  2.914E-03 -4.044E-05 -1.011E-07  8.630E-08 -3.372E-13 -8.430E-16
  1.741973E+05  1.523E+00  1.003E-03  2.507E-06 -1.522E+00 -1.042E-03 -2.605E-06  2.874E-03 -3.938E-05 -9.845E-08  8.630E-08 -3.230E-13 -8.074E-16
  1.745973E+05  1.524E+00  1.003E-03  2.507E-06 -1.523E+00 -1.041E-03 -2.603E-06  2.836E-03 -3.835E-05 -9.586E-08  8.629E-08 -3.162E-13 -7.905E-16
  1.749973E+05  1.525E+00  1.003E-03  2.507E-06 -1.524E+00 -1.040E-03 -2.600E-06  2.799E-03 -3.733E-05 -9.333E-08  8.629E-08 -2.948E-13 -7.370E-16
  1.753973E+05  1.526E+00  1.003E-03  2.507E-06 -1.525E+00 -1.039E-03 -2.598E-06  2.762E-03 -3.634E-05 -9.086E-08  8.629E-08 -2.848E-13 -7.120E-16
  1.757973E+05  1.527E+00  1.003E-03  2.507E-06 -1.526E+00 -1.038E-03 -2.595E-06  2.727E-03 -3.538E-05 -8.844E-08  8.629E-08 -2.693E-13 -6.733E-16
  1.761973E+05  1.528E+00  1.003E-03  2.507E-06 -1.527E+00 -1.037E-03 -2.593E-06  2.692E-03 -3.443E-05 -8.608E-08  8.629E-08 -2.612E-13 -6.531E-16
  1.765973E+05  1.529E+00  1.003E-03  2.507E-06 -1.528E+00 -1.036E-03 -2.591E-06  2.659E-03 -3.351E-05 -8.377E-08  8.629E-08 -2.505E-13 -6.262E-16
  1.769973E+05  1.530E+00  1.003E-03  2.507E-06 -1.529E+00 -1.035E-03 -2.588E-06  2.626E-03 -3.261E-05 -8.151E-08  8.629E-08 -2.326E-13 -5.814E-16
  1.773973E+05  1.531E+00  1.003E-03  2.507E-06 -1.530E+00 -1.035E-03 -2.586E-06  2.595E-03 -3.172E-05 -7.931E-08  8.629E-08 -2.282E-13 -5.704E-16
  1.777973E+05  1.532E+00  1.003E-03  2.507E-06 -1.531E+00 -1.034E-03 -2.584E-06  2.564E-03 -3.086E-05 -7.716E-08  8.629E-08 -2.160E-13 -5.400E-16
  1.781973E+05  1.534E+00  1.003E-03  2.507E-06 -1.533E+00 -1.033E-03 -2.582E-06  2.534E-03 -3.002E-05 -7.506E-08  8.629E-08 -2.063E-13 -5.159E-16
  1.785973E+05  1.535E+00  1.003E-03  2.507E-06 -1.534E+00 -1.032E-03 -2.580E-06  2.504E-03 -2.920E-05 -7.301E-08  8.629E-08 -1.979E-13 -4.947E-16
  1.789973E+05  1.536E+00  1.003E-03  2.507E-06 -1.535E+00 -1.031E-03 -2.578E-06  2.476E-03 -2.840E-05 -7.101E-08  8.629E-08 -1.865E-13 -4.663E-16
  1.793973E+05  1.537E+00  1.003E-03  2.507E-06 -1.536E+00 -1.030E-03 -2.576E-06  2.448E-03 -2.762E-05 -6.905E-08  8.629E-08 -1.819E-13 -4.547E-16
  1.797973E+05  1.538E+00  1.003E-03  2.507E-06 -1.537E+00 -1.030E-03 -2.574E-06  2.422E-03 -2.686E-05 -6.714E-08  8.629E-08 -1.686E-13 -4.214E-16
  1.801973E+05  1.539E+00  1.003E-03  2.507E-06 -1.538E+00 -1.029E-03 -2.572E-06  2.395E-03 -2.611E-05 -6.528E-08  8.629E-08 -1.615E-13 -4.039E-16
  1.805973E+05  1.540E+00  1.003E-03  2.507E-06 -1.539E+00 -1.028E-03 -2.570E-06  2.370E-03 -2.539E-05 -6.346E-08  8.629E-08 -1.549E-13 -3.873E-16
  1.809973E+05  1.541E+00  1.003E-03  2.507E-06 -1.540E+00 -1.027E-03 -2.569E-06  2.345E-03 -2.468E-05 -6.169E-08  8.629E-08 -1.486E-13 -3.714E-16
  1.813973E+05  1.542E+00  1.003E-03  2.507E-06 -1.541E+00 -1.027E-03 -2.567E-06  2.321E-03 -2.398E-05 -5.996E-08  8.629E-08 -1.420E-13 -3.551E-16
  1.817973E+05  1.543E+00  1.003E-03  2.507E-06 -1.542E+00 -1.026E-03 -2.565E-06  2.298E-03 -2.331E-05 -5.827E-08  8.629E-08 -1.374E-13 -3.436E-16
  1.821973E+05  1.544E+00  1.003E-03  2.507E-06 -1.543E+00 -1.025E-03 -2.564E-06  2.275E-03 -2.265E-05 -5.663E-08  8.629E-08 -1.308E-13 -3.269E-16
  1.825973E+05  1.545E+00  1.003E-03  2.507E-06 -1.544E+00 -1.025E-03 -2.562E-06  2.253E-03 -2.201E-05 -5.502E-08  8.629E-08 -1.203E-13 -3.008E-16
  1.829973E+05  1.546E+00  1.003E-03  2.507E-06 -1.545E+00 -1.024E-03 -2.560E-06  2.232E-03 -2.138E-05 -5.346E-08  8.629E-08 -1.160E-13 -2.900E-16
  1.833973E+05  1.547E+00  1.003E-03  2.507E-06 -1.546E+00 -1.024E-03 -2.559E-06  2.211E-03 -2.077E-05 -5.193E-08  8.629E-08 -1.112E-13 -2.780E-16
  1.837973E+05  1.548E+00  1.003E-03  2.507E-06 -1.547E+00 -1.023E-03 -2.557E-06  2.191E-03 -2.018E-05 -5.045E-08  8.629E-08 -1.059E-13 -2.647E-16
  1.841973E+05  1.549E+00  1.003E-03  2.507E-06 -1.548E+00 -1.022E-03 -2.556E-06  2.172E-03 -1.960E-05 -4.900E-08  8.629E-08 -9.951E-14 -2.488E-16
  1.845973E+05  1.550E+00  1.003E-03  2.507E-06 -1.549E+00 -1.022E-03 -2.555E-06  2.152E-03 -1.903E-05 -4.759E-08  8.629E-08 -9.451E-14 -2.363E-16
  1.849973E+05  1.551E+00  1.003E-03  2.507E-06 -1.550E+00 -1.021E-03 -2.553E-06  2.134E-03 -1.848E-05 -4.621E-08  8.629E-08 -9.162E-14 -2.290E-16
  1.853973E+05  1.552E+00  1.003E-03  2.507E-06 -1.551E+00 -1.021E-03 -2.552E-06  2.116E-03 -1.795E-05 -4.487E-08  8.629E-08 -8.489E-14 -2.122E-16
  1.857973E+05  1.553E+00  1.003E-03  2.507E-06 -1.552E+00 -1.020E-03 -2.551E-06  2.099E-03 -1.743E-05 -4.356E-08  8.629E-08 -7.861E-14 -1.965E-16
  1.861973E+05  1.554E+00  1.003E-03  2.507E-06 -1.553E+00 -1.020E-03 -2.549E-06  2.082E-03 -1.692E-05 -4.229E-08  8.629E-08 -7.623E-14 -1.906E-16
  1.865973E+05  1.555E+00  1.003E-03  2.507E-06 -1.554E+00 -1.019E-03 -2.548E-06  2.065E-03 -1.642E-05 -4.105E-08  8.629E-08 -7.398E-14 -1.850E-16
  1.869973E+05  1.556E+00  1.003E-03  2.507E-06 -1.555E+00 -1.019E-03 -2.547E-06  2.049E-03 -1.594E-05 -3.984E-08  8.629E-08 -6.907E-14 -1.727E-16
  1.873973E+05  1.557E+00  1.003E-03  2.507E-06 -1.556E+00 -1.018E-03 -2.546E-06  2.034E-03 -1.547E-05 -3.867E-08  8.629E-08 -6.359E-14 -1.590E-16
  1.877973E+05  1.558E+00  1.003E-03  2.507E-06 -1.557E+00 -1.018E-03 -2.544E-06  2.019E-03 -1.501E-05 -3.752E-08  8.629E-08 -6.565E-14 -1.641E-16
  1.881973E+05  1.559E+00  1.003E-03  2.507E-06 -1.558E+00 -1.017E-03 -2.543E-06  2.004E-03 -1.456E-05 -3.641E-08  8.629E-08 -6.083E-14 -1.521E-16
  1.885973E+05  1.560E+00  1.003E-03  2.507E-06 -1.559E+00 -1.017E-03 -2.542E-06  1.990E-03 -1.413E-05 -3.533E-08  8.629E-08 -5.272E-14 -1.318E-16
  1.889973E+05  1.561E+00  1.003E-03  2.507E-06 -1.560E+00 -1.016E-03 -2.541E-06  1.976E-03 -1.371E-05 -3.427E-08  8.629E-08 -5.403E-14 -1.351E-16
  1.893973E+05  1.562E+00  1.003E-03  2.507E-06 -1.561E+00 -1.016E-03 -2.540E-06  1.963E-03 -1.330E-05 -3.324E-08  8.629E-08 -4.815E-14 -1.204E-16
  1.897973E+05  1.563E+00  1.003E-03  2.507E-06 -1.562E+00 -1.016E-03 -2.539E-06  1.950E-03 -1.290E-05 -3.224E-08  8.629E-08 -4.831E-14 -1.208E-16
  1.900000E+05  1.563E+00  5.082E-04  2.507E-06 -1.563E+00 -5.146E-04 -2.538E-06  1.944E-03 -6.339E-06 -3.127E-08  8.629E-08 -1.490E-13 -7.351E-16
  1.900001E+05  1.563E+00  1.824E-04  1.216E-03 -1.563E+00 -3.807E-07 -2.538E-06  2.126E-03  1.821E-04  1.214E-03  8.643E-08  1.445E-10  9.632E-10
  1.900004E+05  1.564E+00  2.757E-04  1.225E-03 -1.563E+00 -5.710E-07 -2.538E-06  2.401E-03  2.752E-04  1.223E-03  8.670E-08  2.667E-10  1.185E-09
  1.900007E+05  1.564E+00  4.251E-04  1.260E-03 -1.563E+00 -8.565E-07 -2.538E-06  2.825E-03  4.243E-04  1.257E-03  8.756E-08  8.618E-10  2.553E-09
  1.900012E+05  1.565E+00  6.367E-04  1.258E-03 -1.563E+00 -1.285E-06 -2.538E-06  3.461E-03  6.354E-04  1.255E-03  8.799E-08  4.319E-10  8.532E-10
  1.900020E+05  1.565E+00  6.989E-04  9.203E-04 -1.563E+00 -1.927E-06 -2.538E-06  4.158E-03  6.970E-04  9.178E-04  8.863E-08  6.408E-10  8.439E-10
  1.900031E+05  1.566E+00  8.206E-04  7.204E-04 -1.563E+00 -2.891E-06 -2.538E-06  4.975E-03  8.177E-04  7.178E-04  8.882E-08  1.857E-10  1.630E-10
  1.900048E+05  1.567E+00  1.007E-03  5.896E-04 -1.563E+00 -4.336E-06 -2.538E-06  5.978E-03  1.003E-03  5.871E-04  8.875E-08 -7.322E-11 -4.286E-11
  1.900074E+05  1.568E+00  1.219E-03  4.754E-04 -1.563E+00 -6.504E-06 -2.538E-06  7.190E-03  1.212E-03  4.729E-04  8.871E-08 -4.030E-11 -1.572E-11
  1.900112E+05  1.570E+00  1.488E-03  3.871E-04 -1.563E+00 -9.757E-06 -2.538E-06  8.669E-03  1.478E-03  3.845E-04  8.872E-08  1.348E-11  3.507E-12
  1.900170E+05  1.572E+00  1.826E-03  3.167E-04 -1.563E+00 -1.463E-05 -2.538E-06  1.048E-02  1.811E-03  3.141E-04  8.874E-08  1.459E-11  2.530E-12
  1.900256E+05  1.574E+00  2.251E-03  2.602E-04 -1.563E+00 -2.195E-05 -2.538E-06  1.271E-02  2.229E-03  2.577E-04  8.875E-08  1.560E-11  1.804E-12
  1.900386E+05  1.577E+00  2.786E-03  2.147E-04 -1.563E+00 -3.293E-05 -2.538E-06  1.546E-02  2.753E-03  2.122E-04  8.875E-08  8.843E-13  6.816E-14
  1.900581E+05  1.580E+00  3.463E-03  1.779E-04 -1.563E+00 -4.939E-05 -2.538E-06  1.888E-02  3.414E-03  1.754E-04  8.875E-08  1.451E-12  7.457E-14
  1.900873E+05  1.584E+00  4.324E-03  1.481E-04 -1.563E+00 -7.409E-05 -2.538E-06  2.313E-02  4.250E-03  1.456E-04  8.875E-08 -1.656E-12 -5.671E-14
  1.901311E+05  1.590E+00  5.426E-03  1.239E-04 -1.563E+00 -1.111E-04 -2.538E-06  2.844E-02  5.315E-03  1.214E-04  8.875E-08 -2.254E-12 -5.146E-14
  1.901968E+05  1.597E+00  6.847E-03  1.042E-04 -1.563E+00 -1.667E-04 -2.538E-06  3.512E-02  6.681E-03  1.017E-04  8.875E-08 -2.934E-12 -4.466E-14
  1.902953E+05  1.605E+00  8.695E-03  8.826E-05 -1.563E+00 -2.500E-04 -2.538E-06  4.357E-02  8.445E-03  8.572E-05  8.875E-08  1.433E-12  1.455E-14
  1.904431E+05  1.617E+00  1.112E-02  7.526E-05 -1.564E+00 -3.750E-04 -2.537E-06  5.431E-02  1.075E-02  7.272E-05  8.875E-08  5.043E-12  3.412E-14
  1.906648E+05  1.631E+00  1.434E-02  6.471E-05 -1.564E+00 -5.624E-04 -2.537E-06  6.810E-02  1.378E-02  6.217E-05  8.876E-08  9.133E-12  4.120E-14
  1.909973E+05  1.650E+00  1.867E-02  5.615E-05 -1.565E+00 -8.434E-04 -2.536E-06  8.592E-02  1.783E-02  5.361E-05  8.877E-08  3.288E-12  9.889E-15
  1.913973E+05  1.670E+00  1.998E-02  4.995E-05 -1.566E+00 -1.014E-03 -2.536E-06  1.049E-01  1.897E-02  4.741E-05  8.877E-08  4.218E-12  1.054E-14
  1.917973E+05  1.688E+00  1.831E-02  4.578E-05 -1.567E+00 -1.014E-03 -2.535E-06  1.222E-01  1.730E-02  4.324E-05  8.877E-08  7.338E-13  1.835E-15
  1.921973E+05  1.705E+00  1.714E-02  4.285E-05 -1.568E+00 -1.014E-03 -2.534E-06  1.383E-01  1.613E-02  4.032E-05  8.878E-08  1.135E-11  2.838E-14
  1.925973E+05  1.721E+00  1.628E-02  4.069E-05 -1.569E+00 -1.013E-03 -2.533E-06  1.536E-01  1.526E-02  3.816E-05  8.879E-08  7.216E-12  1.804E-14
  1.929973E+05  1.737E+00  1.561E-02  3.903E-05 -1.570E+00 -1.013E-03 -2.532E-06  1.682E-01  1.460E-02  3.650E-05  8.879E-08  4.947E-12  1.237E-14
  1.933973E+05  1.752E+00  1.508E-02  3.770E-05 -1.571E+00 -1.013E-03 -2.531E-06  1.822E-01  1.407E-02  3.517E-05  8.881E-08  1.245E-11  3.112E-14
  1.937973E+05  1.767E+00  1.465E-02  3.662E-05 -1.572E+00 -1.012E-03 -2.531E-06  1.959E-01  1.364E-02  3.409E-05  8.882E-08  9.367E-12  2.342E-14
  1.941973E+05  1.781E+00  1.429E-02  3.572E-05 -1.573E+00 -1.012E-03 -2.530E-06  2.092E-01  1.327E-02  3.319E-05  8.882E-08  7.264E-12  1.816E-14
  1.945973E+05  1.795E+00  1.398E-02  3.495E-05 -1.574E+00 -1.012E-03 -2.529E-06  2.221E-01  1.297E-02  3.242E-05  8.883E-08  5.771E-12  1.443E-14
  1.949973E+05  1.809E+00  1.371E-02  3.428E-05 -1.575E+00 -1.011E-03 -2.528E-06  2.348E-01  1.270E-02  3.175E-05  8.883E-08  4.671E-12  1.168E-14
  1.953973E+05  1.822E+00  1.348E-02  3.370E-05 -1.576E+00 -1.011E-03 -2.528E-06  2.473E-01  1.247E-02  3.117E-05  8.884E-08  3.835E-12  9.587E-15
  1.957973E+05  1.835E+00  1.328E-02  3.319E-05 -1.577E+00 -1.011E-03 -2.527E-06  2.596E-01  1.226E-02  3.066E-05  8.884E-08  3.200E-12  8.000E-15
  1.961973E+05  1.848E+00  1.309E-02  3.273E-05 -1.578E+00 -1.011E-03 -2.526E-06  2.716E-01  1.208E-02  3.021E-05  8.884E-08  2.695E-12  6.738E-15
  1.965973E+05  1.861E+00  1.293E-02  3.232E-05 -1.579E+00 -1.010E-03 -2.526E-06  2.836E-01  1.192E-02  2.980E-05  8.885E-08  2.289E-12  5.723E-15
  1.969973E+05  1.874E+00  1.278E-02  3.195E-05 -1.580E+00 -1.010E-03 -2.525E-06  2.953E-01  1.177E-02  2.943E-05  8.885E-08  6.685E-12  1.671E-14
  1.973973E+05  1.887E+00  1.265E-02  3.162E-05 -1.581E+00 -1.010E-03 -2.525E-06  3.070E-01  1.164E-02  2.909E-05  8.886E-08  5.664E-12  1.416E-14
  1.977973E+05  1.899E+00  1.253E-02  3.131E-05 -1.582E+00 -1.010E-03 -2.524E-06  3.185E-01  1.152E-02  2.879E-05  8.886E-08  4.849E-12  1.212E-14
  1.981973E+05  1.912E+00  1.241E-02  3.103E-05 -1.583E+00 -1.009E-03 -2.524E-06  3.299E-01  1.140E-02  2.851E-05  8.887E-08  4.189E-12  1.047E-14
  1.985973E+05  1.924E+00  1.231E-02  3.077E-05 -1.584E+00 -1.009E-03 -2.523E-06  3.412E-01  1.130E-02  2.825E-05  8.887E-08  3.638E-12  9.095E-15
  1.989973E+05  1.936E+00  1.221E-02  3.054E-05 -1.585E+00 -1.009E-03 -2.523E-06  3.524E-01  1.121E-02  2.801E-05  8.887E-08  3.162E-12  7.905E-15
  1.993973E+05  1.948E+00  1.213E-02  3.032E-05 -1.586E+00 -1.009E-03 -2.522E-06  3.635E-01  1.112E-02  2.779E-05  8.888E-08  2.782E-12  6.955E-15
  1.997973E+05  1.960E+00  1.204E-02  3.011E-05 -1.587E+00 -1.009E-03 -2.522E-06  3.745E-01  1.104E-02  2.759E-05  8.888E-08  2.443E-12  6.108E-15
  2.001973E+05  1.972E+00  1.197E-02  2.992E-05 -1.588E+00 -1.008E-03 -2.521E-06  3.855E-01  1.096E-02  2.740E-05  8.888E-08  2.176E-12  5.440E-15
  2.005973E+05  1.984E+00  1.190E-02  2.974E-05 -1.589E+00 -1.008E-03 -2.521E-06  3.964E-01  1.089E-02  2.722E-05  8.888E-08  1.919E-12  4.798E-15
  2.009973E+05  1.996E+00  1.183E-02  2.957E-05 -1.591E+00 -1.008E-03 -2.520E-06  4.072E-01  1.082E-02  2.705E-05  8.888E-08  1.711E-12  4.277E-15
  2.013973E+05  2.008E+00  1.177E-02  2.941E-05 -1.592E+00 -1.008E-03 -2.520E-06  4.180E-01  1.076E-02  2.689E-05  8.889E-08  1.535E-12  3.836E-15
  2.017973E+05  2.020E+00  1.171E-02  2.927E-05 -1.593E+00 -1.008E-03 -2.519E-06  4.287E-01  1.070E-02  2.675E-05  8.889E-08  1.388E-12  3.469E-15
  2.021973E+05  2.031E+00  1.165E-02  2.913E-05 -1.594E+00 -1.008E-03 -2.519E-06  4.393E-01  1.064E-02  2.661E-05  8.889E-08  1.244E-12  3.109E-15
  2.025973E+05  2.043E+00  1.160E-02  2.899E-05 -1.595E+00 -1.007E-03 -2.519E-06  4.499E-01  1.059E-02  2.647E-05  8.889E-08  1.118E-12  2.795E-15
  2.029973E+05  2.054E+00  1.155E-02  2.887E-05 -1.596E+00 -1.007E-03 -2.518E-06  4.604E-01  1.054E-02  2.635E-05  8.890E-08  1.153E-11  2.883E-14
  2.033973E+05  2.066E+00  1.150E-02  2.875E-05 -1.597E+00 -1.007E-03 -2.518E-06  4.709E-01  1.049E-02  2.623E-05  8.891E-08  1.072E-11  2.679E-14
  2.037973E+05  2.077E+00  1.145E-02  2.864E-05 -1.598E+00 -1.007E-03 -2.517E-06  4.814E-01  1.045E-02  2.612E-05  8.892E-08  9.972E-12  2.493E-14
  2.041973E+05  2.089E+00  1.141E-02  2.853E-05 -1.599E+00 -1.007E-03 -2.517E-06  4.918E-01  1.040E-02  2.601E-05  8.893E-08  9.300E-12  2.325E-14
  2.045973E+05  2.100E+00  1.137E-02  2.843E-05 -1.600E+00 -1.007E-03 -2.517E-06  5.022E-01  1.036E-02  2.591E-05  8.894E-08  8.701E-12  2.175E-14
  2.049973E+05  2.111E+00  1.133E-02  2.833E-05 -1.601E+00 -1.007E-03 -2.516E-06  5.125E-01  1.033E-02  2.581E-05  8.895E-08  8.179E-12  2.045E-14
  2.053973E+05  2.123E+00  1.129E-02  2.824E-05 -1.602E+00 -1.006E-03 -2.516E-06  5.228E-01  1.029E-02  2.572E-05  8.896E-08  7.667E-12  1.917E-14
  2.057973E+05  2.134E+00  1.126E-02  2.815E-05 -1.603E+00 -1.006E-03 -2.516E-06  5.330E-01  1.025E-02  2.563E-05  8.896E-08  7.227E-12  1.807E-14
  2.061973E+05  2.145E+00  1.123E-02  2.806E-05 -1.604E+00 -1.006E-03 -2.515E-06  5.432E-01  1.022E-02  2.555E-05  8.897E-08  6.824E-12  1.706E-14
  2.065973E+05  2.156E+00  1.119E-02  2.798E-05 -1.605E+00 -1.006E-03 -2.515E-06  5.534E-01  1.019E-02  2.547E-05  8.898E-08  6.431E-12  1.608E-14
  2.069973E+05  2.168E+00  1.116E-02  2.790E-05 -1.606E+00 -1.006E-03 -2.515E-06  5.636E-01  1.016E-02  2.539E-05  8.898E-08  6.113E-12  1.528E-14
  2.073973E+05  2.179E+00  1.113E-02  2.783E-05 -1.607E+00 -1.006E-03 -2.515E-06  5.737E-01  1.013E-02  2.531E-05  8.899E-08  5.782E-12  1.446E-14
  2.077973E+05  2.190E+00  1.110E-02  2.776E-05 -1.608E+00 -1.006E-03 -2.514E-06  5.838E-01  1.010E-02  2.524E-05  8.899E-08  5.488E-12  1.372E-14
  2.081973E+05  2.201E+00  1.108E-02  2.769E-05 -1.609E+00 -1.006E-03 -2.514E-06  5.939E-01  1.007E-02  2.517E-05  8.900E-08  5.227E-12  1.307E-14
  2.085973E+05  2.212E+00  1.105E-02  2.762E-05 -1.610E+00 -1.006E-03 -2.514E-06  6.039E-01  1.004E-02  2.511E-05  8.900E-08  4.969E-12  1.242E-14
  2.089973E+05  2.223E+00  1.102E-02  2.756E-05 -1.611E+00 -1.005E-03 -2.514E-06  6.139E-01  1.002E-02  2.504E-05  8.901E-08  4.756E-12  1.189E-14
  2.093973E+05  2.234E+00  1.100E-02  2.750E-05 -1.612E+00 -1.005E-03 -2.514E-06  6.239E-01  9.993E-03  2.498E-05  8.901E-08  4.522E-12  1.130E-14
  2.097973E+05  2.245E+00  1.097E-02  2.744E-05 -1.613E+00 -1.005E-03 -2.514E-06  6.339E-01  9.969E-03  2.492E-05  8.902E-08  4.318E-12  1.079E-14
  2.101973E+05  2.256E+00  1.095E-02  2.738E-05 -1.614E+00 -1.006E-03 -2.514E-06  6.438E-01  9.946E-03  2.487E-05  8.902E-08  4.151E-12  1.038E-14
  2.105973E+05  2.267E+00  1.093E-02  2.732E-05 -1.615E+00 -1.006E-03 -2.515E-06  6.538E-01  9.924E-03  2.481E-05  8.903E-08  3.986E-12  9.966E-15
  2.109973E+05  2.278E+00  1.091E-02  2.727E-05 -1.616E+00 -1.007E-03 -2.518E-06  6.637E-01  9.901E-03  2.475E-05  8.903E-08  3.800E-12  9.499E-15
  2.113973E+05  2.289E+00  1.089E-02  2.722E-05 -1.617E+00 -1.010E-03 -2.525E-06  6.735E-01  9.878E-03  2.469E-05  8.903E-08  3.675E-12  9.187E-15
  2.117973E+05  2.300E+00  1.087E-02  2.717E-05 -1.618E+00 -1.016E-03 -2.540E-06  6.834E-01  9.852E-03  2.463E-05  8.904E-08  3.537E-12  8.843E-15
  2.121973E+05  2.310E+00  1.085E-02  2.712E-05 -1.619E+00 -1.030E-03 -2.574E-06  6.932E-01  9.819E-03  2.455E-05  8.904E-08  3.403E-12  8.507E-15
  2.125973E+05  2.321E+00  1.083E-02  2.707E-05 -1.620E+00 -1.060E-03 -2.651E-06  7.030E-01  9.769E-03  2.442E-05  8.904E-08  3.253E-12  8.133E-15
  2.129973E+05  2.332E+00  1.081E-02  2.703E-05 -1.621E+00 -1.128E-03 -2.820E-06  7.127E-01  9.684E-03  2.421E-05  8.905E-08  3.043E-12  7.606E-15
  2.133973E+05  2.343E+00  1.079E-02  2.699E-05 -1.622E+00 -1.273E-03 -3.182E-06  7.222E-01  9.521E-03  2.380E-05  8.905E-08  2.855E-12  7.138E-15
  2.137973E+05  2.354E+00  1.078E-02  2.694E-05 -1.624E+00 -1.572E-03 -3.931E-06  7.314E-01  9.205E-03  2.301E-05  8.905E-08  2.806E-12  7.015E-15
  2.141973E+05  2.364E+00  1.076E-02  2.690E-05 -1.626E+00 -2.135E-03 -5.338E-06  7.400E-01  8.625E-03  2.156E-05  8.905E-08  2.014E-12  5.034E-15
  2.145973E+05  2.375E+00  1.074E-02  2.686E-05 -1.629E+00 -3.032E-03 -7.579E-06  7.477E-01  7.713E-03  1.928E-05  8.906E-08  7.762E-12  1.940E-14
  2.149973E+05  2.386E+00  1.073E-02  2.682E-05 -1.633E+00 -4.168E-03 -1.042E-05  7.543E-01  6.561E-03  1.640E-05  8.906E-08  2.080E-12  5.199E-15
  2.153973E+05  2.397E+00  1.071E-02  2.678E-05 -1.638E+00 -5.325E-03 -1.331E-05  7.597E-01  5.389E-03  1.347E-05  8.907E-08  5.554E-12  1.388E-14
  2.157973E+05  2.407E+00  1.070E-02  2.674E-05 -1.645E+00 -6.337E-03 -1.584E-05  7.640E-01  4.360E-03  1.090E-05  8.907E-08  1.191E-12  2.978E-15
  2.161973E+05  2.418E+00  1.068E-02  2.670E-05 -1.652E+00 -7.157E-03 -1.789E-05  7.676E-01  3.525E-03  8.812E-06  8.908E-08  6.411E-12  1.603E-14
  2.165973E+05  2.429E+00  1.066E-02  2.666E-05 -1.660E+00 -7.797E-03 -1.949E-05  7.704E-01  2.867E-03  7.167E-06  8.908E-08  1.621E-12  4.053E-15
  2.169973E+05  2.439E+00  1.064E-02  2.661E-05 -1.668E+00 -8.290E-03 -2.073E-05  7.728E-01  2.352E-03  5.881E-06  8.908E-08  3.714E-13  9.286E-16
  2.173973E+05  2.450E+00  1.062E-02  2.654E-05 -1.677E+00 -8.671E-03 -2.168E-05  7.747E-01  1.945E-03  4.863E-06  8.909E-08  9.884E-12  2.471E-14
  2.177973E+05  2.460E+00  1.058E-02  2.646E-05 -1.686E+00 -8.967E-03 -2.242E-05  7.763E-01  1.616E-03  4.039E-06  8.909E-08  3.495E-12  8.738E-15
  2.181973E+05  2.471E+00  1.054E-02  2.635E-05 -1.695E+00 -9.199E-03 -2.300E-05  7.777E-01  1.339E-03  3.347E-06  8.909E-08  1.301E-12  3.252E-15
  2.185973E+05  2.481E+00  1.047E-02  2.618E-05 -1.704E+00 -9.382E-03 -2.345E-05  7.788E-01  1.092E-03  2.730E-06  8.909E-08  5.827E-13  1.457E-15
  2.189973E+05  2.492E+00  1.037E-02  2.593E-05 -1.714E+00 -9.525E-03 -2.381E-05  7.796E-01  8.460E-04  2.115E-06  8.909E-08  3.958E-13  9.895E-16
  2.193973E+05  2.502E+00  1.017E-02  2.542E-05 -1.723E+00 -9.635E-03 -2.409E-05  7.802E-01  5.320E-04  1.330E-06  8.909E-08  1.114E-14  2.786E-17
  2.197973E+05  2.512E+00  9.835E-03  2.459E-05 -1.733E+00 -9.705E-03 -2.426E-05  7.803E-01  1.299E-04  3.247E-07  8.909E-08  1.693E-14  4.232E-17
  2.201973E+05  2.522E+00  9.733E-03  2.433E-05 -1.743E+00 -9.720E-03 -2.430E-05  7.803E-01  1.285E-05  3.214E-08  8.909E-08 -1.157E-14 -2.892E-17
  2.205973E+05  2.531E+00  9.721E-03  2.430E-05 -1.753E+00 -9.720E-03 -2.430E-05  7.803E-01  1.242E-06  3.106E-09  8.909E-08  5.586E-14  1.396E-16
  2.209973E+05  2.541E+00  9.720E-03  2.430E-05 -1.762E+00 -9.720E-03 -2.430E-05  7.803E-01  1.195E-07  2.988E-10  8.909E-08 -1.066E-13 -2.664E-16
  2.213973E+05  2.551E+00  9.720E-03  2.430E-05 -1.772E+00 -9.720E-03 -2.430E-05  7.803E-01  1.149E-08  2.872E-11  8.909E-08  1.858E-13  4.646E-16
  2.217973E+05  2.560E+00  9.720E-03  2.430E-05 -1.782E+00 -9.720E-03 -2.430E-05  7.803E-01  1.104E-09  2.759E-12  8.909E-08  2.083E-13  5.208E-16
  2.221973E+05  2.570E+00  9.720E-03  2.430E-05 -1.791E+00 -9.720E-03 -2.430E-05  7.803E-01  1.061E-10  2.651E-13  8.910E-08  2.314E-13  5.785E-16
  2.225973E+05  2.580E+00  9.720E-03  2.430E-05 -1.801E+00 -9.720E-03 -2.430E-05  7.803E-01  1.020E-11  2.549E-14  8.910E-08  1.784E-13  4.459E-16
  2.229973E+05  2.590E+00  9.720E-03  2.430E-05 -1.811E+00 -9.720E-03 -2.430E-05  7.803E-01  9.775E-13  2.444E-15  8.910E-08  1.928E-13  4.819E-16
  2.233973E+05  2.599E+00  9.720E-03  2.430E-05 -1.821E+00 -9.720E-03 -2.430E-05  7.803E-01  8.841E-14  2.210E-16  8.910E-08  2.459E-13  6.148E-16
  2.237973E+05  2.609E+00  9.720E-03  2.430E-05 -1.830E+00 -9.720E-03 -2.430E-05  7.803E-01  1.092E-14  2.731E-17  8.910E-08  2.217E-13  5.542E-16
  2.241973E+05  2.619E+00  9.720E-03  2.430E-05 -1.840E+00 -9.720E-03 -2.430E-05  7.803E-01  4.810E-16  1.203E-18  8.910E-08  2.279E-13  5.696E-16
  2.245973E+05  2.628E+00  9.720E-03  2.430E-05 -1.850E+00 -9.720E-03 -2.430E-05  7.803E-01  2.082E-15  5.206E-18  8.910E-08  2.104E-13  5.260E-16
  2.249973E+05  2.638E+00  9.720E-03  2.430E-05 -1.859E+00 -9.720E-03 -2.430E-05  7.803E-01 -3.582E-16 -8.956E-19  8.910E-08  2.150E-13  5.375E-16
  2.253973E+05  2.648E+00  9.720E-03  2.430E-05 -1.869E+00 -9.720E-03 -2.430E-05  7.803E-01 -1.240E-15 -3.101E-18  8.910E-08  2.253E-13  5.632E-16
  2.257973E+05  2.658E+00  9.720E-03  2.430E-05 -1.879E+00 -9.720E-03 -2.430E-05  7.803E-01 -1.846E-15 -4.614E-18  8.910E-08  2.459E-13  6.148E-16
  2.261973E+05  2.667E+00  9.720E-03  2.430E-05 -1.889E+00 -9.720E-03 -2.430E-05  7.803E-01  2.040E-15  5.101E-18  8.910E-08  2.249E-13  5.623E-16
  2.265973E+05  2.677E+00  9.720E-03  2.430E-05 -1.898E+00 -9.720E-03 -2.430E-05  7.803E-01 -3.602E-16 -9.005E-19  8.910E-08  2.285E-13  5.713E-16
  2.269973E+05  2.687E+00  9.720E-03  2.430E-05 -1.908E+00 -9.720E-03 -2.430E-05  7.803E-01  7.341E-16  1.835E-18  8.910E-08  2.189E-13  5.472E-16
  2.273973E+05  2.696E+00  9.720E-03  2.430E-05 -1.918E+00 -9.720E-03 -2.430E-05  7.803E-01 -1.384E-15 -3.459E-18  8.910E-08  2.325E-13  5.811E-16
  2.277973E+05  2.706E+00  9.720E-03  2.430E-05 -1.927E+00 -9.720E-03 -2.430E-05  7.803E-01  6.683E-16  1.671E-18  8.910E-08  2.264E-13  5.661E-16
  2.281973E+05  2.716E+00  9.720E-03  2.430E-05 -1.937E+00 -9.720E-03 -2.430E-05  7.803E-01 -2.405E-16 -6.013E-19  8.910E-08  2.292E-13  5.730E-16
  2.285973E+05  2.726E+00  9.720E-03  2.430E-05 -1.947E+00 -9.720E-03 -2.430E-05  7.803E-01 -7.828E-16 -1.957E-18  8.910E-08  2.334E-13  5.835E-16
  2.289973E+05  2.735E+00  9.720E-03  2.430E-05 -1.957E+00 -9.720E-03 -2.430E-05  7.803E-01  1.682E-15  4.204E-18  8.910E-08  2.164E-13  5.411E-16
  2.293973E+05  2.745E+00  9.720E-03  2.430E-05 -1.966E+00 -9.720E-03 -2.430E-05  7.803E-01 -3.881E-16 -9.702E-19  8.910E-08  2.227E-13  5.567E-16
  2.297973E+05  2.755E+00  9.720E-03  2.430E-05 -1.976E+00 -9.720E-03 -2.430E-05  7.803E-01  6.461E-16  1.615E-18  8.910E-08  2.178E-13  5.444E-16
  2.300000E+05  2.760E+00  4.926E-03  2.430E-05 -1.981E+00 -4.926E-03 -2.430E-05  7.803E-01  2.212E-14  1.091E-16  8.910E-08 -1.317E-14 -6.497E-17
