
 TIME =    0.400000E+05 sec 

 -1.0000000E+00 -1.0000000E+00 -1.0000000E+00
 -1.0000000E+00 -1.0000000E-01 -1.0000000E+00
 -1.0000000E+00 -1.0000000E-01 -1.0000000E+00
 -1.0000000E+00 -1.0000000E-01 -1.0000000E+00
 -1.0000000E+00 -1.0000000E-01 -1.0000000E+00
 -1.0000000E+00 -1.0000000E-01 -1.0000000E+00
 -1.0000000E+00 -1.0000000E-01 -1.0000000E+00
 -1.0000000E+00 -1.0000000E-01 -1.0000000E+00
 -1.0000000E+00 -1.0000000E-01 -1.0000000E+00
 -1.0000000E+00 -1.0000000E-01 -1.0000000E+00
 -1.0000000E+00 -1.0000000E-01 -1.0000000E+00
 -1.0000000E+00 -1.0000000E-01 -1.0000000E+00
 -1.0000000E+00 -1.0000000E-01 -1.0000000E+00
 -1.0000000E+00 -1.0000000E-01 -1.0000000E+00
 -1.0000000E+00 -1.0000000E-01 -1.0000000E+00
 -1.0000000E+00 -1.0000000E-01 -1.0000000E+00
 -1.0000000E+00 -1.0000000E-01 -1.0000000E+00
 -1.0000000E+00 -1.0000000E-01 -1.0000000E+00
 -1.0000000E+00 -1.0000000E-01 -1.0000000E+00
 -1.0000000E+00 -1.0000000E-01 -1.0000000E+00
 -1.0000000E+00 -1.0000000E-01 -1.0000000E+00
 -1.0000000E+00 -1.0000000E-01 -1.0000000E+00
 -1.0000000E+00 -1.0000000E-01 -1.0000000E+00
 -1.0000000E+00 -1.0000000E-01 -1.0000000E+00
 -1.0000000E+00 -1.0000000E-01 -1.0000000E+00
 -1.0000000E+00 -1.0000000E-01 -1.0000000E+00
 -1.0000000E+00 -1.0000000E-01 -1.0000000E+00
 -1.0000000E+00 -1.0000000E-01 -1.0000000E+00
 -1.0000000E+00 -1.0000000E-01 -1.0000000E+00
 -1.0000000E+00 -1.0000000E-01 -1.0000000E+00
 -1.0000000E+00 -1.0000000E-01 -1.0000000E+00
 -1.0000000E+00 -1.0000000E-01 -1.0000000E+00
 -1.0000000E+00 -1.0000000E-01 -1.0000000E+00
 -1.0000000E+00 -1.0000000E-01 -1.0000000E+00
 -1.0000000E+00 -1.0000000E-01 -1.0000000E+00
 -1.0000000E+00 -1.0000000E-01 -1.0000000E+00
 -1.0000000E+00 -1.0000000E-01 -1.0000000E+00
 -1.0000000E+00 -1.0000000E-01 -1.0000000E+00
 -1.0000000E+00 -1.0000000E-01 -1.0000000E+00
 -1.0000000E+00 -1.0000000E-01 -1.0000000E+00
 -1.0000000E+00 -1.0000000E-01 -1.0000000E+00
 -1.0000000E+00 -1.0000000E-01 -1.0000000E+00
 -1.0000000E+00 -1.0000000E-01 -1.0000000E+00
 -1.0000000E+00 -1.0000000E-01 -1.0000000E+00
 -1.0000000E+00 -1.0000000E-01 -1.0000000E+00
 -1.0000000E+00 -1.0000000E-01 -1.0000000E+00
 -1.0000000E+00 -1.0000000E-01 -1.0000000E+00
 -1.0000000E+00 -1.0000000E-01 -1.0000000E+00
 -1.0000000E+00 -1.0000000E-01 -1.0000000E+00
 -1.0000000E+00 -1.0000000E-01 -1.0000000E+00
 -1.0000000E+00 -1.0000000E-01 -1.0000000E+00
 -1.0000000E+00 -1.0000000E-01 -1.0000000E+00
 -1.0000000E+00 -1.0000000E-01 -1.0000000E+00
 -1.0000000E+00 -1.0000000E-01 -1.0000000E+00
 -1.0000000E+00 -1.0000000E-01 -1.0000000E+00
 -1.0000000E+00 -1.0000000E-01 -1.0000000E+00
 -1.0000000E+00 -1.0000000E-01 -1.0000000E+00
 -1.0000000E+00 -1.0000000E-01 -1.0000000E+00
 -1.0000000E+00 -1.0000000E-01 -1.0000000E+00
 -1.0000000E+00 -1.0000000E-01 -1.0000000E+00
 -1.0000000E+00 -1.0000000E-01 -1.0000000E+00
 -1.0000000E+00 -1.0000000E-01 -1.0000000E+00
 -1.0000000E+00 -1.0000000E-01 -1.0000000E+00
 -1.0000000E+00 -1.0000000E-01 -1.0000000E+00
 -1.0000000E+00 -1.0000000E-01 -1.0000000E+00
 -1.0000000E+00 -1.0000000E-01 -1.0000000E+00
 -1.0000000E+00 -1.0000000E-01 -1.0000000E+00
 -1.0000000E+00 -1.0000000E-01 -1.0000000E+00
 -1.0000000E+00 -1.0000000E-01 -1.0000000E+00
 -1.0000000E+00 -1.0000000E-01 -1.0000000E+00
 -1.0000000E+00 -1.0000000E-01 -1.0000000E+00
 -1.0000000E+00 -1.0000000E-01 -1.0000000E+00
 -1.0000000E+00 -1.0000000E-01 -1.0000000E+00
 -1.0000000E+00 -1.0000000E-01 -1.0000000E+00
 -1.0000000E+00 -1.0000000E-01 -1.0000000E+00
 -1.0000000E+00 -1.0000000E-01 -1.0000000E+00
 -1.0000000E+00 -1.0000000E-01 -1.0000000E+00
 -1.0000000E+00 -1.0000000E-01 -1.0000000E+00
 -1.0000000E+00 -1.0000000E-01 -1.0000000E+00
 -1.0000000E+00 -1.0000000E-01 -1.0000000E+00
 -1.0000000E+00 -1.0000000E-01 -1.0000000E+00
 -1.0000000E+00 -1.0000000E-01 -1.0000000E+00
 -1.0000000E+00 -1.0000000E-01 -1.0000000E+00
 -1.0000000E+00 -1.0000000E-01 -1.0000000E+00
 -1.0000000E+00 -1.0000000E-01 -1.0000000E+00
 -1.0000000E+00 -1.0000000E-01 -1.0000000E+00
 -1.0000000E+00 -1.0000000E-01 -1.0000000E+00
 -1.0000000E+00 -1.0000000E-01 -1.0000000E+00
 -1.0000000E+00 -1.0000000E-01 -1.0000000E+00
 -1.0000000E+00 -1.0000000E-01 -1.0000000E+00
 -1.0000000E+00 -1.0000000E-01 -1.0000000E+00
 -1.0000000E+00 -1.0000000E-01 -1.0000000E+00
 -1.0000000E+00 -1.0000000E-01 -1.0000000E+00
 -1.0000000E+00 -1.0000000E-01 -1.0000000E+00
 -1.0000000E+00 -1.0000000E-01 -1.0000000E+00
 -1.0000000E+00 -1.0000000E-01 -1.0000000E+00
 -1.0000000E+00 -1.0000000E-01 -1.0000000E+00
 -1.0000000E+00 -1.0000000E-01 -1.0000000E+00
 -1.0000000E+00 -1.0000000E-01 -1.0000000E+00
 -1.0000000E+00 -1.0000000E-01 -1.0000000E+00
 -1.0000000E+00 -1.0000000E-01 -1.0000000E+00
 -1.0000000E+00 -1.0000000E-01 -1.0000000E+00
 -1.0000000E+00 -1.0000000E-01 -1.0000000E+00
 -1.0000000E+00 -1.0000000E-01 -1.0000000E+00
 -1.0000000E+00 -1.0000000E-01 -1.0000000E+00
 -1.0000000E+00 -1.0000000E-01 -1.0000000E+00
 -1.0000000E+00 -1.0000000E-01 -1.0000000E+00
 -1.0000000E+00 -1.0000000E-01 -1.0000000E+00
 -1.0000000E+00 -1.0000000E-01 -1.0000000E+00
 -1.0000000E+00 -1.0000000E-01 -1.0000000E+00
 -1.0000000E+00 -1.0000000E-01 -1.0000000E+00
 -1.0000000E+00 -1.0000000E-01 -1.0000000E+00
 -1.0000000E+00 -1.0000000E-01 -1.0000000E+00
 -1.0000000E+00 -1.0000000E-01 -1.0000000E+00
 -1.0000000E+00 -1.0000000E-01 -1.0000000E+00
 -1.0000000E+00 -1.0000000E-01 -1.0000000E+00
 -1.0000000E+00 -1.0000000E-01 -1.0000000E+00
 -1.0000000E+00 -1.0000000E-01 -1.0000000E+00
 -1.0000000E+00 -1.0000000E-01 -1.0000000E+00
 -1.0000000E+00 -1.0000000E-01 -1.0000000E+00
 -1.0000000E+00 -1.0000000E-01 -1.0000000E+00
 -1.0000000E+00 -1.0000000E-01 -1.0000000E+00
 -1.0000000E+00 -1.0000000E-01 -1.0000000E+00
 -1.0000000E+00 -1.0000000E-01 -1.0000000E+00
 -1.0000000E+00 -1.0000000E-01 -1.0000000E+00
 -1.0000000E+00 -1.0000000E-01 -1.0000000E+00
 -1.0000000E+00 -1.0000000E-01 -1.0000000E+00
 -1.0000000E+00 -1.0000000E-01 -1.0000000E+00
 -1.0000000E+00 -1.0000000E-01 -1.0000000E+00
 -1.0000000E+00 -1.0000000E-01 -1.0000000E+00
 -1.0000000E+00 -1.0000000E-01 -1.0000000E+00
 -1.0000000E+00 -1.0000000E-01 -1.0000000E+00
 -1.0000000E+00 -1.0000000E-01 -1.0000000E+00
 -1.0000000E+00 -1.0000000E-01 -1.0000000E+00
 -1.0000000E+00 -1.0000000E-01 -1.0000000E+00
 -1.0000000E+00 -1.0000000E-01 -1.0000000E+00
 -1.0000000E+00 -1.0000000E-01 -1.0000000E+00
 -1.0000000E+00 -1.0000000E-01 -1.0000000E+00
 -1.0000000E+00 -1.0000000E-01 -1.0000000E+00
 -1.0000000E+00 -1.0000000E-01 -1.0000000E+00
 -1.0000000E+00 -1.0000000E-01 -1.0000000E+00
 -1.0000000E+00 -1.0000000E-01 -1.0000000E+00
 -1.0000000E+00 -1.0000000E-01 -1.0000000E+00
 -1.0000000E+00 -1.0000000E-01 -1.0000000E+00
 -1.0000000E+00 -1.0000000E-01 -1.0000000E+00
 -1.0000000E+00 -1.0000000E-01 -1.0000000E+00
 -1.0000000E+00 -1.0000000E-01 -1.0000000E+00
 -1.0000000E+00 -1.0000000E-01 -1.0000000E+00
 -1.0000000E+00 -1.0000000E-01 -1.0000000E+00
 -1.0000000E+00 -1.0000000E-01 -1.0000000E+00
 -1.0000000E+00 -1.0000000E-01 -1.0000000E+00
 -1.0000000E+00 -1.0000000E-01 -1.0000000E+00
 -1.0000000E+00 -1.0000000E-01 -1.0000000E+00
 -1.0000000E+00 -1.0000000E-01 -1.0000000E+00
 -1.0000000E+00 -1.0000000E-01 -1.0000000E+00
 -1.0000000E+00 -1.0000000E-01 -1.0000000E+00
 -1.0000000E+00 -1.0000000E-01 -1.0000000E+00
 -1.0000000E+00 -1.0000000E-01 -1.0000000E+00
 -1.0000000E+00 -1.0000000E-01 -1.0000000E+00
 -1.0000000E+00 -1.0000000E-01 -1.0000000E+00
 -1.0000000E+00 -1.0000000E-01 -1.0000000E+00
 -1.0000000E+00 -1.0000000E-01 -1.0000000E+00
 -1.0000000E+00 -1.0000000E-01 -1.0000000E+00
 -1.0000000E+00 -1.0000000E-01 -1.0000000E+00
 -1.0000000E+00 -1.0000000E-01 -1.0000000E+00
 -1.0000000E+00 -1.0000000E-01 -1.0000000E+00
 -1.0000000E+00 -1.0000000E-01 -1.0000000E+00
 -1.0000000E+00 -1.0000000E-01 -1.0000000E+00
 -1.0000000E+00 -1.0000000E-01 -1.0000000E+00
 -1.0000000E+00 -1.0000000E-01 -1.0000000E+00
 -1.0000000E+00 -1.0000000E-01 -1.0000000E+00
 -1.0000000E+00 -1.0000000E-01 -1.0000000E+00
 -1.0000000E+00 -1.0000000E-01 -1.0000000E+00
 -1.0000000E+00 -1.0000000E-01 -1.0000000E+00
 -1.0000000E+00 -1.0000000E-01 -1.0000000E+00
 -1.0000000E+00 -1.0000000E-01 -1.0000000E+00
 -1.0000000E+00 -1.0000000E-01 -1.0000000E+00
 -1.0000000E+00 -1.0000000E-01 -1.0000000E+00
 -1.0000000E+00 -1.0000000E-01 -1.0000000E+00
 -1.0000000E+00 -1.0000000E-01 -1.0000000E+00
 -1.0000000E+00 -1.0000000E-01 -1.0000000E+00
 -1.0000000E+00 -1.0000000E-01 -1.0000000E+00
 -1.0000000E+00 -1.0000000E-01 -1.0000000E+00
 -1.0000000E+00 -1.0000000E-01 -1.0000000E+00
 -1.0000000E+00 -1.0000000E-01 -1.0000000E+00
 -1.0000000E+00 -1.0000000E-01 -1.0000000E+00
 -1.0000000E+00 -1.0000000E-01 -1.0000000E+00
 -1.0000000E+00 -1.0000000E-01 -1.0000000E+00
 -1.0000000E+00 -1.0000000E-01 -1.0000000E+00
 -1.0000000E+00 -1.0000000E-01 -1.0000000E+00
 -1.0000000E+00 -1.0000000E-01 -1.0000000E+00
 -1.0000000E+00 -1.0000000E-01 -1.0000000E+00
 -1.0000000E+00 -1.0000000E-01 -1.0000000E+00
 -1.0000000E+00 -1.0000000E-01 -1.0000000E+00
 -1.0000000E+00 -1.0000000E-01 -1.0000000E+00
 -1.0000000E+00 -1.0000000E-01 -1.0000000E+00
 -1.0000000E+00 -1.0000000E-01 -1.0000000E+00
 -1.0000000E+00 -1.0000000E-01 -1.0000000E+00
 -1.0000000E+00 -1.0000000E-01 -1.0000000E+00
 -1.0000000E+00 -1.0000000E-01 -1.0000000E+00
 -1.0000000E+00 -1.0000000E-01 -1.0000000E+00
 -1.0000000E+00 -1.0000000E-01 -1.0000000E+00
 -1.0000000E+00 -1.0000000E-01 -1.0000000E+00
 -1.0000000E+00 -1.0000000E-01 -1.0000000E+00
 -1.0000000E+00 -1.0000000E-01 -1.0000000E+00
 -1.0000000E+00 -1.0000000E-01 -1.0000000E+00
 -1.0000000E+00 -1.0000000E-01 -1.0000000E+00
 -1.0000000E+00 -1.0000000E-01 -1.0000000E+00
 -1.0000000E+00 -1.0000000E-01 -1.0000000E+00
 -1.0000000E+00 -1.0000000E-01 -1.0000000E+00
 -1.0000000E+00 -1.0000000E-01 -1.0000000E+00
 -1.0000000E+00 -1.0000000E-01 -1.0000000E+00
 -1.0000000E+00 -1.0000000E-01 -1.0000000E+00
 -1.0000000E+00 -1.0000000E-01 -1.0000000E+00
 -1.0000000E+00 -1.0000000E-01 -1.0000000E+00
 -1.0000000E+00 -1.0000000E-01 -1.0000000E+00
 -1.0000000E+00 -1.0000000E-01 -1.0000000E+00
 -1.0000000E+00 -1.0000000E-01 -1.0000000E+00
 -1.0000000E+00 -1.0000000E-01 -1.0000000E+00
 -1.0000000E+00 -1.0000000E-01 -1.0000000E+00
 -1.0000000E+00 -1.0000000E-01 -1.0000000E+00
 -1.0000000E+00 -1.0000000E-01 -1.0000000E+00
 -1.0000000E+00 -1.0000000E-01 -1.0000000E+00
 -1.0000000E+00 -1.0000000E-01 -1.0000000E+00
 -1.0000000E+00 -1.0000000E-01 -1.0000000E+00
 -1.0000000E+00 -1.0000000E-01 -1.0000000E+00
 -1.0000000E+00 -1.0000000E-01 -1.0000000E+00
 -1.0000000E+00 -1.0000000E-01 -1.0000000E+00
 -1.0000000E+00 -1.0000000E-01 -1.0000000E+00
 -1.0000000E+00 -1.0000000E-01 -1.0000000E+00
 -1.0000000E+00 -1.0000000E-01 -1.0000000E+00
 -1.0000000E+00 -1.0000000E-01 -1.0000000E+00
 -1.0000000E+00 -1.0000000E-01 -1.0000000E+00
 -1.0000000E+00 -1.0000000E-01 -1.0000000E+00
 -1.0000000E+00 -1.0000000E-01 -1.0000000E+00
 -1.0000000E+00 -1.0000000E-01 -1.0000000E+00
 -1.0000000E+00 -1.0000000E-01 -1.0000000E+00
 -1.0000000E+00 -1.0000000E-01 -1.0000000E+00
 -1.0000000E+00 -1.0000000E-01 -1.0000000E+00
 -1.0000000E+00 -1.0000000E-01 -1.0000000E+00
 -1.0000000E+00 -1.0000000E-01 -1.0000000E+00
 -1.0000000E+00 -1.0000000E-01 -1.0000000E+00
 -1.0000000E+00 -1.0000000E-01 -1.0000000E+00
 -1.0000000E+00 -1.0000000E-01 -1.0000000E+00
 -1.0000000E+00 -1.0000000E-01 -1.0000000E+00
 -1.0000000E+00 -1.0000000E-01 -1.0000000E+00
 -1.0000000E+00 -1.0000000E-01 -1.0000000E+00
 -1.0000000E+00 -1.0000000E-01 -1.0000000E+00
 -1.0000000E+00 -1.0000000E-01 -1.0000000E+00
 -1.0000000E+00 -1.0000000E-01 -1.0000000E+00
 -1.0000000E+00 -1.0000000E-01 -1.0000000E+00
 -1.0000000E+00 -1.0000000E-01 -1.0000000E+00
 -1.0000000E+00 -1.0000000E-01 -1.0000000E+00
 -1.0000000E+00 -1.0000000E-01 -1.0000000E+00
 -1.0000000E+00 -1.0000000E-01 -1.0000000E+00
 -1.0000000E+00 -1.0000000E-01 -1.0000000E+00
 -1.0000000E+00 -1.0000000E-01 -1.0000000E+00
 -1.0000000E+00 -1.0000000E-01 -1.0000000E+00
 -1.0000000E+00 -1.0000000E-01 -1.0000000E+00
 -1.0000000E+00 -1.0000000E-01 -1.0000000E+00
 -1.0000000E+00 -1.0000000E-01 -1.0000000E+00
 -1.0000000E+00 -1.0000000E-01 -1.0000000E+00
 -1.0000000E+00 -1.0000000E-01 -1.0000000E+00
 -1.0000000E+00 -1.0000000E-01 -1.0000000E+00
 -1.0000000E+00 -1.0000000E-01 -1.0000000E+00
 -1.0000000E+00 -1.0000000E-01 -1.0000000E+00
 -1.0000000E+00 -1.0000000E-01 -1.0000000E+00
 -1.0000000E+00 -1.0000000E-01 -1.0000000E+00
 -1.0000000E+00 -1.0000000E-01 -1.0000000E+00
 -1.0000000E+00 -1.0000000E-01 -1.0000000E+00
 -1.0000000E+00 -1.0000000E-01 -1.0000000E+00
 -1.0000000E+00 -1.0000000E-01 -1.0000000E+00
 -1.0000000E+00 -1.0000000E-01 -1.0000000E+00
 -1.0000000E+00 -1.0000000E-01 -1.0000000E+00
 -1.0000000E+00 -1.0000000E-01 -1.0000000E+00
 -1.0000000E+00 -1.0000000E-01 -1.0000000E+00
 -1.0000000E+00 -1.0000000E-01 -1.0000000E+00
 -1.0000000E+00 -1.0000000E-01 -1.0000000E+00
 -1.0000000E+00 -1.0000000E-01 -1.0000000E+00
 -1.0000000E+00 -1.0000000E-01 -1.0000000E+00
 -1.0000000E+00 -1.0000000E-01 -1.0000000E+00
 -1.0000000E+00 -1.0000000E-01 -1.0000000E+00
 -1.0000000E+00 -1.0000000E-01 -1.0000000E+00
 -1.0000000E+00 -1.0000000E-01 -1.0000000E+00
 -1.0000000E+00 -1.0000000E-01 -1.0000000E+00
 -1.0000000E+00 -1.0000000E-01 -1.0000000E+00
 -1.0000000E+00 -1.0000000E-01 -1.0000000E+00
 -1.0000000E+00 -1.0000000E-01 -1.0000000E+00
 -1.0000000E+00 -1.0000000E-01 -1.0000000E+00
 -1.0000000E+00 -1.0000000E-01 -1.0000000E+00
 -1.0000000E+00 -1.0000000E-01 -1.0000000E+00
 -1.0000000E+00 -1.0000000E-01 -1.0000000E+00
 -1.0000000E+00 -1.0000000E-01 -1.0000000E+00
 -1.0000000E+00 -1.0000000E-01 -1.0000000E+00
 -1.0000000E+00 -1.0000000E-01 -1.0000000E+00
 -1.0000000E+00 -1.0000000E-01 -1.0000000E+00
 -1.0000000E+00 -1.0000000E-01 -1.0000000E+00
 -1.0000000E+00 -1.0000000E-01 -1.0000000E+00
 -1.0000000E+00 -1.0000000E-01 -1.0000000E+00
 -1.0000000E+00 -1.0000000E-01 -1.0000000E+00
 -1.0000000E+00 -1.0000000E-01 -1.0000000E+00
 -1.0000000E+00 -1.0000000E-01 -1.0000000E+00
 -1.0000000E+00 -1.0000000E-01 -1.0000000E+00
 -1.0000000E+00 -1.0000000E-01 -1.0000000E+00
 -1.0000000E+00 -1.0000000E-01 -1.0000000E+00
 -1.0000000E+00 -1.0000000E-01 -1.0000000E+00
 -1.0000000E+00 -1.0000000E-01 -1.0000000E+00
 -1.0000000E+00 -1.0000000E-01 -1.0000000E+00
 -1.0000000E+00 -1.0000000E-01 -1.0000000E+00
 -1.0000000E+00 -1.0000000E-01 -1.0000000E+00
 -1.0000000E+00 -1.0000000E-01 -1.0000000E+00
 -1.0000000E+00 -1.0000000E-01 -1.0000000E+00
 -1.0000000E+00 -1.0000000E-01 -1.0000000E+00
 -1.0000000E+00 -1.0000000E-01 -1.0000000E+00
 -1.0000000E+00 -1.0000000E-01 -1.0000000E+00
 -1.0000000E+00 -1.0000000E-01 -1.0000000E+00
 -1.0000000E+00 -1.0000000E-01 -1.0000000E+00
 -1.0000000E+00 -1.0000000E-01 -1.0000000E+00
 -1.0000000E+00 -1.0000000E-01 -1.0000000E+00
 -1.0000000E+00 -1.0000000E-01 -1.0000000E+00
 -1.0000000E+00 -1.0000000E-01 -1.0000000E+00
 -1.0000000E+00 -1.0000000E-01 -1.0000000E+00
 -1.0000000E+00 -1.0000000E-01 -1.0000000E+00
 -1.0000000E+00 -1.0000000E-01 -1.0000000E+00
 -1.0000000E+00 -1.0000000E-01 -1.0000000E+00
 -1.0000000E+00 -1.0000000E-01 -1.0000000E+00
 -1.0000000E+00 -1.0000000E-01 -1.0000000E+00
 -1.0000000E+00 -1.0000000E-01 -1.0000000E+00
 -1.0000000E+00 -1.0000000E-01 -1.0000000E+00
 -1.0000000E+00 -1.0000000E-01 -1.0000000E+00
 -1.0000000E+00 -1.0000000E-01 -1.0000000E+00
 -1.0000000E+00 -1.0000000E-01 -1.0000000E+00
 -1.0000000E+00 -1.0000000E-01 -1.0000000E+00
 -1.0000000E+00 -1.0000000E-01 -1.0000000E+00
 -1.0000000E+00 -1.0000000E-01 -1.0000000E+00
 -1.0000000E+00 -1.0000000E-01 -1.0000000E+00
 -1.0000000E+00 -1.0000000E-01 -1.0000000E+00
 -1.0000000E+00 -1.0000000E-01 -1.0000000E+00
 -1.0000000E+00 -1.0000000E-01 -1.0000000E+00
 -1.0000000E+00 -1.0000000E-01 -1.0000000E+00
 -1.0000000E+00 -1.0000000E-01 -1.0000000E+00
 -1.0000000E+00 -1.0000000E-01 -1.0000000E+00
 -1.0000000E+00 -1.0000000E-01 -1.0000000E+00
 -1.0000000E+00 -1.0000000E-01 -1.0000000E+00
 -1.0000000E+00 -1.0000000E-01 -1.0000000E+00
 -1.0000000E+00 -1.0000000E-01 -1.0000000E+00
 -1.0000000E+00 -1.0000000E-01 -1.0000000E+00
 -1.0000000E+00 -1.0000000E-01 -1.0000000E+00
 -1.0000000E+00 -1.0000000E-01 -1.0000000E+00
 -1.0000000E+00 -1.0000000E-01 -1.0000000E+00
 -1.0000000E+00 -1.0000000E-01 -1.0000000E+00
 -1.0000000E+00 -1.0000000E-01 -1.0000000E+00
 -1.0000000E+00 -1.0000000E-01 -1.0000000E+00
 -1.0000000E+00 -1.0000000E-01 -1.0000000E+00
 -1.0000000E+00 -1.0000000E-01 -1.0000000E+00
 -1.0000000E+00 -1.0000000E-01 -1.0000000E+00
 -1.0000000E+00 -1.0000000E-01 -1.0000000E+00
 -1.0000000E+00 -1.0000000E-01 -1.0000000E+00
 -1.0000000E+00 -1.0000000E-01 -1.0000000E+00
 -1.0000000E+00 -1.0000000E-01 -1.0000000E+00
 -1.0000000E+00 -1.0000000E-01 -1.0000000E+00
 -1.0000000E+00 -1.0000000E-01 -1.0000000E+00
 -1.0000000E+00 -1.0000000E-01 -1.0000000E+00
 -1.0000000E+00 -1.0000000E-01 -1.0000000E+00
 -1.0000000E+00 -1.0000000E-01 -1.0000000E+00
 -1.0000000E+00 -1.0000000E-01 -1.0000000E+00
 -1.0000000E+00 -1.0000000E-01 -1.0000000E+00
 -1.0000000E+00 -1.0000000E-01 -1.0000000E+00
 -1.0000000E+00 -1.0000000E-01 -1.0000000E+00
 -1.0000000E+00 -1.0000000E-01 -1.0000000E+00
 -1.0000000E+00 -1.0000000E-01 -1.0000000E+00
 -1.0000000E+00 -1.0000000E-01 -1.0000000E+00
 -1.0000000E+00 -1.0000000E-01 -1.0000000E+00
 -1.0000000E+00 -1.0000000E-01 -1.0000000E+00
 -1.0000000E+00 -1.0000000E-01 -1.0000000E+00
 -1.0000000E+00 -1.0000000E-01 -1.0000000E+00
 -1.0000000E+00 -1.0000000E-01 -1.0000000E+00
 -1.0000000E+00 -1.0000000E-01 -1.0000000E+00
 -1.0000000E+00 -1.0000000E-01 -1.0000000E+00
 -1.0000000E+00 -1.0000000E-01 -1.0000000E+00
 -1.0000000E+00 -1.0000000E-01 -1.0000000E+00
 -1.0000000E+00 -1.0000000E-01 -1.0000000E+00
 -1.0000000E+00 -1.0000000E-01 -1.0000000E+00
 -1.0000000E+00 -1.0000000E-01 -1.0000000E+00
 -1.0000000E+00 -1.0000000E-01 -1.0000000E+00
 -1.0000000E+00 -1.0000000E-01 -1.0000000E+00
 -1.0000000E+00 -1.0000000E-01 -1.0000000E+00
 -1.0000000E+00 -1.0000000E-01 -1.0000000E+00
 -1.0000000E+00 -1.0000000E-01 -1.0000000E+00
 -1.0000000E+00 -1.0000000E-01 -1.0000000E+00
 -1.0000000E+00 -1.0000000E-01 -1.0000000E+00
 -1.0000000E+00 -1.0000000E-01 -1.0000000E+00
 -1.0000000E+00 -1.0000000E-01 -1.0000000E+00
 -1.0000000E+00 -1.0000000E-01 -1.0000000E+00
 -1.0000000E+00 -1.0000000E-01 -1.0000000E+00
 -1.0000000E+00 -1.0000000E-01 -1.0000000E+00
 -1.0000000E+00 -1.0000000E-01 -1.0000000E+00
 -1.0000000E+00 -1.0000000E-01 -1.0000000E+00
 -1.0000000E+00 -1.0000000E-01 -1.0000000E+00
 -1.0000000E+00 -1.0000000E-01 -1.0000000E+00
 -1.0000000E+00 -1.0000000E-01 -1.0000000E+00
 -1.0000000E+00 -1.0000000E-01 -1.0000000E+00
 -1.0000000E+00 -1.0000000E-01 -1.0000000E+00
 -1.0000000E+00 -1.0000000E-01 -1.0000000E+00
 -1.0000000E+00 -1.0000000E-01 -1.0000000E+00
 -1.0000000E+00 -1.0000000E-01 -1.0000000E+00
 -1.0000000E+00 -1.0000000E-01 -1.0000000E+00
 -1.0000000E+00 -1.0000000E-01 -1.0000000E+00
 -1.0000000E+00 -1.0000000E-01 -1.0000000E+00
 -1.0000000E+00 -1.0000000E-01 -1.0000000E+00
 -1.0000000E+00 -1.0000000E-01 -1.0000000E+00
 -1.0000000E+00 -1.0000000E-01 -1.0000000E+00
 -1.0000000E+00 -1.0000000E-01 -1.0000000E+00
 -1.0000000E+00 -1.0000000E-01 -1.0000000E+00
 -1.0000000E+00 -1.0000000E-01 -1.0000000E+00
 -1.0000000E+00 -1.0000000E-01 -1.0000000E+00
 -1.0000000E+00 -1.0000000E-01 -1.0000000E+00
 -1.0000000E+00 -1.0000000E-01 -1.0000000E+00
 -1.0000000E+00 -1.0000000E-01 -1.0000000E+00
 -1.0000000E+00 -1.0000000E-01 -1.0000000E+00
 -1.0000000E+00 -1.0000000E-01 -1.0000000E+00
 -1.0000000E+00 -1.0000000E-01 -1.0000000E+00
 -1.0000000E+00 -1.0000000E-01 -1.0000000E+00
 -1.0000000E+00 -1.0000000E-01 -1.0000000E+00
 -1.0000000E+00 -1.0000000E-01 -1.0000000E+00
 -1.0000000E+00 -1.0000000E-01 -1.0000000E+00
 -1.0000000E+00 -1.0000000E-01 -1.0000000E+00
 -1.0000000E+00 -1.0000000E-01 -1.0000000E+00
 -1.0000000E+00 -1.0000000E-01 -1.0000000E+00
 -1.0000000E+00 -1.0000000E-01 -1.0000000E+00
 -1.0000000E+00 -1.0000000E-01 -1.0000000E+00
 -1.0000000E+00 -1.0000000E-01 -1.0000000E+00
 -1.0000000E+00 -1.0000000E-01 -1.0000000E+00
 -1.0000000E+00 -1.0000000E-01 -1.0000000E+00
 -1.0000000E+00 -1.0000000E-01 -1.0000000E+00
 -1.0000000E+00 -1.0000000E-01 -1.0000000E+00
 -1.0000000E+00 -1.0000000E-01 -1.0000000E+00
 -1.0000000E+00 -1.0000000E-01 -1.0000000E+00
 -1.0000000E+00 -1.0000000E-01 -1.0000000E+00
 -1.0000000E+00 -1.0000000E-01 -1.0000000E+00
 -1.0000000E+00 -1.0000000E-01 -1.0000000E+00
 -1.0000000E+00 -1.0000000E-01 -1.0000000E+00
 -1.0000000E+00 -1.0000000E-01 -1.0000000E+00
 -1.0000000E+00 -1.0000000E-01 -1.0000000E+00
 -1.0000000E+00 -1.0000000E-01 -1.0000000E+00
 -1.0000000E+00 -1.0000000E-01 -1.0000000E+00
 -1.0000000E+00 -1.0000000E-01 -1.0000000E+00
 -1.0000000E+00 -1.0000000E-01 -1.0000000E+00
 -1.0000000E+00 -1.0000000E-01 -1.0000000E+00
 -1.0000000E+00 -1.0000000E-01 -1.0000000E+00
 -1.0000000E+00 -1.0000000E-01 -1.0000000E+00
 -1.0000000E+00 -1.0000000E-01 -1.0000000E+00
 -1.0000000E+00 -1.0000000E-01 -1.0000000E+00
 -1.0000000E+00 -1.0000000E-01 -1.0000000E+00
 -1.0000000E+00 -1.0000000E-01 -1.0000000E+00
 -1.0000000E+00 -1.0000000E-01 -1.0000000E+00
 -1.0000000E+00 -1.0000000E-01 -1.0000000E+00
 -1.0000000E+00 -1.0000000E-01 -1.0000000E+00
 -1.0000000E+00 -1.0000000E-01 -1.0000000E+00
 -1.0000000E+00 -1.0000000E-01 -1.0000000E+00
 -1.0000000E+00 -1.0000000E-01 -1.0000000E+00
 -1.0000000E+00 -1.0000000E-01 -1.0000000E+00
 -1.0000000E+00 -1.0000000E-01 -1.0000000E+00
 -1.0000000E+00 -1.0000000E-01 -1.0000000E+00
 -1.0000000E+00 -1.0000000E-01 -1.0000000E+00
 -1.0000000E+00 -1.0000000E-01 -1.0000000E+00
 -1.0000000E+00 -1.0000000E-01 -1.0000000E+00
 -1.0000000E+00 -1.0000000E-01 -1.0000000E+00
 -1.0000000E+00 -1.0000000E-01 -1.0000000E+00
 -1.0000000E+00 -1.0000000E-01 -1.0000000E+00
 -1.0000000E+00 -1.0000000E-01 -1.0000000E+00
 -1.0000000E+00 -1.0000000E-01 -1.0000000E+00
 -1.0000000E+00 -1.0000000E-01 -1.0000000E+00
 -1.0000000E+00 -1.0000000E-01 -1.0000000E+00
 -1.0000000E+00 -1.0000000E-01 -1.0000000E+00
 -1.0000000E+00 -1.0000000E-01 -1.0000000E+00
 -1.0000000E+00 -1.0000000E-01 -1.0000000E+00
 -1.0000000E+00 -1.0000000E-01 -1.0000000E+00
 -1.0000000E+00 -1.0000000E-01 -1.0000000E+00
 -1.0000000E+00 -1.0000000E-01 -1.0000000E+00
 -1.0000000E+00 -1.0000000E-01 -1.0000000E+00
 -1.0000000E+00 -1.0000000E-01 -1.0000000E+00
 -1.0000000E+00 -1.0000000E-01 -1.0000000E+00
 -1.0000000E+00 -1.0000000E-01 -1.0000000E+00
 -1.0000000E+00 -1.0000000E-01 -1.0000000E+00
 -1.0000000E+00 -1.0000000E-01 -1.0000000E+00
 -1.0000000E+00 -1.0000000E-01 -1.0000000E+00
 -1.0000000E+00 -1.0000000E-01 -1.0000000E+00
 -1.0000000E+00 -1.0000000E-01 -1.0000000E+00
 -1.0000000E+00 -1.0000000E-01 -1.0000000E+00
 -1.0000000E+00 -1.0000000E-01 -1.0000000E+00
 -1.0000000E+00 -1.0000000E-01 -1.0000000E+00
 -1.0000000E+00 -1.0000000E-01 -1.0000000E+00
 -1.0000000E+00 -1.0000000E-01 -1.0000000E+00
 -1.0000000E+00 -1.0000000E-01 -1.0000000E+00
 -1.0000000E+00 -1.0000000E-01 -1.0000000E+00
 -1.0000000E+00 -1.0000000E-01 -1.0000000E+00
 -1.0000000E+00 -1.0000000E-01 -1.0000000E+00
 -1.0000000E+00 -1.0000000E-01 -1.0000000E+00
 -1.0000000E+00 -1.0000000E-01 -1.0000000E+00
 -1.0000000E+00 -1.0000000E-01 -1.0000000E+00
 -1.0000000E+00 -1.0000000E+00 -1.0000000E+00

 TIME =    0.190000E+06 sec 

 -1.0000000E+00 -1.0000000E+00 -1.0000000E+00
 -1.0000000E+00 -1.0000000E+00 -1.0000000E+00
 -1.0000000E+00 -1.0000000E+00 -1.0000000E+00
 -1.0000000E+00 -1.0000000E+00 -1.0000000E+00
 -1.0000000E+00 -1.0000000E+00 -1.0000000E+00
 -1.0000000E+00 -1.0000000E+00 -1.0000000E+00
 -1.0000000E+00 -1.0000000E+00 -1.0000000E+00
 -1.0000000E+00 -1.0000000E+00 -1.0000000E+00
 -1.0000000E+00 -1.0000000E+00 -1.0000000E+00
 -1.0000000E+00 -1.0000000E+00 -1.0000000E+00
 -1.0000000E+00 -1.0000000E+00 -1.0000000E+00
 -1.0000000E+00 -1.0000000E+00 -1.0000000E+00
 -1.0000000E+00 -1.0000000E+00 -1.0000000E+00
 -1.0000000E+00 -1.0000000E+00 -1.0000000E+00
 -1.0000000E+00 -1.0000000E+00 -1.0000000E+00
 -1.0000000E+00 -1.0000000E+00 -1.0000000E+00
 -1.0000000E+00 -1.0000000E+00 -1.0000000E+00
 -1.0000000E+00 -1.0000000E+00 -1.0000000E+00
 -1.0000000E+00 -1.0000000E+00 -1.0000000E+00
 -1.0000000E+00 -1.0000000E+00 -1.0000000E+00
 -1.0000000E+00 -1.0000000E+00 -1.0000000E+00
 -1.0000000E+00 -1.0000000E+00 -1.0000000E+00
 -1.0000000E+00 -1.0000000E+00 -1.0000000E+00
 -1.0000000E+00 -1.0000000E+00 -1.0000000E+00
 -1.0000000E+00 -1.0000000E+00 -1.0000000E+00
 -1.0000000E+00 -1.0000000E+00 -1.0000000E+00
 -1.0000000E+00 -1.0000000E+00 -1.0000000E+00
 -1.0000000E+00 -1.0000000E+00 -1.0000000E+00
 -1.0000000E+00 -1.0000000E+00 -1.0000000E+00
 -1.0000000E+00 -1.0000000E+00 -1.0000000E+00
 -1.0000000E+00 -1.0000000E+00 -1.0000000E+00
 -1.0000000E+00 -1.0000000E+00 -1.0000000E+00
 -1.0000000E+00 -1.0000000E+00 -1.0000000E+00
 -1.0000000E+00 -1.0000000E+00 -1.0000000E+00
 -1.0000000E+00 -1.0000000E+00 -1.0000000E+00
 -1.0000000E+00 -1.0000000E+00 -1.0000000E+00
 -1.0000000E+00 -1.0000000E+00 -1.0000000E+00
 -1.0000000E+00 -1.0000000E+00 -1.0000000E+00
 -1.0000000E+00 -1.0000000E+00 -1.0000000E+00
 -1.0000000E+00 -1.0000000E+00 -1.0000000E+00
 -1.0000000E+00 -1.0000000E+00 -1.0000000E+00
 -1.0000000E+00 -1.0000000E+00 -1.0000000E+00
 -1.0000000E+00 -1.0000000E+00 -1.0000000E+00
 -1.0000000E+00 -1.0000000E+00 -1.0000000E+00
 -1.0000000E+00 -1.0000000E+00 -1.0000000E+00
 -1.0000000E+00 -1.0000000E+00 -1.0000000E+00
 -1.0000000E+00 -1.0000000E+00 -1.0000000E+00
 -1.0000000E+00 -1.0000000E+00 -1.0000000E+00
 -1.0000000E+00 -1.0000000E+00 -1.0000000E+00
 -1.0000000E+00 -1.0000000E+00 -1.0000000E+00
 -1.0000000E+00 -1.0000000E+00 -1.0000000E+00
 -1.0000000E+00 -1.0000000E+00 -1.0000000E+00
 -1.0000000E+00 -1.0000000E+00 -1.0000000E+00
 -1.0000000E+00 -1.0000000E+00 -1.0000000E+00
 -1.0000000E+00 -1.0000000E+00 -1.0000000E+00
 -1.0000000E+00 -1.0000000E+00 -1.0000000E+00
 -1.0000000E+00 -1.0000000E+00 -1.0000000E+00
 -1.0000000E+00 -1.0000000E+00 -1.0000000E+00
 -1.0000000E+00 -1.0000000E+00 -1.0000000E+00
 -1.0000000E+00 -1.0000000E+00 -1.0000000E+00
 -1.0000000E+00 -1.0000000E+00 -1.0000000E+00
 -1.0000000E+00 -1.0000000E+00 -1.0000000E+00
 -1.0000000E+00 -1.0000000E+00 -1.0000000E+00
 -1.0000000E+00 -1.0000000E+00 -1.0000000E+00
 -1.0000000E+00 -1.0000000E+00 -1.0000000E+00
 -1.0000000E+00 -1.0000000E+00 -1.0000000E+00
 -1.0000000E+00 -1.0000000E+00 -1.0000000E+00
 -1.0000000E+00 -1.0000000E+00 -1.0000000E+00
 -1.0000000E+00 -1.0000000E+00 -1.0000000E+00
 -1.0000000E+00 -1.0000000E+00 -1.0000000E+00
 -1.0000000E+00 -1.0000000E+00 -1.0000000E+00
 -1.0000000E+00 -1.0000000E+00 -1.0000000E+00
 -1.0000000E+00 -1.0000000E+00 -1.0000000E+00
 -1.0000000E+00 -1.0000000E+00 -1.0000000E+00
 -1.0000000E+00 -1.0000000E+00 -1.0000000E+00
 -1.0000000E+00 -1.0000000E+00 -1.0000000E+00
 -1.0000000E+00 -1.0000000E+00 -1.0000000E+00
 -1.0000000E+00 -1.0000000E+00 -1.0000000E+00
 -1.0000000E+00 -1.0000000E+00 -1.0000000E+00
 -1.0000000E+00 -1.0000000E+00 -1.0000000E+00
 -1.0000000E+00 -1.0000000E+00 -1.0000000E+00
 -1.0000000E+00 -1.0000000E+00 -1.0000000E+00
 -1.0000000E+00 -1.0000000E+00 -1.0000000E+00
 -1.0000000E+00 -1.0000000E+00 -1.0000000E+00
 -1.0000000E+00 -1.0000000E+00 -1.0000000E+00
 -1.0000000E+00 -1.0000000E+00 -1.0000000E+00
 -1.0000000E+00 -1.0000000E+00 -1.0000000E+00
 -1.0000000E+00 -1.0000000E+00 -1.0000000E+00
 -1.0000000E+00 -1.0000000E+00 -1.0000000E+00
 -1.0000000E+00 -1.0000000E+00 -1.0000000E+00
 -1.0000000E+00 -1.0000000E+00 -1.0000000E+00
 -1.0000000E+00 -1.0000000E+00 -1.0000000E+00
 -1.0000000E+00 -1.0000000E+00 -1.0000000E+00
 -1.0000000E+00 -1.0000000E+00 -1.0000000E+00
 -1.0000000E+00 -1.0000000E+00 -1.0000000E+00
 -1.0000000E+00 -1.0000000E+00 -1.0000000E+00
 -1.0000000E+00 -1.0000000E+00 -1.0000000E+00
 -1.0000000E+00 -1.0000000E+00 -1.0000000E+00
 -1.0000000E+00 -1.0000000E+00 -1.0000000E+00
 -1.0000000E+00 -1.0000000E+00 -1.0000000E+00
 -1.0000000E+00 -1.0000000E+00 -1.0000000E+00
 -1.0000000E+00 -1.0000000E+00 -1.0000000E+00
 -1.0000000E+00 -1.0000000E+00 -1.0000000E+00
 -1.0000000E+00 -1.0000000E+00 -1.0000000E+00
 -1.0000000E+00 -1.0000000E+00 -1.0000000E+00
 -1.0000000E+00 -1.0000000E+00 -1.0000000E+00
 -1.0000000E+00 -1.0000000E+00 -1.0000000E+00
 -1.0000000E+00 -9.9999999E-01 -1.0000000E+00
 -1.0000000E+00 -9.9999999E-01 -1.0000000E+00
 -1.0000000E+00 -9.9999999E-01 -1.0000000E+00
 -1.0000000E+00 -9.9999999E-01 -1.0000000E+00
 -1.0000000E+00 -9.9999999E-01 -1.0000000E+00
 -1.0000000E+00 -9.9999999E-01 -1.0000000E+00
 -1.0000000E+00 -9.9999999E-01 -1.0000000E+00
 -1.0000000E+00 -9.9999999E-01 -1.0000000E+00
 -1.0000000E+00 -9.9999999E-01 -1.0000000E+00
 -1.0000000E+00 -9.9999999E-01 -1.0000000E+00
 -1.0000000E+00 -9.9999999E-01 -1.0000000E+00
 -1.0000000E+00 -9.9999999E-01 -1.0000000E+00
 -1.0000000E+00 -9.9999999E-01 -1.0000000E+00
 -1.0000000E+00 -9.9999999E-01 -1.0000000E+00
 -1.0000000E+00 -9.9999999E-01 -1.0000000E+00
 -1.0000000E+00 -9.9999999E-01 -1.0000000E+00
 -1.0000000E+00 -9.9999999E-01 -1.0000000E+00
 -1.0000000E+00 -9.9999999E-01 -1.0000000E+00
 -1.0000000E+00 -9.9999999E-01 -1.0000000E+00
 -1.0000000E+00 -9.9999999E-01 -1.0000000E+00
 -1.0000000E+00 -9.9999999E-01 -1.0000000E+00
 -1.0000000E+00 -9.9999999E-01 -1.0000000E+00
 -1.0000000E+00 -9.9999998E-01 -1.0000000E+00
 -1.0000000E+00 -9.9999998E-01 -1.0000000E+00
 -1.0000000E+00 -9.9999998E-01 -1.0000000E+00
 -1.0000000E+00 -9.9999998E-01 -1.0000000E+00
 -1.0000000E+00 -9.9999998E-01 -1.0000000E+00
 -1.0000000E+00 -9.9999998E-01 -1.0000000E+00
 -1.0000000E+00 -9.9999998E-01 -1.0000000E+00
 -1.0000000E+00 -9.9999998E-01 -1.0000000E+00
 -1.0000000E+00 -9.9999998E-01 -1.0000000E+00
 -1.0000000E+00 -9.9999998E-01 -1.0000000E+00
 -1.0000000E+00 -9.9999998E-01 -1.0000000E+00
 -1.0000000E+00 -9.9999997E-01 -1.0000000E+00
 -1.0000000E+00 -9.9999997E-01 -1.0000000E+00
 -1.0000000E+00 -9.9999997E-01 -1.0000000E+00
 -1.0000000E+00 -9.9999997E-01 -1.0000000E+00
 -1.0000000E+00 -9.9999997E-01 -1.0000000E+00
 -1.0000000E+00 -9.9999997E-01 -1.0000000E+00
 -1.0000000E+00 -9.9999997E-01 -1.0000000E+00
 -1.0000000E+00 -9.9999996E-01 -1.0000000E+00
 -1.0000000E+00 -9.9999996E-01 -1.0000000E+00
 -1.0000000E+00 -9.9999996E-01 -1.0000000E+00
 -1.0000000E+00 -9.9999996E-01 -1.0000000E+00
 -1.0000000E+00 -9.9999996E-01 -1.0000000E+00
 -1.0000000E+00 -9.9999995E-01 -1.0000000E+00
 -1.0000000E+00 -9.9999995E-01 -1.0000000E+00
 -1.0000000E+00 -9.9999995E-01 -1.0000000E+00
 -1.0000000E+00 -9.9999995E-01 -1.0000000E+00
 -1.0000000E+00 -9.9999995E-01 -1.0000000E+00
 -1.0000000E+00 -9.9999994E-01 -1.0000000E+00
 -1.0000000E+00 -9.9999994E-01 -1.0000000E+00
 -1.0000000E+00 -9.9999994E-01 -1.0000000E+00
 -1.0000000E+00 -9.9999994E-01 -1.0000000E+00
 -1.0000000E+00 -9.9999993E-01 -1.0000000E+00
 -1.0000000E+00 -9.9999993E-01 -1.0000000E+00
 -1.0000000E+00 -9.9999993E-01 -1.0000000E+00
 -1.0000000E+00 -9.9999992E-01 -1.0000000E+00
 -1.0000000E+00 -9.9999992E-01 -1.0000000E+00
 -1.0000000E+00 -9.9999992E-01 -1.0000000E+00
 -1.0000000E+00 -9.9999991E-01 -1.0000000E+00
 -1.0000000E+00 -9.9999991E-01 -1.0000000E+00
 -1.0000000E+00 -9.9999990E-01 -1.0000000E+00
 -1.0000000E+00 -9.9999990E-01 -1.0000000E+00
 -1.0000000E+00 -9.9999990E-01 -1.0000000E+00
 -1.0000000E+00 -9.9999989E-01 -1.0000000E+00
 -1.0000000E+00 -9.9999989E-01 -1.0000000E+00
 -1.0000000E+00 -9.9999988E-01 -1.0000000E+00
 -1.0000000E+00 -9.9999988E-01 -1.0000000E+00
 -1.0000000E+00 -9.9999987E-01 -1.0000000E+00
 -1.0000000E+00 -9.9999986E-01 -1.0000000E+00
 -1.0000000E+00 -9.9999986E-01 -1.0000000E+00
 -1.0000000E+00 -9.9999985E-01 -1.0000000E+00
 -1.0000000E+00 -9.9999985E-01 -1.0000000E+00
 -1.0000000E+00 -9.9999984E-01 -1.0000000E+00
 -1.0000000E+00 -9.9999983E-01 -1.0000000E+00
 -1.0000000E+00 -9.9999983E-01 -1.0000000E+00
 -1.0000000E+00 -9.9999982E-01 -1.0000000E+00
 -1.0000000E+00 -9.9999981E-01 -1.0000000E+00
 -1.0000000E+00 -9.9999980E-01 -1.0000000E+00
 -1.0000000E+00 -9.9999979E-01 -1.0000000E+00
 -1.0000000E+00 -9.9999978E-01 -1.0000000E+00
 -1.0000000E+00 -9.9999978E-01 -1.0000000E+00
 -1.0000000E+00 -9.9999977E-01 -1.0000000E+00
 -1.0000000E+00 -9.9999976E-01 -1.0000000E+00
 -1.0000000E+00 -9.9999975E-01 -1.0000000E+00
 -1.0000000E+00 -9.9999974E-01 -1.0000000E+00
 -1.0000000E+00 -9.9999972E-01 -1.0000000E+00
 -1.0000000E+00 -9.9999971E-01 -1.0000000E+00
 -1.0000000E+00 -9.9999970E-01 -1.0000000E+00
 -1.0000000E+00 -9.9999969E-01 -1.0000000E+00
 -1.0000000E+00 -9.9999968E-01 -1.0000000E+00
 -1.0000000E+00 -9.9999966E-01 -1.0000000E+00
 -1.0000000E+00 -9.9999965E-01 -1.0000000E+00
 -1.0000000E+00 -9.9999963E-01 -1.0000000E+00
 -1.0000000E+00 -9.9999962E-01 -1.0000000E+00
 -1.0000000E+00 -9.9999960E-01 -1.0000000E+00
 -1.0000000E+00 -9.9999959E-01 -1.0000000E+00
 -1.0000000E+00 -9.9999957E-01 -1.0000000E+00
 -1.0000000E+00 -9.9999955E-01 -1.0000000E+00
 -1.0000000E+00 -9.9999953E-01 -1.0000000E+00
 -1.0000000E+00 -9.9999952E-01 -1.0000000E+00
 -1.0000000E+00 -9.9999950E-01 -1.0000000E+00
 -1.0000000E+00 -9.9999948E-01 -1.0000000E+00
 -1.0000000E+00 -9.9999945E-01 -1.0000000E+00
 -1.0000000E+00 -9.9999943E-01 -1.0000000E+00
 -1.0000000E+00 -9.9999941E-01 -1.0000000E+00
 -1.0000000E+00 -9.9999939E-01 -1.0000000E+00
 -1.0000000E+00 -9.9999936E-01 -1.0000000E+00
 -1.0000000E+00 -9.9999934E-01 -1.0000000E+00
 -1.0000000E+00 -9.9999931E-01 -1.0000000E+00
 -1.0000000E+00 -9.9999928E-01 -1.0000000E+00
 -1.0000000E+00 -9.9999926E-01 -1.0000000E+00
 -1.0000000E+00 -9.9999923E-01 -1.0000000E+00
 -1.0000000E+00 -9.9999920E-01 -1.0000000E+00
 -1.0000000E+00 -9.9999916E-01 -1.0000000E+00
 -1.0000000E+00 -9.9999913E-01 -1.0000000E+00
 -1.0000000E+00 -9.9999910E-01 -1.0000000E+00
 -1.0000000E+00 -9.9999906E-01 -1.0000000E+00
 -1.0000000E+00 -9.9999903E-01 -1.0000000E+00
 -1.0000000E+00 -9.9999899E-01 -1.0000000E+00
 -1.0000000E+00 -9.9999895E-01 -1.0000000E+00
 -1.0000000E+00 -9.9999891E-01 -1.0000000E+00
 -1.0000000E+00 -9.9999887E-01 -1.0000000E+00
 -1.0000000E+00 -9.9999882E-01 -1.0000000E+00
 -1.0000000E+00 -9.9999878E-01 -1.0000000E+00
 -1.0000000E+00 -9.9999873E-01 -1.0000000E+00
 -1.0000000E+00 -9.9999869E-01 -1.0000000E+00
 -1.0000000E+00 -9.9999864E-01 -1.0000000E+00
 -1.0000000E+00 -9.9999858E-01 -1.0000000E+00
 -1.0000000E+00 -9.9999853E-01 -1.0000000E+00
 -1.0000000E+00 -9.9999848E-01 -1.0000000E+00
 -1.0000000E+00 -9.9999842E-01 -1.0000000E+00
 -1.0000000E+00 -9.9999836E-01 -1.0000000E+00
 -1.0000000E+00 -9.9999830E-01 -1.0000000E+00
 -1.0000000E+00 -9.9999823E-01 -1.0000000E+00
 -1.0000000E+00 -9.9999817E-01 -1.0000000E+00
 -1.0000000E+00 -9.9999810E-01 -1.0000000E+00
 -1.0000000E+00 -9.9999803E-01 -1.0000000E+00
 -1.0000000E+00 -9.9999796E-01 -1.0000000E+00
 -1.0000000E+00 -9.9999788E-01 -1.0000000E+00
 -1.0000000E+00 -9.9999780E-01 -1.0000000E+00
 -1.0000000E+00 -9.9999772E-01 -1.0000000E+00
 -1.0000000E+00 -9.9999764E-01 -1.0000000E+00
 -1.0000000E+00 -9.9999755E-01 -1.0000000E+00
 -1.0000000E+00 -9.9999747E-01 -1.0000000E+00
 -1.0000000E+00 -9.9999737E-01 -1.0000000E+00
 -1.0000000E+00 -9.9999728E-01 -1.0000000E+00
 -1.0000000E+00 -9.9999718E-01 -1.0000000E+00
 -1.0000000E+00 -9.9999708E-01 -1.0000000E+00
 -1.0000000E+00 -9.9999697E-01 -1.0000000E+00
 -1.0000000E+00 -9.9999687E-01 -1.0000000E+00
 -1.0000000E+00 -9.9999675E-01 -1.0000000E+00
 -1.0000000E+00 -9.9999664E-01 -1.0000000E+00
 -1.0000000E+00 -9.9999652E-01 -1.0000000E+00
 -1.0000000E+00 -9.9999639E-01 -1.0000000E+00
 -1.0000000E+00 -9.9999627E-01 -1.0000000E+00
 -1.0000000E+00 -9.9999613E-01 -1.0000000E+00
 -1.0000000E+00 -9.9999600E-01 -1.0000000E+00
 -1.0000000E+00 -9.9999586E-01 -1.0000000E+00
 -1.0000000E+00 -9.9999571E-01 -1.0000000E+00
 -1.0000000E+00 -9.9999556E-01 -1.0000000E+00
 -1.0000000E+00 -9.9999541E-01 -1.0000000E+00
 -1.0000000E+00 -9.9999525E-01 -1.0000000E+00
 -1.0000000E+00 -9.9999508E-01 -1.0000000E+00
 -1.0000000E+00 -9.9999491E-01 -1.0000000E+00
 -1.0000000E+00 -9.9999474E-01 -1.0000000E+00
 -1.0000000E+00 -9.9999456E-01 -1.0000000E+00
 -1.0000000E+00 -9.9999437E-01 -1.0000000E+00
 -1.0000000E+00 -9.9999418E-01 -1.0000000E+00
 -1.0000000E+00 -9.9999398E-01 -1.0000000E+00
 -1.0000000E+00 -9.9999377E-01 -1.0000000E+00
 -1.0000000E+00 -9.9999356E-01 -1.0000000E+00
 -1.0000000E+00 -9.9999334E-01 -1.0000000E+00
 -1.0000000E+00 -9.9999311E-01 -1.0000000E+00
 -1.0000000E+00 -9.9999288E-01 -1.0000000E+00
 -1.0000000E+00 -9.9999264E-01 -1.0000000E+00
 -1.0000000E+00 -9.9999239E-01 -1.0000000E+00
 -1.0000000E+00 -9.9999214E-01 -1.0000000E+00
 -1.0000000E+00 -9.9999188E-01 -1.0000000E+00
 -1.0000000E+00 -9.9999161E-01 -1.0000000E+00
 -1.0000000E+00 -9.9999133E-01 -1.0000000E+00
 -1.0000000E+00 -9.9999104E-01 -1.0000000E+00
 -1.0000000E+00 -9.9999074E-01 -1.0000000E+00
 -1.0000000E+00 -9.9999044E-01 -1.0000000E+00
 -1.0000000E+00 -9.9999012E-01 -1.0000000E+00
 -1.0000000E+00 -9.9998980E-01 -1.0000000E+00
 -1.0000000E+00 -9.9998946E-01 -1.0000000E+00
 -1.0000000E+00 -9.9998912E-01 -1.0000000E+00
 -1.0000000E+00 -9.9998876E-01 -1.0000000E+00
 -1.0000000E+00 -9.9998840E-01 -1.0000000E+00
 -1.0000000E+00 -9.9998802E-01 -1.0000000E+00
 -1.0000000E+00 -9.9998764E-01 -1.0000000E+00
 -1.0000000E+00 -9.9998724E-01 -1.0000000E+00
 -1.0000000E+00 -9.9998683E-01 -1.0000000E+00
 -1.0000000E+00 -9.9998640E-01 -1.0000000E+00
 -1.0000000E+00 -9.9998597E-01 -1.0000000E+00
 -1.0000000E+00 -9.9998552E-01 -1.0000000E+00
 -1.0000000E+00 -9.9998506E-01 -1.0000000E+00
 -1.0000000E+00 -9.9998458E-01 -1.0000000E+00
 -1.0000000E+00 -9.9998409E-01 -1.0000000E+00
 -1.0000000E+00 -9.9998359E-01 -1.0000000E+00
 -1.0000000E+00 -9.9998308E-01 -1.0000000E+00
 -1.0000000E+00 -9.9998254E-01 -1.0000000E+00
 -1.0000000E+00 -9.9998200E-01 -1.0000000E+00
 -1.0000000E+00 -9.9998143E-01 -1.0000000E+00
 -1.0000000E+00 -9.9998085E-01 -1.0000000E+00
 -1.0000000E+00 -9.9998026E-01 -1.0000000E+00
 -1.0000000E+00 -9.9997965E-01 -1.0000000E+00
 -1.0000000E+00 -9.9997902E-01 -1.0000000E+00
 -1.0000000E+00 -9.9997837E-01 -1.0000000E+00
 -1.0000000E+00 -9.9997770E-01 -1.0000000E+00
 -1.0000000E+00 -9.9997702E-01 -1.0000000E+00
 -1.0000000E+00 -9.9997631E-01 -1.0000000E+00
 -1.0000000E+00 -9.9997559E-01 -1.0000000E+00
 -1.0000000E+00 -9.9997485E-01 -1.0000000E+00
 -1.0000000E+00 -9.9997408E-01 -1.0000000E+00
 -1.0000000E+00 -9.9997330E-01 -1.0000000E+00
 -1.0000000E+00 -9.9997249E-01 -1.0000000E+00
 -1.0000000E+00 -9.9997166E-01 -1.0000000E+00
 -1.0000000E+00 -9.9997081E-01 -1.0000000E+00
 -1.0000000E+00 -9.9996994E-01 -1.0000000E+00
 -1.0000000E+00 -9.9996904E-01 -1.0000000E+00
 -1.0000000E+00 -9.9996811E-01 -1.0000000E+00
 -1.0000000E+00 -9.9996717E-01 -1.0000000E+00
 -1.0000000E+00 -9.9996619E-01 -1.0000000E+00
 -1.0000000E+00 -9.9996519E-01 -1.0000000E+00
 -1.0000000E+00 -9.9996417E-01 -1.0000000E+00
 -1.0000000E+00 -9.9996311E-01 -1.0000000E+00
 -1.0000000E+00 -9.9996203E-01 -1.0000000E+00
 -1.0000000E+00 -9.9996092E-01 -1.0000000E+00
 -1.0000000E+00 -9.9995978E-01 -1.0000000E+00
 -1.0000000E+00 -9.9995861E-01 -1.0000000E+00
 -1.0000000E+00 -9.9995741E-01 -1.0000000E+00
 -1.0000000E+00 -9.9995618E-01 -1.0000000E+00
 -1.0000000E+00 -9.9995491E-01 -1.0000000E+00
 -1.0000000E+00 -9.9995362E-01 -1.0000000E+00
 -1.0000000E+00 -9.9995228E-01 -1.0000000E+00
 -1.0000000E+00 -9.9995092E-01 -1.0000000E+00
 -1.0000000E+00 -9.9994952E-01 -1.0000000E+00
 -1.0000000E+00 -9.9994808E-01 -1.0000000E+00
 -1.0000000E+00 -9.9994661E-01 -1.0000000E+00
 -1.0000000E+00 -9.9994510E-01 -1.0000000E+00
 -1.0000000E+00 -9.9994355E-01 -1.0000000E+00
 -1.0000000E+00 -9.9994196E-01 -1.0000000E+00
 -1.0000000E+00 -9.9994033E-01 -1.0000000E+00
 -1.0000000E+00 -9.9993866E-01 -1.0000000E+00
 -1.0000000E+00 -9.9993695E-01 -1.0000000E+00
 -1.0000000E+00 -9.9993520E-01 -1.0000000E+00
 -1.0000000E+00 -9.9993340E-01 -1.0000000E+00
 -1.0000000E+00 -9.9993156E-01 -1.0000000E+00
 -1.0000000E+00 -9.9992967E-01 -1.0000000E+00
 -1.0000000E+00 -9.9992774E-01 -1.0000000E+00
 -1.0000000E+00 -9.9992576E-01 -1.0000000E+00
 -1.0000000E+00 -9.9992372E-01 -1.0000000E+00
 -1.0000000E+00 -9.9992164E-01 -1.0000000E+00
 -1.0000000E+00 -9.9991951E-01 -1.0000000E+00
 -1.0000000E+00 -9.9991733E-01 -1.0000000E+00
 -1.0000000E+00 -9.9991510E-01 -1.0000000E+00
 -1.0000000E+00 -9.9991281E-01 -1.0000000E+00
 -1.0000000E+00 -9.9991046E-01 -1.0000000E+00
 -1.0000000E+00 -9.9990806E-01 -1.0000000E+00
 -1.0000000E+00 -9.9990561E-01 -1.0000000E+00
 -1.0000000E+00 -9.9990309E-01 -1.0000000E+00
 -1.0000000E+00 -9.9990052E-01 -1.0000000E+00
 -1.0000000E+00 -9.9989788E-01 -1.0000000E+00
 -1.0000000E+00 -9.9989519E-01 -1.0000000E+00
 -1.0000000E+00 -9.9989242E-01 -1.0000000E+00
 -1.0000000E+00 -9.9988960E-01 -1.0000000E+00
 -1.0000000E+00 -9.9988671E-01 -1.0000000E+00
 -1.0000000E+00 -9.9988375E-01 -1.0000000E+00
 -1.0000000E+00 -9.9988073E-01 -1.0000000E+00
 -1.0000000E+00 -9.9987763E-01 -1.0000000E+00
 -1.0000000E+00 -9.9987447E-01 -1.0000000E+00
 -1.0000000E+00 -9.9987123E-01 -1.0000000E+00
 -1.0000000E+00 -9.9986792E-01 -1.0000000E+00
 -1.0000000E+00 -9.9986453E-01 -1.0000000E+00
 -1.0000000E+00 -9.9986107E-01 -1.0000000E+00
 -1.0000000E+00 -9.9985753E-01 -1.0000000E+00
 -1.0000000E+00 -9.9985391E-01 -1.0000000E+00
 -1.0000000E+00 -9.9985021E-01 -1.0000000E+00
 -1.0000000E+00 -9.9984643E-01 -1.0000000E+00
 -1.0000000E+00 -9.9984256E-01 -1.0000000E+00
 -1.0000000E+00 -9.9983861E-01 -1.0000000E+00
 -1.0000000E+00 -9.9983457E-01 -1.0000000E+00
 -1.0000000E+00 -9.9983044E-01 -1.0000000E+00
 -1.0000000E+00 -9.9982623E-01 -1.0000000E+00
 -1.0000000E+00 -9.9982192E-01 -1.0000000E+00
 -1.0000000E+00 -9.9981752E-01 -1.0000000E+00
 -1.0000000E+00 -9.9981302E-01 -1.0000000E+00
 -1.0000000E+00 -9.9980843E-01 -1.0000000E+00
 -1.0000000E+00 -9.9980374E-01 -1.0000000E+00
 -1.0000000E+00 -9.9979895E-01 -1.0000000E+00
 -1.0000000E+00 -9.9979406E-01 -1.0000000E+00
 -1.0000000E+00 -9.9978906E-01 -1.0000000E+00
 -1.0000000E+00 -9.9978396E-01 -1.0000000E+00
 -1.0000000E+00 -9.9977876E-01 -1.0000000E+00
 -1.0000000E+00 -9.9977344E-01 -1.0000000E+00
 -1.0000000E+00 -9.9976802E-01 -1.0000000E+00
 -1.0000000E+00 -9.9976248E-01 -1.0000000E+00
 -1.0000000E+00 -9.9975683E-01 -1.0000000E+00
 -1.0000000E+00 -9.9975106E-01 -1.0000000E+00
 -1.0000000E+00 -9.9974518E-01 -1.0000000E+00
 -1.0000000E+00 -9.9973918E-01 -1.0000000E+00
 -1.0000000E+00 -9.9973305E-01 -1.0000000E+00
 -1.0000000E+00 -9.9972680E-01 -1.0000000E+00
 -1.0000000E+00 -9.9972043E-01 -1.0000000E+00
 -1.0000000E+00 -9.9971393E-01 -1.0000000E+00
 -1.0000000E+00 -9.9970730E-01 -1.0000000E+00
 -1.0000000E+00 -9.9970054E-01 -1.0000000E+00
 -1.0000000E+00 -9.9969365E-01 -1.0000000E+00
 -1.0000000E+00 -9.9968662E-01 -1.0000000E+00
 -1.0000000E+00 -9.9967946E-01 -1.0000000E+00
 -1.0000000E+00 -9.9967216E-01 -1.0000000E+00
 -1.0000000E+00 -9.9966471E-01 -1.0000000E+00
 -1.0000000E+00 -9.9965713E-01 -1.0000000E+00
 -1.0000000E+00 -9.9964940E-01 -1.0000000E+00
 -1.0000000E+00 -9.9964152E-01 -1.0000000E+00
 -1.0000000E+00 -9.9963350E-01 -1.0000000E+00
 -1.0000000E+00 -9.9962533E-01 -1.0000000E+00
 -1.0000000E+00 -9.9961700E-01 -1.0000000E+00
 -1.0000000E+00 -9.9960852E-01 -1.0000000E+00
 -1.0000000E+00 -9.9959988E-01 -1.0000000E+00
 -1.0000000E+00 -9.9959109E-01 -1.0000000E+00
 -1.0000000E+00 -9.9958214E-01 -1.0000000E+00
 -1.0000000E+00 -9.9957302E-01 -1.0000000E+00
 -1.0000000E+00 -9.9956374E-01 -1.0000000E+00
 -1.0000000E+00 -9.9955430E-01 -1.0000000E+00
 -1.0000000E+00 -9.9954469E-01 -1.0000000E+00
 -1.0000000E+00 -9.9953491E-01 -1.0000000E+00
 -1.0000000E+00 -9.9952497E-01 -1.0000000E+00
 -1.0000000E+00 -9.9951485E-01 -1.0000000E+00
 -1.0000000E+00 -9.9950456E-01 -1.0000000E+00
 -1.0000000E+00 -9.9949409E-01 -1.0000000E+00
 -1.0000000E+00 -9.9948345E-01 -1.0000000E+00
 -1.0000000E+00 -9.9947263E-01 -1.0000000E+00
 -1.0000000E+00 -9.9946164E-01 -1.0000000E+00
 -1.0000000E+00 -9.9945047E-01 -1.0000000E+00
 -1.0000000E+00 -9.9943911E-01 -1.0000000E+00
 -1.0000000E+00 -9.9942758E-01 -1.0000000E+00
 -1.0000000E+00 -9.9941587E-01 -1.0000000E+00
 -1.0000000E+00 -9.9940398E-01 -1.0000000E+00
 -1.0000000E+00 -9.9939190E-01 -1.0000000E+00
 -1.0000000E+00 -9.9937964E-01 -1.0000000E+00
 -1.0000000E+00 -9.9936721E-01 -1.0000000E+00
 -1.0000000E+00 -9.9935459E-01 -1.0000000E+00
 -1.0000000E+00 -9.9934180E-01 -1.0000000E+00
 -1.0000000E+00 -9.9932882E-01 -1.0000000E+00
 -1.0000000E+00 -9.9931567E-01 -1.0000000E+00
 -1.0000000E+00 -9.9930234E-01 -1.0000000E+00
 -1.0000000E+00 -9.9928884E-01 -1.0000000E+00
 -1.0000000E+00 -9.9927518E-01 -1.0000000E+00
 -1.0000000E+00 -9.9926134E-01 -1.0000000E+00
 -1.0000000E+00 -9.9924734E-01 -1.0000000E+00
 -1.0000000E+00 -9.9923318E-01 -1.0000000E+00
 -1.0000000E+00 -9.9921887E-01 -1.0000000E+00
 -1.0000000E+00 -9.9920441E-01 -1.0000000E+00
 -1.0000000E+00 -9.9918980E-01 -1.0000000E+00
 -1.0000000E+00 -9.9917506E-01 -1.0000000E+00
 -1.0000000E+00 -9.9916020E-01 -1.0000000E+00
 -1.0000000E+00 -9.9914521E-01 -1.0000000E+00
 -1.0000000E+00 -9.9913011E-01 -1.0000000E+00
 -1.0000000E+00 -9.9911492E-01 -1.0000000E+00
 -1.0000000E+00 -9.9909964E-01 -1.0000000E+00
 -1.0000000E+00 -9.9908429E-01 -1.0000000E+00
 -1.0000000E+00 -9.9906888E-01 -1.0000000E+00
 -1.0000000E+00 -9.9905344E-01 -1.0000000E+00
 -1.0000000E+00 -9.9903797E-01 -1.0000000E+00
 -1.0000000E+00 -9.9902249E-01 -1.0000000E+00
 -1.0000000E+00 -9.9900704E-01 -1.0000000E+00
 -1.0000000E+00 -9.9899164E-01 -1.0000000E+00
 -1.0000000E+00 -9.9897631E-01 -1.0000000E+00
 -1.0000000E+00 -9.9896108E-01 -1.0000000E+00
 -1.0000000E+00 -9.9894598E-01 -1.0000000E+00
 -1.0000000E+00 -9.9893105E-01 -1.0000000E+00
 -1.0000000E+00 -9.9891634E-01 -1.0000000E+00
 -1.0000000E+00 -9.9890187E-01 -1.0000000E+00
 -1.0000000E+00 -9.9888770E-01 -1.0000000E+00
 -1.0000000E+00 -9.9887388E-01 -1.0000000E+00
 -1.0000000E+00 -9.9886046E-01 -1.0000000E+00
 -1.0000000E+00 -9.9884750E-01 -1.0000000E+00
 -1.0000000E+00 -9.9883507E-01 -1.0000000E+00
 -1.0000000E+00 -9.9882323E-01 -1.0000000E+00
 -1.0000000E+00 -9.9881206E-01 -1.0000000E+00
 -1.0000000E+00 -9.9880162E-01 -1.0000000E+00
 -1.0000000E+00 -9.9879202E-01 -1.0000000E+00
 -1.0000000E+00 -9.9878332E-01 -1.0000000E+00
 -1.0000000E+00 -9.9877561E-01 -1.0000000E+00
 -1.0000000E+00 -9.9876898E-01 -1.0000000E+00
 -1.0000000E+00 -9.9876352E-01 -1.0000000E+00
 -1.0000000E+00 -9.9875928E-01 -1.0000000E+00
 -1.0000000E+00 -9.9875634E-01 -1.0000000E+00
 -1.0000000E+00 -9.9875471E-01 -1.0000000E+00
 -1.0000000E+00 -9.9875440E-01 -1.0000000E+00
 -1.0000000E+00 -1.0000000E+00 -1.0000000E+00

 TIME =    0.230000E+06 sec 

 -1.0000000E+00 -1.0000000E+00 -1.0000000E+00
 -1.0000000E+00 -1.0000000E-01 -1.0000000E+00
 -1.0000000E+00 -1.0000000E-01 -1.0000000E+00
 -1.0000000E+00 -1.0000000E-01 -1.0000000E+00
 -1.0000000E+00 -1.0000000E-01 -1.0000000E+00
 -1.0000000E+00 -1.0000000E-01 -1.0000000E+00
 -1.0000000E+00 -1.0000000E-01 -1.0000000E+00
 -1.0000000E+00 -1.0000000E-01 -1.0000000E+00
 -1.0000000E+00 -1.0000000E-01 -1.0000000E+00
 -1.0000000E+00 -1.0000000E-01 -1.0000000E+00
 -1.0000000E+00 -1.0000000E-01 -1.0000000E+00
 -1.0000000E+00 -1.0000000E-01 -1.0000000E+00
 -1.0000000E+00 -1.0000000E-01 -1.0000000E+00
 -1.0000000E+00 -1.0000000E-01 -1.0000000E+00
 -1.0000000E+00 -1.0000000E-01 -1.0000000E+00
 -1.0000000E+00 -1.0000000E-01 -1.0000000E+00
 -1.0000000E+00 -1.0000000E-01 -1.0000000E+00
 -1.0000000E+00 -1.0000000E-01 -1.0000000E+00
 -1.0000000E+00 -1.0000000E-01 -1.0000000E+00
 -1.0000000E+00 -1.0000000E-01 -1.0000000E+00
 -1.0000000E+00 -1.0000000E-01 -1.0000000E+00
 -1.0000000E+00 -1.0000000E-01 -1.0000000E+00
 -1.0000000E+00 -1.0000000E-01 -1.0000000E+00
 -1.0000000E+00 -1.0000000E-01 -1.0000000E+00
 -1.0000000E+00 -1.0000000E-01 -1.0000000E+00
 -1.0000000E+00 -1.0000000E-01 -1.0000000E+00
 -1.0000000E+00 -1.0000000E-01 -1.0000000E+00
 -1.0000000E+00 -1.0000000E-01 -1.0000000E+00
 -1.0000000E+00 -1.0000000E-01 -1.0000000E+00
 -1.0000000E+00 -1.0000000E-01 -1.0000000E+00
 -1.0000000E+00 -1.0000000E-01 -1.0000000E+00
 -1.0000000E+00 -1.0000000E-01 -1.0000000E+00
 -1.0000000E+00 -1.0000000E-01 -1.0000000E+00
 -1.0000000E+00 -1.0000000E-01 -1.0000000E+00
 -1.0000000E+00 -1.0000000E-01 -1.0000000E+00
 -1.0000000E+00 -1.0000000E-01 -1.0000000E+00
 -1.0000000E+00 -1.0000000E-01 -1.0000000E+00
 -1.0000000E+00 -1.0000000E-01 -1.0000000E+00
 -1.0000000E+00 -1.0000000E-01 -1.0000000E+00
 -1.0000000E+00 -1.0000000E-01 -1.0000000E+00
 -1.0000000E+00 -1.0000000E-01 -1.0000000E+00
 -1.0000000E+00 -1.0000000E-01 -1.0000000E+00
 -1.0000000E+00 -1.0000000E-01 -1.0000000E+00
 -1.0000000E+00 -1.0000000E-01 -1.0000000E+00
 -1.0000000E+00 -1.0000000E-01 -1.0000000E+00
 -1.0000000E+00 -1.0000000E-01 -1.0000000E+00
 -1.0000000E+00 -1.0000000E-01 -1.0000000E+00
 -1.0000000E+00 -1.0000000E-01 -1.0000000E+00
 -1.0000000E+00 -1.0000000E-01 -1.0000000E+00
 -1.0000000E+00 -1.0000000E-01 -1.0000000E+00
 -1.0000000E+00 -1.0000000E-01 -1.0000000E+00
 -1.0000000E+00 -1.0000000E-01 -1.0000000E+00
 -1.0000000E+00 -1.0000000E-01 -1.0000000E+00
 -1.0000000E+00 -1.0000000E-01 -1.0000000E+00
 -1.0000000E+00 -1.0000000E-01 -1.0000000E+00
 -1.0000000E+00 -1.0000000E-01 -1.0000000E+00
 -1.0000000E+00 -1.0000000E-01 -1.0000000E+00
 -1.0000000E+00 -1.0000000E-01 -1.0000000E+00
 -1.0000000E+00 -1.0000000E-01 -1.0000000E+00
 -1.0000000E+00 -1.0000000E-01 -1.0000000E+00
 -1.0000000E+00 -1.0000000E-01 -1.0000000E+00
 -1.0000000E+00 -1.0000000E-01 -1.0000000E+00
 -1.0000000E+00 -1.0000000E-01 -1.0000000E+00
 -1.0000000E+00 -1.0000000E-01 -1.0000000E+00
 -1.0000000E+00 -1.0000000E-01 -1.0000000E+00
 -1.0000000E+00 -1.0000000E-01 -1.0000000E+00
 -1.0000000E+00 -1.0000000E-01 -1.0000000E+00
 -1.0000000E+00 -1.0000000E-01 -1.0000000E+00
 -1.0000000E+00 -1.0000000E-01 -1.0000000E+00
 -1.0000000E+00 -1.0000000E-01 -1.0000000E+00
 -1.0000000E+00 -1.0000000E-01 -1.0000000E+00
 -1.0000000E+00 -1.0000000E-01 -1.0000000E+00
 -1.0000000E+00 -1.0000000E-01 -1.0000000E+00
 -1.0000000E+00 -1.0000000E-01 -1.0000000E+00
 -1.0000000E+00 -1.0000000E-01 -1.0000000E+00
 -1.0000000E+00 -1.0000000E-01 -1.0000000E+00
 -1.0000000E+00 -1.0000000E-01 -1.0000000E+00
 -1.0000000E+00 -1.0000000E-01 -1.0000000E+00
 -1.0000000E+00 -1.0000000E-01 -1.0000000E+00
 -1.0000000E+00 -1.0000000E-01 -1.0000000E+00
 -1.0000000E+00 -1.0000000E-01 -1.0000000E+00
 -1.0000000E+00 -1.0000000E-01 -1.0000000E+00
 -1.0000000E+00 -1.0000000E-01 -1.0000000E+00
 -1.0000000E+00 -1.0000000E-01 -1.0000000E+00
 -1.0000000E+00 -1.0000000E-01 -1.0000000E+00
 -1.0000000E+00 -1.0000000E-01 -1.0000000E+00
 -1.0000000E+00 -1.0000000E-01 -1.0000000E+00
 -1.0000000E+00 -1.0000000E-01 -1.0000000E+00
 -1.0000000E+00 -1.0000000E-01 -1.0000000E+00
 -1.0000000E+00 -1.0000000E-01 -1.0000000E+00
 -1.0000000E+00 -1.0000000E-01 -1.0000000E+00
 -1.0000000E+00 -1.0000000E-01 -1.0000000E+00
 -1.0000000E+00 -1.0000000E-01 -1.0000000E+00
 -1.0000000E+00 -1.0000000E-01 -1.0000000E+00
 -1.0000000E+00 -1.0000000E-01 -1.0000000E+00
 -1.0000000E+00 -1.0000000E-01 -1.0000000E+00
 -1.0000000E+00 -1.0000000E-01 -1.0000000E+00
 -1.0000000E+00 -1.0000000E-01 -1.0000000E+00
 -1.0000000E+00 -1.0000000E-01 -1.0000000E+00
 -1.0000000E+00 -1.0000000E-01 -1.0000000E+00
 -1.0000000E+00 -1.0000000E-01 -1.0000000E+00
 -1.0000000E+00 -1.0000000E-01 -1.0000000E+00
 -1.0000000E+00 -1.0000000E-01 -1.0000000E+00
 -1.0000000E+00 -1.0000000E-01 -1.0000000E+00
 -1.0000000E+00 -1.0000000E-01 -1.0000000E+00
 -1.0000000E+00 -1.0000000E-01 -1.0000000E+00
 -1.0000000E+00 -1.0000000E-01 -1.0000000E+00
 -1.0000000E+00 -1.0000000E-01 -1.0000000E+00
 -1.0000000E+00 -1.0000000E-01 -1.0000000E+00
 -1.0000000E+00 -1.0000000E-01 -1.0000000E+00
 -1.0000000E+00 -1.0000000E-01 -1.0000000E+00
 -1.0000000E+00 -1.0000000E-01 -1.0000000E+00
 -1.0000000E+00 -1.0000000E-01 -1.0000000E+00
 -1.0000000E+00 -1.0000000E-01 -1.0000000E+00
 -1.0000000E+00 -1.0000000E-01 -1.0000000E+00
 -1.0000000E+00 -1.0000000E-01 -1.0000000E+00
 -1.0000000E+00 -1.0000000E-01 -1.0000000E+00
 -1.0000000E+00 -1.0000000E-01 -1.0000000E+00
 -1.0000000E+00 -1.0000000E-01 -1.0000000E+00
 -1.0000000E+00 -1.0000000E-01 -1.0000000E+00
 -1.0000000E+00 -1.0000000E-01 -1.0000000E+00
 -1.0000000E+00 -1.0000000E-01 -1.0000000E+00
 -1.0000000E+00 -1.0000000E-01 -1.0000000E+00
 -1.0000000E+00 -1.0000000E-01 -1.0000000E+00
 -1.0000000E+00 -1.0000000E-01 -1.0000000E+00
 -1.0000000E+00 -1.0000000E-01 -1.0000000E+00
 -1.0000000E+00 -1.0000000E-01 -1.0000000E+00
 -1.0000000E+00 -1.0000000E-01 -1.0000000E+00
 -1.0000000E+00 -1.0000000E-01 -1.0000000E+00
 -1.0000000E+00 -1.0000000E-01 -1.0000000E+00
 -1.0000000E+00 -1.0000000E-01 -1.0000000E+00
 -1.0000000E+00 -1.0000000E-01 -1.0000000E+00
 -1.0000000E+00 -1.0000000E-01 -1.0000000E+00
 -1.0000000E+00 -1.0000000E-01 -1.0000000E+00
 -1.0000000E+00 -1.0000000E-01 -1.0000000E+00
 -1.0000000E+00 -1.0000000E-01 -1.0000000E+00
 -1.0000000E+00 -1.0000000E-01 -1.0000000E+00
 -1.0000000E+00 -1.0000000E-01 -1.0000000E+00
 -1.0000000E+00 -1.0000000E-01 -1.0000000E+00
 -1.0000000E+00 -1.0000000E-01 -1.0000000E+00
 -1.0000000E+00 -1.0000000E-01 -1.0000000E+00
 -1.0000000E+00 -1.0000000E-01 -1.0000000E+00
 -1.0000000E+00 -1.0000000E-01 -1.0000000E+00
 -1.0000000E+00 -1.0000000E-01 -1.0000000E+00
 -1.0000000E+00 -1.0000000E-01 -1.0000000E+00
 -1.0000000E+00 -1.0000000E-01 -1.0000000E+00
 -1.0000000E+00 -1.0000000E-01 -1.0000000E+00
 -1.0000000E+00 -1.0000000E-01 -1.0000000E+00
 -1.0000000E+00 -1.0000000E-01 -1.0000000E+00
 -1.0000000E+00 -1.0000000E-01 -1.0000000E+00
 -1.0000000E+00 -1.0000000E-01 -1.0000000E+00
 -1.0000000E+00 -1.0000000E-01 -1.0000000E+00
 -1.0000000E+00 -1.0000000E-01 -1.0000000E+00
 -1.0000000E+00 -1.0000000E-01 -1.0000000E+00
 -1.0000000E+00 -1.0000000E-01 -1.0000000E+00
 -1.0000000E+00 -1.0000000E-01 -1.0000000E+00
 -1.0000000E+00 -1.0000000E-01 -1.0000000E+00
 -1.0000000E+00 -1.0000000E-01 -1.0000000E+00
 -1.0000000E+00 -1.0000000E-01 -1.0000000E+00
 -1.0000000E+00 -1.0000000E-01 -1.0000000E+00
 -1.0000000E+00 -1.0000000E-01 -1.0000000E+00
 -1.0000000E+00 -1.0000000E-01 -1.0000000E+00
 -1.0000000E+00 -1.0000000E-01 -1.0000000E+00
 -1.0000000E+00 -1.0000000E-01 -1.0000000E+00
 -1.0000000E+00 -1.0000000E-01 -1.0000000E+00
 -1.0000000E+00 -1.0000000E-01 -1.0000000E+00
 -1.0000000E+00 -1.0000000E-01 -1.0000000E+00
 -1.0000000E+00 -1.0000000E-01 -1.0000000E+00
 -1.0000000E+00 -1.0000000E-01 -1.0000000E+00
 -1.0000000E+00 -1.0000000E-01 -1.0000000E+00
 -1.0000000E+00 -1.0000000E-01 -1.0000000E+00
 -1.0000000E+00 -1.0000000E-01 -1.0000000E+00
 -1.0000000E+00 -1.0000000E-01 -1.0000000E+00
 -1.0000000E+00 -1.0000000E-01 -1.0000000E+00
 -1.0000000E+00 -1.0000000E-01 -1.0000000E+00
 -1.0000000E+00 -1.0000000E-01 -1.0000000E+00
 -1.0000000E+00 -1.0000000E-01 -1.0000000E+00
 -1.0000000E+00 -1.0000000E-01 -1.0000000E+00
 -1.0000000E+00 -1.0000000E-01 -1.0000000E+00
 -1.0000000E+00 -1.0000000E-01 -1.0000000E+00
 -1.0000000E+00 -1.0000000E-01 -1.0000000E+00
 -1.0000000E+00 -1.0000000E-01 -1.0000000E+00
 -1.0000000E+00 -1.0000000E-01 -1.0000000E+00
 -1.0000000E+00 -1.0000000E-01 -1.0000000E+00
 -1.0000000E+00 -1.0000000E-01 -1.0000000E+00
 -1.0000000E+00 -1.0000000E-01 -1.0000000E+00
 -1.0000000E+00 -1.0000000E-01 -1.0000000E+00
 -1.0000000E+00 -1.0000000E-01 -1.0000000E+00
 -1.0000000E+00 -1.0000000E-01 -1.0000000E+00
 -1.0000000E+00 -1.0000000E-01 -1.0000000E+00
 -1.0000000E+00 -1.0000000E-01 -1.0000000E+00
 -1.0000000E+00 -1.0000000E-01 -1.0000000E+00
 -1.0000000E+00 -1.0000000E-01 -1.0000000E+00
 -1.0000000E+00 -1.0000000E-01 -1.0000000E+00
 -1.0000000E+00 -1.0000000E-01 -1.0000000E+00
 -1.0000000E+00 -1.0000000E-01 -1.0000000E+00
 -1.0000000E+00 -1.0000000E-01 -1.0000000E+00
 -1.0000000E+00 -1.0000000E-01 -1.0000000E+00
 -1.0000000E+00 -1.0000000E-01 -1.0000000E+00
 -1.0000000E+00 -1.0000000E-01 -1.0000000E+00
 -1.0000000E+00 -1.0000000E-01 -1.0000000E+00
 -1.0000000E+00 -1.0000000E-01 -1.0000000E+00
 -1.0000000E+00 -1.0000000E-01 -1.0000000E+00
 -1.0000000E+00 -1.0000000E-01 -1.0000000E+00
 -1.0000000E+00 -1.0000000E-01 -1.0000000E+00
 -1.0000000E+00 -1.0000000E-01 -1.0000000E+00
 -1.0000000E+00 -1.0000000E-01 -1.0000000E+00
 -1.0000000E+00 -1.0000000E-01 -1.0000000E+00
 -1.0000000E+00 -1.0000000E-01 -1.0000000E+00
 -1.0000000E+00 -1.0000000E-01 -1.0000000E+00
 -1.0000000E+00 -1.0000000E-01 -1.0000000E+00
 -1.0000000E+00 -1.0000000E-01 -1.0000000E+00
 -1.0000000E+00 -1.0000000E-01 -1.0000000E+00
 -1.0000000E+00 -1.0000000E-01 -1.0000000E+00
 -1.0000000E+00 -1.0000000E-01 -1.0000000E+00
 -1.0000000E+00 -1.0000000E-01 -1.0000000E+00
 -1.0000000E+00 -1.0000000E-01 -1.0000000E+00
 -1.0000000E+00 -1.0000000E-01 -1.0000000E+00
 -1.0000000E+00 -1.0000000E-01 -1.0000000E+00
 -1.0000000E+00 -1.0000000E-01 -1.0000000E+00
 -1.0000000E+00 -1.0000000E-01 -1.0000000E+00
 -1.0000000E+00 -1.0000000E-01 -1.0000000E+00
 -1.0000000E+00 -1.0000000E-01 -1.0000000E+00
 -1.0000000E+00 -1.0000000E-01 -1.0000000E+00
 -1.0000000E+00 -1.0000000E-01 -1.0000000E+00
 -1.0000000E+00 -1.0000000E-01 -1.0000000E+00
 -1.0000000E+00 -1.0000000E-01 -1.0000000E+00
 -1.0000000E+00 -1.0000000E-01 -1.0000000E+00
 -1.0000000E+00 -1.0000000E-01 -1.0000000E+00
 -1.0000000E+00 -1.0000000E-01 -1.0000000E+00
 -1.0000000E+00 -1.0000000E-01 -1.0000000E+00
 -1.0000000E+00 -1.0000000E-01 -1.0000000E+00
 -1.0000000E+00 -1.0000000E-01 -1.0000000E+00
 -1.0000000E+00 -1.0000000E-01 -1.0000000E+00
 -1.0000000E+00 -1.0000000E-01 -1.0000000E+00
 -1.0000000E+00 -1.0000000E-01 -1.0000000E+00
 -1.0000000E+00 -1.0000000E-01 -1.0000000E+00
 -1.0000000E+00 -1.0000000E-01 -1.0000000E+00
 -1.0000000E+00 -1.0000000E-01 -1.0000000E+00
 -1.0000000E+00 -1.0000000E-01 -1.0000000E+00
 -1.0000000E+00 -1.0000000E-01 -1.0000000E+00
 -1.0000000E+00 -1.0000000E-01 -1.0000000E+00
 -1.0000000E+00 -1.0000000E-01 -1.0000000E+00
 -1.0000000E+00 -1.0000000E-01 -1.0000000E+00
 -1.0000000E+00 -1.0000000E-01 -1.0000000E+00
 -1.0000000E+00 -1.0000000E-01 -1.0000000E+00
 -1.0000000E+00 -1.0000000E-01 -1.0000000E+00
 -1.0000000E+00 -1.0000000E-01 -1.0000000E+00
 -1.0000000E+00 -1.0000000E-01 -1.0000000E+00
 -1.0000000E+00 -1.0000000E-01 -1.0000000E+00
 -1.0000000E+00 -1.0000000E-01 -1.0000000E+00
 -1.0000000E+00 -1.0000000E-01 -1.0000000E+00
 -1.0000000E+00 -1.0000000E-01 -1.0000000E+00
 -1.0000000E+00 -1.0000000E-01 -1.0000000E+00
 -1.0000000E+00 -1.0000000E-01 -1.0000000E+00
 -1.0000000E+00 -1.0000000E-01 -1.0000000E+00
 -1.0000000E+00 -1.0000000E-01 -1.0000000E+00
 -1.0000000E+00 -1.0000000E-01 -1.0000000E+00
 -1.0000000E+00 -1.0000000E-01 -1.0000000E+00
 -1.0000000E+00 -1.0000000E-01 -1.0000000E+00
 -1.0000000E+00 -1.0000000E-01 -1.0000000E+00
 -1.0000000E+00 -1.0000000E-01 -1.0000000E+00
 -1.0000000E+00 -1.0000000E-01 -1.0000000E+00
 -1.0000000E+00 -1.0000000E-01 -1.0000000E+00
 -1.0000000E+00 -1.0000000E-01 -1.0000000E+00
 -1.0000000E+00 -1.0000000E-01 -1.0000000E+00
 -1.0000000E+00 -1.0000000E-01 -1.0000000E+00
 -1.0000000E+00 -1.0000000E-01 -1.0000000E+00
 -1.0000000E+00 -1.0000000E-01 -1.0000000E+00
 -1.0000000E+00 -1.0000000E-01 -1.0000000E+00
 -1.0000000E+00 -1.0000000E-01 -1.0000000E+00
 -1.0000000E+00 -1.0000000E-01 -1.0000000E+00
 -1.0000000E+00 -1.0000000E-01 -1.0000000E+00
 -1.0000000E+00 -1.0000000E-01 -1.0000000E+00
 -1.0000000E+00 -1.0000000E-01 -1.0000000E+00
 -1.0000000E+00 -1.0000000E-01 -1.0000000E+00
 -1.0000000E+00 -1.0000000E-01 -1.0000000E+00
 -1.0000000E+00 -1.0000000E-01 -1.0000000E+00
 -1.0000000E+00 -1.0000000E-01 -1.0000000E+00
 -1.0000000E+00 -1.0000000E-01 -1.0000000E+00
 -1.0000000E+00 -1.0000000E-01 -1.0000000E+00
 -1.0000000E+00 -1.0000000E-01 -1.0000000E+00
 -1.0000000E+00 -1.0000000E-01 -1.0000000E+00
 -1.0000000E+00 -1.0000000E-01 -1.0000000E+00
 -1.0000000E+00 -1.0000000E-01 -1.0000000E+00
 -1.0000000E+00 -1.0000000E-01 -1.0000000E+00
 -1.0000000E+00 -1.0000000E-01 -1.0000000E+00
 -1.0000000E+00 -1.0000000E-01 -1.0000000E+00
 -1.0000000E+00 -1.0000000E-01 -1.0000000E+00
 -1.0000000E+00 -1.0000000E-01 -1.0000000E+00
 -1.0000000E+00 -1.0000000E-01 -1.0000000E+00
 -1.0000000E+00 -1.0000000E-01 -1.0000000E+00
 -1.0000000E+00 -1.0000000E-01 -1.0000000E+00
 -1.0000000E+00 -1.0000000E-01 -1.0000000E+00
 -1.0000000E+00 -1.0000000E-01 -1.0000000E+00
 -1.0000000E+00 -1.0000000E-01 -1.0000000E+00
 -1.0000000E+00 -1.0000000E-01 -1.0000000E+00
 -1.0000000E+00 -1.0000000E-01 -1.0000000E+00
 -1.0000000E+00 -1.0000000E-01 -1.0000000E+00
 -1.0000000E+00 -1.0000000E-01 -1.0000000E+00
 -1.0000000E+00 -1.0000000E-01 -1.0000000E+00
 -1.0000000E+00 -1.0000000E-01 -1.0000000E+00
 -1.0000000E+00 -1.0000000E-01 -1.0000000E+00
 -1.0000000E+00 -1.0000000E-01 -1.0000000E+00
 -1.0000000E+00 -1.0000000E-01 -1.0000000E+00
 -1.0000000E+00 -1.0000000E-01 -1.0000000E+00
 -1.0000000E+00 -1.0000000E-01 -1.0000000E+00
 -1.0000000E+00 -1.0000000E-01 -1.0000000E+00
 -1.0000000E+00 -1.0000000E-01 -1.0000000E+00
 -1.0000000E+00 -1.0000000E-01 -1.0000000E+00
 -1.0000000E+00 -1.0000000E-01 -1.0000000E+00
 -1.0000000E+00 -1.0000000E-01 -1.0000000E+00
 -1.0000000E+00 -1.0000000E-01 -1.0000000E+00
 -1.0000000E+00 -1.0000000E-01 -1.0000000E+00
 -1.0000000E+00 -1.0000000E-01 -1.0000000E+00
 -1.0000000E+00 -1.0000000E-01 -1.0000000E+00
 -1.0000000E+00 -1.0000000E-01 -1.0000000E+00
 -1.0000000E+00 -1.0000000E-01 -1.0000000E+00
 -1.0000000E+00 -1.0000000E-01 -1.0000000E+00
 -1.0000000E+00 -1.0000000E-01 -1.0000000E+00
 -1.0000000E+00 -1.0000000E-01 -1.0000000E+00
 -1.0000000E+00 -1.0000000E-01 -1.0000000E+00
 -1.0000000E+00 -1.0000000E-01 -1.0000000E+00
 -1.0000000E+00 -1.0000000E-01 -1.0000000E+00
 -1.0000000E+00 -1.0000000E-01 -1.0000000E+00
 -1.0000000E+00 -1.0000000E-01 -1.0000000E+00
 -1.0000000E+00 -1.0000000E-01 -1.0000000E+00
 -1.0000000E+00 -1.0000000E-01 -1.0000000E+00
 -1.0000000E+00 -1.0000000E-01 -1.0000000E+00
 -1.0000000E+00 -1.0000000E-01 -1.0000000E+00
 -1.0000000E+00 -1.0000000E-01 -1.0000000E+00
 -1.0000000E+00 -1.0000000E-01 -1.0000000E+00
 -1.0000000E+00 -1.0000000E-01 -1.0000000E+00
 -1.0000000E+00 -1.0000000E-01 -1.0000000E+00
 -1.0000000E+00 -1.0000000E-01 -1.0000000E+00
 -1.0000000E+00 -1.0000000E-01 -1.0000000E+00
 -1.0000000E+00 -1.0000000E-01 -1.0000000E+00
 -1.0000000E+00 -1.0000000E-01 -1.0000000E+00
 -1.0000000E+00 -1.0000000E-01 -1.0000000E+00
 -1.0000000E+00 -1.0000000E-01 -1.0000000E+00
 -1.0000000E+00 -1.0000000E-01 -1.0000000E+00
 -1.0000000E+00 -1.0000000E-01 -1.0000000E+00
 -1.0000000E+00 -1.0000000E-01 -1.0000000E+00
 -1.0000000E+00 -1.0000000E-01 -1.0000000E+00
 -1.0000000E+00 -1.0000000E-01 -1.0000000E+00
 -1.0000000E+00 -1.0000000E-01 -1.0000000E+00
 -1.0000000E+00 -1.0000000E-01 -1.0000000E+00
 -1.0000000E+00 -1.0000000E-01 -1.0000000E+00
 -1.0000000E+00 -1.0000000E-01 -1.0000000E+00
 -1.0000000E+00 -1.0000000E-01 -1.0000000E+00
 -1.0000000E+00 -1.0000000E-01 -1.0000000E+00
 -1.0000000E+00 -1.0000000E-01 -1.0000000E+00
 -1.0000000E+00 -1.0000000E-01 -1.0000000E+00
 -1.0000000E+00 -1.0000000E-01 -1.0000000E+00
 -1.0000000E+00 -1.0000000E-01 -1.0000000E+00
 -1.0000000E+00 -1.0000000E-01 -1.0000000E+00
 -1.0000000E+00 -1.0000000E-01 -1.0000000E+00
 -1.0000000E+00 -1.0000000E-01 -1.0000000E+00
 -1.0000000E+00 -1.0000000E-01 -1.0000000E+00
 -1.0000000E+00 -1.0000000E-01 -1.0000000E+00
 -1.0000000E+00 -1.0000000E-01 -1.0000000E+00
 -1.0000000E+00 -1.0000000E-01 -1.0000000E+00
 -1.0000000E+00 -1.0000000E-01 -1.0000000E+00
 -1.0000000E+00 -1.0000000E-01 -1.0000000E+00
 -1.0000000E+00 -1.0000000E-01 -1.0000000E+00
 -1.0000000E+00 -1.0000000E-01 -1.0000000E+00
 -1.0000000E+00 -1.0000000E-01 -1.0000000E+00
 -1.0000000E+00 -1.0000000E-01 -1.0000000E+00
 -1.0000000E+00 -1.0000000E-01 -1.0000000E+00
 -1.0000000E+00 -1.0000000E-01 -1.0000000E+00
 -1.0000000E+00 -1.0000000E-01 -1.0000000E+00
 -1.0000000E+00 -1.0000000E-01 -1.0000000E+00
 -1.0000000E+00 -1.0000000E-01 -1.0000000E+00
 -1.0000000E+00 -1.0000000E-01 -1.0000000E+00
 -1.0000000E+00 -1.0000000E-01 -1.0000000E+00
 -1.0000000E+00 -1.0000000E-01 -1.0000000E+00
 -1.0000000E+00 -1.0000000E-01 -1.0000000E+00
 -1.0000000E+00 -1.0000000E-01 -1.0000000E+00
 -1.0000000E+00 -1.0000000E-01 -1.0000000E+00
 -1.0000000E+00 -1.0000000E-01 -1.0000000E+00
 -1.0000000E+00 -1.0000000E-01 -1.0000000E+00
 -1.0000000E+00 -1.0000000E-01 -1.0000000E+00
 -1.0000000E+00 -1.0000000E-01 -1.0000000E+00
 -1.0000000E+00 -1.0000000E-01 -1.0000000E+00
 -1.0000000E+00 -1.0000000E-01 -1.0000000E+00
 -1.0000000E+00 -1.0000000E-01 -1.0000000E+00
 -1.0000000E+00 -1.0000000E-01 -1.0000000E+00
 -1.0000000E+00 -1.0000000E-01 -1.0000000E+00
 -1.0000000E+00 -1.0000000E-01 -1.0000000E+00
 -1.0000000E+00 -1.0000000E-01 -1.0000000E+00
 -1.0000000E+00 -1.0000000E-01 -1.0000000E+00
 -1.0000000E+00 -1.0000000E-01 -1.0000000E+00
 -1.0000000E+00 -1.0000000E-01 -1.0000000E+00
 -1.0000000E+00 -1.0000000E-01 -1.0000000E+00
 -1.0000000E+00 -1.0000000E-01 -1.0000000E+00
 -1.0000000E+00 -1.0000000E-01 -1.0000000E+00
 -1.0000000E+00 -1.0000000E-01 -1.0000000E+00
 -1.0000000E+00 -1.0000000E-01 -1.0000000E+00
 -1.0000000E+00 -1.0000000E-01 -1.0000000E+00
 -1.0000000E+00 -1.0000000E-01 -1.0000000E+00
 -1.0000000E+00 -1.0000000E-01 -1.0000000E+00
 -1.0000000E+00 -1.0000000E-01 -1.0000000E+00
 -1.0000000E+00 -1.0000000E-01 -1.0000000E+00
 -1.0000000E+00 -1.0000000E-01 -1.0000000E+00
 -1.0000000E+00 -1.0000000E-01 -1.0000000E+00
 -1.0000000E+00 -1.0000000E-01 -1.0000000E+00
 -1.0000000E+00 -1.0000000E-01 -1.0000000E+00
 -1.0000000E+00 -1.0000000E-01 -1.0000000E+00
 -1.0000000E+00 -1.0000000E-01 -1.0000000E+00
 -1.0000000E+00 -1.0000000E-01 -1.0000000E+00
 -1.0000000E+00 -1.0000000E-01 -1.0000000E+00
 -1.0000000E+00 -1.0000000E-01 -1.0000000E+00
 -1.0000000E+00 -1.0000000E-01 -1.0000000E+00
 -1.0000000E+00 -1.0000000E-01 -1.0000000E+00
 -1.0000000E+00 -1.0000000E-01 -1.0000000E+00
 -1.0000000E+00 -1.0000000E-01 -1.0000000E+00
 -1.0000000E+00 -1.0000000E-01 -1.0000000E+00
 -1.0000000E+00 -1.0000000E-01 -1.0000000E+00
 -1.0000000E+00 -1.0000000E-01 -1.0000000E+00
 -1.0000000E+00 -1.0000000E-01 -1.0000000E+00
 -1.0000000E+00 -1.0000000E-01 -1.0000000E+00
 -1.0000000E+00 -1.0000000E-01 -1.0000000E+00
 -1.0000000E+00 -1.0000000E-01 -1.0000000E+00
 -1.0000000E+00 -1.0000000E-01 -1.0000000E+00
 -1.0000000E+00 -1.0000000E-01 -1.0000000E+00
 -1.0000000E+00 -1.0000000E-01 -1.0000000E+00
 -1.0000000E+00 -1.0000000E-01 -1.0000000E+00
 -1.0000000E+00 -1.0000000E-01 -1.0000000E+00
 -1.0000000E+00 -1.0000000E-01 -1.0000000E+00
 -1.0000000E+00 -1.0000000E-01 -1.0000000E+00
 -1.0000000E+00 -1.0000000E-01 -1.0000000E+00
 -1.0000000E+00 -1.0000000E-01 -1.0000000E+00
 -1.0000000E+00 -1.0000000E-01 -1.0000000E+00
 -1.0000000E+00 -1.0000000E-01 -1.0000000E+00
 -1.0000000E+00 -1.0000000E-01 -1.0000000E+00
 -1.0000000E+00 -1.0000000E-01 -1.0000000E+00
 -1.0000000E+00 -1.0000000E-01 -1.0000000E+00
 -1.0000000E+00 -1.0000000E-01 -1.0000000E+00
 -1.0000000E+00 -1.0000000E-01 -1.0000000E+00
 -1.0000000E+00 -1.0000000E-01 -1.0000000E+00
 -1.0000000E+00 -1.0000000E-01 -1.0000000E+00
 -1.0000000E+00 -1.0000000E-01 -1.0000000E+00
 -1.0000000E+00 -1.0000000E-01 -1.0000000E+00
 -1.0000000E+00 -1.0000000E-01 -1.0000000E+00
 -1.0000000E+00 -1.0000000E-01 -1.0000000E+00
 -1.0000000E+00 -1.0000000E-01 -1.0000000E+00
 -1.0000000E+00 -1.0000000E-01 -1.0000000E+00
 -1.0000000E+00 -1.0000000E-01 -1.0000000E+00
 -1.0000000E+00 -1.0000000E-01 -1.0000000E+00
 -1.0000000E+00 -1.0000000E-01 -1.0000000E+00
 -1.0000000E+00 -1.0000000E-01 -1.0000000E+00
 -1.0000000E+00 -1.0000000E-01 -1.0000000E+00
 -1.0000000E+00 -1.0000000E-01 -1.0000000E+00
 -1.0000000E+00 -1.0000000E-01 -1.0000000E+00
 -1.0000000E+00 -1.0000000E-01 -1.0000000E+00
 -1.0000000E+00 -1.0000000E-01 -1.0000000E+00
 -1.0000000E+00 -1.0000000E-01 -1.0000000E+00
 -1.0000000E+00 -1.0000000E-01 -1.0000000E+00
 -1.0000000E+00 -1.0000000E-01 -1.0000000E+00
 -1.0000000E+00 -1.0000000E-01 -1.0000000E+00
 -1.0000000E+00 -1.0000000E-01 -1.0000000E+00
 -1.0000000E+00 -1.0000000E-01 -1.0000000E+00
 -1.0000000E+00 -1.0000000E-01 -1.0000000E+00
 -1.0000000E+00 -1.0000000E-01 -1.0000000E+00
 -1.0000000E+00 -1.0000000E-01 -1.0000000E+00
 -1.0000000E+00 -1.0000000E-01 -1.0000000E+00
 -1.0000000E+00 -1.0000000E-01 -1.0000000E+00
 -1.0000000E+00 -1.0000000E-01 -1.0000000E+00
 -1.0000000E+00 -1.0000000E-01 -1.0000000E+00
 -1.0000000E+00 -1.0000000E-01 -1.0000000E+00
 -1.0000000E+00 -1.0000000E-01 -1.0000000E+00
 -1.0000000E+00 -1.0000000E-01 -1.0000000E+00
 -1.0000000E+00 -1.0000000E-01 -1.0000000E+00
 -1.0000000E+00 -1.0000000E-01 -1.0000000E+00
 -1.0000000E+00 -1.0000000E-01 -1.0000000E+00
 -1.0000000E+00 -1.0000000E-01 -1.0000000E+00
 -1.0000000E+00 -1.0000000E-01 -1.0000000E+00
 -1.0000000E+00 -1.0000000E-01 -1.0000000E+00
 -1.0000000E+00 -1.0000000E-01 -1.0000000E+00
 -1.0000000E+00 -1.0000000E-01 -1.0000000E+00
 -1.0000000E+00 -1.0000000E-01 -1.0000000E+00
 -1.0000000E+00 -1.0000000E-01 -1.0000000E+00
 -1.0000000E+00 -1.0000000E-01 -1.0000000E+00
 -1.0000000E+00 -1.0000000E-01 -1.0000000E+00
 -1.0000000E+00 -1.0000000E-01 -1.0000000E+00
 -1.0000000E+00 -1.0000000E-01 -1.0000000E+00
 -1.0000000E+00 -1.0000000E-01 -1.0000000E+00
 -1.0000000E+00 -1.0000000E-01 -1.0000000E+00
 -1.0000000E+00 -1.0000000E-01 -1.0000000E+00
 -1.0000000E+00 -1.0000000E-01 -1.0000000E+00
 -1.0000000E+00 -1.0000000E-01 -1.0000000E+00
 -1.0000000E+00 -1.0000000E-01 -1.0000000E+00
 -1.0000000E+00 -1.0000000E-01 -1.0000000E+00
 -1.0000000E+00 -1.0000000E-01 -1.0000000E+00
 -1.0000000E+00 -1.0000000E-01 -1.0000000E+00
 -1.0000000E+00 -1.0000000E-01 -1.0000000E+00
 -1.0000000E+00 -1.0000000E-01 -1.0000000E+00
 -1.0000000E+00 -1.0000000E-01 -1.0000000E+00
 -1.0000000E+00 -1.0000000E-01 -1.0000000E+00
 -1.0000000E+00 -1.0000000E-01 -1.0000000E+00
 -1.0000000E+00 -1.0000000E-01 -1.0000000E+00
 -1.0000000E+00 -1.0000000E+00 -1.0000000E+00
